VOID------
VOID------
eayl -855
vscx -708
xwfn 35
bwkf 447
VOID------
eayl -855
vscx -708
xwfn 35
bwkf 447
VOID------
eayl -855
vscx -708
xwfn 35
epgg -243
tmwc -894
VOID------
DOMAIN------
VOID------
VOID------
VOID------
kkuf -11
nmgq -382
zqrc -809
nkoa -708
ketl -202
VOID------
kkuf -11
nmgq -382
zqrc -809
nkoa -708
ketl -202
VOID------
teio -945
ayyz -567
zqrc -809
nkoa -708
ketl -202
xzrz 587
ixjs -202
kkuf -11
nmgq -382
VOID------
ubfa -400
rkdc -715
srte -68
obzc -451
vdwv -471
gylw -718
usbm -329
xtlh -88
VOID------
ubfa -400
rkdc -715
srte -68
obzc -451
vdwv -471
gylw -718
usbm -329
xtlh -88
VOID------
ubfa -400
rkdc -715
srte -68
obzc -451
vdwv -471
gylw -718
usbm -329
xtlh -88
VOID------
DOMAIN------
VOID------
LIGHT------
VOID------
epjs -901
qmki 64
llch 593
zjaz 972
VOID------
epjs -901
qmki 64
xduu -333
tekm -698
uhms -913
cozi -685
VOID------
VOID------
dzqs -798
psua -812
muvn -589
ymmt -404
VOID------
dzqs -798
psua -812
muvn -589
ymmt -404
VOID------
DOMAIN------
VOID------
bppw -540
tgjo 111
punk -523
thle -942
VOID------
xpho -704
dcpr -577
bhaw 617
tgjo 111
punk -523
thle -942
bppw -540
owzd -444
VOID------
xpho -704
rqzh -517
kwqy -28
dcpr -577
bhaw 617
tgjo 111
punk -523
thle -942
bppw -540
owzd -444
oxyt 337
VOID------
LIGHT------
LIGHT------
hhlq 292
uhgx -411
igpn 831
wkji -327
fraa -390
jwjm -956
xxmn 264
DOMAIN------
wucw 205
VOID------
VOID------
VOID------
rxbg -135
ugix -430
bcey 601
riwk 769
VOID------
VOID------
DOMAIN------
shfr -234
kubm -217
VOID------
LIGHT------
VOID------
VOID------
skui -767
buri -852
tbre 200
toid -326
DOMAIN------
toid -326
vkdz -98
buri -852
skui -767
DOMAIN------
hxdj -942
DOMAIN------
pccl -212
witd -459
amce -915
lrlp -670
VOID------
uhjz 878
qdpq 589
eljy -59
cqay 71
DOMAIN------
eljy -59
VOID------
ykab 361
tbre 200
uhjz 878
xnxv -832
VOID------
VOID------
spof -936
dyyg -886
xwwk 602
fozq 941
LIGHT------
ghcw 704
vsod 712
xwwk 602
fozq 941
spof -936
dyyg -886
aszs 152
VOID------
spof -936
dyyg -886
aszs 152
ghcw 704
VOID------
VOID------
VOID------
myub -425
dziv -480
cpkh 828
kqoy -201
VOID------
kqoy -201
myub -425
dziv -480
purf -208
rgzv -485
hpoa -430
isge -54
VOID------
kqoy -201
myub -425
dziv -480
purf -208
rgzv -485
fyra -451
svkh -75
hpoa -430
isge -54
VOID------
VOID------
VOID------
vbjt -784
djoo -107
ycgf -732
wpzs -126
etog -28
owqr -90
VOID------
DOMAIN------
VOID------
VOID------
DOMAIN------
VOID------
VOID------
VOID------
VOID------
VOID------
VOID------
whyp 435
arwt -133
aoio -339
ruih -640
VOID------
VOID------
jsmt -101
haef -748
aaul -215
yrfv -927
gfiv -841
dred -804
DOMAIN------
ubnf 56
cygu 967
ivuy 790
chjc 210
VOID------
roqy -259
jsmt -101
haef -748
aaul -215
yrfv -927
gfiv -841
dred -804
VOID------
roqy -259
jsmt -101
haef -748
aaul -215
yrfv -927
gfiv -841
dred -804
VOID------
VOID------
VOID------
VOID------
VOID------
VOID------
VOID------
hkst 432
oxvy -851
aumn 231
caut -811
VOID------
riwn -962
xdfj 93
qpzo -920
fjmt -128
DOMAIN------
VOID------
VOID------
VOID------
DOMAIN------
txdz -360
vqop -238
wafx -334
DOMAIN------
fxah 589
DOMAIN------
DOMAIN------
clja 33
LIGHT------
VOID------
VOID------
VOID------
jlzz -444
jfae -420
xaxq -263
muud -618
suxh -266
hmkn -721
VOID------
jlzz -444
jfae -420
xaxq -263
muud -618
suxh -266
hmkn -721
LIGHT------
kxff 621
VOID------
VOID------
VOID------
VOID------
VOID------
VOID------
VOID------
tedz 23
yggy 811
ddjh -458
dsrk -364
DOMAIN------
dsrk -364
ddjh -458
DOMAIN------
thun -700
rjkp -197
LIGHT------
VOID------
xvjj -510
svkn 611
vzql -258
nwcm 357
VOID------
xvjj -510
svkn 611
vzql -258
nwcm 357
VOID------
VOID------
VOID------
LIGHT------
LIGHT------
VOID------
VOID------
VOID------
VOID------
VOID------
yaxy -354
prxi 45
lzqy -314
wwta -576
VOID------
yaxy -354
prxi 45
lzqy -314
wwta -576
LIGHT------
VOID------
lzqy -314
wwta -576
yaxy -354
fvsd -325
yfwp -855
DOMAIN------
dnvq 981
gngu 203
VOID------
VOID------
pkxe -618
owza -279
pyzw -928
fqgv -179
zslz -928
VOID------
pkxe -618
owza -279
pyzw -928
fqgv -179
zslz -928
DOMAIN------
VOID------
VOID------
cclf 38
xjzu 227
yzob -122
uoxr 412
VOID------
VOID------
VOID------
VOID------
VOID------
DOMAIN------
VOID------
LIGHT------
bqse 837
xeum 561
olwj -57
wyuc -843
VOID------
olwj -57
wyuc -843
nqpk 123
nbec 369
DOMAIN------
wyuc -843
olwj -57
LIGHT------
xeum 561
nqpk 123
nbec 369
libi 453
cjpd 914
bqse 837
VOID------
exdt -690
xelr 385
xeum 561
nqpk 123
VOID------
VOID------
qvqr -529
siyf 458
wbio -840
dlpq -634
jifv -140
VOID------
qvqr -529
siyf 458
wbio -840
dlpq -634
jifv -140
VOID------
mley -160
vbmv -287
yxjv -760
kjig -376
lliv -5
vkpa -38
VOID------
yxjv -760
gaip -570
rbac 100
kjig -376
lliv -5
vkpa -38
yjwp 296
mley -160
vbmv -287
LIGHT------
VOID------
VOID------
fjeq 262
ptqq -960
zpyf -752
kmnx 4
VOID------
VOID------
VOID------
VOID------
bwhm 448
zkhd -492
fvbe 610
pvfv 715
LIGHT------
VOID------
dogk -128
qwwt 885
bwhm 448
zkhd -492
VOID------
bwhm 448
zkhd -492
fvbe 610
pvfv 715
VOID------
VOID------
ebal -150
svlo -700
fpir -196
vewx -604
VOID------
ebal -150
svlo -700
fpir -196
vewx -604
dupk -10
VOID------
ebal -150
svlo -700
fpir -196
vewx -604
hwus -550
nevd -176
dupk -10
VOID------
VOID------
VOID------
LIGHT------
VOID------
VOID------
VOID------
qige -412
sqhs 979
dpiw -61
rltb 72
DOMAIN------
LIGHT------
vwge 799
hnjq -513
qjvx 886
fnwa 954
hxau -503
shym -711
DOMAIN------
DOMAIN------
VOID------
VOID------
VOID------
VOID------
ozlu -527
jvca -15
sufa 855
hcrt 505
VOID------
VOID------
VOID------
VOID------
VOID------
hrou -284
srwm -796
evsd -494
mryh -322
LIGHT------
VOID------
hrou -284
srwm -796
evsd -494
mryh -322
DOMAIN------
VOID------
cdzx -387
hmgz -103
oqrq 32
bhzf 283
xglm -435
dpyl -405
DOMAIN------
xglm -435
dpyl -405
hmgz -103
cdzx -387
VOID------
VOID------
DOMAIN------
qtfb -736
LIGHT------
utie -141
ppkw -81
mjah -803
LIGHT------
utie -141
ppkw -81
mjah -803
VOID------
DOMAIN------
uegy 915
VOID------
ppkw -81
mjah -803
utie -141
thxw -156
DOMAIN------
DOMAIN------
VOID------
LIGHT------
VOID------
VOID------
VOID------
VOID------
VOID------
ccxh -202
tgdg -141
miuu -316
gaih -689
VOID------
wjng -619
pxrj -65
sywz -611
daxp -83
oeun 283
tgdg -141
miuu -316
gaih -689
ccxh -202
iebd -912
DOMAIN------
mmkw 11
mgsd 236
oeun 283
VOID------
tgdg -141
miuu -316
gaih -689
ccxh -202
iebd -912
wjng -619
cefk -479
pxrj -65
sywz -611
daxp -83
fkru -436
xllu -501
mrew -814
LIGHT------
terx -855
wtcz 179
igqu 752
eshq -33
esro -490
yvec 654
tgdg -141
miuu -316
gaih -689
ccxh -202
iebd -912
wjng -619
cefk -479
pxrj -65
sywz -611
daxp -83
fkru -436
xllu -501
mrew -814
kqit 665
DOMAIN------
wtcz 179
igqu 752
kqit 665
yvec 654
VOID------
esro -490
tgdg -141
miuu -316
gaih -689
ccxh -202
iebd -912
wjng -619
cefk -479
pxrj -65
sywz -611
daxp -83
fkru -436
xllu -501
mrew -814
terx -855
eshq -33
VOID------
VOID------
DOMAIN------
xmwh -157
frot -532
VOID------
ifrt -768
qeoj -298
dkuz -342
ewnv 722
VOID------
ifrt -768
qeoj -298
dkuz -342
ewnv 722
VOID------
ifrt -768
qeoj -298
jurs 264
zvhh 792
hwbk -874
VOID------
ifrt -768
qeoj -298
jurs 264
zvhh 792
hwbk -874
kagx -792
VOID------
ifrt -768
qeoj -298
jurs 264
zvhh 792
hwbk -874
kagx -792
mfau 694
trxh -814
hlvb -486
DOMAIN------
hlvb -486
trxh -814
kagx -792
hwbk -874
qeoj -298
ifrt -768
dkuz -342
VOID------
ewzk 358
nskw 713
ewnv 722
jurs 264
DOMAIN------
ckdi -335
VOID------
npdq 554
blhw 175
sfij 72
fbga 395
VOID------
npdq 554
blhw 175
sfij 72
fbga 395
DOMAIN------
vntm -667
cafc -28
wqza -271
VOID------
npdq 554
blhw 175
sfij 72
fbga 395
VOID------
VOID------
DOMAIN------
vlav -936
VOID------
VOID------
zsdb -435
hkuh -546
eytm 321
dhtb 388
LIGHT------
DOMAIN------
pufw 457
eytm 321
dhtb 388
ugkv 562
qwaq 425
VOID------
hkuh -546
lhlr -883
rutk -408
zsdb -435
VOID------
hkuh -546
lhlr -883
rutk -408
zsdb -435
VOID------
hkuh -546
lhlr -883
rutk -408
zsdb -435
dxvk 576
ohqs -950
torc -208
bafa -115
VOID------
ohqs -950
rlyj -658
xsre -417
torc -208
bafa -115
ggmp 945
hkuh -546
lhlr -883
rutk -408
zsdb -435
dxvk 576
VOID------
hkuh -546
lhlr -883
rutk -408
zsdb -435
dxvk 576
ohqs -950
rlyj -658
fkmm -899
hglk 718
xsre -417
torc -208
bafa -115
VOID------
hkuh -546
lhlr -883
rutk -408
zsdb -435
dxvk 576
ohqs -950
rlyj -658
fkmm -899
voxh -159
hglk 718
xsre -417
torc -208
bafa -115
VOID------
hkuh -546
lhlr -883
rutk -408
zsdb -435
dxvk 576
ohqs -950
rlyj -658
fkmm -899
voxh -159
VOID------
hkuh -546
lhlr -883
rutk -408
zsdb -435
dxvk 576
ohqs -950
rlyj -658
fkmm -899
voxh -159
VOID------
hkuh -546
lhlr -883
rutk -408
zsdb -435
dxvk 576
ohqs -950
rlyj -658
fkmm -899
voxh -159
ottc -533
VOID------
hznp -803
wxwd -801
fvio -464
aetl 284
VOID------
hznp -803
wxwd -801
yxzu -658
wocy -1
chfn -976
DOMAIN------
rusw -384
djzz -569
lndn -971
amqa -43
qcex -305
hztk -418
izgq -330
VOID------
zayi 43
nxsk 744
fmei 148
guzx 301
VOID------
zayi 43
nxsk 744
fmei 148
guzx 301
DOMAIN------
VOID------
zmco 71
btod -713
miva -65
iswk -110
DOMAIN------
iagt 188
zmco 71
VOID------
VOID------
VOID------
miva -65
iswk -110
btod -713
vpph -416
VOID------
miva -65
iswk -110
btod -713
vpph -416
VOID------
miva -65
iswk -110
btod -713
vpph -416
adje -177
LIGHT------
VOID------
VOID------
mzsx 552
hskk -716
hwfg -242
dqam 261
VOID------
mzsx 552
hskk -716
hwfg -242
dqam 261
VOID------
DOMAIN------
tbof 362
LIGHT------
pkde -80
uunt 629
DOMAIN------
euin -176
ugjz -480
wtth -177
pkde -80
VOID------
VOID------
VOID------
VOID------
allj -997
tkhu -607
slut -78
rwxo 238
VOID------
lprz 251
allj -997
tkhu -607
qtij -981
VOID------
DOMAIN------
VOID------
VOID------
rdrx -351
cwrs -359
kpme -474
pfbk -647
zfah -258
nhxb -251
hfob -232
VOID------
rdrx -351
cwrs -359
kpme -474
pfbk -647
zfah -258
nhxb -251
hfob -232
wwur -853
lmld -795
DOMAIN------
revn 361
isiz 957
trer 299
ykvv 977
nnlx 54
ibdv 492
wcvh 586
pmtr 257
ywfn 851
VOID------
VOID------
VOID------
mjti 80
spiz 857
scjk -664
gqmy -185
DOMAIN------
lgib -350
glmm -763
gqmy -185
scjk -664
VOID------
VOID------
keof -934
iumj 692
pmbl -401
oqxp -477
VOID------
pmbl -401
oqxp -477
keof -934
cuyv 277
VOID------
pmbl -401
oqxp -477
keof -934
eter -56
VOID------
pmbl -401
oqxp -477
keof -934
eter -56
DOMAIN------
koux -57
VOID------
LIGHT------
VOID------
udvk -295
mbov -949
nygh -839
ptzi 229
emnh 343
jacq -934
caod -532
DOMAIN------
ocde 403
bhiq 47
ydax 56
qhkp 81
yfpc 233
yict 472
emnh 343
wftz 662
ptzi 229
rkdo 851
llis 282
jikv 547
jesd 606
VOID------
VOID------
VOID------
VOID------
VOID------
VOID------
VOID------
VOID------
wpgp -959
pevc -970
ffbr -304
ihox 244
DOMAIN------
ihox 244
awpv 276
VOID------
wpgp -959
zmlb -835
pevc -970
ibno -417
grqw -241
ffbr -304
DOMAIN------
VOID------
LIGHT------
gtzi 124
cltg 940
btum 336
VOID------
DOMAIN------
txgv 652
nmwa 269
baao 473
VOID------
xzgy -673
oven -607
ocik -202
plhx -873
kspp -370
vubp -466
VOID------
xzgy -673
oven -607
ocik -202
plhx -873
kspp -370
vubp -466
yfax 754
mduc -659
siyp -99
DOMAIN------
aioi 552
eiji 818
yfax 754
bvma 763
LIGHT------
eszs -414
oven -607
ocik -202
plhx -873
kspp -370
vubp -466
mduc -659
siyp -99
xzgy -673
bpts -492
VOID------
eszs -414
oven -607
ocik -202
plhx -873
kspp -370
vubp -466
mduc -659
siyp -99
xzgy -673
bpts -492
qmot -647
VOID------
eszs -414
oven -607
ocik -202
plhx -873
kspp -370
vubp -466
mduc -659
siyp -99
xzgy -673
bpts -492
qmot -647
DOMAIN------
VOID------
VOID------
VOID------
DOMAIN------
VOID------
LIGHT------
DOMAIN------
VOID------
VOID------
DOMAIN------
DOMAIN------
LIGHT------
DOMAIN------
VOID------
VOID------
VOID------
pohc 234
ulif 293
zfpk -463
bkur -352
VOID------
pohc 234
ulif 293
zfpk -463
bkur -352
DOMAIN------
aoxr -476
zysp -197
fbfh -596
bkur -352
zfpk -463
VOID------
VOID------
etsg -169
wlyr -707
uigu 448
rtjh -934
DOMAIN------
tdvt 847
kkms 183
uigu 448
VOID------
ewfq -500
rtjh -934
etsg -169
wlyr -707
uhvh -463
VOID------
etsg -169
wlyr -707
uhvh -463
ewfq -500
rtjh -934
aink 22
zhtq 135
snjb -899
VOID------
VOID------
DOMAIN------
VOID------
VOID------
VOID------
VOID------
aowa -369
qmjc -736
eurg -581
ltmy -526
oicw -320
VOID------
aowa -369
qmjc -736
eurg -581
ltmy -526
oicw -320
cazu -651
VOID------
VOID------
LIGHT------
DOMAIN------
wlex 303
VOID------
VOID------
VOID------
xxvk -26
naqp -906
fkzz 659
jqvn -703
VOID------
DOMAIN------
VOID------
DOMAIN------
vyrq -491
omaf -330
vtvh -722
moev -49
VOID------
lrxp 920
whyi 935
cfzn 930
hsvb 137
LIGHT------
fxsm 109
whyi 935
cfzn 930
hsvb 137
lrxp 920
uoxg -899
VOID------
VOID------
VOID------
waaj -128
mjlh -132
xpru -73
ymkk 289
VOID------
VOID------
LIGHT------
gpmh 905
VOID------
VOID------
DOMAIN------
vync 124
DOMAIN------
ledh 476
pomj 935
VOID------
VOID------
VOID------
yrwi 359
ezdl 286
qcie -292
kekf 378
VOID------
yrwi 359
ezdl 286
qcie -292
yvzs -970
VOID------
VOID------
VOID------
VOID------
VOID------
VOID------
DOMAIN------
VOID------
VOID------
LIGHT------
VOID------
dlxd -915
hnsc -214
umsq -852
fxya -750
VOID------
dlxd -915
hnsc -214
umsq -852
fxya -750
jlrw 94
rbrn -799
VOID------
dlxd -915
hnsc -214
umsq -852
fxya -750
jlrw 94
rbrn -799
VOID------
dlxd -915
hnsc -214
umsq -852
fxya -750
jlrw 94
rbrn -799
razs 101
kaqu 210
jtpq -961
jheh -805
VOID------
dlxd -915
hnsc -214
umsq -852
fxya -750
jlrw 94
rbrn -799
razs 101
kaqu 210
jtpq -961
jheh -805
VOID------
dlxd -915
hnsc -214
umsq -852
fxya -750
jlrw 94
rbrn -799
razs 101
kaqu 210
jtpq -961
jheh -805
bmar 22
csfa -810
VOID------
dlxd -915
hnsc -214
umsq -852
fxya -750
jlrw 94
rbrn -799
razs 101
kaqu 210
jtpq -961
jheh -805
bmar 22
csfa -810
VOID------
dlxd -915
hnsc -214
umsq -852
fxya -750
jlrw 94
rbrn -799
razs 101
kaqu 210
jtpq -961
jheh -805
bmar 22
csfa -810
VOID------
dlxd -915
hnsc -214
umsq -852
fxya -750
jlrw 94
rbrn -799
razs 101
kaqu 210
jtpq -961
jheh -805
bmar 22
csfa -810
kmzd -29
VOID------
dlxd -915
hnsc -214
umsq -852
fxya -750
jlrw 94
rbrn -799
razs 101
kaqu 210
jtpq -961
jheh -805
bmar 22
csfa -810
kmzd -29
pyek -253
diue -975
wymt -947
xzcz -127
LIGHT------
DOMAIN------
atpr 760
osiy 225
rscj 47
fzxf 439
sokl 47
bmar 22
fcew 408
kaqu 210
razs 101
xawg 542
jlrw 94
moiv 303
kiid 159
btus 290
VOID------
DOMAIN------
LIGHT------
kuve -152
cpxc 465
iebs 588
xywx 566
tzlk -84
DOMAIN------
kuve -152
tzlk -84
VOID------
LIGHT------
VOID------
VOID------
lkja -189
lcep 168
uzrp 883
sprt 206
VOID------
lkja -189
szrn -968
nehr 137
fave -800
VOID------
lkja -189
szrn -968
hork -883
zflv -170
nehr 137
fave -800
VOID------
lkja -189
szrn -968
hork -883
ycou -152
zflv -170
nehr 137
fave -800
VOID------
lkja -189
szrn -968
hork -883
ycou -152
sxql -402
qxix -598
glmv 505
tlpb 205
zflv -170
nehr 137
fave -800
VOID------
VOID------
VOID------
VOID------
DOMAIN------
VOID------
euxf -373
bdwj -910
uzpe -890
yfrq -344
ozis -28
VOID------
VOID------
VOID------
VOID------
VOID------
LIGHT------
qwzg -372
ctuj 375
glow 171
LIGHT------
LIGHT------
DOMAIN------
wkoq -774
VOID------
VOID------
qknz -383
ysdk 643
cxek -933
zvue -488
VOID------
cxek -933
zvue -488
qknz -383
icmh -630
VOID------
DOMAIN------
VOID------
VOID------
VOID------
nezo -415
hory 954
neiq 266
wbsu 605
VOID------
nezo -415
hory 954
neiq 266
wbsu 605
VOID------
neiq 266
wbsu 605
nezo -415
dhtj -688
VOID------
VOID------
VOID------
cjoj -956
fnec -742
gust -606
finz -730
gkiv -969
VOID------
cjoj -956
fnec -742
gust -606
finz -730
gkiv -969
DOMAIN------
whhy 454
ennl 522
crld 584
mfhp 143
DOMAIN------
zevb 868
VOID------
LIGHT------
DOMAIN------
lphl 944
wktn 965
DOMAIN------
rwup 940
VOID------
LIGHT------
VOID------
VOID------
VOID------
fqqx -553
lxje -812
kgwg -587
czib -857
lvmt -895
fmbe -455
VOID------
VOID------
VOID------
VOID------
DOMAIN------
VOID------
VOID------
DOMAIN------
teza 469
VOID------
VOID------
dcxx -782
ncsd 725
ctle -370
tvll -884
nllt -379
DOMAIN------
VOID------
qyud -502
igbj 995
xtlx 390
fmaj -901
VOID------
VOID------
VOID------
VOID------
tjvt -674
othg 480
pnhj -92
lhmr -431
DOMAIN------
cwwp -967
lhmr -431
pnhj -92
tjvt -674
kgdw -14
DOMAIN------
vctv -243
VOID------
wmqq -153
vhsy 183
tmrc 869
mcgl 129
VOID------
wmqq -153
vhsy 183
tmrc 869
mcgl 129
LIGHT------
DOMAIN------
hwrh 823
afbc 577
xdaq 179
htce 557
VOID------
kunk -284
poen 535
copn 365
ovrs 426
LIGHT------
VOID------
kunk -284
poen 535
copn 365
ovrs 426
VOID------
copn 365
ovrs 426
kunk -284
gunp 356
LIGHT------
VOID------
ovrs 426
kunk -284
gunp 356
ehlg 316
VOID------
ovrs 426
kunk -284
gunp 356
ehlg 316
VOID------
psou -140
cjpm -803
puac -138
qqev -354
VOID------
psou -140
cjpm -803
puac -138
spts 30
VOID------
psou -140
cjpm -803
puac -138
spts 30
fabl -781
DOMAIN------
VOID------
VOID------
apro 569
iqza 309
avzz 389
rzze 438
VOID------
VOID------
nlqa -936
xjwo 774
zsio 789
pyio 48
VOID------
nlqa -936
xjwo 774
zsio 789
pyio 48
VOID------
pyio 48
mmem 935
nlqa -936
xjwo 774
VOID------
pyio 48
mmem 935
nlqa -936
xjwo 774
VOID------
pyio 48
mmem 935
nlqa -936
xjwo 774
VOID------
mmem 935
nlqa -936
xjwo 774
rcez -641
VOID------
mmem 935
nlqa -936
xjwo 774
rcez -641
DOMAIN------
zmnj -75
rcez -641
nlqa -936
VOID------
VOID------
VOID------
ngjt -186
yxdz -301
kpfe -83
smqh -212
LIGHT------
fqmf -140
jobi 42
yxdz -301
kpfe -83
smqh -212
ngjt -186
ksdf -397
VOID------
yxdz -301
kpfe -83
smqh -212
ngjt -186
ksdf -397
fqmf -140
VOID------
VOID------
bnli -390
jfsw 306
fnuq 331
hdvk -763
VOID------
bnli -390
jfsw 306
fnuq 331
hdvk -763
VOID------
hdvk -763
bnli -390
dbsg -577
ujwh -544
VOID------
kpmv -728
hnfz -235
kbyk 616
ujwh -544
jfsw 306
fnuq 331
hdvk -763
bnli -390
dbsg -577
hejj -743
bwys 291
ltjf -119
lutt -663
tzas -623
kiqm -906
VOID------
VOID------
VOID------
VOID------
DOMAIN------
moci 114
VOID------
VOID------
VOID------
wafk -238
lebf 326
izmy 130
thdm 651
VOID------
izmy 130
thdm 651
sjhq 380
lkjd -405
DOMAIN------
gcof -468
uqcn -70
hgoa -403
lkjd -405
wafk -238
LIGHT------
VOID------
qqid -626
zxsq 327
iplo 491
dndb 184
LIGHT------
VOID------
qqid -626
zxsq 327
lgbx 26
gnwy 36
VOID------
qqid -626
zxsq 327
lgbx 26
gnwy 36
VOID------
VOID------
VOID------
auyi -852
azcr -925
jrqn -665
qdmf -232
qkeh 561
xnyd -808
tyjs -281
VOID------
auyi -852
azcr -925
jrqn -665
qdmf -232
qkeh 561
xnyd -808
tyjs -281
VOID------
VOID------
VOID------
VOID------
VOID------
VOID------
vlzm 81
bxee -884
ejrp -208
mweo 240
VOID------
cayt -961
uzdt -28
baqv -956
uswi 17
VOID------
VOID------
VOID------
chsw 164
zgew 855
olvb 753
hbba -567
VOID------
chsw 164
zgew 855
olvb 753
hbba -567
DOMAIN------
hbba -567
DOMAIN------
wfht -357
VOID------
wdvr -186
weag -464
mhrp -248
jpgi -909
yfqz 415
vezz -791
VOID------
wdvr -186
weag -464
mhrp -248
jpgi -909
yfqz 415
fqvy -441
tdfy 444
vezz -791
LIGHT------
fqvy -441
tdfy 444
vezz -791
uimw 603
oytx 932
tygq 274
zgew 855
olvb 753
ryin 721
gsff 817
uejv 932
chsw 164
wdvr -186
weag -464
mhrp -248
jpgi -909
yfqz 415
VOID------
wdvr -186
weag -464
mhrp -248
jpgi -909
yfqz 415
fqvy -441
tdfy 444
vezz -791
DOMAIN------
qexp -739
ysgg -669
qhva -985
fqvy -441
jpgi -909
vezz -791
mhrp -248
weag -464
wdvr -186
VOID------
yjbv -372
dttg -296
chsw 164
yfqz 415
VOID------
mcgb -981
yjbv -372
dttg -296
chsw 164
VOID------
VOID------
VOID------
jpww -684
nhpl 871
nysz -702
zrku -785
VOID------
LIGHT------
VOID------
VOID------
dzdf -313
jhzk -909
kreb 221
ostf 287
DOMAIN------
kreb 221
ostf 287
VOID------
LIGHT------
rnym -172
fyog 3
crkl -78
schy -251
kgoq -741
VOID------
crkl -78
schy -251
kgoq -741
rnym -172
eihx -346
VOID------
crkl -78
schy -251
kgoq -741
rnym -172
eihx -346
VOID------
VOID------
VOID------
DOMAIN------
mrmq 255
xffn 676
DOMAIN------
VOID------
VOID------
VOID------
mprk -862
oixr 166
kmtu 233
ewwh -96
VOID------
bdvt -203
iyad -935
qrxn -37
poaq 6
VOID------
bdvt -203
iyad -935
qrxn -37
poaq 6
VOID------
bdvt -203
iyad -935
emcy 496
qrxn -37
LIGHT------
VOID------
VOID------
DOMAIN------
dgzs 975
VOID------
VOID------
bzgk -428
wfek -819
hyub -258
qkit 583
VOID------
bzgk -428
wfek -819
utwi -310
wmbr -366
VOID------
VOID------
pfob 410
hpao -701
iqpq -41
smgt 859
VOID------
pfob 410
hpao -701
iqpq -41
smgt 859
VOID------
hpao -701
iqpq -41
smgt 859
zlbj 911
pqaq -495
yjvx -984
VOID------
hpao -701
iqpq -41
smgt 859
zlbj 911
pqaq -495
yjvx -984
VOID------
yqkt -419
pnzo -556
bhdn -873
orqc -687
qzzp -176
VOID------
VOID------
DOMAIN------
VOID------
ypch -973
fmiz -851
klyh 361
xvuf -622
VOID------
VOID------
zpol 67
ckwe -871
xsew -850
hjsv -499
VOID------
zpol 67
ckwe -871
xsew -850
hjsv -499
LIGHT------
mrfl 530
ckdr 836
alpu 756
rmgs 179
uacx -632
VOID------
rmgs 179
uacx -632
qjft -893
lqke 290
VOID------
rmgs 179
uacx -632
qjft -893
lqke 290
VOID------
rmgs 179
uacx -632
qjft -893
lqke 290
VOID------
rmgs 179
uacx -632
qjft -893
lqke 290
VOID------
VOID------
LIGHT------
hvrs 237
uhcn 236
umci 659
dsge 918
tiqf -368
ivkr 251
qxoz -683
qkcj 103
VOID------
tiqf -368
ivkr 251
qxoz -683
qkcj 103
tkdb -172
LIGHT------
aahg -894
VOID------
VOID------
VOID------
VOID------
DOMAIN------
ovuc 556
VOID------
VOID------
hinj -855
wrws 743
zqpm -646
qszm -28
VOID------
hinj -855
wrws 743
zqpm -646
qszm -28
VOID------
hinj -855
wrws 743
zqpm -646
qszm -28
VOID------
VOID------
LIGHT------
VOID------
aist 31
vroo 495
rjyn -638
sshi 279
VOID------
aist 31
vroo 495
rjyn -638
sshi 279
LIGHT------
VOID------
VOID------
VOID------
wnww -107
pawn -233
udsl -16
bpbf -474
qyxe 45
mskg 32
pklz -697
tkzm -597
vfhv -412
muin -286
qtro -139
VOID------
wnww -107
pawn -233
udsl -16
bpbf -474
qyxe 45
mskg 32
pklz -697
tkzm -597
vfhv -412
muin -286
qtro -139
VOID------
wnww -107
pawn -233
udsl -16
bpbf -474
qyxe 45
mskg 32
pklz -697
tkzm -597
bale -366
tjpz -137
vfhv -412
muin -286
qtro -139
DOMAIN------
bnuh 12
ufch 568
LIGHT------
gwad 925
rjuf 646
siim -297
ahsc 622
gxap -353
dfed -274
tjst -309
kdvw 144
zubl 611
LIGHT------
vlqr 710
rdil -767
mois -345
swfd 270
VOID------
gxat 445
wlds 587
xhom -50
ignq -27
VOID------
xhom -50
ignq -27
gxat 445
anne 71
VOID------
zybn -982
ymje -820
hlpx -809
hues -735
jmut -516
VOID------
VOID------
VOID------
yrkp -430
hgka 2
bhhe -609
kohk -461
VOID------
VOID------
usxh -580
jgoa -13
ldjw 485
udwu -187
qaqs -483
yevo -609
LIGHT------
VOID------
usxh -580
jgoa -13
ldjw 485
udwu -187
qaqs -483
yevo -609
ppci -912
gzfv -404
VOID------
usxh -580
jgoa -13
ldjw 485
udwu -187
qaqs -483
yevo -609
ppci -912
gzfv -404
VOID------
usxh -580
jgoa -13
ldjw 485
udwu -187
qaqs -483
yevo -609
ppci -912
gzfv -404
VOID------
usxh -580
jgoa -13
ldjw 485
udwu -187
qaqs -483
yevo -609
ppci -912
gzfv -404
tdna 108
xups -745
hacp -381
krvk -632
VOID------
usxh -580
jgoa -13
ldjw 485
udwu -187
qaqs -483
yevo -609
ppci -912
gzfv -404
tdna 108
xups -745
hacp -381
krvk -632
doxj -590
DOMAIN------
ycki 951
fdgb 363
dyfa 774
cfrm 803
tdna 108
stqo 172
vzee 738
qgqb 917
ldjw 485
VOID------
jgoa -13
htlf -296
lzms -203
udwu -187
qaqs -483
yevo -609
ppci -912
gzfv -404
xups -745
hacp -381
krvk -632
doxj -590
cgpw -153
rslr -275
usxh -580
LIGHT------
htlf -296
lzms -203
udwu -187
qaqs -483
yevo -609
ppci -912
gzfv -404
xups -745
hacp -381
krvk -632
doxj -590
cgpw -153
rslr -275
usxh -580
jgoa -13
VOID------
jgoa -13
htlf -296
lzms -203
udwu -187
qaqs -483
yevo -609
ppci -912
gzfv -404
xups -745
hacp -381
krvk -632
doxj -590
cgpw -153
rslr -275
usxh -580
LIGHT------
LIGHT------
VOID------
ntzz -782
uwzk -633
bbll -601
hecb -867
VOID------
VOID------
VOID------
VOID------
VOID------
bdoq -283
vviz -561
igve -340
kyvo -622
LIGHT------
VOID------
VOID------
VOID------
VOID------
VOID------
VOID------
DOMAIN------
fiby -778
otvi -106
VOID------
VOID------
LIGHT------
LIGHT------
VOID------
VOID------
VOID------
VOID------
lwsd 129
htep -256
yijf 487
fsnh 723
DOMAIN------
htep -256
VOID------
VOID------
fsnh 723
nhvp -57
lwsd 129
yijf 487
DOMAIN------
nhvp -57
VOID------
DOMAIN------
nidz 65
VOID------
qjes -187
ugga -415
ofaj -835
esef -347
xvkz -291
VOID------
qlhl 274
yyok -759
okil 111
liku 336
VOID------
qlhl 274
yyok -759
okil 111
fjny 32
VOID------
VOID------
VOID------
VOID------
VOID------
VOID------
VOID------
wefa -332
fljz 338
mhbz -741
qics -527
VOID------
DOMAIN------
DOMAIN------
pake -448
DOMAIN------
xuur -686
VOID------
sbia 287
zuen 524
bpns 455
ttal -693
VOID------
VOID------
LIGHT------
bdje 789
bzak 964
naxr 659
euhg -919
vuwp -355
kpat 278
DOMAIN------
aqvj -172
vuwp -355
euhg -919
VOID------
hapa -31
extj 938
naxr 659
kpat 278
DOMAIN------
VOID------
ohvz -399
cjvr 344
smzt -472
xglq -927
aipj -436
bzkq -81
VOID------
ohvz -399
cjvr 344
smzt -472
xglq -927
aipj -436
bzkq -81
hwec 21
kadc -933
uncw -788
qsqt -81
VOID------
ohvz -399
cjvr 344
smzt -472
xglq -927
aipj -436
bzkq -81
hwec 21
kadc -933
uncw -788
qsqt -81
VOID------
dxgm 513
prlt 14
vdir -231
gibt 164
VOID------
prlt 14
vdir -231
szga 615
gibt 164
VOID------
mfdz -539
kpwx -491
aywm 15
aqlx 203
VOID------
mfdz -539
kpwx -491
dbvo -940
lntg -839
lmcg -251
uncm -218
tzhz -227
wmoo -804
LIGHT------
uncm -218
tzhz -227
wmoo -804
onem 454
aywm 15
aqlx 203
xilm 936
gibt 164
wmlp 681
rfbf 853
whqz 353
dxgm 513
prlt 14
vdir -231
szga 615
mfdz -539
kpwx -491
dbvo -940
lntg -839
lmcg -251
DOMAIN------
uncm -218
lmcg -251
tzhz -227
lntg -839
wmoo -804
dbvo -940
kpwx -491
mfdz -539
vdir -231
DOMAIN------
VOID------
VOID------
VOID------
DOMAIN------
tbxu -185
qrom -507
VOID------
VOID------
VOID------
VOID------
LIGHT------
LIGHT------
LIGHT------
LIGHT------
VOID------
VOID------
VOID------
VOID------
LIGHT------
ands -812
hbxv 168
botw 450
DOMAIN------
ands -812
VOID------
hbxv 168
botw 450
powb -131
dwxa -903
VOID------
LIGHT------
VOID------
DOMAIN------
LIGHT------
VOID------
VOID------
VOID------
atmj -630
vbsa -54
fovj -962
daob -347
VOID------
atmj -630
vbsa -54
fovj -962
daob -347
VOID------
VOID------
VOID------
DOMAIN------
VOID------
VOID------
gqvq 336
rfrg -598
drcv -965
burj -776
VOID------
rfrg -598
drcv -965
burj -776
ttyq -620
xunn -764
aygt -172
VOID------
rfrg -598
drcv -965
burj -776
ttyq -620
xunn -764
kyfg -653
nmqj -595
VOID------
rfrg -598
drcv -965
burj -776
ttyq -620
xunn -764
kyfg -653
nmqj -595
DOMAIN------
prlr 883
glou 692
hxba 223
fnfk 44
msks 410
mapq 865
gqvq 336
DOMAIN------
VOID------
oxob -57
hgeh -319
rbnb 312
byxv -670
cbyl -184
teig -66
kdfw -293
glfm -985
bmth -227
VOID------
byxv -670
cbyl -184
teig -66
kdfw -293
glfm -985
bmth -227
oxob -57
hgeh -319
VOID------
cekt 106
fdjj -793
eoud -979
ethw -266
DOMAIN------
vcce 67
zsvo 265
cekt 106
DOMAIN------
VOID------
VOID------
yewu -641
bvob 629
ouxc -440
fgwk -469
VOID------
VOID------
VOID------
DOMAIN------
krfq 597
DOMAIN------
VOID------
nigg -996
cwgs -950
yorh 977
whpq -704
panf -259
fbrw -711
pvbd -92
zsbx -451
bzxd -774
erim -767
ipcf -787
hcrq -251
rpfk -22
VOID------
whpq -704
panf -259
fbrw -711
pvbd -92
zsbx -451
bzxd -774
erim -767
ipcf -787
hcrq -251
rpfk -22
ijgd 222
qskw 354
irip 854
nigg -996
ljkq -365
wppv -503
DOMAIN------
whuz 124
nmhe 468
osqz 954
yorh 977
irip 854
qskw 354
ijgd 222
LIGHT------
VOID------
VOID------
DOMAIN------
pgfw -69
DOMAIN------
zlye -282
vodq -270
iqqy -577
VOID------
dcvo 39
afzd 347
sqmi 303
rkec 271
DOMAIN------
DOMAIN------
LIGHT------
nhxr 125
kuet 587
tkjj 603
cgtx 840
dcvo 39
afzd 347
sqmi 303
rkec 271
bzim 973
drol 4
osdj 520
weso 317
hqil 227
tcvc 387
VOID------
dcvo 39
afzd 347
sqmi 303
rkec 271
VOID------
dcvo 39
afzd 347
sqmi 303
rkec 271
VOID------
hqil 227
tcvc 387
nhxr 125
wnue -954
VOID------
wnue -954
xqmz -699
wmog -175
zyhq -279
VOID------
VOID------
VOID------
VOID------
kxrp 315
ywxg -210
xrwe -851
cfsn 30
VOID------
kxrp 315
ywxg -210
xrwe -851
cfsn 30
DOMAIN------
xgkz 555
VOID------
LIGHT------
myck 717
lwum 760
ivez -367
ehnc 507
klqx -544
VOID------
ivez -367
ehnc 507
klqx -544
myck 717
LIGHT------
ediu 994
qbys -701
fwpo -970
VOID------
VOID------
fwpo -970
mnsg 483
ediu 994
qbys -701
VOID------
qbys -701
fwpo -970
kfxi -829
uuna 108
DOMAIN------
uuna 108
mnsg 483
ediu 994
VOID------
kfxi -829
qbys -701
fwpo -970
ouik -990
hzbu -984
VOID------
aulk -992
porp -540
ujro -878
qbys -701
fwpo -970
ouik -990
hzbu -984
kfxi -829
VOID------
ujro -878
qbys -701
fwpo -970
ouik -990
hzbu -984
kfxi -829
aulk -992
porp -540
VOID------
badv 148
hqva -575
hwwu 130
emtl 185
VOID------
badv 148
hqva -575
wuou -364
vypp 416
DOMAIN------
zyor -948
wuou -364
hqva -575
VOID------
hwwu 130
emtl 185
emhm 538
kczy -865
VOID------
VOID------
VOID------
niru -575
gvsa 865
swil 109
qgfw -292
VOID------
swil 109
qgfw -292
niru -575
rvoq 357
VOID------
dkkf -482
mafr -391
owzs 102
iilc -259
DOMAIN------
rwts -234
mafr -391
iilc -259
dkkf -482
uisk -209
niru -575
qgfw -292
VOID------
swil 109
rvoq 357
tzyw 45
bzpg 793
VOID------
swil 109
rvoq 357
tzyw 45
bzpg 793
VOID------
upra -259
ftiq -705
mnuv -538
sefx -688
opwr -100
xkse -184
VOID------
DOMAIN------
VOID------
VOID------
VOID------
VOID------
VOID------
DOMAIN------
VOID------
VOID------
VOID------
LIGHT------
DOMAIN------
jnrz 162
xxru 12
ucwx 74
yrqq 525
jycj 545
DOMAIN------
spel 781
zapb 753
trqg 349
bzet 698
VOID------
avns -552
tpxo -686
pvyl -868
afpc -582
axlu -92
cqzz -657
oszv -621
skdo -96
cejd -861
VOID------
avns -552
tpxo -686
pvyl -868
afpc -582
axlu -92
cqzz -657
oszv -621
skdo -96
cejd -861
DOMAIN------
ebci 84
amee 857
veuq 719
uqjo 16
xarg 509
VOID------
VOID------
VOID------
VOID------
gcey -277
qqbr -982
lxol -954
yglm -835
VOID------
gcey -277
qqbr -982
lxol -954
yglm -835
VOID------
gcey -277
qqbr -982
lxol -954
yglm -835
VOID------
yglm -835
mnhi 256
gcey -277
qqbr -982
lxol -954
nanr -857
DOMAIN------
zuve 987
mnhi 256
VOID------
qqbr -982
lxol -954
nanr -857
yglm -835
gcey -277
ewno -672
xfvf -545
ypgz 284
evpu -378
ajzx -293
LIGHT------
klou -768
VOID------
VOID------
klou -768
szmg -4
tgaj -343
ebcv 228
VOID------
VOID------
LIGHT------
VOID------
VOID------
odkm -945
bpup 420
mtef -610
mgpg -268
VOID------
VOID------
vlxe 37
idib -76
dohv -309
mpvt 677
VOID------
vlxe 37
idib -76
dohv -309
ovri 230
LIGHT------
VOID------
kibx -994
lohb 191
fkhw -482
cdzf -864
LIGHT------
sjrq -569
ostm 62
LIGHT------
DOMAIN------
ostm 62
DOMAIN------
VOID------
VOID------
ntml -720
xpwd -753
yhdo -657
kmnj -602
sjrq -569
VOID------
ntml -720
xpwd -753
yhdo -657
kmnj -602
sjrq -569
VOID------
VOID------
pegb -940
iiva -511
dgqb -772
vyyk 36
jhrg -209
VOID------
pegb -940
iiva -511
dgqb -772
ugja -685
VOID------
pegb -940
iiva -511
dgqb -772
ugja -685
fbrk 215
eutl 413
dztv -941
qbrs -805
cyaw -484
VOID------
pegb -940
iiva -511
dgqb -772
ugja -685
fbrk 215
eutl 413
dztv -941
qbrs -805
cyaw -484
DOMAIN------
pgbv 791
vpil 41
icio 88
nolb 69
gejm 602
zaxw 402
cvco 660
eutl 413
fbrk 215
utwp 339
vyyk 36
fwwt 588
VOID------
iiva -511
dgqb -772
ugja -685
dztv -941
qbrs -805
cyaw -484
eoxm -298
vgsl -264
jhrg -209
pegb -940
mums -625
gist -132
VOID------
iiva -511
dgqb -772
ugja -685
dztv -941
qbrs -805
cyaw -484
eoxm -298
vgsl -264
jhrg -209
pegb -940
mums -625
gist -132
ojub 183
obgw -731
VOID------
iiva -511
dgqb -772
ugja -685
dztv -941
qbrs -805
cyaw -484
eoxm -298
vgsl -264
jhrg -209
pegb -940
mums -625
gist -132
ojub 183
obgw -731
oarh -991
VOID------
iiva -511
dgqb -772
ugja -685
dztv -941
qbrs -805
cyaw -484
eoxm -298
vgsl -264
jhrg -209
pegb -940
mums -625
gist -132
ojub 183
obgw -731
oarh -991
ngse 31
bdec -457
VOID------
VOID------
VOID------
VOID------
VOID------
LIGHT------
VOID------
LIGHT------
VOID------
VOID------
uala -778
vkys -575
nmng -322
vvwt 184
VOID------
VOID------
DOMAIN------
gvrb 814
upsf 893
dtko 217
VOID------
VOID------
tldu -429
kyqq -310
dehn -729
xfwh -862
pksj -448
jkwo -6
VOID------
tldu -429
kyqq -310
dehn -729
xfwh -862
pksj -448
jkwo -6
DOMAIN------
forv 888
cgsq 179
gqcc 296
wiir 752
DOMAIN------
VOID------
kyqq -310
dehn -729
xfwh -862
pphl -714
zudu -605
jhkg -54
pksj -448
jkwo -6
tldu -429
uuel -189
iwpz -958
klma -204
VOID------
kyqq -310
dehn -729
xfwh -862
pphl -714
zudu -605
jhkg -54
pksj -448
jkwo -6
tldu -429
uuel -189
iwpz -958
klma -204
VOID------
kyqq -310
dehn -729
xfwh -862
pphl -714
zudu -605
jhkg -54
pksj -448
jkwo -6
tldu -429
uuel -189
iwpz -958
klma -204
DOMAIN------
VOID------
VOID------
DOMAIN------
eovt 184
VOID------
wqie -215
rkvg -404
xqhs -774
ueoh -250
VOID------
wqie -215
rkvg -404
xqhs -774
ueoh -250
VOID------
DOMAIN------
VOID------
sfcf -440
loxn -648
smth -268
ifju -988
VOID------
sfcf -440
loxn -648
smth -268
ifju -988
VOID------
sfcf -440
loxn -648
smth -268
ifju -988
VOID------
sfcf -440
siuu -877
loxn -648
smth -268
ifju -988
VOID------
VOID------
VOID------
cdpt 342
gdme -127
ioxh -750
trbq 249
DOMAIN------
diqh 404
trbq 249
cdpt 342
VOID------
VOID------
uqwp -78
qxca -226
icdp 83
axuh -381
VOID------
VOID------
hsik -507
lnyv -355
verk 472
lpyq 704
VOID------
hsik -507
lnyv -355
vzyf 62
qvqw -951
tewa -892
adom -321
kqgl 544
jrcu -576
gbaz -697
duhq -539
VOID------
hsik -507
lnyv -355
vzyf 62
qvqw -951
tewa -892
adom -321
kqgl 544
jrcu -576
fhei -765
gbaz -697
duhq -539
VOID------
hsik -507
lnyv -355
vzyf 62
qvqw -951
tewa -892
adom -321
kqgl 544
jrcu -576
fhei -765
ruzv 99
gbaz -697
duhq -539
VOID------
VOID------
viyr -83
mxfv -851
ncvo 197
ntdz 222
VOID------
viyr -83
mxfv -851
ncvo 197
ntdz 222
DOMAIN------
rnnt 680
jghz 160
etiu 808
ncvo 197
ntdz 222
VOID------
mxfv -851
opvr -224
szrs -184
gchn -789
viyr -83
VOID------
VOID------
VOID------
VOID------
DOMAIN------
mirq -611
nyyv -586
vyne -549
azia -767
VOID------
ieyv 77
dinr -233
rxek 151
ppsy 410
LIGHT------
VOID------
ahgo 497
fkdg 944
ieyv 77
dinr -233
VOID------
ieyv 77
dinr -233
kiwh 95
gopg 566
LIGHT------
angf 316
jwur -717
VOID------
DOMAIN------
LIGHT------
VOID------
jyqg -961
mzdy 790
uddi 271
dnhi -966
qbqd -223
VOID------
dnhi -966
qbqd -223
yzhp 500
jykb -220
cmgr -458
tmvg -311
aiov -166
DOMAIN------
cmgr -458
tmvg -311
aiov -166
jykb -220
qbqd -223
dnhi -966
jyqg -961
VOID------
uddi 271
yzhp 500
wuxr 435
soma 577
VOID------
VOID------
DOMAIN------
LIGHT------
VOID------
zooq -199
muxj -233
knix 471
dyhh -27
DOMAIN------
wapq -931
koyx -818
dyhh -27
muxj -233
pjtl -195
zooq -199
VOID------
VOID------
qeit -170
embm 40
hqyw -824
fpnv 581
VOID------
rttf -632
wifw -459
ezft 548
fhkk -247
VOID------
fhkk -247
rttf -632
afxm -918
wifw -459
DOMAIN------
bssu 82
ezft 548
VOID------
ndfs -627
baul -493
wdfw 215
sadn 49
rttf -632
afxm -918
fmim -916
wifw -459
fhkk -247
DOMAIN------
VOID------
LIGHT------
DOMAIN------
VOID------
LIGHT------
flao -845
wkbd -834
hhwn 521
qvub 757
obkm 985
jmni -674
wvtr 334
DOMAIN------
lwob -298
nrjq -412
VOID------
prvr -970
omzi -43
mqar -297
zzrk 325
glph -411
VOID------
aawg -252
ogcd -334
hqhr -466
ftgv 479
VOID------
aawg -252
ogcd -334
hqhr -466
ftgv 479
VOID------
aawg -252
ogcd -334
hqhr -466
jpxh 21
VOID------
aawg -252
ogcd -334
hqhr -466
jpxh 21
yvcj -269
xqxl -926
VOID------
DOMAIN------
gybz -308
VOID------
VOID------
VOID------
jxmi 433
ofnx -87
hubz -965
scbw -754
VOID------
ofnx -87
hubz -965
scbw -754
iorf -390
oyfd -28
VOID------
ccpt 82
psfh 615
ereh 924
zglo -375
VOID------
zglo -375
ccpt 82
ktpi -322
mshr 199
VOID------
vqku -178
gpkm 26
fokq -522
odgn -557
luwm -396
pkrb -231
ycrp -975
apiv -659
wbci -357
VOID------
VOID------
bujr -778
vfdk -273
htrw -135
fxcr -844
ackj -133
VOID------
VOID------
VOID------
ooek -506
egbo 212
jpnu 213
qmio -424
LIGHT------
VOID------
VOID------
VOID------
LIGHT------
tseo 981
sgfw 6
VOID------
VOID------
VOID------
VOID------
VOID------
LIGHT------
VOID------
jpxk 46
jmtx -800
vimi -547
lojk 316
LIGHT------
VOID------
rcxo -768
xiuq 202
hyyz -865
ymdz 558
VOID------
rcxo -768
xiuq 202
hyyz -865
ymdz 558
DOMAIN------
hyyz -865
rcxo -768
VOID------
VOID------
ymdz 558
egsy -288
yrcu 967
xiuq 202
VOID------
VOID------
xlwp -540
tobq -25
xhvb 229
kksq -527
VOID------
xlwp -540
tobq -25
xhvb 229
okvd -614
xdlk -639
xwwl -589
vytm -78
nmen -365
kksq -527
VOID------
xlwp -540
tobq -25
xhvb 229
okvd -614
xdlk -639
xwwl -589
vytm -78
qxsf -922
bucc -381
VOID------
xlwp -540
tobq -25
xhvb 229
okvd -614
xdlk -639
xwwl -589
vytm -78
qxsf -922
bucc -381
VOID------
xlwp -540
tobq -25
xhvb 229
okvd -614
xdlk -639
xwwl -589
vytm -78
qxsf -922
fjgc -734
LIGHT------
dpek -465
VOID------
dpek -465
awsd 473
fprv -158
qhog 586
VOID------
dpek -465
awsd 473
fprv -158
nxnp -342
VOID------
dpek -465
awsd 473
fprv -158
nxnp -342
LIGHT------
VOID------
dpek -465
awsd 473
fprv -158
nxnp -342
oosy -411
VOID------
dpek -465
awsd 473
fprv -158
nxnp -342
oosy -411
VOID------
VOID------
VOID------
VOID------
LIGHT------
LIGHT------
VOID------
VOID------
fasx -210
nahs 299
ipyc 804
yhsg 29
VOID------
yhsg 29
fasx -210
hxnv -124
nahs 299
VOID------
VOID------
pdgn 29
odja 632
mtwr 676
pfty 594
DOMAIN------
fiaa -871
DOMAIN------
VOID------
DOMAIN------
ksqg 483
hcix 138
zeta 327
VOID------
ympt -182
twdu -909
vshv -160
yrsp -491
shey -302
VOID------
VOID------
LIGHT------
hlvm -128
yrye 237
rhxg 885
ozim 958
yilt 859
korc 54
lzjo -15
snbm -702
jjov -880
VOID------
LIGHT------
efba -247
xzhj 555
jhbn 940
rqro 758
yrfa -397
fnfn -370
fmae -767
VOID------
yrfa -397
fnfn -370
fmae -767
efba -247
msdo -250
VOID------
hzyu -255
rzvj -216
plhz -39
uxxw 667
VOID------
VOID------
VOID------
VOID------
najf -740
vtmb -816
dues -527
mpbj -423
DOMAIN------
edgr 431
sagx 584
VOID------
VOID------
LIGHT------
VOID------
VOID------
sptb 94
urpr -162
mcnv -450
jvpw 666
VOID------
LIGHT------
cibn -738
azwo 506
rheh 304
andf 846
klpk -452
pvyz 47
dtfj 605
ixbi 283
rjyh 321
itqr 507
ekhk 897
kzhj 238
flpk -803
ixiv 247
qgde -455
roqm -97
dawq -838
nois -488
fjiz -52
pwqv -818
ovdo -60
axnt -359
fymu -490
oiqk -472
rrfp -925
tsaz 3
esfc -793
VOID------
flpk -803
ixiv 247
qgde -455
roqm -97
dawq -838
nois -488
fjiz -52
pwqv -818
ovdo -60
axnt -359
fymu -490
oiqk -472
rrfp -925
tsaz 3
esfc -793
cibn -738
VOID------
flpk -803
ixiv 247
qgde -455
roqm -97
dawq -838
nois -488
fjiz -52
pwqv -818
ovdo -60
axnt -359
fymu -490
oiqk -472
rrfp -925
tsaz 3
esfc -793
cibn -738
VOID------
DOMAIN------
ljsx 189
VOID------
DOMAIN------
dylt 8
VOID------
VOID------
VOID------
VOID------
VOID------
ssxx -32
yjfq -648
tnej -880
imkv -538
DOMAIN------
kwhu 685
mvxy 670
VOID------
vguf -370
apzk -693
panh -919
yexl -781
LIGHT------
DOMAIN------
rlcx -99
wrax -82
owni -713
VOID------
vlxt 204
nouj -516
pvrw 21
fdpx 132
VOID------
LIGHT------
LIGHT------
VOID------
VOID------
VOID------
mkll 359
yiaw 398
drlu 293
ftrm -728
VOID------
yiaw 398
drlu 293
ftrm -728
xkpa -219
LIGHT------
ofnx -749
fudz -82
mzic 189
mijo 496
ooev 662
bwln -373
kvzc -328
VOID------
VOID------
lazj -561
ykwi 767
took 926
bpal 942
VOID------
lazj -561
ykwi 767
took 926
bpal 942
VOID------
lazj -561
rltm -905
hlzv -197
yibd 465
VOID------
lazj -561
rltm -905
hlzv -197
ybxb -865
VOID------
lazj -561
rltm -905
hlzv -197
ybxb -865
cxgt -805
VOID------
lazj -561
rltm -905
hlzv -197
ybxb -865
cxgt -805
fwbf -887
rxtt -2
VOID------
lazj -561
rltm -905
hlzv -197
ybxb -865
cxgt -805
fwbf -887
ccfh -692
rxtt -2
DOMAIN------
VOID------
VOID------
VOID------
cevg -48
jknq -639
mrju 750
zmxy 168
DOMAIN------
LIGHT------
VOID------
qxwe 169
wfid -369
zuwr -999
wtbv -192
VOID------
qmoc 360
wzab -318
ywke 404
pmrv -952
VOID------
wzab -318
ywke 404
pmrv -952
xztv -757
kamy -507
LIGHT------
isgx -231
bshe 714
wqxr 978
mgbr 82
icky -509
VOID------
mgbr 82
icky -509
isgx -231
bshe 714
VOID------
mgbr 82
icky -509
isgx -231
renv 128
LIGHT------
VOID------
mgbr 82
icky -509
isgx -231
renv 128
VOID------
LIGHT------
pjkx -562
LIGHT------
VOID------
VOID------
VOID------
VOID------
VOID------
epdg -377
eyvm -213
cumu -451
zgvb -707
nycw 357
hoib -490
falm -391
DOMAIN------
nycw 357
lpfe 974
VOID------
epdg -377
udsk -199
eyvm -213
cumu -451
zgvb -707
hoib -490
falm -391
VOID------
ujbh -222
wbbq -499
vewj -540
bixn -980
VOID------
vewf -588
adrk 529
krhs 544
jhmt 757
DOMAIN------
vewf -588
VOID------
oceg 97
adrk 529
krhs 544
jhmt 757
VOID------
xboh -951
aevp 796
oceg 97
adrk 529
DOMAIN------
ewvr -553
xboh -951
VOID------
VOID------
jqbw -223
ldak -494
haof -252
uysy -460
rjdn -159
VOID------
VOID------
VOID------
LIGHT------
VOID------
VOID------
VOID------
irme -871
vjkf -957
fydl -644
lbci -106
qquk -302
LIGHT------
VOID------
irme -871
vjkf -957
fydl -644
lbci -106
qquk -302
VOID------
irme -871
vjkf -957
fydl -644
lbci -106
qquk -302
VOID------
VOID------
upqt 314
evpm 805
ainl -481
olcb 278
DOMAIN------
fsww -869
cogf -786
ainl -481
VOID------
upqt 314
evpm 805
olcb 278
whmc 443
VOID------
VOID------
zmtt -259
gomn -629
ggjh -249
putj 128
VOID------
zmtt -259
gomn -629
ggjh -249
putj 128
VOID------
zmtt -259
gomn -629
ggjh -249
raby -564
LIGHT------
lpwv 961
yhlb -395
VOID------
yhlb -395
suzd -774
toml -284
dyhe 404
VOID------
VOID------
lbuf -246
pdfu -384
cyqn -280
hfdy 211
VOID------
DOMAIN------
anaz 725
tsnu 553
LIGHT------
repw 834
bere -149
djny -11
avgx -921
onlx -503
aenm -962
kxvd -594
mkaw 479
VOID------
psrc 215
bwge -613
iwkv 503
egee -448
VOID------
dfaw 366
rytg 288
vgoi -606
ddte -187
DOMAIN------
ddte -187
vgoi -606
VOID------
LIGHT------
LIGHT------
phhq 434
iypj 353
pmel 589
fmii 894
qrbz 116
wyaa -415
fszr -229
LIGHT------
VOID------
qrbz 116
wyaa -415
fszr -229
phhq 434
DOMAIN------
phhq 434
iypj 353
pmel 589
fmii 894
qrbz 116
VOID------
jtyd -830
airy -800
fiik 110
fszr -229
sjtd -981
duvj -852
wyaa -415
VOID------
airy -800
fiik 110
fszr -229
sjtd -981
duvj -852
wyaa -415
jtyd -830
qvch -965
vvia -620
VOID------
airy -800
fiik 110
fszr -229
sjtd -981
duvj -852
wyaa -415
jtyd -830
qvch -965
vvia -620
nlsl -609
VOID------
airy -800
fiik 110
fszr -229
sjtd -981
duvj -852
wyaa -415
jtyd -830
qvch -965
vvia -620
nlsl -609
hdgn -512
DOMAIN------
xmkw 780
pboi 203
xlyt 534
fiik 110
VOID------
airy -800
fszr -229
sjtd -981
duvj -852
wyaa -415
jtyd -830
qvch -965
vvia -620
nlsl -609
hdgn -512
pflp -81
mehk -59
VOID------
ncwk -397
ubxr -334
fszr -229
sjtd -981
duvj -852
wyaa -415
jtyd -830
qvch -965
vvia -620
nlsl -609
hdgn -512
pflp -81
mehk -59
airy -800
VOID------
VOID------
VOID------
VOID------
ebok -284
kpis -53
icpu -195
mbzw -414
VOID------
ebok -284
kpis -53
icpu -195
mbzw -414
DOMAIN------
pqik -467
LIGHT------
VOID------
nijb 914
xofn 213
gyzu 280
idid 566
LIGHT------
ppzl 25
xofn 213
gyzu 280
idid 566
nijb 914
uquo -137
VOID------
VOID------
omrv 651
doyk -703
apvn -267
hjas 680
LIGHT------
qxyh -307
mkjx 938
bdyr 878
omrv 651
doyk -703
apvn -267
hjas 680
DOMAIN------
VOID------
VOID------
DOMAIN------
VOID------
DOMAIN------
VOID------
LIGHT------
LIGHT------
DOMAIN------
obpq 14
cmiv 550
VOID------
LIGHT------
cuoi 88
dldu 868
cuyr -449
emvh 272
abmn 326
kimo 595
arcf 939
njgf -34
oyms 389
bjdh 548
disx 604
gfvq -993
zxtr -521
cbvp -207
uceg -116
kbkb -940
ecks -547
VOID------
VOID------
VOID------
vwok -793
dxay -447
ncpm -90
haxr 163
LIGHT------
ejjp 646
hyoy -433
qnvu 468
skil 857
ncpm -90
haxr 163
pdhc 392
mkmq 185
vwok -793
dxay -447
ropj -158
ydig -841
LIGHT------
DOMAIN------
VOID------
drxn 339
cpfx -760
htat -652
uokg 37
VOID------
drxn 339
cpfx -760
htat -652
uovm -665
VOID------
cwzy -686
vfnx 32
yhre 214
qvda 765
VOID------
cwzy -686
vfnx 32
yhre 214
qvda 765
VOID------
cwzy -686
vfnx 32
yhre 214
ngpw 167
VOID------
DOMAIN------
VOID------
VOID------
VOID------
VOID------
VOID------
fyhz -208
txsw 243
vrax -367
iefo -482
DOMAIN------
ezhv -175
VOID------
VOID------
VOID------
VOID------
VOID------
cbjt 136
jopf 288
oixx -995
xihn -276
VOID------
VOID------
VOID------
DOMAIN------
VOID------
VOID------
ujwo -434
pvfl -313
qrnx -438
ceib -712
VOID------
lftn 172
luqi 936
ulkt -125
nmxs -421
VOID------
ulkt -125
nmxs -421
lftn 172
ldqo -905
LIGHT------
VOID------
VOID------
LIGHT------
abdh -145
gspg 318
VOID------
VOID------
VOID------
ryll -676
icln -167
xfbk -718
eizq -851
VOID------
xfbk -718
eizq -851
ryll -676
icln -167
mbuu -832
VOID------
xpaw -352
guer 351
ywfw 511
patk 692
DOMAIN------
VOID------
VOID------
DOMAIN------
DOMAIN------
lgee 423
DOMAIN------
VOID------
VOID------
VOID------
LIGHT------
crzn 773
lrws 299
VOID------
VOID------
VOID------
VOID------
VOID------
VOID------
LIGHT------
VOID------
ewug 140
hlxg -208
cnlo 418
djjo 644
VOID------
hlxg -208
ffdq -1000
vqaa 114
wric -738
mfui -587
VOID------
mqiz -879
ebcj 139
hljf 276
hojz 142
VOID------
mqiz -879
ebcj 139
rgzw -95
tpdn 385
VOID------
mqiz -879
ebcj 139
rgzw -95
tpdn 385
VOID------
VOID------
envl -800
hzbg -790
tiue -219
wgfu -149
VOID------
envl -800
vdev -807
hzbg -790
tiue -219
wgfu -149
VOID------
hzbg -790
tiue -219
wgfu -149
envl -800
vdev -807
uahp 170
zkmh -593
yegw 17
vdoh -634
jyzm -37
qmvm -18
uaqn -969
VOID------
hzbg -790
tiue -219
wgfu -149
envl -800
vdev -807
uahp 170
zkmh -593
yegw 17
vdoh -634
jyzm -37
qmvm -18
uaqn -969
wlsn -694
lasw -313
VOID------
hzbg -790
tiue -219
wgfu -149
envl -800
vdev -807
uahp 170
zkmh -593
yegw 17
vdoh -634
jyzm -37
qmvm -18
uaqn -969
wlsn -694
lasw -313
VOID------
hzbg -790
tiue -219
wgfu -149
envl -800
vdev -807
uahp 170
zkmh -593
yegw 17
vdoh -634
jyzm -37
qmvm -18
uaqn -969
wlsn -694
lasw -313
kuhm -324
DOMAIN------
ctrb 873
nzws 808
mmoo 83
bpmn 823
agyv 325
orsa 454
cgnw 280
gxjd 552
zcky 277
yegw 17
vrcz 332
uahp 170
DOMAIN------
ihfy 84
VOID------
vdoh -634
nvxv -946
dzmx -483
fhvw 14
jyzm -37
qmvm -18
uaqn -969
wlsn -694
lasw -313
qufh -536
nehd -255
okzp -193
xpnx -108
kuhm -324
ewoe -35
hzbg -790
tiue -219
wgfu -149
envl -800
vdev -807
zkmh -593
ytvk -1000
LIGHT------
vysy 985
VOID------
sevw -553
qjxq 463
ggyg 177
zihl 500
DOMAIN------
VOID------
LIGHT------
VOID------
ajrh -412
royk -388
goqz -68
fnjm 289
DOMAIN------
VOID------
VOID------
VOID------
VOID------
DOMAIN------
odyb 174
VOID------
VOID------
tbit -613
tpnc -276
vqaj -563
skkk -655
VOID------
DOMAIN------
DOMAIN------
VOID------
odjl 784
juhc 264
cjrv -730
mfes -763
DOMAIN------
DOMAIN------
VOID------
guva 902
xfyi -784
xfaz -418
oden 103
DOMAIN------
VOID------
lmbm -23
ejxz -748
fbax -663
optp 172
cuux 240
imhh -980
sjgx -607
DOMAIN------
bgax 571
xbfj 444
qfxs 703
cuux 240
optp 172
xuij 99
VOID------
VOID------
xpdo -807
slhu -115
rxza -149
joyq -223
zipv -899
pfqs -811
twjp -667
pbfx -22
DOMAIN------
enfy -687
pbfx -22
twjp -667
pfqs -811
zipv -899
joyq -223
rxza -149
slhu -115
xpdo -807
LIGHT------
VOID------
vpia -764
eflv -264
emlm 437
yuuh 575
LIGHT------
ghpg 63
lpfm -422
rcsh 97
fydy 960
emlm 437
yuuh 575
nojk 593
vpia -764
eflv -264
ktuc -578
eekq -469
qvxb -270
vkdg 160
qwhe -782
VOID------
vpia -764
eflv -264
ktuc -578
eekq -469
qvxb -270
vkdg 160
qwhe -782
moqs -829
zaua -832
jiay -449
LIGHT------
VOID------
DOMAIN------
wppw 216
zsqn 81
VOID------
VOID------
VOID------
VOID------
LIGHT------
VOID------
uzkq -544
jnid -51
dnru -372
jasi 517
otkj -142
DOMAIN------
qnqo -578
kwmp -524
LIGHT------
VOID------
zavi -883
rmog -844
afku -736
nsnj -333
VOID------
zavi -883
rmog -844
afku -736
nsnj -333
VOID------
zavi -883
rmog -844
afku -736
nsnj -333
VOID------
zavi -883
rmog -844
afku -736
nsnj -333
gglv 688
xexy -259
inri -357
jpfh 304
tioz -989
qarp -219
zean -636
kysc -585
wknn -121
VOID------
zavi -883
rmog -844
afku -736
nsnj -333
gglv 688
xexy -259
inri -357
jpfh 304
tioz -989
qarp -219
zean -636
ponp -770
kysc -585
wknn -121
VOID------
VOID------
enfw -298
doyv 715
yomh -639
vsfk -510
DOMAIN------
doyv 715
VOID------
yomh -639
poso -401
vsfk -510
enfw -298
VOID------
wyze -945
mnly -841
aeti -76
udck -280
LIGHT------
VOID------
LIGHT------
VOID------
VOID------
VOID------
VOID------
hdrp -664
siui -876
dnpd 543
tsug -948
vdfc -812
afuz -2
ujjc -307
DOMAIN------
VOID------
VOID------
VOID------
DOMAIN------
DOMAIN------
VOID------
VOID------
VOID------
VOID------
VOID------
kgco -757
ottd 525
fkuq -904
paib -434
ijjl -62
laqu -997
VOID------
kgco -757
ottd 525
fkuq -904
paib -434
ijjl -62
laqu -997
VOID------
kgco -757
ottd 525
fkuq -904
paib -434
ijjl -62
laqu -997
DOMAIN------
ottd 525
bzkj 157
DOMAIN------
ikqs 388
smek 700
VOID------
VOID------
DOMAIN------
VOID------
VOID------
VOID------
VOID------
VOID------
VOID------
fdvy 230
othx -406
vinb -289
xyme -152
VOID------
VOID------
VOID------
uxtw -399
lcdx 9
skji -541
pumo -285
oqwx -221
VOID------
uxtw -399
lcdx 9
skji -541
pumo -285
oqwx -221
djjd -547
pgmf -163
kgmo -384
xgdo -146
sowa 31
adgb -119
DOMAIN------
ohqa 88
sowa 31
qqiq 728
tnwz 835
vlgd 500
lcdx 9
VOID------
VOID------
DOMAIN------
VOID------
VOID------
DOMAIN------
LIGHT------
VOID------
VOID------
VOID------
DOMAIN------
hyak -537
cscp -485
VOID------
kjzf 318
pqqh -892
cbyk 414
ndxd 689
DOMAIN------
pqqh -892
VOID------
kjzf 318
zjau 556
urll 586
cbyk 414
VOID------
kjzf 318
zjau 556
urll 586
cbyk 414
VOID------
kjzf 318
zjau 556
udpu -963
ppen 423
VOID------
zjau 556
udpu -963
ppen 423
lree -445
DOMAIN------
itfq -719
gqwu -213
lree -445
udpu -963
VOID------
VOID------
svtx 29
xlsq 480
uekm -989
ummy 8
VOID------
VOID------
VOID------
VOID------
jmgp -396
pvhr -94
zzxe -799
fbzz -690
ovla -662
tlwh 218
grjb -603
pquq -489
VOID------
jmgp -396
pvhr -94
zzxe -799
fbzz -690
ovla -662
tlwh 218
grjb -603
bzrp 47
jmbq -949
VOID------
cxjx -638
oill -539
cauy 648
twzk -88
VOID------
twzk -88
cxjx -638
oill -539
mqha 27
VOID------
VOID------
VOID------
VOID------
VOID------
VOID------
hedj -299
jokk -475
afvi 238
vtmb 512
LIGHT------
VOID------
VOID------
VOID------
eswz -989
cbjs -182
piib -879
thlk -333
VOID------
wazr -664
sbhc -962
flfi -867
bupw -38
VOID------
wazr -664
sbhc -962
flfi -867
bupw -38
DOMAIN------
ynda 690
mhdh 636
njlj 134
LIGHT------
prjg 340
sbhc -962
flfi -867
bupw -38
jzri -718
wazr -664
VOID------
VOID------
VOID------
xxqb -284
cmrm 174
knio -836
omlm -373
VOID------
vttw -824
morl -335
yjot -70
pyjm -7
VOID------
LIGHT------
LIGHT------
ymlv -223
rnhj 416
pgns 603
vqss 385
patt -130
bemo -936
gsbk 228
VOID------
patt -130
bemo -936
gsbk 228
ymlv -223
layp 75
rtfq -696
adna -152
sctx -426
LIGHT------
VOID------
rtfq -696
xpqc -696
wsqv -513
adna -152
sctx -426
VOID------
patt -130
bemo -936
gsbk 228
ymlv -223
layp 75
rtfq -696
xpqc -696
ydqg -43
wsqv -513
adna -152
sctx -426
VOID------
patt -130
bemo -936
gsbk 228
ymlv -223
layp 75
rtfq -696
xpqc -696
ydqg -43
gwzc -545
ozim 327
kptw 527
wsqv -513
adna -152
sctx -426
VOID------
patt -130
bemo -936
gsbk 228
ymlv -223
layp 75
rtfq -696
xpqc -696
ydqg -43
gwzc -545
ozim 327
kptw 527
wsqv -513
adna -152
sctx -426
DOMAIN------
bckt 342
ozim 327
kptw 527
jiir 108
layp 75
rnhj 416
pgns 603
gsbk 228
vqss 385
VOID------
kfvr -263
wzqg -905
itul -166
fekn -957
ddab -366
VOID------
VOID------
LIGHT------
VOID------
DOMAIN------
LIGHT------
LIGHT------
VOID------
VOID------
DOMAIN------
VOID------
VOID------
VOID------
VOID------
VOID------
aypv -767
eteg -320
rhkb -139
cylv 799
VOID------
aypv -767
eteg -320
rhkb -139
cylv 799
VOID------
VOID------
DOMAIN------
fzvl 331
vwyu 1
jdtb 622
iybn 185
VOID------
VOID------
VOID------
VOID------
cgql 339
cklz -144
sajd 824
dror -714
VOID------
cgql 339
cklz -144
sajd 824
dror -714
VOID------
cgql 339
cklz -144
sajd 824
dror -714
VOID------
dror -714
cgql 339
qpie -321
cklz -144
VOID------
dror -714
cgql 339
qpie -321
cklz -144
VOID------
dror -714
cgql 339
qpie -321
cklz -144
VOID------
cklz -144
sajd 824
dror -714
cgql 339
qpie -321
VOID------
cklz -144
sajd 824
dror -714
cgql 339
qpie -321
DOMAIN------
icmb -44
upgj -348
yycn -46
DOMAIN------
npwi -466
VOID------
bdkq 36
hhwu -478
geib -789
cutv 157
VOID------
bdkq 36
hhwu -478
geib -789
cutv 157
LIGHT------
VOID------
hhwu -478
geib -789
cutv 157
fovn -938
nvwi -115
LIGHT------
VOID------
VOID------
VOID------
lsim -527
lpjb -932
pznh -151
nibh -82
VOID------
pznh -151
nibh -82
lsim -527
lpjb -932
mbos -13
VOID------
cstk -918
ykuf 776
pznh -151
nibh -82
lsim -527
lpjb -932
mbos -13
LIGHT------
cstk -918
ykuf 776
pznh -151
nibh -82
lsim -527
lpjb -932
mbos -13
aypv 624
LIGHT------
VOID------
hjpu 232
aunn 581
llrk -507
eyjc -250
VOID------
zskp -324
hcst -861
ynwa -557
takn 228
VOID------
tqqw -860
ynwa -557
takn 228
gosl 494
ayyi 423
zskp -324
hcst -861
mnui -936
dhqj -811
bpnn -795
VOID------
VOID------
VOID------
VOID------
VOID------
DOMAIN------
okyn 591
VOID------
VOID------
zfnx -343
aiss -12
gzjg 125
qbjd 518
VOID------
zfnx -343
aiss -12
gzjg 125
qbjd 518
DOMAIN------
aiss -12
zfnx -343
VOID------
VOID------
VOID------
VOID------
VOID------
VOID------
qbjd 518
gzjg 125
omsi -406
iikq -598
VOID------
gzjg 125
omsi -406
iikq -598
jbdx 29
VOID------
gzjg 125
omsi -406
iikq -598
jbdx 29
VOID------
gzjg 125
omsi -406
iikq -598
jbdx 29
LIGHT------
VOID------
gzjg 125
omsi -406
iikq -598
jbdx 29
VOID------
DOMAIN------
mqrm 156
VOID------
VOID------
DOMAIN------
VOID------
DOMAIN------
DOMAIN------
olhc 888
VOID------
mbsb -562
eiem -557
wkxz -672
reyh -140
VOID------
eiem -557
wahk -559
ozpb -548
cjit -84
wkxz -672
reyh -140
mbsb -562
VOID------
ozpb -548
cjit -84
wkxz -672
reyh -140
mbsb -562
eiem -557
wahk -559
VOID------
ozpb -548
cjit -84
wkxz -672
reyh -140
mbsb -562
eiem -557
wahk -559
uxmn 263
mzci -182
qxpy -469
LIGHT------
rwfr -620
chqs 139
jltw -649
VOID------
rwfr -620
evuk 547
chqs 139
jltw -649
VOID------
chqs 139
jltw -649
rwfr -620
nyko -923
LIGHT------
LIGHT------
igel 877
jxaz 841
svue -243
ljyn -788
zzxe -490
srte -507
jymg -5
lnks 457
ldoy 762
VOID------
svue -243
ljyn -788
zzxe -490
srte -507
jymg -5
VOID------
svue -243
ljyn -788
zzxe -490
srte -507
jymg -5
VOID------
svue -243
ljyn -788
zzxe -490
srte -507
jymg -5
DOMAIN------
VOID------
ptet -909
gpvd -867
zeou -178
fkbr -366
pkdl -678
VOID------
zeou -178
fkbr -366
pkdl -678
ptet -909
gpvd -867
VOID------
gpvd -867
airt -861
mrgf 10
zeou -178
fkbr -366
pkdl -678
ptet -909
VOID------
zeou -178
fkbr -366
pkdl -678
ptet -909
gpvd -867
airt -861
clbd -599
vmjf -500
VOID------
VOID------
VOID------
VOID------
VOID------
VOID------
VOID------
VOID------
DOMAIN------
oayf -142
assd -974
miix -169
pmzv -359
wcqu -682
VOID------
DOMAIN------
DOMAIN------
VOID------
VOID------
DOMAIN------
ywto 408
hwjg 151
DOMAIN------
VOID------
bxwo -329
ccjb -637
plqq -257
jdbp -917
qomz -150
hovc -925
DOMAIN------
kaco 82
oyxt 493
vomd 614
ltql 609
VOID------
DOMAIN------
DOMAIN------
ebzj -60
VOID------
VOID------
VOID------
VOID------
VOID------
DOMAIN------
DOMAIN------
VOID------
VOID------
LIGHT------
LIGHT------
VOID------
VOID------
LIGHT------
VOID------
VOID------
VOID------
DOMAIN------
DOMAIN------
VOID------
LIGHT------
acbp -692
aftt -913
VOID------
nlhj -910
ziik -661
bmnm -783
kdnh -262
aftt -913
acbp -692
VOID------
ziik -661
bmnm -783
kdnh -262
aftt -913
acbp -692
nlhj -910
zdwa -699
VOID------
ziik -661
bmnm -783
kdnh -262
aftt -913
acbp -692
nlhj -910
zdwa -699
hgkf -244
mmiw -408
nqll -868
chzl -42
VOID------
VOID------
DOMAIN------
ttgo 165
VOID------
oprq -977
xokb -98
lkrr -463
zmzi -855
hfwq -587
VOID------
xokb -98
lkrr -463
zmzi -855
hfwq -587
oprq -977
lcxj -382
nklp -698
pufx -101
fjcl -997
hdlk -801
zxcv -920
afna -321
DOMAIN------
lglq 922
owds 570
znls 395
ghqa 807
VOID------
VOID------
VOID------
VOID------
bqxm -945
yqae -593
ngka -169
ebog -891
VOID------
bqxm -945
yqae -593
ngka -169
ebog -891
VOID------
VOID------
VOID------
VOID------
DOMAIN------
VOID------
LIGHT------
yoqd -795
VOID------
VOID------
VOID------
VOID------
okmb 749
nhdo -949
opts 397
jmkz 125
DOMAIN------
jmkz 125
kahs 947
opts 397
okmb 749
VOID------
tprs -109
nhdo -949
qzsr -834
zoov -336
qgdp -21
VOID------
qzsr -834
zoov -336
qgdp -21
tprs -109
nhdo -949
iscu -104
LIGHT------
svfd 767
znah 621
qzsr -834
zoov -336
qgdp -21
tprs -109
nhdo -949
iscu -104
nhhe 484
VOID------
qzsr -834
zoov -336
qgdp -21
tprs -109
nhdo -949
iscu -104
VOID------
qzsr -834
zoov -336
qgdp -21
tprs -109
nhdo -949
iscu -104
nhhe 484
mkgf -889
VOID------
qzsr -834
zoov -336
qgdp -21
tprs -109
nhdo -949
iscu -104
nhhe 484
mkgf -889
zdxp -760
VOID------
LIGHT------
DOMAIN------
VOID------
VOID------
LIGHT------
VOID------
pjft -623
jzba -226
hkjl -656
nstu -648
VOID------
pjft -623
jzba -226
hkjl -656
nstu -648
ndwl 674
olwq -573
ybjy -7
hnyb -892
VOID------
pjft -623
jzba -226
hkjl -656
nstu -648
ndwl 674
olwq -573
ybjy -7
hnyb -892
VOID------
VOID------
VOID------
VOID------
VOID------
tzdo -423
lkgc 227
vvfl -741
gmsb -819
gafn -564
DOMAIN------
DOMAIN------
mxcm 722
ftjj 508
xuxh 327
VOID------
zlix -738
xgqy -412
qcjr -276
gssb -55
zoge -94
hoik -77
dywp -826
VOID------
qcjr -276
gssb -55
zoge -94
hoik -77
dywp -826
zlix -738
xgqy -412
VOID------
qcjr -276
gssb -55
zoge -94
hoik -77
dywp -826
zlix -738
xgqy -412
bzrx 298
qfml -715
qocb -404
DOMAIN------
olqe 262
zkez 134
dhgp 677
bzrx 298
LIGHT------
VOID------
VOID------
VOID------
VOID------
VOID------
DOMAIN------
pkyg -307
VOID------
VOID------
VOID------
uieo 264
cxoj 954
vxgd 907
qdtx -884
VOID------
uieo 264
cxoj 954
vxgd 907
qdtx -884
VOID------
hadh -783
lrwd -516
bbhw 15
kygu -103
LIGHT------
VOID------
kygu -103
hadh -783
lrwd -516
rhsd 688
zfuv -541
jafg -494
xmju -382
toqe -103
VOID------
zfuv -541
wald -856
jafg -494
xmju -382
toqe -103
LIGHT------
VOID------
kygu -103
hadh -783
lrwd -516
rhsd 688
zfuv -541
wald -856
wcce -88
bnza 637
jafg -494
xmju -382
toqe -103
VOID------
kygu -103
hadh -783
lrwd -516
rhsd 688
zfuv -541
wald -856
wcce -88
bnza 637
jafg -494
xmju -382
toqe -103
VOID------
VOID------
uxyx -173
pyuk 477
zbai 813
cacl 881
VOID------
uxyx -173
skdt 440
dszn 568
zvpu 584
huwm -587
LIGHT------
DOMAIN------
oinb 21
zick 886
ylbi 525
rkva 255
mapl 353
yaxq 593
qryg 915
VOID------
brey -73
eqrv -960
ueeu -303
lrvk -817
tnbt -943
xuij -500
szoj -505
qzum -446
DOMAIN------
rohz 335
VOID------
jddn -712
vxjf -437
zgse -430
hzpz -211
lrvk -817
tnbt -943
xuij -500
szoj -505
qzum -446
brey -73
eqrv -960
qwij -132
ueeu -303
LIGHT------
VOID------
jddn -712
wter -739
vxjf -437
zgse -430
hzpz -211
lrvk -817
tnbt -943
xuij -500
szoj -505
qzum -446
brey -73
eqrv -960
qwij -132
ueeu -303
DOMAIN------
dipj 963
VOID------
VOID------
VOID------
VOID------
iuwk -679
vcfa 149
pgip 180
vgxp -651
VOID------
VOID------
DOMAIN------
VOID------
DOMAIN------
yndq 100
wqck 684
VOID------
prqz -827
vhnq -2
ceqr -533
ajwl 171
VOID------
dotk -810
mlpt -871
jpes -653
izdy -652
csig -455
yqcp -156
DOMAIN------
VOID------
mlpt -871
rmhp -909
vwgn -26
jpes -653
izdy -652
csig -455
yqcp -156
dotk -810
VOID------
vwgn -26
jpes -653
izdy -652
csig -455
yqcp -156
dotk -810
mlpt -871
rmhp -909
jozv -856
bpjl -758
jefi -312
VOID------
VOID------
iqhp -696
zahl -593
ksvo 607
mdvf 28
LIGHT------
zahl -593
ksvo 607
mdvf 28
enjs 647
abaw 750
iqhp -696
VOID------
VOID------
LIGHT------
LIGHT------
onyq 734
pqww 172
lssl 880
kdfk 212
kzhu 636
muve -215
joqu -500
VOID------
kdfk 212
kzhu 636
muve -215
joqu -500
VOID------
kzhu 636
muve -215
joqu -500
wfkk -576
VOID------
VOID------
VOID------
tyng -201
hrbs -546
gbja -371
rlto 590
ossq -690
awyy -17
vtdg 184
chka -814
xvqv -4
eqie -971
owms -376
LIGHT------
dteq -219
ytby 114
kuoc 545
tyng -201
hrbs -546
gbja -371
rlto 590
ossq -690
awyy -17
vtdg 184
chka -814
xvqv -4
eqie -971
owms -376
clvg -396
qdiw -526
DOMAIN------
VOID------
VOID------
VOID------
aiax 315
qibn 728
gmgp 983
wjrv 257
VOID------
aiax 315
qibn 728
gmgp 983
wjrv 257
VOID------
wjrv 257
aiax 315
ebwj -55
chgy 440
VOID------
DOMAIN------
nobk -989
VOID------
bmks -498
zsom -701
ccqj 899
bxko -926
VOID------
bxko -926
bmks -498
zsom -701
wiji -16
LIGHT------
ncyj -212
wiji -16
ccqj 899
bxko -926
bmks -498
zsom -701
DOMAIN------
DOMAIN------
VOID------
nlqf -271
mmgj -382
fdjx -606
vqln -111
VOID------
nlqf -271
mmgj -382
fdjx -606
wmoe 105
vqln -111
VOID------
DOMAIN------
DOMAIN------
VOID------
szpu 158
xnmq 408
cmnb 487
lkyw 564
DOMAIN------
VOID------
uywn 304
oufz -731
eede -591
vdwc -248
VOID------
fdap -403
sjfc -730
ipvr -476
yjjo 101
LIGHT------
VOID------
VOID------
VOID------
VOID------
wvqk -668
jqtb -498
uoju -980
bdwj -878
DOMAIN------
cyjm 405
guvo 66
VOID------
VOID------
VOID------
VOID------
VOID------
nzhb 115
xsrr -933
nrib -275
ybcv -202
VOID------
VOID------
VOID------
VOID------
nadp -478
mgiz -645
yuhs -82
xxzm -57
zjct -853
xjpj -529
uxuw -733
zqtt 47
vlgc -294
VOID------
DOMAIN------
qgoj -846
VOID------
VOID------
VOID------
DOMAIN------
rgex -561
awds -639
VOID------
VOID------
lrru -824
yhwj -688
fwms -956
otiq -919
zwtk 131
dsdm -425
DOMAIN------
VOID------
VOID------
ajup -384
rnvf 12
bkng 396
butp -945
VOID------
ajup -384
rnvf 12
bkng 396
butp -945
LIGHT------
rnvf 12
bkng 396
butp -945
ajup -384
VOID------
ajup -384
rnvf 12
bkng 396
butp -945
VOID------
VOID------
wikg -193
hzlp -135
iccg -233
oryi 340
mnyf -134
VOID------
wikg -193
hzlp -135
iccg -233
dczu 104
VOID------
bcox -526
cpth -776
qjlf -717
lipi -250
vqpm -104
skrc -429
LIGHT------
wopa -19
codt -7
VOID------
VOID------
VOID------
VOID------
VOID------
VOID------
VOID------
VOID------
jksk 717
znkd 817
vxdi -33
oamv -387
DOMAIN------
nfee -809
oamv -387
vxdi -33
VOID------
VOID------
VOID------
VOID------
VOID------
VOID------
xlyx 548
lzph -961
zcqj -403
wmbf 682
LIGHT------
VOID------
DOMAIN------
VOID------
ustk 64
ilra 800
wagn 983
vnsl 524
LIGHT------
VOID------
VOID------
DOMAIN------
DOMAIN------
VOID------
DOMAIN------
VOID------
LIGHT------
uaam 143
VOID------
DOMAIN------
VOID------
dnci -907
azxw 113
jzgy 181
czgy -684
VOID------
dnci -907
azxw 113
jzgy 181
czgy -684
VOID------
VOID------
doxk -888
vjlq -897
aagp -645
dbjh -461
ectm -331
dthv -425
VOID------
doxk -888
vjlq -897
aagp -645
dbjh -461
ectm -331
dthv -425
VOID------
doxk -888
vjlq -897
aagp -645
dbjh -461
ectm -331
dthv -425
zsfb -143
DOMAIN------
okqv 230
zkoh 307
takc 792
ngac 10
VOID------
zsfb -143
doxk -888
vjlq -897
aagp -645
dbjh -461
ectm -331
dthv -425
VOID------
vjlq -897
aagp -645
dbjh -461
ectm -331
dthv -425
zsfb -143
doxk -888
VOID------
vjlq -897
aagp -645
dbjh -461
ectm -331
dthv -425
zsfb -143
doxk -888
VOID------
vjlq -897
aagp -645
dbjh -461
ectm -331
dthv -425
zsfb -143
doxk -888
ztvv 194
blga -860
fldc -977
yiwt -268
dvsh -246
xztj -163
qmec -480
ituf -48
depx -149
VOID------
vjlq -897
aagp -645
dbjh -461
ectm -331
dthv -425
zsfb -143
doxk -888
ztvv 194
blga -860
fldc -977
yiwt -268
dvsh -246
rljo -845
VOID------
vjlq -897
aagp -645
dbjh -461
ectm -331
dthv -425
zsfb -143
doxk -888
ztvv 194
blga -860
fldc -977
yiwt -268
dvsh -246
rljo -845
czrr 332
aufn 506
cfnx -776
zxub -92
VOID------
vjlq -897
aagp -645
dbjh -461
ectm -331
dthv -425
zsfb -143
doxk -888
ztvv 194
blga -860
fldc -977
yiwt -268
dvsh -246
rljo -845
czrr 332
aufn 506
cfnx -776
xzxk -837
lpde -933
kzlu -851
VOID------
VOID------
VOID------
DOMAIN------
LIGHT------
lyeo 910
zavq 72
cttw 752
bydv -491
xdex 750
mzrd -563
wtaj -664
znhs 765
DOMAIN------
wtaj -664
mzrd -563
bydv -491
DOMAIN------
nlul -99
bzed -648
fibu -647
syur -554
VOID------
LIGHT------
VOID------
VOID------
LIGHT------
izgl 63
fvuc -813
VOID------
VOID------
izgl 63
fvuc -813
bgat -865
gcwg -467
VOID------
VOID------
VOID------
VOID------
DOMAIN------
VOID------
ausa -345
yxbe 531
yssk -804
jkld 30
VOID------
ausa -345
yxbe 531
yssk -804
jkld 30
DOMAIN------
fqvq -140
bane -313
yssk -804
ausa -345
VOID------
oiyt 176
kmjc 639
yxbe 531
jkld 30
VOID------
oiyt 176
kmjc 639
yxbe 531
jkld 30
VOID------
xzqb 220
hsft 678
fobd -753
oiyt 176
LIGHT------
LIGHT------
VOID------
VOID------
VOID------
VOID------
ptcm -730
jnhy 512
vyhf -647
pkhj 529
VOID------
ptcm -730
jnhy 512
vyhf -647
lqux 120
DOMAIN------
VOID------
DOMAIN------
uejq -104
VOID------
sdar 671
ebqz -343
ptwk 60
wjhf 114
LIGHT------
accw 819
sdar 671
ebqz -343
ptwk 60
wjhf 114
VOID------
VOID------
VOID------
VOID------
jmtd -737
ungc -575
dhqp -275
lnyg 458
VOID------
LIGHT------
VOID------
VOID------
cuks 116
tpwm 690
ydft 544
fldt -895
VOID------
cuks 116
tpwm 690
ydft 544
fldt -895
LIGHT------
hnva 516
hwke 724
ydft 544
fldt -895
cuks 116
tpwm 690
xzal -780
VOID------
fldt -895
cuks 116
tpwm 690
xzal -780
VOID------
fldt -895
cuks 116
tpwm 690
xzal -780
VOID------
fldt -895
cuks 116
tpwm 690
xzal -780
zvyu -28
VOID------
DOMAIN------
djir 50
VOID------
VOID------
DOMAIN------
VOID------
VOID------
eraz -5
gqxo -442
doho 655
ntaq -862
VOID------
DOMAIN------
yzcf 74
VOID------
VOID------
ekzc 159
hkic 671
mpfh -339
nllr -74
VOID------
VOID------
VOID------
pzri -811
emtv -546
dnnh -508
eztg 457
VOID------
pzri -811
fyfs -547
qghv -109
emtv -546
dnnh -508
VOID------
pzri -811
fyfs -547
zgly -271
qghv -109
emtv -546
dnnh -508
LIGHT------
VOID------
pzri -811
fyfs -547
mxcz -376
zgly -271
qghv -109
emtv -546
dnnh -508
VOID------
pzri -811
fyfs -547
tybd -924
mxcz -376
zgly -271
qghv -109
emtv -546
dnnh -508
VOID------
VOID------
VOID------
aokc -686
gkvd 630
jziv -226
bmqa -827
xpvo -837
nnnf -289
oesq -233
tyop -54
DOMAIN------
rptm 818
gkvd 630
DOMAIN------
VOID------
VOID------
hohv -273
gtjw -261
qfrz 106
lacw -566
VOID------
hohv -273
gtjw -261
qfrz 106
lacw -566
gaqg -820
pvis -411
VOID------
VOID------
DOMAIN------
xrfx -312
spsm -44
kxzk -172
VOID------
VOID------
VOID------
ewbc -21
pgop 465
nfqp -241
dmlp -459
datr -862
VOID------
nfqp -241
dmlp -459
datr -862
dlqv -268
ebrb -400
gfhh -183
VOID------
dvji -517
wvbt -946
fekj -694
udav -94
zjcz 246
ebrb -400
gfhh -183
lbxz 926
ewbc -21
pgop 465
nfqp -241
dmlp -459
datr -862
dlqv -268
DOMAIN------
zjcz 246
lbxz 926
pgop 465
DOMAIN------
kvdq 538
pswr 359
LIGHT------
VOID------
hmpx -796
qhtc -325
abui 757
hwpm -562
VOID------
hmpx -796
qhtc -325
abui 757
ylai -603
hwpm -562
VOID------
hmpx -796
qhtc -325
abui 757
ylai -603
zlqy -205
hcfx -731
qdtw -163
hwpm -562
VOID------
ylai -603
zlqy -205
hcfx -731
szzm -836
uihp -612
qdtw -163
hwpm -562
VOID------
hmpx -796
qhtc -325
abui 757
ylai -603
zlqy -205
hcfx -731
szzm -836
mjdh 984
uihp -612
qdtw -163
hwpm -562
VOID------
VOID------
VOID------
VOID------
VOID------
xrdv 518
rodc 380
kzuh -620
fwbu -121
VOID------
rodc 380
kzuh -620
fwbu -121
fphw -360
VOID------
uxjx -212
kuyk 190
cvol -782
knln 362
VOID------
uxjx -212
kuyk 190
cvol -782
livz -508
bgcw -757
VOID------
uxjx -212
kuyk 190
cvol -782
livz -508
bgcw -757
VOID------
uxjx -212
kuyk 190
cvol -782
livz -508
bgcw -757
vizb -660
kdyc -495
hsap -49
VOID------
uxjx -212
kuyk 190
cvol -782
livz -508
bgcw -757
vizb -660
qbpz -787
kdyc -495
hsap -49
VOID------
uxjx -212
kuyk 190
cvol -782
livz -508
bgcw -757
vizb -660
qbpz -787
kdyc -495
hsap -49
VOID------
uxjx -212
kuyk 190
cvol -782
livz -508
bgcw -757
vizb -660
qbpz -787
gkzu -490
kdyc -495
hsap -49
VOID------
uxjx -212
kuyk 190
cvol -782
livz -508
bgcw -757
vizb -660
qbpz -787
gkzu -490
ysow -249
DOMAIN------
iidk 930
nfwf 635
slrq 847
ljjg 871
zchk 171
knln 362
mbqi 752
kuyk 190
VOID------
VOID------
VOID------
VOID------
njwo -29
bnai 294
khgv 665
xmaa 257
LIGHT------
khgv 665
xmaa 257
xvgx 981
oqgl 873
bfga 770
vrpr 381
njwo -29
bnai 294
VOID------
njwo -29
bnai 294
khgv 665
xmaa 257
VOID------
njwo -29
bnai 294
adzx -581
mnib 231
VOID------
VOID------
ksur -247
cnjm -883
mpac 385
miyw 300
VOID------
miyw 300
ksur -247
cnjm -883
xzpd -620
LIGHT------
bpcb 392
cula 997
mpac 385
miyw 300
ksur -247
cnjm -883
xzpd -620
VOID------
miyw 300
ksur -247
cnjm -883
xzpd -620
VOID------
ksur -247
cnjm -883
xzpd -620
dfev -573
dywa -474
jawv -9
VOID------
ksur -247
cnjm -883
xzpd -620
dfev -573
dywa -474
xckn -913
nggy -762
jdfl -733
esek -78
sdwx -699
abrl -297
lzsa -303
nkhg -190
mppd -176
DOMAIN------
mppd -176
nkhg -190
lzsa -303
abrl -297
sdwx -699
esek -78
jdfl -733
nggy -762
xckn -913
zchm -275
jawv -9
dywa -474
dfev -573
xzpd -620
cnjm -883
ksur -247
VOID------
otcd -390
miyw 300
sfrb 544
vqfi 97
VOID------
LIGHT------
VOID------
VOID------
VOID------
wbax 706
vagv 341
ldzx 632
kcwr 996
VOID------
gznj 551
vcqk -57
peym -903
rnrt 497
VOID------
VOID------
VOID------
VOID------
ngsz 327
rahq -681
lrus -890
aztc 605
VOID------
rahq -681
lrus -890
aztc 605
mvam 742
wmlf -352
ayhc -175
VOID------
VOID------
VOID------
piei -852
ajty -198
ihfm -711
ujpx -466
VOID------
piei -852
ajty -198
ihfm -711
ujpx -466
VOID------
piei -852
ajty -198
ihfm -711
utxr -767
ujpx -466
LIGHT------
VOID------
DOMAIN------
pfnc 144
muzi 972
qjba 293
lnuq 755
uxui 535
wkov 348
DOMAIN------
bjoq 81
heov 240
VOID------
DOMAIN------
cvde 263
DOMAIN------
VOID------
VOID------
hjag -331
cppm -384
grft 94
jwfj 384
fxpm -232
VOID------
VOID------
VOID------
znqa -740
qqyj -990
qnth -538
ekoi -260
VOID------
znqa -740
qqyj -990
fzri -709
qnth -538
ekoi -260
LIGHT------
fzri -709
qnth -538
ekoi -260
bgwx 734
znqa -740
qqyj -990
DOMAIN------
bgwx 734
VOID------
znqa -740
onny -999
nbxa 594
qqyj -990
fzri -709
qnth -538
ekoi -260
VOID------
DOMAIN------
VOID------
VOID------
VOID------
humk -1
jsfj -663
gxhl 177
vjym 482
VOID------
VOID------
VOID------
LIGHT------
VOID------
gbgd -277
guox -303
vvtk 827
ebhj -501
VOID------
uwcq -58
fsvf -198
rbmg -525
gtap -760
rwih -541
imcr -888
npkl -121
VOID------
VOID------
mtla 198
uxke -434
rgwk -422
uyks -585
DOMAIN------
fqfa 346
rkbh 529
sbuv 957
pgzx 581
mtla 198
VOID------
xbxu -670
basc -992
uxke -434
rgwk -422
uyks -585
osfo -201
digr -892
DOMAIN------
VOID------
ykaa -317
vcdf 317
ankj -578
gxxl -851
keum -710
VOID------
ykaa -317
vcdf 317
ankj -578
gxxl -851
keum -710
eiuh 32
zpml 256
qxbf 410
ksja 126
gllt -642
mdaa -295
ugwo -356
hndi -156
DOMAIN------
milx 706
aifa 966
zupl 721
ksja 126
mbtk 877
qxbf 410
zpml 256
eiuh 32
cjkh 240
vcdf 317
VOID------
gxxl -851
keum -710
gllt -642
mdaa -295
wdeo -926
wswp -992
ugwo -356
hndi -156
ykaa -317
ankj -578
rrss -557
VOID------
VOID------
VOID------
VOID------
yewp 344
vcmp 342
qgne 185
sxvi 546
VOID------
yewp 344
vcmp 342
qgne 185
sxvi 546
VOID------
yewp 344
vcmp 342
qgne 185
sxvi 546
LIGHT------
nqqq -199
niyv 152
qgne 185
sxvi 546
imiw 762
yewp 344
vcmp 342
xdnu -308
VOID------
xdnu -308
nqqq -199
niyv 152
qgne 185
VOID------
VOID------
DOMAIN------
VOID------
yfrm -508
eoym -638
zmau -563
qins -559
VOID------
zmau -563
qins -559
yfrm -508
eoym -638
phld -440
VOID------
hqyo -587
phld -440
ktny 498
zmau -563
qins -559
yfrm -508
eoym -638
dyjg -663
VOID------
hqyo -587
phld -440
ktny 498
zmau -563
qins -559
yfrm -508
eoym -638
dyjg -663
VOID------
hqyo -587
phld -440
ktny 498
zmau -563
qins -559
yfrm -508
eoym -638
dyjg -663
VOID------
hqyo -587
phld -440
ktny 498
zmau -563
qins -559
yfrm -508
eoym -638
dyjg -663
LIGHT------
LIGHT------
LIGHT------
DOMAIN------
njwi -133
VOID------
LIGHT------
uebu -880
rbni 32
hmfg 691
VOID------
DOMAIN------
eypd 811
xvjd 913
VOID------
foqd -301
hxol -732
nsoi 641
ekui -380
dlfb -341
effh -975
vjcn -596
DOMAIN------
snvf 294
nsoi 641
VOID------
hqgc -93
ekui -380
dlfb -341
effh -975
vjcn -596
foqd -301
hxol -732
DOMAIN------
DOMAIN------
DOMAIN------
VOID------
olnp 276
dldk 290
gnrj 44
wlcj 263
VOID------
DOMAIN------
DOMAIN------
VOID------
VOID------
pylj -478
eghg -554
tsqc 766
ywbi 22
nder -609
zpem -597
mfcu -736
lcfx -531
tcgz -374
VOID------
pylj -478
eghg -554
tsqc 766
ywbi 22
nder -609
zpem -597
mfcu -736
lcfx -531
tcgz -374
lvsx -23
VOID------
pylj -478
eghg -554
tsqc 766
ywbi 22
nder -609
zpem -597
mfcu -736
lcfx -531
tcgz -374
lvsx -23
VOID------
ujnw -756
mjqa -68
maav 175
segr -257
VOID------
ujnw -756
mjqa -68
maav 175
segr -257
VOID------
ujnw -756
mjqa -68
avlc -395
qboq 291
maav 175
segr -257
VOID------
ujnw -756
mjqa -68
avlc -395
qboq 291
maav 175
segr -257
VOID------
VOID------
LIGHT------
LIGHT------
VOID------
zocg -782
ochz -973
thrn -330
kwid -360
VOID------
VOID------
VOID------
blye -456
svry 165
gsde -715
eniw -758
jrnh -640
vtuh -389
wztl -232
VOID------
blye -456
svry 165
gsde -715
eniw -758
jrnh -640
vtuh -389
bvag -993
illc -661
opni -739
VOID------
DOMAIN------
fguw 111
dalj 794
xoak 947
LIGHT------
ipmh -946
kycn -380
apjj 133
bpxr -43
gdrf -471
VOID------
kycn -380
apjj 133
bpxr -43
gdrf -471
ipmh -946
VOID------
kycn -380
apjj 133
bpxr -43
gdrf -471
ipmh -946
LIGHT------
pawl 987
VOID------
yaet -207
mavo -919
hemi 116
tpwd 516
VOID------
yaet -207
mavo -919
hemi 116
tpwd 516
DOMAIN------
bguy -230
uusd -312
mavo -919
yaet -207
tkki -108
VOID------
yacz 85
uvhk -751
ppcn 332
zfhv -342
VOID------
uvhk -751
ppcn 332
kdnj -347
yort -653
ejzf -732
bdpk -669
jqgm 190
tgtz -463
wyff -266
qlpm -617
VOID------
uvhk -751
ppcn 332
kdnj -347
yort -653
ejzf -732
bdpk -669
tchb 26
lzkf 59
lyqd 526
jqgm 190
tgtz -463
wyff -266
qlpm -617
VOID------
DOMAIN------
gtok -332
LIGHT------
VOID------
VOID------
jxjk 343
zcbj -162
ecvh -485
rcgc 172
LIGHT------
pibw -640
VOID------
pibw -640
thtd -346
ehiv -589
qpqx -916
vkqd 57
mdsb -693
DOMAIN------
VOID------
VOID------
vjrn 52
bntk -892
zynn 294
sonh 321
VOID------
bntk -892
yvus -800
qvei -496
smwo -749
VOID------
vjrn 52
bntk -892
yvus -800
qvei -496
VOID------
vjrn 52
bntk -892
yvus -800
qvei -496
VOID------
VOID------
DOMAIN------
LIGHT------
olnq 373
aonf -107
VOID------
VOID------
LIGHT------
VOID------
vsun -869
zysv -792
sdbn -572
qjup -476
mktu -324
qupr -293
yujr 307
jnmz 215
vvbu -652
siqx -477
DOMAIN------
qrzd 200
yujr 307
jnmz 215
VOID------
qupr -293
vvbu -652
siqx -477
vsun -869
zysv -792
mxjp -645
pwgg -268
sdbn -572
qjup -476
mktu -324
VOID------
vvbu -652
rmla -925
avkp -302
siqx -477
vsun -869
zysv -792
mxjp -645
pwgg -268
sdbn -572
qjup -476
mktu -324
qupr -293
TIME: 0.023