VOID------
tcfj 359
hgih -206
cdqr 111
ibno 388
VOID------
omem -291
ggpn -49
qmtl 296
rkdd -163
bpbr -22
LIGHT------
hchm 20
cggp -81
qfdi 293
chis 230
ibns 457
sgnc 576
chgi 52
jlhk 225
blfb 496
dspe 209
kimb 370
oljn 630
hhha 505
ggla 664
shaf 82
ckfk 151
ifee 621
tcfj 359
hgih -206
cdqr 111
ibno 388
omem -291
ggpn -49
qmtl 296
rkdd -163
bpbr -22
fiai -215
jpsl -282
rtnp -232
tfqt 283
tsbh 303
srao -222
tfbj -84
ffms 121
ktjh -47
etih -286
VOID------
omem -291
ggpn -49
qmtl 296
rkdd -163
bpbr -22
fiai -215
jpsl -282
rtnp -232
VOID------
omem -291
ggpn -49
qmtl 296
rkdd -163
bpbr -22
fiai -215
jpsl -282
rtnp -232
tfqt 283
tsbh 303
srao -222
tfbj -84
ffms 121
ktjh -47
etih -286
hchm 20
jioq -32
gtmm -280
qlff -201
DOMAIN------
rthk -74
klni -12
ighs -127
rqia -20
hjkl -189
cfcd -245
faja -77
gnff -173
ckji -39
kopp -225
sstl -276
qlgg -84
dchk -75
eths -270
gdnl -14
fhss -19
pogk -264
kdhm -45
qqmf -49
ndqd -123
hhqo -95
mlkj -299
lisl -23
rcpd -183
qasl -109
pkcl -263
gorf -85
bjrc -52
ssrb -235
mrbi -267
pmcc -50
casi -11
qlff -201
gtmm -280
jioq -32
etih -286
cggp -81
ktjh -47
tfbj -84
srao -222
rtnp -232
jpsl -282
fiai -215
bpbr -22
rkdd -163
ggpn -49
omem -291
hgih -206
VOID------
pjjl -161
qpcq -293
eiim -292
okhf 211
hagd -253
cmca -75
DOMAIN------
tifc -132
amcf -247
neqg -275
cmca -75
hagd -253
eiim -292
qpcq -293
pjjl -161
DOMAIN------
VOID------
lscr -235
amec -103
dqsg 324
icbq -77
gkgc -32
DOMAIN------
hrdf -297
qaij -110
pkre -25
tncs -80
phrl -95
hdpr -206
gdpm -69
efgf -300
gkgc -32
icbq -77
amec -103
lscr -235
VOID------
ckfk 151
jaqn 266
ktpg 165
fgfk -111
DOMAIN------
oomc -74
lnqn -239
mlpa -27
irnf -161
slaq -240
blsq -35
mqqk -69
khfe -16
qjoe -181
llsd -112
fgfk -111
VOID------
dejg 140
mqds 35
bego 392
ctdi 96
LIGHT------
jehi 639
lpeg -42
dabo 205
tjkj 612
blad 625
cico 271
dimh 653
hlrn 12
ohio 502
cmgh 331
ktpg 165
hslj -32
rkhk 40
cpkd 198
hktp -3
etkq 305
faij 513
erda 464
edoe 200
mamo 377
hssh 294
oide 581
phtd 314
lafa 408
hpdm 174
athr 572
gkcp 267
jmns 699
fafk 472
kipd 533
nbhp 252
lign 259
qeiq 675
ttkk 376
nsah 388
rhim 531
jegm 502
nmkr 197
hibp 352
sfbf 319
cain 366
nnjj 43
gffh 173
niga 427
pesl 133
ompb 625
dqsg 324
qcgb 453
jgbp 246
piod 311
diab 360
bdnk 14
sdsr 490
klar 102
ppmq 90
kigg 310
igar 563
irgn 205
afst 298
mige 548
tdrk 163
djmd 487
like 297
clrh 107
egol 65
hbre 278
srcp 611
nasq 419
osra 548
ssro 288
bbba 616
okhf 211
lcki 447
ktrn 460
jcnh 40
nkbq 377
deck 75
phit 334
mntm 549
ilmr 565
kkfj 671
ntgc 629
rhlg 396
tnjn 144
ekhj 219
otgd 233
rslb 350
ebsg 261
htda 474
csan 177
penm 225
smtr 266
colr 394
tlds 482
irog 175
gamf 261
chjg 327
gsmd 327
trar 609
tsbs 492
rnng 629
qjgi 59
cjab 555
fjgg 420
jtrp 442
ffhh 127
nied 144
oipc 635
hfct 208
tsgn 450
dejg 140
mqds 35
bego 392
ctdi 96
qqsi 186
oano 94
cejb 343
famq 336
rnrm 610
cdsb 534
ddbb 545
mmqs 527
ragb 191
epjf 456
ljss 678
ladh 423
fgfd 653
mfth 271
bnig 618
cgpc 635
nlqf 365
gnao 644
pdaq 281
qfpg 481
qfcr 350
hadp 455
gcbd 638
ghdt 666
knej 207
kagj 78
gggo 408
gjca 583
eiom 566
lbad 666
lqos 688
oarh 679
blqe 357
tcmn 508
aipk 457
kppi 485
shlh 130
enak 311
lfaj 325
abkt 438
lttj 347
hijb 687
hmmc 537
kdbg 111
locj 534
biie 320
csks 428
clib 312
tfar 524
obqo 667
hstf 681
imqa 317
nlqg 574
anht 416
fqcn 458
mqfm 512
bdql 540
bbpg 627
jaqn 266
bafc -227
bpfg -183
nohp -34
spee -76
otdp -204
nqqg -195
hdbt 88
mmqc 471
LIGHT------
VOID------
bafc -227
bpfg -183
nohp -34
spee -76
otdp -204
nqqg -195
VOID------
nhll -48
gjod -170
hjrf -289
icke -85
jhpg -208
goee -230
nqnl -278
hrsi 146
lmmo -270
pfnl -138
VOID------
nhll -48
gjod -170
hjrf -289
icke -85
jhpg -208
goee -230
nqnl -278
hrsi 146
lmmo -270
pfnl -138
raio 63
btng -15
eamn 165
enof -241
rnrs -97
dmpm -160
VOID------
nhll -48
gjod -170
hjrf -289
icke -85
jhpg -208
goee -230
nqnl -278
hrsi 146
lmmo -270
pfnl -138
raio 63
btng -15
eamn 165
enof -241
rnrs -97
dmpm -160
DOMAIN------
rpol -300
init -227
odmi -277
hrhj -208
alqg -266
feqm -50
bfph -144
qdgi -12
bcno -143
fjla -173
tsdg -113
tbil -213
tnkf -263
klji -270
ophk -103
ijda -295
dmpm -160
rnrs -97
enof -241
btng -15
pfnl -138
lmmo -270
nqnl -278
goee -230
jhpg -208
icke -85
hjrf -289
gjod -170
nhll -48
qilb -290
qtjj -183
ehjs -189
bpts -286
ebbc -7
irds -116
abpf -27
eghr -18
nstj -214
jsig -230
ejhg -196
ilpd -197
cdqh -83
ngbi -206
bngs -273
tbcj -195
cnij -157
nqgf -215
ceja -164
ntda -264
qnnl -269
nblj -14
tdll -49
bdpj -247
htli -140
pqdb -251
iepf -11
nqqg -195
otdp -204
lpeg -42
spee -76
nohp -34
bpfg -183
bafc -227
hktp -3
hslj -32
VOID------
ifpa 20
hqom 146
tand 9
cign 61
VOID------
plhc -216
fkmr -242
mrra -193
cisc -48
VOID------
plhc -216
fkmr -242
mrra -193
cisc -48
VOID------
iqfn -265
ikem -186
fedt 26
efso -170
cfbo 80
atkl -67
ffdq 42
rbkm -151
llon -90
niep -87
cora -188
jidd 97
agds -82
rpkr -108
eskk -152
hpip 35
ajob -225
bkhb 155
silb -284
DOMAIN------
nlmg -209
rchr -91
emqp -102
rbpo -184
lesm -202
gqkb -261
tmih -256
isoq -283
tmsh -279
silb -284
ajob -225
eskk -152
rpkr -108
agds -82
cora -188
niep -87
llon -90
rbkm -151
atkl -67
efso -170
ikem -186
iqfn -265
roan -277
naeo -233
mkos -221
rgag -138
cisc -48
mrra -193
fkmr -242
plhc -216
hdqk -258
bjer -218
irci -55
DOMAIN------
gqll -13
jnef -30
tnti -259
clmp -79
hhfa -209
gplb -212
dphr -145
kesq -239
rsbo -249
ripe -268
earm -266
acdk -11
troe -85
ppee -250
aahb -39
itpq -285
VOID------
nlee -142
isdm 198
nocf -116
jgbo -216
DOMAIN------
krje -18
tcsl -66
qejk -67
nrmk -85
jgbo -216
nocf -116
nlee -142
rgtp -244
kbks -183
VOID------
doik -34
oqhc 31
aimb 230
cpsi 55
lejs -52
rmfp -27
VOID------
doik -34
oqhc 31
aimb 230
cpsi 55
lejs -52
rmfp -27
VOID------
doik -34
oqhc 31
aimb 230
cpsi 55
lejs -52
rmfp -27
VOID------
miob -141
haam 111
dglh -94
ocna -50
fiee -60
VOID------
miob -141
haam 111
dglh -94
ocna -50
fiee -60
VOID------
qtgk -143
mmjg 118
klde -5
cfka -207
sqml 71
jfif -233
stqi -211
hnib 201
qsco -171
hgim -150
egkt 18
jjst -18
qpgg -2
otif -22
cbit -276
ohdq -228
keot 172
nrmq -115
rklj -65
VOID------
qtgk -143
mmjg 118
klde -5
cfka -207
sqml 71
jfif -233
stqi -211
hnib 201
qsco -171
hgim -150
egkt 18
jjst -18
qpgg -2
otif -22
cbit -276
ohdq -228
keot 172
nrmq -115
rklj -65
TIME: 0.014