VOID------
scef 45
qlec 53
bqsp 1347
lsjm 1567
VOID------
phpo -69
ndfj 109
nial 662
pbck 191
VOID------
phpo -69
ndfj 109
nial 662
pbck 191
VOID------
phpo -69
ndfj 109
nial 662
pbck 191
VOID------
phpo -69
ndfj 109
nial 662
pbck 191
VOID------
phpo -69
ndfj 109
nial 662
pbck 191
VOID------
phpo -69
ndfj 109
nial 662
pbck 191
VOID------
phpo -69
ndfj 109
nial 662
pbck 191
VOID------
phpo -69
ndfj 109
nial 662
pbck 191
VOID------
phpo -69
ndfj 109
nial 662
pbck 191
VOID------
phpo -69
ndfj 109
nial 662
pbck 191
VOID------
ecpn 42
fgmp -7
lkbf -89
dodq 48
VOID------
ecpn 42
fgmp -7
lkbf -89
dodq 48
VOID------
ecpn 42
fgmp -7
lkbf -89
dodq 48
VOID------
ecpn 42
fgmp -7
lkbf -89
dodq 48
VOID------
ecpn 42
fgmp -7
lkbf -89
dodq 48
VOID------
ecpn 42
fgmp -7
lkbf -89
dodq 48
VOID------
ecpn 42
fgmp -7
lkbf -89
dodq 48
VOID------
ecpn 42
fgmp -7
lkbf -89
dodq 48
VOID------
ecpn 42
fgmp -7
lkbf -89
dodq 48
VOID------
ecpn 42
fgmp -7
lkbf -89
dodq 48
VOID------
ecpn 42
fgmp -7
lkbf -89
dodq 48
VOID------
ecpn 42
fgmp -7
lkbf -89
dodq 48
VOID------
ecpn 42
fgmp -7
lkbf -89
dodq 48
VOID------
ecpn 42
fgmp -7
lkbf -89
dodq 48
VOID------
ecpn 42
fgmp -7
lkbf -89
dodq 48
VOID------
ecpn 42
fgmp -7
lkbf -89
dodq 48
VOID------
ecpn 42
fgmp -7
lkbf -89
dodq 48
VOID------
ecpn 42
fgmp -7
lkbf -89
dodq 48
VOID------
ecpn 42
fgmp -7
lkbf -89
dodq 48
VOID------
ecpn 42
fgmp -7
lkbf -89
dodq 48
VOID------
ecpn 42
fgmp -7
lkbf -89
dodq 48
VOID------
ecpn 42
fgmp -7
lkbf -89
dodq 48
VOID------
ecpn 42
fgmp -7
lkbf -89
dodq 48
VOID------
ecpn 42
fgmp -7
lkbf -89
dodq 48
VOID------
ecpn 42
fgmp -7
lkbf -89
dodq 48
VOID------
ecpn 42
fgmp -7
lkbf -89
dodq 48
VOID------
ecpn 42
fgmp -7
lkbf -89
dodq 48
VOID------
ecpn 42
fgmp -7
lkbf -89
dodq 48
VOID------
ecpn 42
fgmp -7
lkbf -89
dodq 48
VOID------
ecpn 42
fgmp -7
lkbf -89
dodq 48
VOID------
ecpn 42
fgmp -7
lkbf -89
dodq 48
VOID------
ecpn 42
fgmp -7
lkbf -89
dodq 48
VOID------
ecpn 42
fgmp -7
lkbf -89
dodq 48
VOID------
ecpn 42
fgmp -7
lkbf -89
dodq 48
VOID------
ecpn 42
fgmp -7
lkbf -89
dodq 48
VOID------
ecpn 42
fgmp -7
lkbf -89
dodq 48
VOID------
ecpn 42
fgmp -7
lkbf -89
dodq 48
VOID------
ecpn 42
fgmp -7
lkbf -89
dodq 48
VOID------
ecpn 42
fgmp -7
lkbf -89
dodq 48
VOID------
ecpn 42
fgmp -7
lkbf -89
dodq 48
VOID------
ecpn 42
fgmp -7
lkbf -89
dodq 48
VOID------
ecpn 42
fgmp -7
lkbf -89
dodq 48
VOID------
ecpn 42
fgmp -7
lkbf -89
dodq 48
VOID------
ecpn 42
fgmp -7
lkbf -89
dodq 48
VOID------
ecpn 42
fgmp -7
lkbf -89
dodq 48
VOID------
ecpn 42
fgmp -7
lkbf -89
dodq 48
VOID------
ecpn 42
fgmp -7
lkbf -89
dodq 48
VOID------
ecpn 42
fgmp -7
lkbf -89
dodq 48
VOID------
ecpn 42
fgmp -7
lkbf -89
dodq 48
VOID------
ecpn 42
fgmp -7
lkbf -89
dodq 48
VOID------
ecpn 42
fgmp -7
lkbf -89
dodq 48
VOID------
ecpn 42
fgmp -7
lkbf -89
dodq 48
VOID------
ecpn 42
fgmp -7
lkbf -89
dodq 48
VOID------
ecpn 42
fgmp -7
lkbf -89
dodq 48
VOID------
ecpn 42
fgmp -7
lkbf -89
dodq 48
VOID------
ecpn 42
fgmp -7
lkbf -89
dodq 48
VOID------
ecpn 42
fgmp -7
lkbf -89
dodq 48
VOID------
ecpn 42
fgmp -7
lkbf -89
dodq 48
VOID------
ecpn 42
fgmp -7
lkbf -89
dodq 48
VOID------
ecpn 42
fgmp -7
lkbf -89
dodq 48
VOID------
ecpn 42
fgmp -7
lkbf -89
dodq 48
VOID------
ecpn 42
fgmp -7
lkbf -89
dodq 48
VOID------
ecpn 42
fgmp -7
lkbf -89
dodq 48
VOID------
ecpn 42
fgmp -7
lkbf -89
dodq 48
VOID------
ecpn 42
fgmp -7
lkbf -89
dodq 48
VOID------
ecpn 42
fgmp -7
lkbf -89
dodq 48
VOID------
ecpn 42
fgmp -7
lkbf -89
dodq 48
VOID------
ecpn 42
fgmp -7
lkbf -89
dodq 48
VOID------
ecpn 42
fgmp -7
lkbf -89
dodq 48
VOID------
ecpn 42
fgmp -7
lkbf -89
dodq 48
VOID------
ecpn 42
fgmp -7
lkbf -89
dodq 48
VOID------
ecpn 42
fgmp -7
lkbf -89
dodq 48
VOID------
ecpn 42
fgmp -7
lkbf -89
dodq 48
VOID------
ecpn 42
fgmp -7
lkbf -89
dodq 48
VOID------
ecpn 42
fgmp -7
lkbf -89
dodq 48
VOID------
ecpn 42
fgmp -7
lkbf -89
dodq 48
VOID------
ecpn 42
fgmp -7
lkbf -89
dodq 48
VOID------
ecpn 42
fgmp -7
lkbf -89
dodq 48
VOID------
ecpn 42
fgmp -7
lkbf -89
dodq 48
VOID------
ecpn 42
fgmp -7
lkbf -89
dodq 48
VOID------
ecpn 42
fgmp -7
lkbf -89
dodq 48
VOID------
ecpn 42
fgmp -7
lkbf -89
dodq 48
VOID------
ecpn 42
fgmp -7
lkbf -89
dodq 48
VOID------
ecpn 42
fgmp -7
lkbf -89
dodq 48
VOID------
ecpn 42
fgmp -7
lkbf -89
dodq 48
VOID------
ecpn 42
fgmp -7
lkbf -89
dodq 48
VOID------
ecpn 42
fgmp -7
lkbf -89
dodq 48
VOID------
ecpn 42
fgmp -7
lkbf -89
dodq 48
VOID------
ecpn 42
fgmp -7
lkbf -89
dodq 48
VOID------
ecpn 42
fgmp -7
lkbf -89
dodq 48
VOID------
ecpn 42
fgmp -7
lkbf -89
dodq 48
VOID------
ecpn 42
fgmp -7
lkbf -89
dodq 48
VOID------
ecpn 42
fgmp -7
lkbf -89
dodq 48
VOID------
ecpn 42
fgmp -7
lkbf -89
dodq 48
VOID------
ecpn 42
fgmp -7
lkbf -89
dodq 48
VOID------
ecpn 42
fgmp -7
lkbf -89
dodq 48
VOID------
ecpn 42
fgmp -7
lkbf -89
dodq 48
VOID------
ecpn 42
fgmp -7
lkbf -89
dodq 48
VOID------
ecpn 42
fgmp -7
lkbf -89
dodq 48
VOID------
ecpn 42
fgmp -7
lkbf -89
dodq 48
VOID------
ecpn 42
fgmp -7
lkbf -89
dodq 48
VOID------
ecpn 42
fgmp -7
lkbf -89
dodq 48
VOID------
ecpn 42
fgmp -7
lkbf -89
dodq 48
VOID------
ecpn 42
fgmp -7
lkbf -89
dodq 48
VOID------
ecpn 42
fgmp -7
lkbf -89
dodq 48
VOID------
ecpn 42
fgmp -7
lkbf -89
dodq 48
VOID------
ecpn 42
fgmp -7
lkbf -89
dodq 48
VOID------
ecpn 42
fgmp -7
lkbf -89
dodq 48
VOID------
ecpn 42
fgmp -7
lkbf -89
dodq 48
VOID------
ecpn 42
fgmp -7
lkbf -89
dodq 48
VOID------
ecpn 42
fgmp -7
lkbf -89
dodq 48
VOID------
ecpn 42
fgmp -7
lkbf -89
dodq 48
VOID------
ecpn 42
fgmp -7
lkbf -89
dodq 48
VOID------
ecpn 42
fgmp -7
lkbf -89
dodq 48
VOID------
ecpn 42
fgmp -7
lkbf -89
dodq 48
VOID------
ecpn 42
fgmp -7
lkbf -89
dodq 48
VOID------
ecpn 42
fgmp -7
lkbf -89
dodq 48
VOID------
ecpn 42
fgmp -7
lkbf -89
dodq 48
VOID------
ecpn 42
fgmp -7
lkbf -89
dodq 48
VOID------
ecpn 42
fgmp -7
lkbf -89
dodq 48
VOID------
ecpn 42
fgmp -7
lkbf -89
dodq 48
VOID------
ecpn 42
fgmp -7
lkbf -89
dodq 48
VOID------
ecpn 42
fgmp -7
lkbf -89
dodq 48
VOID------
ecpn 42
fgmp -7
lkbf -89
dodq 48
VOID------
ecpn 42
fgmp -7
lkbf -89
dodq 48
VOID------
ecpn 42
fgmp -7
lkbf -89
dodq 48
VOID------
ecpn 42
fgmp -7
lkbf -89
dodq 48
VOID------
ecpn 42
fgmp -7
lkbf -89
dodq 48
VOID------
ecpn 42
fgmp -7
lkbf -89
dodq 48
VOID------
ecpn 42
fgmp -7
lkbf -89
dodq 48
VOID------
ecpn 42
fgmp -7
lkbf -89
dodq 48
VOID------
ecpn 42
fgmp -7
lkbf -89
dodq 48
VOID------
ecpn 42
fgmp -7
lkbf -89
dodq 48
VOID------
eqmk -15
dmid 191
init -27
rpol -100
VOID------
eqmk -15
dmid 191
init -27
rpol -100
VOID------
eqmk -15
dmid 191
init -27
rpol -100
VOID------
eqmk -15
dmid 191
init -27
rpol -100
VOID------
ktnt 87
jodj -26
isjo -20
coab -35
VOID------
ktnt 87
jodj -26
isjo -20
coab -35
VOID------
ktnt 87
jodj -26
isjo -20
coab -35
VOID------
ktnt 87
jodj -26
isjo -20
coab -35
VOID------
ktnt 87
jodj -26
isjo -20
coab -35
VOID------
ktnt 87
jodj -26
isjo -20
coab -35
VOID------
ktnt 87
jodj -26
isjo -20
coab -35
VOID------
ktnt 87
jodj -26
isjo -20
coab -35
VOID------
ktnt 87
jodj -26
isjo -20
coab -35
VOID------
ktnt 87
jodj -26
isjo -20
coab -35
VOID------
ktnt 87
jodj -26
isjo -20
coab -35
VOID------
pkte -93
reid -84
phks 77
snsa 68
gqac -54
VOID------
pkte -93
reid -84
phks 77
snsa 68
gqac -54
VOID------
pkte -93
reid -84
phks 77
snsa 68
gqac -54
VOID------
pkte -93
reid -84
phks 77
snsa 68
gqac -54
VOID------
pkte -93
reid -84
phks 77
snsa 68
gqac -54
VOID------
pkte -93
reid -84
phks 77
snsa 68
gqac -54
VOID------
pkte -93
reid -84
phks 77
snsa 68
gqac -54
VOID------
pkte -93
reid -84
phks 77
snsa 68
gqac -54
VOID------
pkte -93
reid -84
phks 77
snsa 68
gqac -54
VOID------
ndon -93
qbae -54
leje -45
qnjs 30
iilm -20
VOID------
ndon -93
qbae -54
leje -45
qnjs 30
iilm -20
VOID------
ndon -93
qbae -54
leje -45
qnjs 30
iilm -20
VOID------
ndon -93
qbae -54
leje -45
qnjs 30
iilm -20
VOID------
ndon -93
qbae -54
leje -45
qnjs 30
iilm -20
VOID------
ndon -93
qbae -54
leje -45
qnjs 30
iilm -20
VOID------
ndon -93
qbae -54
leje -45
qnjs 30
iilm -20
VOID------
ndon -93
qbae -54
leje -45
qnjs 30
iilm -20
VOID------
ndon -93
qbae -54
leje -45
qnjs 30
iilm -20
VOID------
ndon -93
qbae -54
leje -45
qnjs 30
iilm -20
VOID------
ndon -93
qbae -54
leje -45
qnjs 30
iilm -20
VOID------
ndon -93
qbae -54
leje -45
qnjs 30
iilm -20
VOID------
ndon -93
qbae -54
leje -45
qnjs 30
iilm -20
VOID------
ndon -93
qbae -54
leje -45
qnjs 30
iilm -20
VOID------
ndon -93
qbae -54
leje -45
qnjs 30
iilm -20
VOID------
ndon -93
qbae -54
leje -45
qnjs 30
iilm -20
VOID------
ndon -93
qbae -54
leje -45
qnjs 30
iilm -20
VOID------
ndon -93
qbae -54
leje -45
qnjs 30
iilm -20
VOID------
ndon -93
qbae -54
leje -45
qnjs 30
iilm -20
VOID------
ndon -93
qbae -54
leje -45
qnjs 30
iilm -20
VOID------
ndon -93
qbae -54
leje -45
qnjs 30
iilm -20
VOID------
ndon -93
qbae -54
leje -45
qnjs 30
iilm -20
VOID------
ndon -93
qbae -54
leje -45
qnjs 30
iilm -20
VOID------
ndon -93
qbae -54
leje -45
qnjs 30
iilm -20
VOID------
ndon -93
qbae -54
leje -45
qnjs 30
iilm -20
VOID------
ndon -93
qbae -54
leje -45
qnjs 30
iilm -20
VOID------
ndon -93
qbae -54
leje -45
qnjs 30
iilm -20
VOID------
ndon -93
qbae -54
leje -45
qnjs 30
iilm -20
VOID------
ndon -93
qbae -54
leje -45
qnjs 30
iilm -20
VOID------
ndon -93
qbae -54
leje -45
qnjs 30
iilm -20
VOID------
ndon -93
qbae -54
leje -45
qnjs 30
iilm -20
VOID------
ndon -93
qbae -54
leje -45
qnjs 30
iilm -20
VOID------
ndon -93
qbae -54
leje -45
qnjs 30
iilm -20
VOID------
ndon -93
qbae -54
leje -45
qnjs 30
iilm -20
VOID------
ndon -93
qbae -54
leje -45
qnjs 30
iilm -20
VOID------
ndon -93
qbae -54
leje -45
qnjs 30
iilm -20
VOID------
ndon -93
qbae -54
leje -45
qnjs 30
iilm -20
VOID------
ndon -93
qbae -54
leje -45
qnjs 30
iilm -20
VOID------
ndon -93
qbae -54
leje -45
qnjs 30
iilm -20
VOID------
ndon -93
qbae -54
leje -45
qnjs 30
iilm -20
VOID------
ndon -93
qbae -54
leje -45
qnjs 30
iilm -20
VOID------
ndon -93
qbae -54
leje -45
qnjs 30
iilm -20
VOID------
ndon -93
qbae -54
leje -45
qnjs 30
iilm -20
VOID------
ndon -93
qbae -54
leje -45
qnjs 30
iilm -20
VOID------
ndon -93
qbae -54
leje -45
qnjs 30
iilm -20
VOID------
ndon -93
qbae -54
leje -45
qnjs 30
iilm -20
VOID------
ndon -93
qbae -54
leje -45
qnjs 30
iilm -20
VOID------
ndon -93
qbae -54
leje -45
qnjs 30
iilm -20
VOID------
ndon -93
qbae -54
leje -45
qnjs 30
iilm -20
VOID------
ndon -93
qbae -54
leje -45
qnjs 30
iilm -20
VOID------
ndon -93
qbae -54
leje -45
qnjs 30
iilm -20
VOID------
ndon -93
qbae -54
leje -45
qnjs 30
iilm -20
VOID------
ndon -93
qbae -54
leje -45
qnjs 30
iilm -20
VOID------
ndon -93
qbae -54
leje -45
qnjs 30
iilm -20
VOID------
fnja -100
ebtd -81
sdir -77
rejj 48
VOID------
ndon -93
qbae -54
leje -45
qnjs 30
iilm -20
VOID------
ndon -93
qbae -54
leje -45
qnjs 30
iilm -20
VOID------
ndon -93
qbae -54
leje -45
qnjs 30
iilm -20
VOID------
ndon -93
qbae -54
leje -45
qnjs 30
iilm -20
VOID------
ndon -93
qbae -54
leje -45
qnjs 30
iilm -20
VOID------
ndon -93
qbae -54
leje -45
qnjs 30
iilm -20
VOID------
ndon -93
qbae -54
leje -45
qnjs 30
iilm -20
VOID------
ndon -93
qbae -54
leje -45
qnjs 30
iilm -20
VOID------
ndon -93
qbae -54
leje -45
qnjs 30
iilm -20
VOID------
ndon -93
qbae -54
leje -45
qnjs 30
iilm -20
VOID------
ndon -93
qbae -54
leje -45
qnjs 30
iilm -20
VOID------
ndon -93
qbae -54
leje -45
qnjs 30
iilm -20
VOID------
ndon -93
qbae -54
leje -45
qnjs 30
iilm -20
VOID------
ndon -93
qbae -54
leje -45
qnjs 30
iilm -20
VOID------
ndon -93
qbae -54
leje -45
qnjs 30
iilm -20
VOID------
ndon -93
qbae -54
leje -45
qnjs 30
iilm -20
VOID------
ndon -93
qbae -54
leje -45
qnjs 30
iilm -20
VOID------
ndon -93
qbae -54
leje -45
qnjs 30
iilm -20
VOID------
ndon -93
qbae -54
leje -45
qnjs 30
iilm -20
VOID------
ndon -93
qbae -54
leje -45
qnjs 30
iilm -20
VOID------
ndon -93
qbae -54
leje -45
qnjs 30
iilm -20
VOID------
ndon -93
qbae -54
leje -45
qnjs 30
iilm -20
VOID------
ndon -93
qbae -54
leje -45
qnjs 30
iilm -20
VOID------
ndon -93
qbae -54
leje -45
qnjs 30
iilm -20
VOID------
ndon -93
qbae -54
leje -45
qnjs 30
iilm -20
VOID------
ndon -93
qbae -54
leje -45
qnjs 30
iilm -20
VOID------
ndon -93
qbae -54
leje -45
qnjs 30
iilm -20
VOID------
ndon -93
qbae -54
leje -45
qnjs 30
iilm -20
VOID------
ndon -93
qbae -54
leje -45
qnjs 30
iilm -20
VOID------
ndon -93
qbae -54
leje -45
qnjs 30
iilm -20
VOID------
ndon -93
qbae -54
leje -45
qnjs 30
iilm -20
VOID------
ndon -93
qbae -54
leje -45
qnjs 30
iilm -20
VOID------
ndon -93
qbae -54
leje -45
qnjs 30
iilm -20
VOID------
ndon -93
qbae -54
leje -45
qnjs 30
iilm -20
VOID------
ndon -93
qbae -54
leje -45
qnjs 30
iilm -20
VOID------
ndon -93
qbae -54
leje -45
qnjs 30
iilm -20
VOID------
ndon -93
qbae -54
leje -45
qnjs 30
iilm -20
VOID------
ndon -93
qbae -54
leje -45
qnjs 30
iilm -20
VOID------
ndon -93
qbae -54
leje -45
qnjs 30
iilm -20
VOID------
ndon -93
qbae -54
leje -45
qnjs 30
iilm -20
VOID------
ndon -93
qbae -54
leje -45
qnjs 30
iilm -20
VOID------
ndon -93
qbae -54
leje -45
qnjs 30
iilm -20
VOID------
ndon -93
qbae -54
leje -45
qnjs 30
iilm -20
VOID------
ndon -93
qbae -54
leje -45
qnjs 30
iilm -20
VOID------
ndon -93
qbae -54
leje -45
qnjs 30
iilm -20
VOID------
ndon -93
qbae -54
leje -45
qnjs 30
iilm -20
VOID------
ndon -93
qbae -54
leje -45
qnjs 30
iilm -20
VOID------
ndon -93
qbae -54
leje -45
qnjs 30
iilm -20
VOID------
ndon -93
qbae -54
leje -45
qnjs 30
iilm -20
VOID------
ndon -93
qbae -54
leje -45
qnjs 30
iilm -20
VOID------
ndon -93
qbae -54
leje -45
qnjs 30
iilm -20
VOID------
ndon -93
qbae -54
leje -45
qnjs 30
iilm -20
VOID------
ndon -93
qbae -54
leje -45
qnjs 30
iilm -20
VOID------
ndon -93
qbae -54
leje -45
qnjs 30
iilm -20
VOID------
ndon -93
qbae -54
leje -45
qnjs 30
iilm -20
VOID------
ndon -93
qbae -54
leje -45
qnjs 30
iilm -20
VOID------
ndon -93
qbae -54
leje -45
qnjs 30
iilm -20
VOID------
ndon -93
qbae -54
leje -45
qnjs 30
iilm -20
VOID------
ndon -93
qbae -54
leje -45
qnjs 30
iilm -20
VOID------
ndon -93
qbae -54
leje -45
qnjs 30
iilm -20
VOID------
crmg -97
srjs -96
orej 42
dlel -31
dbmd -21
VOID------
crmg -97
srjs -96
orej 42
dlel -31
dbmd -21
VOID------
crmg -97
srjs -96
orej 42
dlel -31
dbmd -21
VOID------
crmg -97
srjs -96
orej 42
dlel -31
dbmd -21
VOID------
crmg -97
srjs -96
orej 42
dlel -31
dbmd -21
VOID------
crmg -97
srjs -96
orej 42
dlel -31
dbmd -21
VOID------
crmg -97
srjs -96
orej 42
dlel -31
dbmd -21
VOID------
crmg -97
srjs -96
orej 42
dlel -31
dbmd -21
VOID------
crmg -97
srjs -96
orej 42
dlel -31
dbmd -21
VOID------
crmg -97
srjs -96
orej 42
dlel -31
dbmd -21
VOID------
crmg -97
srjs -96
orej 42
dlel -31
dbmd -21
VOID------
knts -90
pofo -56
chba -25
bfrr -58
VOID------
knts -90
pofo -56
chba -25
bfrr -58
VOID------
knts -90
pofo -56
chba -25
bfrr -58
VOID------
knts -90
pofo -56
chba -25
bfrr -58
VOID------
knts -90
pofo -56
chba -25
bfrr -58
VOID------
knts -90
pofo -56
chba -25
bfrr -58
VOID------
knts -90
pofo -56
chba -25
bfrr -58
VOID------
knts -90
pofo -56
chba -25
bfrr -58
VOID------
knts -90
pofo -56
chba -25
bfrr -58
VOID------
knts -90
pofo -56
chba -25
bfrr -58
VOID------
knts -90
pofo -56
chba -25
bfrr -58
VOID------
knts -90
pofo -56
chba -25
bfrr -58
VOID------
knts -90
pofo -56
chba -25
bfrr -58
VOID------
knts -90
pofo -56
chba -25
bfrr -58
VOID------
knts -90
pofo -56
chba -25
bfrr -58
VOID------
knts -90
pofo -56
chba -25
bfrr -58
VOID------
knts -90
pofo -56
chba -25
bfrr -58
VOID------
knts -90
pofo -56
chba -25
bfrr -58
VOID------
knts -90
pofo -56
chba -25
bfrr -58
VOID------
knts -90
pofo -56
chba -25
bfrr -58
VOID------
knts -90
pofo -56
chba -25
bfrr -58
VOID------
knts -90
pofo -56
chba -25
bfrr -58
VOID------
knts -90
pofo -56
chba -25
bfrr -58
VOID------
knts -90
pofo -56
chba -25
bfrr -58
VOID------
knts -90
pofo -56
chba -25
bfrr -58
VOID------
knts -90
pofo -56
chba -25
bfrr -58
VOID------
knts -90
pofo -56
chba -25
bfrr -58
VOID------
knts -90
pofo -56
chba -25
bfrr -58
VOID------
knts -90
pofo -56
chba -25
bfrr -58
VOID------
knts -90
pofo -56
chba -25
bfrr -58
VOID------
knts -90
pofo -56
chba -25
bfrr -58
VOID------
knts -90
pofo -56
chba -25
bfrr -58
VOID------
knts -90
pofo -56
chba -25
bfrr -58
VOID------
knts -90
pofo -56
chba -25
bfrr -58
VOID------
knts -90
pofo -56
chba -25
bfrr -58
VOID------
knts -90
pofo -56
chba -25
bfrr -58
VOID------
knts -90
pofo -56
chba -25
bfrr -58
VOID------
knts -90
pofo -56
chba -25
bfrr -58
VOID------
knts -90
pofo -56
chba -25
bfrr -58
VOID------
knts -90
pofo -56
chba -25
bfrr -58
VOID------
knts -90
pofo -56
chba -25
bfrr -58
VOID------
knts -90
pofo -56
chba -25
bfrr -58
VOID------
knts -90
pofo -56
chba -25
bfrr -58
VOID------
knts -90
pofo -56
chba -25
bfrr -58
VOID------
knts -90
pofo -56
chba -25
bfrr -58
VOID------
knts -90
pofo -56
chba -25
bfrr -58
VOID------
knts -90
pofo -56
chba -25
bfrr -58
VOID------
knts -90
pofo -56
chba -25
bfrr -58
VOID------
knts -90
pofo -56
chba -25
bfrr -58
VOID------
knts -90
pofo -56
chba -25
bfrr -58
VOID------
knts -90
pofo -56
chba -25
bfrr -58
VOID------
knts -90
pofo -56
chba -25
bfrr -58
VOID------
knts -90
pofo -56
chba -25
bfrr -58
VOID------
knts -90
pofo -56
chba -25
bfrr -58
VOID------
knts -90
pofo -56
chba -25
bfrr -58
VOID------
knts -90
pofo -56
chba -25
bfrr -58
VOID------
knts -90
pofo -56
chba -25
bfrr -58
VOID------
knts -90
pofo -56
chba -25
bfrr -58
VOID------
knts -90
pofo -56
chba -25
bfrr -58
VOID------
knts -90
pofo -56
chba -25
bfrr -58
VOID------
knts -90
pofo -56
chba -25
bfrr -58
VOID------
knts -90
pofo -56
chba -25
bfrr -58
VOID------
knts -90
pofo -56
chba -25
bfrr -58
VOID------
knts -90
pofo -56
chba -25
bfrr -58
VOID------
knts -90
pofo -56
chba -25
bfrr -58
VOID------
knts -90
pofo -56
chba -25
bfrr -58
VOID------
knts -90
pofo -56
chba -25
bfrr -58
VOID------
knts -90
pofo -56
chba -25
bfrr -58
VOID------
knts -90
pofo -56
chba -25
bfrr -58
VOID------
knts -90
pofo -56
chba -25
bfrr -58
VOID------
knts -90
pofo -56
chba -25
bfrr -58
VOID------
knts -90
pofo -56
chba -25
bfrr -58
VOID------
knts -90
pofo -56
chba -25
bfrr -58
VOID------
knts -90
pofo -56
chba -25
bfrr -58
VOID------
knts -90
pofo -56
chba -25
bfrr -58
VOID------
knts -90
pofo -56
chba -25
bfrr -58
VOID------
knts -90
pofo -56
chba -25
bfrr -58
VOID------
knts -90
pofo -56
chba -25
bfrr -58
VOID------
knts -90
pofo -56
chba -25
bfrr -58
VOID------
knts -90
pofo -56
chba -25
bfrr -58
VOID------
knts -90
pofo -56
chba -25
bfrr -58
VOID------
knts -90
pofo -56
chba -25
bfrr -58
VOID------
knts -90
pofo -56
chba -25
bfrr -58
VOID------
knts -90
pofo -56
chba -25
bfrr -58
VOID------
knts -90
pofo -56
chba -25
bfrr -58
VOID------
knts -90
pofo -56
chba -25
bfrr -58
VOID------
knts -90
pofo -56
chba -25
bfrr -58
VOID------
knts -90
pofo -56
chba -25
bfrr -58
VOID------
knts -90
pofo -56
chba -25
bfrr -58
VOID------
knts -90
pofo -56
chba -25
bfrr -58
VOID------
knts -90
pofo -56
chba -25
bfrr -58
VOID------
knts -90
pofo -56
chba -25
bfrr -58
VOID------
knts -90
pofo -56
chba -25
bfrr -58
VOID------
knts -90
pofo -56
chba -25
bfrr -58
VOID------
knts -90
pofo -56
chba -25
bfrr -58
VOID------
knts -90
pofo -56
chba -25
bfrr -58
VOID------
knts -90
pofo -56
chba -25
bfrr -58
VOID------
knts -90
pofo -56
chba -25
bfrr -58
VOID------
knts -90
pofo -56
chba -25
bfrr -58
VOID------
knts -90
pofo -56
chba -25
bfrr -58
VOID------
knts -90
pofo -56
chba -25
bfrr -58
VOID------
knts -90
pofo -56
chba -25
bfrr -58
VOID------
knts -90
pofo -56
chba -25
bfrr -58
VOID------
knts -90
pofo -56
chba -25
bfrr -58
VOID------
knts -90
pofo -56
chba -25
bfrr -58
VOID------
knts -90
pofo -56
chba -25
bfrr -58
VOID------
knts -90
pofo -56
chba -25
bfrr -58
VOID------
knts -90
pofo -56
chba -25
bfrr -58
VOID------
knts -90
pofo -56
chba -25
bfrr -58
VOID------
knts -90
pofo -56
chba -25
bfrr -58
VOID------
knts -90
pofo -56
chba -25
bfrr -58
VOID------
knts -90
pofo -56
chba -25
bfrr -58
VOID------
knts -90
pofo -56
chba -25
bfrr -58
VOID------
knts -90
pofo -56
chba -25
bfrr -58
VOID------
knts -90
pofo -56
chba -25
bfrr -58
VOID------
knts -90
pofo -56
chba -25
bfrr -58
VOID------
knts -90
pofo -56
chba -25
bfrr -58
VOID------
knts -90
pofo -56
chba -25
bfrr -58
VOID------
knts -90
pofo -56
chba -25
bfrr -58
VOID------
knts -90
pofo -56
chba -25
bfrr -58
VOID------
knts -90
pofo -56
chba -25
bfrr -58
VOID------
knts -90
pofo -56
chba -25
bfrr -58
VOID------
knts -90
pofo -56
chba -25
bfrr -58
VOID------
knts -90
pofo -56
chba -25
bfrr -58
VOID------
knts -90
pofo -56
chba -25
bfrr -58
VOID------
knts -90
pofo -56
chba -25
bfrr -58
VOID------
knts -90
pofo -56
chba -25
bfrr -58
VOID------
knts -90
pofo -56
chba -25
bfrr -58
VOID------
knts -90
pofo -56
chba -25
bfrr -58
VOID------
knts -90
pofo -56
chba -25
bfrr -58
VOID------
ekdc -75
fikh -64
tqeq -47
gopf -33
VOID------
ekdc -75
fikh -64
tqeq -47
gopf -33
VOID------
ekdc -75
fikh -64
tqeq -47
gopf -33
VOID------
ekdc -75
fikh -64
tqeq -47
gopf -33
VOID------
ekdc -75
fikh -64
tqeq -47
gopf -33
VOID------
ekdc -75
fikh -64
tqeq -47
gopf -33
VOID------
ekdc -75
fikh -64
tqeq -47
gopf -33
VOID------
ekdc -75
fikh -64
tqeq -47
gopf -33
VOID------
ekdc -75
fikh -64
tqeq -47
gopf -33
VOID------
ekdc -75
fikh -64
tqeq -47
gopf -33
VOID------
ekdc -75
fikh -64
tqeq -47
gopf -33
VOID------
ekdc -75
fikh -64
tqeq -47
gopf -33
VOID------
ekdc -75
fikh -64
tqeq -47
gopf -33
VOID------
ekdc -75
fikh -64
tqeq -47
gopf -33
VOID------
ekdc -75
fikh -64
tqeq -47
gopf -33
VOID------
ekdc -75
fikh -64
tqeq -47
gopf -33
VOID------
ekdc -75
fikh -64
tqeq -47
gopf -33
VOID------
ekdc -75
fikh -64
tqeq -47
gopf -33
VOID------
ekdc -75
fikh -64
tqeq -47
gopf -33
VOID------
ekdc -75
fikh -64
tqeq -47
gopf -33
VOID------
ekdc -75
fikh -64
tqeq -47
gopf -33
VOID------
ekdc -75
fikh -64
tqeq -47
gopf -33
VOID------
ekdc -75
fikh -64
tqeq -47
gopf -33
VOID------
ekdc -75
fikh -64
tqeq -47
gopf -33
VOID------
ekdc -75
fikh -64
tqeq -47
gopf -33
VOID------
ekdc -75
fikh -64
tqeq -47
gopf -33
VOID------
ekdc -75
fikh -64
tqeq -47
gopf -33
VOID------
ekdc -75
fikh -64
tqeq -47
gopf -33
VOID------
ekdc -75
fikh -64
tqeq -47
gopf -33
VOID------
ekdc -75
fikh -64
tqeq -47
gopf -33
VOID------
ekdc -75
fikh -64
tqeq -47
gopf -33
VOID------
ekdc -75
fikh -64
tqeq -47
gopf -33
VOID------
ekdc -75
fikh -64
tqeq -47
gopf -33
VOID------
ekdc -75
fikh -64
tqeq -47
gopf -33
VOID------
ekdc -75
fikh -64
tqeq -47
gopf -33
VOID------
ofjh -87
icnt -66
kore 58
itge -57
iimb -50
grtf -39
nkll -34
VOID------
ofjh -87
icnt -66
kore 58
itge -57
iimb -50
grtf -39
nkll -34
VOID------
ofjh -87
icnt -66
kore 58
itge -57
iimb -50
grtf -39
nkll -34
VOID------
ofjh -87
icnt -66
kore 58
itge -57
iimb -50
grtf -39
nkll -34
VOID------
ofjh -87
icnt -66
kore 58
itge -57
iimb -50
grtf -39
nkll -34
VOID------
ofjh -87
icnt -66
kore 58
itge -57
iimb -50
grtf -39
nkll -34
VOID------
ofjh -87
icnt -66
kore 58
itge -57
iimb -50
grtf -39
nkll -34
VOID------
ofjh -87
icnt -66
kore 58
itge -57
iimb -50
grtf -39
nkll -34
VOID------
ofjh -87
icnt -66
kore 58
itge -57
iimb -50
grtf -39
nkll -34
VOID------
ofjh -87
icnt -66
kore 58
itge -57
iimb -50
grtf -39
nkll -34
VOID------
ofjh -87
icnt -66
kore 58
itge -57
iimb -50
grtf -39
nkll -34
VOID------
ofjh -87
icnt -66
kore 58
itge -57
iimb -50
grtf -39
nkll -34
VOID------
ofjh -87
icnt -66
kore 58
itge -57
iimb -50
grtf -39
nkll -34
VOID------
ofjh -87
icnt -66
kore 58
itge -57
iimb -50
grtf -39
nkll -34
VOID------
ofjh -87
icnt -66
kore 58
itge -57
iimb -50
grtf -39
nkll -34
VOID------
ofjh -87
icnt -66
kore 58
itge -57
iimb -50
grtf -39
nkll -34
VOID------
ofjh -87
icnt -66
kore 58
itge -57
iimb -50
grtf -39
nkll -34
VOID------
ofjh -87
icnt -66
kore 58
itge -57
iimb -50
grtf -39
nkll -34
VOID------
ofjh -87
icnt -66
kore 58
itge -57
iimb -50
grtf -39
nkll -34
VOID------
ofjh -87
icnt -66
kore 58
itge -57
iimb -50
grtf -39
nkll -34
VOID------
ofjh -87
icnt -66
kore 58
itge -57
iimb -50
grtf -39
nkll -34
VOID------
ofjh -87
icnt -66
kore 58
itge -57
iimb -50
grtf -39
nkll -34
VOID------
ofjh -87
icnt -66
kore 58
itge -57
iimb -50
grtf -39
nkll -34
VOID------
ofjh -87
icnt -66
kore 58
itge -57
iimb -50
grtf -39
nkll -34
VOID------
ofjh -87
icnt -66
kore 58
itge -57
iimb -50
grtf -39
nkll -34
VOID------
ofjh -87
icnt -66
kore 58
itge -57
iimb -50
grtf -39
nkll -34
VOID------
ofjh -87
icnt -66
kore 58
itge -57
iimb -50
grtf -39
nkll -34
VOID------
ofjh -87
icnt -66
kore 58
itge -57
iimb -50
grtf -39
nkll -34
VOID------
ofjh -87
icnt -66
kore 58
itge -57
iimb -50
grtf -39
nkll -34
VOID------
ofjh -87
icnt -66
kore 58
itge -57
iimb -50
grtf -39
nkll -34
VOID------
ofjh -87
icnt -66
kore 58
itge -57
iimb -50
grtf -39
nkll -34
VOID------
ofjh -87
icnt -66
kore 58
itge -57
iimb -50
grtf -39
nkll -34
VOID------
ofjh -87
icnt -66
kore 58
itge -57
iimb -50
grtf -39
nkll -34
VOID------
ofjh -87
icnt -66
kore 58
itge -57
iimb -50
grtf -39
nkll -34
VOID------
ofjh -87
icnt -66
kore 58
itge -57
iimb -50
grtf -39
nkll -34
VOID------
ofjh -87
icnt -66
kore 58
itge -57
iimb -50
grtf -39
nkll -34
TIME: 0.633