VOID------
htkr -87
imks -241
angq -207
nfqm 153
qtei -14
eqbr -171
VOID------
htkr -87
imks -241
angq -207
nfqm 153
qtei -14
eqbr -171
erlj -135
VOID------
htkr -87
imks -241
angq -207
nfqm 153
qtei -14
eqbr -171
erlj -135
DOMAIN------
aorc -196
gmio -279
mqia -53
fhoo -265
dqpm -167
mpnd -223
mscd -77
kdpg -16
okha -41
erlj -135
eqbr -171
qtei -14
angq -207
imks -241
htkr -87
aqge -151
tofn -8
tqoo -37
pgkn -193
fnkj -294
psfp -57
VOID------
dghn -52
rqmg -13
poql 353
epoa 29
VOID------
dghn -52
rqmg -13
poql 353
gfom -151
VOID------
ofgg 3
fhoo -221
jdkh -72
igam 317
VOID------
dghn -52
rqmg -13
epoa 29
gfom -151
LIGHT------
hdps 339
pobn 633
icdq 485
naeh 232
gaam 32
ntcr 571
rnkl 180
dcin 175
iptd 232
hgkm 169
pees 389
rmss 401
knbd 41
hhce 40
igam 317
ofgg 3
krfh 670
mbdb 240
poql 353
hdgh 59
ppti 515
rpms 649
rotk 616
pnig 569
jcaa 417
jkqo 670
kmgd 342
kjtq 28
ajat 186
qiqc 683
kdfa 114
fdep 102
lddd 392
alnk 615
nfem 215
llct 176
tokq 93
mjcj 610
laap 432
hfkg 690
rgej 368
aefi 478
qnld 621
llge 437
popt 186
hecp 379
psci 268
pgns 685
fobf 468
ietp 70
gcst 628
inin 220
tghm 212
cseb 165
glfb 317
kmrb 633
hsbq 383
afii 49
jhhf 490
gbrj 121
lojl 159
nfqm 153
kgpi 243
lekd 155
rljc 387
jlhr 564
qrjk 343
dghn -52
rqmg -13
epoa 29
gfom -151
ammk 384
tloq 451
qanf 674
fhoo -221
jdkh -72
tieg 390
mrbh 328
fnfo 353
ipjj 352
bjtt 666
sesd 478
refo -90
crgm 232
tlbq -125
mlpe 687
tbec 576
ofce 624
jfgj -77
biqm -79
bqos 201
ehdl -235
peco -226
cgbk -76
spre -94
VOID------
jdkh -72
fhoo -221
gfom -151
rqmg -13
VOID------
jdkh -72
fhoo -221
gfom -151
rqmg -13
VOID------
jdkh -72
fhoo -221
gfom -151
rqmg -13
LIGHT------
VOID------
refo -90
tlbq -125
jfgj -77
biqm -79
VOID------
refo -90
tlbq -125
jfgj -77
biqm -79
VOID------
gdck -21
cdbs -163
ajjt -246
kemg -207
cnfm -176
VOID------
spre -94
cgbk -76
peco -226
ehdl -235
VOID------
spre -94
cgbk -76
peco -226
ehdl -235
VOID------
srci -254
bilo -235
hofb -110
hkon -300
VOID------
jbdd -149
nghb -58
bqtn -239
sknd -284
VOID------
jbdd -149
nghb -58
bqtn -239
sknd -284
VOID------
jbdd -149
nghb -58
bqtn -239
sknd -284
VOID------
jbdd -149
nghb -58
bqtn -239
sknd -284
VOID------
jbdd -149
nghb -58
bqtn -239
sknd -284
VOID------
jbdd -149
nghb -58
bqtn -239
sknd -284
VOID------
jbdd -149
nghb -58
bqtn -239
sknd -284
DOMAIN------
pdoj -208
idsr -297
ajdh -182
mbem -111
aeae -132
bqpm -268
earb -139
mott -153
ojni -66
dtlh -92
schs -267
igjb -167
mfgc -22
lbfg -236
hckp -108
tndr -139
kggf -245
lrgi -290
njek -272
krmk -166
lbde -90
mhpr -114
djtr -52
hehj -120
ccfn -259
ddff -166
rlmi -154
cmne -285
hkon -300
hofb -110
bilo -235
tkgi -41
srci -254
msmf -223
dstc -239
rspn -73
mptn -53
jbdd -149
nghb -58
bqtn -239
sknd -284
qthm -19
adkb -6
arkm -15
lffs -67
cnfm -176
kemg -207
ajjt -246
cdbs -163
gdck -21
ncrr -172
sghf -142
lhkc -68
nqdo -142
lbnq -28
spre -94
cgbk -76
peco -226
ehdl -235
biqm -79
jfgj -77
tlbq -125
refo -90
jdkh -72
fhoo -221
gfom -151
rqmg -13
dghn -52
VOID------
knbd 41
hhce 40
igam 317
ofgg 3
DOMAIN------
tpee -116
pote -96
VOID------
phgn -215
bdot 19
cbeb -54
ramo -257
jphg 44
dmtn -168
VOID------
phgn -215
bdot 19
cbeb -54
ramo -257
jphg 44
dmtn -168
VOID------
cbeb -54
ramo -257
titc 196
dmtn -168
tldf 173
csom 210
rnrr -175
bccg -266
ekfj -110
VOID------
cbeb -54
ramo -257
bdot 19
dmtn -168
jphg 44
bhkd 23
rnrr -175
bccg -266
VOID------
eqha -222
cjni -132
sptk -145
pdqq -3
VOID------
eqha -222
cjni -132
sptk -145
pdqq -3
dkkb 15
htqb -109
pldc 30
slbp 295
kpcg -196
qrii -181
fbjm -110
VOID------
eqha -222
cjni -132
sptk -145
pdqq -3
dkkb 15
htqb -109
VOID------
eqha -222
cjni -132
sptk -145
pdqq -3
DOMAIN------
htjn -213
kpcg -196
qrii -181
fbjm -110
htqb -109
pdqq -3
sptk -145
cdgc -21
cjni -132
eqha -222
kfts -118
rirm -259
qatf -19
bccg -266
ekfj -110
rnrr -175
dmtn -168
ramo -257
cbeb -54
phgn -215
enma -6
igdc -101
VOID------
tfgh -95
catt -126
qqkn 58
dpje -110
teta -253
VOID------
jsci -294
anlp -8
qkqp 246
ptaj -81
dkoe -71
kddm -208
kbpi -261
idri -77
VOID------
jsci -294
anlp -8
qgfc 111
ptaj -81
dkoe -71
kddm -208
kbpi -261
idri -77
rshd 69
rosr -242
VOID------
jsci -294
anlp -8
qgfc 111
ptaj -81
dkoe -71
kddm -208
kbpi -261
idri -77
rshd 69
rosr -242
VOID------
jsci -294
anlp -8
qgfc 111
ptaj -81
dkoe -71
kddm -208
kbpi -261
idri -77
rshd 69
rosr -242
VOID------
jsci -294
anlp -8
qgfc 111
ptaj -81
dkoe -71
kddm -208
kbpi -261
idri -77
rshd 69
rosr -242
VOID------
tlab -287
fjtk -299
bacd 237
slcp -194
spin -275
VOID------
tlab -287
fjtk -299
bacd 237
slcp -194
spin -275
VOID------
tlab -287
fjtk -299
bacd 237
slcp -194
spin -275
VOID------
cofp -278
dpnj 10
spin -275
gaoi 452
slcp -194
fjtk -299
tlab -287
fmma -295
VOID------
cofp -278
dpnj 10
spin -275
gaoi 452
slcp -194
fjtk -299
tlab -287
fmma -295
VOID------
cofp -278
dpnj 10
spin -275
gaoi 452
slcp -194
fjtk -299
tlab -287
fmma -295
VOID------
ifss -213
qjls 164
eeog -124
lbrc -228
dfij -155
lnhf -215
aqsq -293
galt -29
erkn -174
VOID------
ifss -213
qjls 164
eeog -124
lbrc -228
dfij -155
lnhf -215
aqsq -293
galt -29
erkn -174
VOID------
fmma -295
tlab -287
edmc 49
fjtk -299
slcp -194
spin -275
cofp -278
enar -96
elip 289
okao -167
qgfc 111
rosr -242
idri -77
kbpi -261
VOID------
fmma -295
tlab -287
fsbs 520
fjtk -299
slcp -194
spin -275
cofp -278
enar -96
mcka 609
okao -167
edmc 49
rosr -242
idri -77
kbpi -261
VOID------
fmma -295
tlab -287
fsbs 520
fjtk -299
slcp -194
spin -275
cofp -278
enar -96
mcka 609
okao -167
edmc 49
rosr -242
idri -77
kbpi -261
VOID------
fmma -295
tlab -287
fsbs 520
fjtk -299
slcp -194
spin -275
cofp -278
enar -96
mcka 609
okao -167
edmc 49
rosr -242
idri -77
kbpi -261
VOID------
fmma -295
tlab -287
fsbs 520
fjtk -299
slcp -194
spin -275
cofp -278
enar -96
mcka 609
okao -167
edmc 49
rosr -242
idri -77
kbpi -261
VOID------
fmma -295
tlab -287
qmfq 246
fjtk -299
slcp -194
spin -275
cofp -278
enar -96
VOID------
fmma -295
tlab -287
qmfq 246
fjtk -299
slcp -194
spin -275
cofp -278
enar -96
VOID------
fmma -295
tlab -287
qmfq 246
fjtk -299
slcp -194
spin -275
cofp -278
enar -96
VOID------
fmma -295
tlab -287
qmfq 246
fjtk -299
slcp -194
spin -275
cofp -278
enar -96
DOMAIN------
nkrj -228
lssr -300
kqit -63
fdos -246
nrjh -38
kctk -33
lrsp -124
pnpe -178
snme -47
dnjd -49
dliq -105
lfhm -96
dbls -128
mjgk -156
tcfg -269
epfi -285
csbk -74
rtcs -42
qfss -14
molo -257
aksg -183
jmlm -15
lscp -97
bclj -143
plpo -220
lrqt -287
ihqo -109
garm -237
lfkd -139
fblq -43
qhjk -252
mkes -9
sgmh -195
aais -221
tcom -192
fibh -77
cmgk -172
sdrn -143
erkn -174
galt -29
aqsq -293
mprh -129
lnhf -215
csjb -49
dfij -155
lbrc -228
eeog -124
ifss -213
rsad -171
oeoq -93
mdlf -106
dqlh -283
qtpb -192
qorg -200
cjip -37
tlsq -216
jagi -244
qfqm -190
nogc -131
eich -13
fmma -295
ieji -52
tlab -287
fjtk -299
slcp -194
spin -275
cofp -278
enar -96
okao -167
rosr -242
idri -77
kbpi -261
kddm -208
thdr -102
dkoe -71
ptaj -81
anlp -8
jsci -294
tnpq -17
nsos -24
cspa -33
pnil -212
parp -36
dqrk -205
irgp -151
bfti -193
tfgh -95
qnak -20
catt -126
dpje -110
teta -253
tjbl -102
ltpg -176
VOID------
bjek -175
sfah 59
pteo 568
npmc -273
dakq -10
VOID------
npmc -273
dakq -10
kmcl 184
gptr -84
VOID------
npmc -273
dakq -10
kmcl 184
gptr -84
VOID------
npmc -273
dakq -10
sfah 59
gptr -84
VOID------
npmc -273
dakq -10
sfah 59
gptr -84
VOID------
dakq -10
npmc -273
msqe 687
bjek -175
VOID------
skbe -254
jlff 32
pbro 57
brad -114
mepn -218
VOID------
skbe -254
jlff 32
pbro 57
brad -114
mepn -218
VOID------
skbe -254
jlff 32
pbro 57
brad -114
mepn -218
VOID------
mepn -218
annb 84
ijlk 154
brad -114
skbe -254
VOID------
mepn -218
annb 84
ijlk 154
brad -114
skbe -254
VOID------
tlhe -236
iekh -263
jdph -97
damh -131
nqct -43
VOID------
tlhe -236
iekh -263
jdph -97
damh -131
nqct -43
VOID------
tlhe -236
iekh -263
jdph -97
damh -131
nqct -43
VOID------
tlhe -236
iekh -263
jdph -97
damh -131
nqct -43
VOID------
dakq -10
npmc -273
bjek -175
tpgp 132
qbpr -236
skbe -254
brad -114
VOID------
atsi -45
lajp 34
mqfc -75
bpfc -100
mepn -218
brad -114
skbe -254
omon 89
qbpr -236
DOMAIN------
fkgp -277
gdjo -173
qdhi -57
daem -222
naid -249
ooca -263
soet -75
crri -225
mimp -164
dtjb -240
abga -108
atsi -45
mqfc -75
bpfc -100
gqgn -133
jcth -184
fpks -166
bbcq -91
sdsn -203
jsms -273
laep -203
nqct -43
damh -131
jdph -97
iekh -263
tlhe -236
kodc -192
mepn -218
brad -114
skbe -254
qbpr -236
gptr -84
dakq -10
npmc -273
bjek -175
DOMAIN------
VOID------
jnho 171
bhkd 23
jphg 44
bdot 19
VOID------
qhjp 293
stha -192
ioei -108
kapf -80
VOID------
stha -192
ioei -108
kapf -80
epff -24
nkns -272
VOID------
stha -192
ioei -108
kapf -80
epff -24
nkns -272
tbho 359
bgag -185
oohg -250
DOMAIN------
psgq -155
jefd -195
tfks -118
oohg -250
bgag -185
nkns -272
epff -24
kapf -80
ioei -108
stha -192
VOID------
gnqn -283
cosh 49
ormr 46
ehbo 351
scgs 105
jkgg -246
DOMAIN------
btre -191
dhoh -44
rcps -102
jkgg -246
gnqn -283
VOID------
onmq -274
rjlj 119
fjti -263
hpdf -259
gcdk -198
VOID------
gcdk -198
moep 197
giap -273
jrdd -89
VOID------
gcdk -198
moep 197
giap -273
jrdd -89
VOID------
gcdk -198
moep 197
giap -273
jrdd -89
VOID------
gcdk -198
moep 197
giap -273
jrdd -89
VOID------
tdnk -294
rrtc -45
eojh -126
tcnj 137
orqr -185
VOID------
jtbb -175
lmcj 511
onmq -274
fjti -263
hpdf -259
VOID------
jtbb -175
lmcj 511
onmq -274
fjti -263
hpdf -259
VOID------
glke -160
koin -171
qtbp 61
oocl 57
mojh -226
tnme 159
lgam -248
VOID------
ppaa -268
hsao 23
oopb -196
fgss -142
mpng 198
pfhj -61
oanl -248
VOID------
ghcd -8
jtbb -175
onmq -274
bghm 84
fjti -263
VOID------
ocmo -68
eplr -186
djbq -120
dbpi -78
njdn 355
iqpc -9
dido -148
laft -154
ehag -288
VOID------
fjti -263
hpdf -259
jebb 326
gcdk -198
giap -273
VOID------
fjti -263
hpdf -259
jebb 326
gcdk -198
giap -273
VOID------
fjti -263
hpdf -259
jebb 326
gcdk -198
giap -273
VOID------
fjti -263
hpdf -259
jebb 326
gcdk -198
giap -273
VOID------
fjti -263
hpdf -259
jebb 326
gcdk -198
giap -273
VOID------
fgss -142
pfhj -61
oanl -248
iheo -269
bchf 394
ocmo -68
eplr -186
djbq -120
dbpi -78
aerp 105
iqpc -9
dido -148
VOID------
fgss -142
pfhj -61
oanl -248
iheo -269
bchf 394
ocmo -68
eplr -186
djbq -120
dbpi -78
aerp 105
iqpc -9
dido -148
VOID------
lotr -137
ncqc -262
gjam 47
nlnn -229
ddtc -279
cjgp -134
ibtg -109
cpdk -70
VOID------
mojh -226
lgam -248
ppaa -268
oopb -196
tfcd 270
fgss -142
pfhj -61
oanl -248
iheo -269
VOID------
mojh -226
lgam -248
ppaa -268
oopb -196
tfcd 270
fgss -142
pfhj -61
oanl -248
iheo -269
VOID------
ghcd -8
jtbb -175
onmq -274
fjti -263
tfcd 270
hpdf -259
gcdk -198
giap -273
jrdd -89
VOID------
glke -160
ghcd -8
jtbb -175
onmq -274
tfcd 270
fjti -263
hpdf -259
gcdk -198
giap -273
VOID------
glke -160
ghcd -8
jtbb -175
onmq -274
tfcd 270
fjti -263
hpdf -259
gcdk -198
giap -273
VOID------
glke -160
ghcd -8
jtbb -175
onmq -274
tfcd 270
fjti -263
hpdf -259
gcdk -198
giap -273
VOID------
rrtc -45
tdnk -294
jrdd -89
giap -273
scnq 90
gcdk -198
hpdf -259
fjti -263
onmq -274
VOID------
lgam -248
mojh -226
koin -171
glke -160
tfcd 270
ghcd -8
jtbb -175
onmq -274
fjti -263
DOMAIN------
mgdj -258
lmab -83
ppom -158
gjhh -78
ldja -89
faaq -183
fgtq -58
ignm -175
qfrq -80
gqjl -287
mijr -43
hlde -87
crmj -177
mtdo -210
ppan -218
trlo -162
lcgh -30
bjoc -182
aaqe -206
ctjc -177
elnm -85
bebm -70
jgpm -249
saac -116
hlhb -55
kbmj -96
dhpe -177
qsjg -138
pctl -243
bgfh -137
cpdk -70
kmko -248
rqsd -118
dlrk -45
ibtg -109
kobm -9
cjgp -134
ddtc -279
nlnn -229
ncqc -262
lsdl -113
tjpb -294
alff -36
mger -106
ehag -288
lotr -137
laft -154
dido -148
iqpc -9
dbpi -78
djbq -120
eplr -186
iaok -50
ocmo -68
mqfp -134
hngn -284
iheo -269
oanl -248
pfhj -61
fgss -142
oopb -196
ppaa -268
lgam -248
mojh -226
ripm -300
koin -171
iqta -74
nggh -37
majt -23
qhpb -43
drtk -285
glke -160
orqr -185
eojh -126
rrtc -45
tdnk -294
ghcd -8
jrdd -89
giap -273
jtbb -175
gcdk -198
hpdf -259
fjti -263
onmq -274
LIGHT------
dndp 634
mgcp 675
ibnl 58
otkc 202
hthk 449
fkjg -196
sfni 23
dqek 689
njnb 69
mijg 676
eqbo 491
erjc 15
jaem 221
cnqo 43
dagj 23
hthm 91
pdhc 519
legq 668
hrja 15
gksq 602
ihhf 219
hehp 194
gkfs 618
eafl 627
tmsd -19
tfcd 270
fgar 194
tcnj 137
psfm 371
jebb 326
fsit 493
iatt 223
moep 197
dqtk 677
akbj 120
cbmq 518
nckm 542
piko 655
aglj 382
dffk 331
opnr 674
mktl 545
sfkq 81
sltr 119
rbmt 618
ajgl 630
apcd 421
esse 280
scgs 105
ehbo 351
ormr 46
cosh 49
tbho 359
ksel 288
bdhl 390
lrsn 154
nget 287
odmg 396
emdi 400
itaa 439
jjcc 560
micq 652
dmik 229
dstn 404
pfdk 456
ssai 564
ckhk 607
caqe 344
jpop 451
jqkm 199
ploi 451
jpmp 663
icqa 240
hoic 451
lqfp 517
aqgs 233
tpgp 132
ipgd 558
cqfh 589
njrn 583
eapr 314
tcqa 345
lqhi 606
gngn 457
rjql 587
gaee 340
naap 120
jbct 197
fcqq 450
qkqp 246
efks 144
elmc 230
tqtf 200
dnkr 224
hkrn 455
ianb 642
bacd 237
odib 319
qdgl 290
niig 251
hbpt 393
jjqi 685
omcl 654
iemh 343
bipd 225
jodo 623
scts 345
nakg 292
oaps 156
iobc 267
frot 281
tkmd 627
hhtk 510
loth 77
kbsa 144
ncmp 501
nmgp 627
soko 332
tllm 176
jdnj 491
cmkl 167
faci 66
slbp 295
pldc 30
dkkb 15
atrl 308
nagn 182
hfnj 249
ijeq 91
ngnj 219
bfbn 318
qgfb 138
eqoj 594
bacj 270
titc 196
tldf 173
csom 210
tssl 664
lcej 474
jsmc 153
jnho 171
bhkd 23
jphg 44
bdot 19
scjb 444
hplc 43
jppq 330
gqhj 676
asag 443
siji 393
gtia 662
kotj 107
oaab 490
dcqc 430
eipe 530
tini 360
cagq 22
jtfm 292
kqgj 252
rded 146
ilgc 430
lbjh 682
slsh 139
mars 417
acnk 356
qjib 544
jhjb 82
jbrr 426
agrg 627
nkdt 525
thms 374
ftsp 431
crqi 663
epln 111
fmso 127
hpso 186
pfee 377
crso 290
fqlt 42
icrt 207
albo 334
efka 225
okod 70
qttt 573
clsp 342
pobn 633
icdq 485
naeh 232
gaam 32
ntcr 571
rnkl 180
dcin 175
iptd 232
hgkm 169
pees 389
rmss 401
knbd 41
hhce 40
igam 317
ofgg 3
krfh 670
mbdb 240
poql 353
hdgh 59
ppti 515
rpms 649
rotk 616
pnig 569
jcaa 417
jkqo 670
kmgd 342
kjtq 28
ajat 186
qiqc 683
kdfa 114
fdep 102
lddd 392
alnk 615
nfem 215
llct 176
tokq 93
mjcj 610
laap 432
hfkg 690
rgej 368
aefi 478
qnld 621
llge 437
popt 186
hecp 379
psci 268
pgns 685
fobf 468
ietp 70
gcst 628
inin 220
tghm 212
cseb 165
glfb 317
kmrb 633
hsbq 383
afii 49
jhhf 490
gbrj 121
lojl 159
nfqm 153
kgpi 243
lekd 155
rljc 387
jlhr 564
qrjk 343
epoa 29
ammk 384
tloq 451
qanf 674
tieg 390
mrbh 328
fnfo 353
ipjj 352
bjtt 666
sesd 478
crgm 232
mlpe 687
tbec 576
ofce 624
bqos 201
hdps 339
gimq 693
qnml 55
imfm 693
oask 681
qjch 240
nkkf 275
sepo 303
pifh 158
lkms 630
bbiq 648
fpis 697
qsqs 246
qebb 405
pmsa 4
tcop 325
inoo 60
tres 651
eqlh 1
khtp 79
gpcj 413
bfgs 138
agfo 558
nilj 405
elis 493
jici 104
ockj 527
lnbk 674
poon 243
eoee 583
qlrl 171
bhpl 72
noed 601
qeio 526
febq 595
crog 453
rglj 449
htif 256
sldf 212
grjg 35
qakh 522
bges 46
ajdj 380
irtl 41
nhsf 187
klcl 38
emif 336
cnig 77
iaqe 83
ndlk 107
qnjt 177
grrk 377
frph 255
lbgi 328
grer 185
nkfq 180
lbkc 580
dcqh 14
oieg 566
sfmj 491
krjb 610
atlf 546
laqf 375
ifai 286
ropj 217
pfrp 188
jmms 669
gmbr 606
jfmn 287
kqle 221
ifjr 147
cpjg 121
msql 144
eeig 95
osif 186
ffsh 178
bfjo 162
nfep 536
ttdb 138
mihc 441
locp 370
oqth 44
emlk 239
dsdk 392
rtjm 274
ftgm 384
hehq 487
lanp 350
lmem 416
qprq 690
qiia 573
jqts 229
kkon 377
qcqj 254
gkna 171
eksm 492
gnld 593
fkjo 439
mlfh 420
jtao 381
hncd 274
ibsa 99
qfma 639
tqtq 388
oppd 464
itck 271
ckjn 496
jkct 379
dtms 50
lcmt 287
rclb 584
nrqg 495
bnfd 193
bnam 630
lclr 119
gebn 620
khhq 646
hmnd 231
hdbe 229
lang 557
qqkn 58
sscg 685
aana 685
lsgp 83
oohq 9
ipps 125
qbnb 278
btli 623
oain 523
bemc 380
kijt 109
mcep 629
chnt 319
qmfq 246
qfgj 339
fsbs 520
mcka 609
edmc 49
elip 289
qgfc 111
rshd 69
qaib 687
htba 510
aese 347
dlmd 329
jlkc 18
pgcl 344
gpne 489
dpnj 10
gaoi 452
dfsh 443
bnah 665
phlk 597
lbsj 369
cphn 544
bsle 245
gsgk 535
cagh 405
rbth 670
eptt 547
liao 124
ehbj 150
mcis 409
qjls 164
gqrb 177
fggh 315
ftsb 661
hnsm 469
igss 276
hbam 585
mqeo 674
mpli 542
koap 228
gshe 61
fsds 130
rfga 690
hnkn 512
efif 631
pdes 488
mhsj 421
kgqm 685
njsg 549
roje 286
kopj 493
cnfg 14
msob 316
qskm 79
bbrf 503
cdef 16
jhlr 365
agle 302
okcq 436
hehr 475
hjma 134
necm 358
hgfi 77
jgct 333
mnaf 216
ilel 395
emtq 160
nifj 227
sqhn 661
rhsk 491
dfob 362
alst 674
tioa 561
ndjp 493
sgid 285
mjod 74
qttk 429
ldni 513
tcot 219
hhrr 449
mdtq 353
akga 681
ikft 635
ifnj 481
rjgp 555
lomk 333
etft 671
nocm 49
fliq 295
kblo 329
tdmd 386
mjrk 134
prqb 495
kmtg 494
carn 535
qtiq 196
dfmj 166
nfto 18
hjdp 256
rgpr 37
ggqj 559
kidh 636
msrh 404
cskj 641
kcni 218
oema 316
lbeq 658
pbjd 579
fnrk 420
qqkj 193
bjsg 502
nqjm 647
qokp 510
annb 84
ijlk 154
tnmr 573
sfah 59
pteo 568
kmcl 184
anqn 125
dghi 382
ioco 83
hkde 570
lofr 548
igqq 418
jnsb 345
agam 426
crbp 610
rgqi 446
tqpo 522
jttl 553
asit 289
bjdl 53
rhpd 141
kola 427
ibcq 561
halg 366
akjr 71
ragn 221
fdnr 513
jrme 584
omgs 241
hbbj 452
rbdg 117
jpts 658
lblm 634
lfgc 661
rjdp 508
arge 2
tkdd 507
rtkm 46
akbf 290
nscc 608
nsna 461
bnld 332
oeot 31
chtg 300
pbll 139
pbro 57
jlff 32
bmkq 285
noqd 112
eijj 212
mrln 445
lqqe 464
sfiq 675
hfrg 403
naal 441
inte 296
anei 210
ailc 282
qnkl 86
pqms 65
bthc 126
elcs 667
bper 671
tgrm 549
inlp 418
tkom 401
gbkd 162
aftr 598
qjes 76
kaof 233
oasb 594
gnan 484
gbeh 467
tdka 151
qcnk 352
djoa 38
ghka 63
lcsn 635
msqe 687
bmec 288
cbfe 596
lifk 642
odid 293
sgrn 144
jati 423
jelc 8
dnjj 654
fhrr 160
cknh 241
bnkm 54
oocp 117
cksf 694
lajp 34
omon 89
khhm 488
trpd 434
qhjp 293
ihsj 211
qnna 555
trqt 420
brjk 269
ohhc 239
ocpa 602
dfnc 189
rjlj 119
dkil 446
mcri 484
slno 35
jloi 219
lmcj 511
htpd 616
bbpc 105
scnq 90
hhef 688
mhpl 582
mqms 236
hdrp 561
iqgh 211
jmjr 680
indg 578
jhcb 561
gqpa 553
jinb 504
efic 45
mtkl 223
bghm 84
hjqm 360
mihn 183
qeol 227
ipjc 657
ccgp 487
pdjc 131
tnei 130
bese 654
dabs 178
cqto 698
asgm 364
ijhc 175
tnil 512
cpfd 589
ctjg 176
ccpl 307
mgdp 439
kekk 61
mpng 198
hsao 23
cbcb 214
tnme 159
oocl 57
qtbp 61
oloe 329
kldf 254
ndco 625
pfgm 677
ensr 160
hikd 562
dqcl 82
dhrs 244
qbtd 245
jiaf 377
jrjp 567
njdn 355
bchf 394
aerp 105
hmsc 525
aebq 692
icsr 431
meqa 580
hdhq 464
fmrp 389
bast 564
ppda 252
ocbq 557
aejf 554
cnqs 392
hjch 113
deir 237
roak 511
deso 502
dfii 470
dpdb 521
negf 146
bosk 14
gkla 522
qljk 562
fjof 10
fotn 464
hsgn 394
sgjp 258
gija 181
nfoq 245
klfh 649
rcjo 211
tlbt 429
jkki 273
rglp 653
srat 325
ekpp 596
fnae 594
gejo 299
htpn 685
marr 469
ktta 30
fbps 394
njro 338
rtoo 250
ickg 235
padq 296
iemp 215
qonf 563
rmhh 525
kgbq 458
kbgj 638
pbbe 401
dkco 397
fhdb 314
qkab 201
gohj 21
crqk 522
eqlm 287
tqcq 368
rqqn 200
joel 184
mphi 607
lgdo 492
rqht 654
prhb 434
mhnb 174
gjam 47
nbct 53
skca 475
fsjd 572
ohjb 696
coja 182
cmec 412
prji 359
ophi 490
eeop 190
cofs 132
qpok 300
nlpg 671
rcgp 668
pgna 672
cqog 654
eljb 587
ptbt 645
mpmo 346
nghd 19
slls 431
mrdg 117
fjdp 576
ieef 121
sfoh 688
ahsb 334
brfm 314
kojj 329
ahga 518
bsfo 596
ceth 646
rgfh 536
bepn 680
flgf 693
kdnt 296
mqak 217
tiec 197
elkr 591
eagl 454
qgmt 301
eibo 72
ptle 284
gsql 459
pelo 513
oeoi 461
fqit 610
llgf 639
pssp 91
niob 690
dsjj 43
iljg 516
slbm 153
ngbc 491
adme 478
fbjj 350
nqse 118
ophm 62
ehak 157
qpkc 305
kbnm 9
ccjm 468
hahc 232
hicp 533
qjbf 362
bnke 619
rrcc 671
mpbd 526
crja 388
gbgj 251
ftqq 584
qemg -72
lddc -208
jgjt -284
rhjn 661
ingj -32
iotq -205
dsnf -25
erlg -235
gbqr -192
dlhd 168
asot -215
kils -55
tact 640
bfkp 117
jcdo -140
olhh 480
jgnj 662
pgro -37
esfj -14
cddm -41
tfqr 532
gshn 397
hpsb -17
rglk -1
tcqi -265
dhip -115
ilso -237
hkim 143
shft 522
kpfd -239
khnn 584
DOMAIN------
srqh -71
rgco -263
gtkd -20
qfoa -248
kpfd -239
ilso -237
dhip -115
tcqi -265
fkjg -196
rglk -1
hpsb -17
tmsd -19
qemg -72
lddc -208
jgjt -284
ingj -32
iotq -205
dsnf -25
erlg -235
gbqr -192
asot -215
cddm -41
kils -55
esfj -14
pgro -37
jcdo -140
DOMAIN------
hirj -81
itln -181
caih -195
VOID------
jnho 171
bhkd 23
jphg 44
bdot 19
VOID------
tblt -277
goic -286
lqlg 220
tedf 88
VOID------
tblt -277
goic -286
lqlg 220
tedf 88
VOID------
tblt -277
goic -286
lqlg 220
tedf 88
VOID------
tblt -277
goic -286
lqlg 220
tedf 88
VOID------
aebt -279
ejjd -77
kmtd -293
mqlo -196
pkho -124
VOID------
aebt -279
ejjd -77
kmtd -293
mqlo -196
dhrd -156
VOID------
ejjd -77
aebt -279
dcml -96
goic -286
tblt -277
VOID------
ejjd -77
aebt -279
dcml -96
goic -286
tblt -277
VOID------
kmtd -293
ejjd -77
aebt -279
dcml -96
goic -286
VOID------
pkho -124
tblt -277
goic -286
dcml -96
aebt -279
VOID------
pkho -124
tblt -277
goic -286
dcml -96
aebt -279
VOID------
pkho -124
tblt -277
goic -286
dcml -96
aebt -279
VOID------
hgrk -289
ifla -204
nlhc -128
liop 299
tbfm -223
eiei -116
arci -286
chck -65
VOID------
hgrk -289
ifla -204
nlhc -128
liop 299
tbfm -223
eiei -116
arci -286
chck -65
VOID------
hgrk -289
ifla -204
nlhc -128
liop 299
tbfm -223
eiei -116
arci -286
chck -65
VOID------
hgrk -289
ifla -204
nlhc -128
liop 299
tbfm -223
eiei -116
arci -286
chck -65
VOID------
hgrk -289
ifla -204
nlhc -128
liop 299
tbfm -223
eiei -116
arci -286
chck -65
VOID------
ifla -204
rtpd 20
hgrk -289
lccr 183
hbbf 205
dfjl -84
eidm -269
cird -287
qbtj 577
dhrd -156
mqlo -196
kmtd -293
ejjd -77
VOID------
ifla -204
rtpd 20
hgrk -289
lccr 183
hbbf 205
dfjl -84
eidm -269
cird -287
qbtj 577
dhrd -156
mqlo -196
kmtd -293
ejjd -77
VOID------
ifla -204
rtpd 20
hgrk -289
lccr 183
hbbf 205
dfjl -84
eidm -269
cird -287
qbtj 577
dhrd -156
mqlo -196
kmtd -293
ejjd -77
VOID------
ifla -204
rtpd 20
hgrk -289
lccr 183
hbbf 205
dfjl -84
eidm -269
cird -287
qbtj 577
dhrd -156
mqlo -196
kmtd -293
ejjd -77
VOID------
ifla -204
rtpd 20
hgrk -289
lccr 183
hbbf 205
dfjl -84
eidm -269
cird -287
qbtj 577
dhrd -156
mqlo -196
kmtd -293
ejjd -77
VOID------
ifla -204
rtpd 20
hgrk -289
lccr 183
hbbf 205
dfjl -84
eidm -269
cird -287
qbtj 577
dhrd -156
mqlo -196
kmtd -293
ejjd -77
VOID------
ifla -204
rtpd 20
hgrk -289
lccr 183
hbbf 205
dfjl -84
eidm -269
cird -287
qbtj 577
dhrd -156
mqlo -196
kmtd -293
ejjd -77
VOID------
ifla -204
rtpd 20
hgrk -289
lccr 183
hbbf 205
dfjl -84
eidm -269
cird -287
qbtj 577
dhrd -156
mqlo -196
kmtd -293
ejjd -77
VOID------
ifla -204
rtpd 20
hgrk -289
lccr 183
hbbf 205
dfjl -84
eidm -269
cird -287
qbtj 577
dhrd -156
mqlo -196
kmtd -293
ejjd -77
VOID------
ifla -204
rtpd 20
hgrk -289
lccr 183
hbbf 205
dfjl -84
eidm -269
cird -287
qbtj 577
dhrd -156
mqlo -196
kmtd -293
ejjd -77
VOID------
eidm -269
cird -287
dhrd -156
mqlo -196
VOID------
ogkm -281
ndjd -30
pdtm -98
hehp 194
mqtd -83
trje -286
ctjr -131
hmhp -265
VOID------
ogkm -281
ndjd -30
pdtm -98
hehp 194
mqtd -83
trje -286
ctjr -131
hmhp -265
DOMAIN------
inkh -201
enbt -128
lcdn -206
eipi -195
cbpi -153
mgqb -53
qpac -120
jmbc -169
shld -268
qbij -110
glmd -43
iatr -283
mloi -86
noea -216
bbnk -198
icll -269
bkil -242
odlg -271
nppe -97
jgbl -218
kccd -202
ddkk -14
ctln -133
nlhp -23
oceq -264
ogkm -281
roep -175
nasn -77
ndjd -30
pdtm -98
nsmc -258
khtb -171
pqkt -186
desh -266
jgsb -97
ldds -258
lhng -16
hssb -194
gdqf -118
fmmh -150
moag -184
chck -65
arci -286
eiei -116
tbfm -223
nlhc -128
mqtd -83
trje -286
ifla -204
hgrk -289
ctjr -131
hmhp -265
ghlb -231
kbao -225
dfjl -84
eidm -269
cird -287
dhrd -156
hrck -90
mqlo -196
pkho -124
kmtd -293
ejjd -77
aebt -279
dcml -96
goic -286
tblt -277
VOID------
irnq 215
dpak -240
mmto -122
efhp 159
VOID------
dpak -240
mmto -122
eabb -236
nlfq 96
sabj -296
kccj -72
VOID------
dpak -240
mmto -122
eabb -236
nlfq 96
sabj -296
rnis -178
kccj -72
DOMAIN------
olhk -106
rnis -178
kccj -72
sabj -296
eabb -236
mmto -122
cqcc -42
dpak -240
VOID------
bdot 19
jphg 44
bhkd 23
jnho 171
VOID------
gprr 17
emno -14
dtmg -252
jlgr 314
VOID------
cqom -233
aitc -252
gprr 17
jlgr 314
ahsh -137
VOID------
fppm 91
ftmp -266
iaat -120
ictl -263
VOID------
ftmp -266
iaat -120
ictl -263
dqbr 89
VOID------
dggm 259
ftmp -266
iaat -120
ictl -263
VOID------
ftmp -266
iaat -120
ictl -263
lfri 79
VOID------
ftmp -266
iaat -120
ictl -263
lfri 79
VOID------
aitc -252
cqom -233
spsi 208
ggkq -112
VOID------
frmt -299
qmrd 49
kgap -129
atrr -97
hlms 19
rjdf -154
VOID------
frmt -299
qmrd 49
kgap -129
atrr -97
hlms 19
rjdf -154
VOID------
frmt -299
qmrd 49
kgap -129
atrr -97
hlms 19
rjdf -154
DOMAIN------
ehnf -236
rmgm -116
bbts -11
mpni -18
dhpd -230
erfm -298
knpo -270
cdrl -280
jhde -153
gqst -74
elqp -45
rmfq -4
rjdf -154
atrr -97
kgap -129
frmt -299
bqcq -75
paea -117
rjtc -51
ocrc -107
ictl -263
iaat -120
ftmp -266
nmsh -172
ahsh -137
ftkr -123
aitc -252
dtmg -252
emno -14
ggkq -112
cqom -233
VOID------
rgpr 37
tcin -246
fmtl -32
icmg 178
VOID------
ltfc -44
enfd -277
jgfb -50
rhcs 167
ahrn 162
qqpt -266
qdkb -182
dner -11
VOID------
tcin -246
rspd -16
llgi 147
aaqt 124
lstq -285
jdcf 55
jhld -254
VOID------
lstq -285
jdcf 55
jhld -254
iqsd -261
csfl -206
sgit -127
rqpd -51
VOID------
qdkb -182
dner -11
ejro -257
ffni -9
ffja -137
DOMAIN------
jehj -106
nant -148
ekdg -33
gqen -20
rell -170
nqtf -280
jtle -80
igil -129
hekb -283
cpjs -228
blqq -247
jfbh -215
rqpd -51
sgit -127
csfl -206
iqsd -261
jhld -254
behj -52
lstq -285
lipt -35
qapo -51
ftge -189
rspd -16
ffja -137
ffni -9
ejro -257
dner -11
qdkb -182
qqpt -266
jgfb -50
enfd -277
ltfc -44
fmtl -32
tcin -246
VOID------
bdot 19
jphg 44
bhkd 23
jnho 171
VOID------
pjja 440
tkma -55
klrs -81
tffn -232
VOID------
tkma -55
klrs -81
tffn -232
ecph -230
VOID------
tkma -55
klrs -81
tffn -232
ecph -230
hjai 341
stjq -120
spcb -165
ddel -153
alnl -79
VOID------
gdnc -296
sngj -243
tehn -205
pcgj 310
bjkt -6
fofb -144
famp -204
VOID------
gdnc -296
sngj -243
tehn -205
pcgj 310
bjkt -6
fofb -144
famp -204
VOID------
gdnc -296
sngj -243
tehn -205
pcgj 310
bjkt -6
fofb -144
famp -204
VOID------
gdnc -296
sngj -243
tehn -205
pcgj 310
bjkt -6
fofb -144
famp -204
DOMAIN------
abot -19
naab -18
jbje -127
gesj -108
jeor -47
stgi -189
eptm -187
fgmg -14
coot -118
orpp -253
oqqd -153
ptjr -75
famp -204
fofb -144
bjkt -6
tehn -205
sngj -243
gdnc -296
neoc -231
knie -291
lgeh -17
alnl -79
ddel -153
spcb -165
gipm -28
stjq -120
ecph -230
tffn -232
klrs -81
tkma -55
VOID------
jnho 171
bhkd 23
jphg 44
bdot 19
VOID------
egct -235
qist -84
pafs 55
qans 183
tcpj -289
DOMAIN------
kknm -244
rabj -292
tcpj -289
qist -84
egct -235
DOMAIN------
jtdj -161
brsh -56
ajdk -215
tscf -87
dmjj -82
kiih -253
gkhh -118
VOID------
hnml -163
gimg -294
nljr -160
dlri -118
VOID------
qdeb 57
etbq 101
dlri -118
nljr -160
VOID------
nomf -233
tsog 56
rmnp 329
eckd 96
VOID------
nomf -233
tsog 56
rmnp 329
eckd 96
VOID------
eckd 96
cpma 429
shad -217
onks -104
VOID------
nomf -233
dlri -118
nljr -160
gimg -294
hnml -163
cfjh -64
onks -104
VOID------
nomf -233
dlri -118
nljr -160
gimg -294
hnml -163
cfjh -64
onks -104
VOID------
irnf -133
onks -104
cfjh -64
hnml -163
gimg -294
nljr -160
dlri -118
VOID------
irnf -133
onks -104
cfjh -64
hnml -163
gimg -294
nljr -160
dlri -118
VOID------
irnf -133
onks -104
cfjh -64
hnml -163
gimg -294
nljr -160
dlri -118
VOID------
jnir -290
csqr -142
ognp -219
jjkj -265
VOID------
jnir -290
csqr -142
ognp -219
jjkj -265
VOID------
jnir -290
csqr -142
ognp -219
jjkj -265
VOID------
jnir -290
csqr -142
ognp -219
jjkj -265
VOID------
mksr -185
rtqe -253
geds -285
rojd -251
mtkf -257
gotk -110
VOID------
rtqe -253
mksr -185
arjl -102
fhbg -11
qqob -272
irnf -133
onks -104
VOID------
rtqe -253
mksr -185
arjl -102
fhbg -11
qqob -272
irnf -133
onks -104
DOMAIN------
dtei -31
gkdp -269
ejbk -142
snqo -244
msgs -216
joph -61
cfrn -71
hslf -261
tctd -30
meti -189
mgnr -1
onoj -55
ibmh -298
mqjn -53
iipc -108
imnr -135
jtkq -207
hneh -130
fscc -167
coks -9
mqsj -128
mrak -103
nsol -52
dinm -25
krsh -66
gotk -110
mtkf -257
rojd -251
loro -133
anhr -6
dkar -131
cksk -190
lpqo -201
jjkj -265
geds -285
rtqe -253
ognp -219
fhbg -11
qqob -272
irnf -133
arjl -102
mksr -185
csqr -142
jnir -290
jbns -26
rnbe -58
shad -217
onks -104
nomf -233
cfjh -64
gimg -294
nljr -160
dlri -118
hnml -163
VOID------
jnho 171
bhkd 23
jphg 44
bdot 19
VOID------
bdot 19
jphg 44
bhkd 23
jnho 171
LIGHT------
rnod 173
mjlt 283
rtbc 39
hmbp 507
egjg 136
gjdb 363
cahb 629
ccdt 359
pfdh 153
omgr 250
jlhn 176
bqet 341
neid 468
lldf 664
bpdg 374
tgtf 633
hjmq 229
anhk 345
arkb 411
tiop 458
grlj 186
lhno 325
agbf 557
jfcf 44
dmch 85
oqko 484
mfqa 117
ajeo 458
ccap 208
tchm 61
nrmg 370
ljdj 277
dcin 175
denj 625
hajm 507
akoe 304
glhk 544
hfdl 256
rkgf 21
eprh 107
fckt 29
htpf 291
gqeb 334
orpc 552
drnm 617
rgbd 31
rpkl 302
mlpe 687
tbec 576
ofce 624
bqos 201
hdps 339
gimq 693
qnml 55
imfm 693
oask 681
qjch 240
nkkf 275
sepo 303
pifh 158
lkms 630
bbiq 648
fpis 697
qsqs 246
qebb 405
pmsa 4
tcop 325
inoo 60
tres 651
eqlh 1
khtp 79
gpcj 413
bfgs 138
agfo 558
nilj 405
elis 493
jici 104
ockj 527
lnbk 674
poon 243
eoee 583
qlrl 171
bhpl 72
noed 601
qeio 526
febq 595
crog 453
rglj 449
htif 256
sldf 212
grjg 35
qakh 522
bges 46
ajdj 380
irtl 41
nhsf 187
klcl 38
emif 336
cnig 77
iaqe 83
ndlk 107
qnjt 177
grrk 377
frph 255
lbgi 328
grer 185
nkfq 180
lbkc 580
dcqh 14
oieg 566
sfmj 491
krjb 610
atlf 546
laqf 375
ifai 286
ropj 217
pfrp 188
jmms 669
gmbr 606
jfmn 287
kqle 221
ifjr 147
cpjg 121
msql 144
eeig 95
osif 186
ffsh 178
bfjo 162
nfep 536
ttdb 138
mihc 441
locp 370
oqth 44
emlk 239
dsdk 392
rtjm 274
ftgm 384
hehq 487
lanp 350
lmem 416
qprq 690
qiia 573
jqts 229
kkon 377
qcqj 254
gkna 171
eksm 492
gnld 593
fkjo 439
mlfh 420
jtao 381
hncd 274
ibsa 99
qfma 639
tqtq 388
oppd 464
itck 271
ckjn 496
jkct 379
dtms 50
lcmt 287
rclb 584
nrqg 495
bnfd 193
bnam 630
lclr 119
gebn 620
khhq 646
hmnd 231
hdbe 229
lang 557
qqkn 58
sscg 685
aana 685
lsgp 83
oohq 9
ipps 125
qbnb 278
btli 623
oain 523
bemc 380
kijt 109
mcep 629
chnt 319
qmfq 246
qfgj 339
fsbs 520
mcka 609
edmc 49
elip 289
qgfc 111
rshd 69
qaib 687
htba 510
aese 347
dlmd 329
jlkc 18
pgcl 344
gpne 489
dpnj 10
gaoi 452
dfsh 443
bnah 665
phlk 597
lbsj 369
cphn 544
bsle 245
gsgk 535
cagh 405
rbth 670
eptt 547
liao 124
ehbj 150
mcis 409
qjls 164
gqrb 177
fggh 315
ftsb 661
hnsm 469
igss 276
hbam 585
mqeo 674
mpli 542
koap 228
gshe 61
fsds 130
rfga 690
hnkn 512
efif 631
pdes 488
mhsj 421
kgqm 685
njsg 549
roje 286
kopj 493
cnfg 14
msob 316
qskm 79
bbrf 503
cdef 16
jhlr 365
agle 302
okcq 436
hehr 475
hjma 134
necm 358
hgfi 77
jgct 333
mnaf 216
ilel 395
emtq 160
nifj 227
sqhn 661
rhsk 491
dfob 362
alst 674
tioa 561
ndjp 493
sgid 285
mjod 74
qttk 429
ldni 513
tcot 219
hhrr 449
mdtq 353
akga 681
ikft 635
ifnj 481
rjgp 555
lomk 333
etft 671
nocm 49
fliq 295
kblo 329
tdmd 386
mjrk 134
prqb 495
kmtg 494
carn 535
qtiq 196
dfmj 166
nfto 18
hjdp 256
rgpr 37
icmg 178
iksi 321
lhpr 534
fklp 301
rhcs 167
ahrn 162
kdnl 485
rrdo 661
seng 439
rkfo 653
psmq 406
lhqg 553
tiir 681
amdc 642
jadj 401
sbod 341
tsra 40
dnas 614
qcjj 342
sdkq 674
htjh 72
phca 210
bpkj 215
hgdq 342
phqn 243
iete 333
oknr 485
femk 568
ddql 274
ottc 10
jmre 365
mseh 422
kooc 459
osna 657
ijcc 681
oits 150
ggtr 120
iada 69
pihl 237
mfqs 542
ldak 160
grfe 310
tebd 165
bcdi 615
llgi 147
aaqt 124
jdcf 55
njjc 231
drra 34
ismi 400
hmjp 451
tpke 477
jobp 466
pmnk 650
nkfm 640
jtbs 207
namm 80
flrt 566
ramq 533
bati 350
pqmt 475
qjnp 292
amqo 467
ltbo 507
qsos 401
aest 546
oiek 615
ssbq 307
rlal 214
ltfj 687
ndsi 289
jthp 672
lmbt 586
draf 418
sbkg 171
edht 659
jslb 460
mrcc 60
nkgo 300
alae 606
npta 221
sjdo 692
jjar 272
bprg 552
plca 279
dpjm 549
nflb 360
mghs 96
ogpi 334
ngns 277
ctoq 7
gjnp 538
dckb 305
jomb 325
mksd 506
bhcn 675
edim 449
bodg 134
bsbg 417
ocqt 89
holh 14
kddl 341
hsse 567
nlgs 437
aclp 311
mrab 104
oqet 418
hsdd 177
bgpo 265
iogk 684
qrjk 602
pcgj 310
ipdk 410
dage 293
picd 331
lcfa 59
bptf 298
sbjk 221
hjai 341
pjja 440
akqa 640
qijm 83
cqjl 361
dlrp 209
htah 310
nrkb 336
hkpd 63
morc 609
mock 105
msfa 383
oami 668
qdeb 57
etbq 101
cjgh 303
ccgj 39
mtkq 343
orjp 342
rnpp 524
gijc 311
enck 460
qjon 566
akcn 611
sado 551
smre 580
rqnh 492
peek 31
mfeg 186
eipl 344
nqfd 323
jikc 503
klki 209
form 116
cldt 200
daqq 489
nldh 44
rmqk 491
mlcp 652
ctac 596
bhic 191
mmjs 459
mdrt 211
rcnh 626
kfhj 135
gngj 465
cpma 429
eckd 96
rmnp 329
tsog 56
nrfr 664
efhb 524
tobj 421
dhmr 187
hmgn 674
riij 655
pitd 433
dgpf 627
aohd 617
fdoo 425
lcic 448
oqbq 143
nnnc 248
rgfe 3
mrnf 168
hbee 677
ojbc 232
qena 526
dhte 543
pafs 55
qans 183
emfq 59
pikg 205
matd 220
qqoj 85
jnba 135
sfmb 549
mtph 317
sfjn 193
jbko 571
sbje 664
lfab 88
dmoc 520
lkpf 203
gkod 24
ajls 557
nics 243
ghji 278
ggqj 559
kidh 636
msrh 404
cskj 641
kcni 218
oema 316
lbeq 658
pbjd 579
fnrk 420
qqkj 193
bjsg 502
nqjm 647
qokp 510
annb 84
ijlk 154
tnmr 573
sfah 59
pteo 568
kmcl 184
anqn 125
dghi 382
ioco 83
hkde 570
lofr 548
igqq 418
jnsb 345
agam 426
crbp 610
rgqi 446
tqpo 522
jttl 553
asit 289
bjdl 53
rhpd 141
kola 427
ibcq 561
halg 366
akjr 71
ragn 221
fdnr 513
jrme 584
omgs 241
hbbj 452
rbdg 117
jpts 658
lblm 634
lfgc 661
rjdp 508
arge 2
tkdd 507
rtkm 46
akbf 290
nscc 608
nsna 461
bnld 332
oeot 31
chtg 300
pbll 139
pbro 57
jlff 32
bmkq 285
noqd 112
eijj 212
mrln 445
lqqe 464
sfiq 675
hfrg 403
naal 441
inte 296
anei 210
ailc 282
qnkl 86
pqms 65
bthc 126
elcs 667
bper 671
tgrm 549
inlp 418
tkom 401
gbkd 162
aftr 598
qjes 76
kaof 233
oasb 594
gnan 484
gbeh 467
tdka 151
qcnk 352
djoa 38
ghka 63
lcsn 635
msqe 687
bmec 288
cbfe 596
lifk 642
odid 293
sgrn 144
jati 423
jelc 8
dnjj 654
fhrr 160
cknh 241
bnkm 54
oocp 117
cksf 694
lajp 34
omon 89
khhm 488
trpd 434
qhjp 293
ihsj 211
qnna 555
trqt 420
brjk 269
ohhc 239
ocpa 602
dfnc 189
rjlj 119
dkil 446
mcri 484
slno 35
jloi 219
lmcj 511
htpd 616
bbpc 105
scnq 90
hhef 688
mhpl 582
mqms 236
hdrp 561
iqgh 211
jmjr 680
indg 578
jhcb 561
gqpa 553
jinb 504
efic 45
mtkl 223
bghm 84
hjqm 360
mihn 183
qeol 227
ipjc 657
ccgp 487
pdjc 131
tnei 130
bese 654
dabs 178
cqto 698
asgm 364
ijhc 175
tnil 512
cpfd 589
ctjg 176
ccpl 307
mgdp 439
kekk 61
mpng 198
hsao 23
cbcb 214
tnme 159
oocl 57
qtbp 61
oloe 329
kldf 254
ndco 625
pfgm 677
ensr 160
hikd 562
dqcl 82
dhrs 244
qbtd 245
jiaf 377
jrjp 567
njdn 355
bchf 394
aerp 105
hmsc 525
aebq 692
icsr 431
meqa 580
hdhq 464
fmrp 389
bast 564
ppda 252
ocbq 557
aejf 554
cnqs 392
hjch 113
deir 237
roak 511
deso 502
dfii 470
dpdb 521
negf 146
bosk 14
gkla 522
qljk 562
fjof 10
fotn 464
hsgn 394
sgjp 258
gija 181
nfoq 245
klfh 649
rcjo 211
tlbt 429
jkki 273
rglp 653
srat 325
ekpp 596
fnae 594
gejo 299
htpn 685
marr 469
ktta 30
fbps 394
njro 338
rtoo 250
ickg 235
padq 296
iemp 215
qonf 563
rmhh 525
kgbq 458
kbgj 638
pbbe 401
dkco 397
fhdb 314
qkab 201
gohj 21
crqk 522
eqlm 287
tqcq 368
rqqn 200
joel 184
mphi 607
lgdo 492
rqht 654
prhb 434
mhnb 174
gjam 47
nbct 53
skca 475
fsjd 572
ohjb 696
coja 182
cmec 412
prji 359
ophi 490
eeop 190
cofs 132
qpok 300
nlpg 671
rcgp 668
pgna 672
cqog 654
eljb 587
ptbt 645
mpmo 346
nghd 19
slls 431
mrdg 117
fjdp 576
ieef 121
sfoh 688
ahsb 334
brfm 314
kojj 329
ahga 518
bsfo 596
ceth 646
rgfh 536
bepn 680
flgf 693
kdnt 296
mqak 217
tiec 197
elkr 591
eagl 454
qgmt 301
eibo 72
ptle 284
gsql 459
pelo 513
oeoi 461
fqit 610
llgf 639
pssp 91
niob 690
dsjj 43
iljg 516
slbm 153
ngbc 491
adme 478
fbjj 350
nqse 118
ophm 62
ehak 157
qpkc 305
kbnm 9
ccjm 468
hahc 232
hicp 533
qjbf 362
bnke 619
rrcc 671
mpbd 526
crja 388
gbgj 251
ftqq 584
rhjn 661
dlhd 168
tact 640
bfkp 117
shfm 102
olhh 480
jgnj 662
tfqr 532
gshn 397
hkim 143
shft 522
khnn 584
ihtm 591
airo 222
dndp 634
mgcp 675
ibnl 58
otkc 202
ilfo 178
bkfo 570
mkhr 505
nmtn 449
qlsp 643
msgk 354
aqks 12
lfhq 332
hdbh 407
psjj 167
drso 104
cpkf 30
ctoh 53
lroh 506
fcif 364
fbmd 283
kcmo 159
njfj 383
skap 468
optr 283
ogct 361
gatb 185
knhq 68
coim 691
cmps 270
jkjl 300
amdf 608
bsgi 314
titj 88
rtpd 20
lccr 183
hbbf 205
qbtj 577
ompo 108
lfto 295
lkrb 394
skgb 496
rciq 144
lnmb 269
baln 359
dcln 125
khog 27
cfkp 513
rogm 146
sjjg 151
cbcq 110
mmed 654
ccke 659
qfoh 284
dahm 227
ophj 242
ktiq 101
aisr 651
ecel 660
oenj 236
bqqa 420
ansi 596
ahcc 636
kfhh 692
eoqa 318
rnah 349
ooni 317
taeb 477
ddla 335
tmnf 3
rtni 540
dask 115
btrk 73
lplo 126
qcmh 336
fgni 208
lttr 388
tnpc 246
epsi 228
mhfh 50
jqsb 118
lbba 399
jfir 435
ngba 448
dmjq 690
pcgt 169
amhg 240
dfbs 501
jnpt 687
bpjd 517
aqnm 95
dgra 446
trhq 172
kgns 632
tdff 557
hmde 275
fpps 295
nkkc 113
ogbk 140
hlrk 395
ttsp 116
ltcb 45
hbps 391
apcm 303
dnpm 368
mpch 318
ddhh 550
edon 99
kcsm 13
oisk 99
iots 530
bqjd 15
tmjq 125
ssca 628
iqli 685
lmsi 188
incp 396
jipc 344
kder 339
tcnt 162
sjqb 201
bbhp 152
roko 88
frre 329
scaq 281
petd 623
blfk 43
hqta 227
jjcs 315
kgod 32
jfsq 71
mqpa 252
riqd 306
kjie 454
ebis 453
cckd 119
rgbt 586
qpfc 273
kjmr 491
roce 693
oiaq 382
lgtg 44
osta 373
pjql 446
gqss 482
rkeb 383
mbjj 504
hdpm 646
akon 146
igme 670
eamm 600
fkrc 535
hmaf 608
qbgb 546
dihs 667
hpgt 560
pteh 313
mltg 89
giri 525
rdnt 176
rbbf 615
bdqs 662
jsnf 650
perq 186
jhjc 187
naas 646
lkoj 118
bnda 506
qtph 146
ifos 698
eqjq 247
liop 299
bfck 508
aqhq 360
mbdh 118
japc 499
djqa 31
toth 212
gmjb 299
ttkr 669
fqds 590
jlda 520
efhp 159
oqao 132
odqj 656
qjdi 530
niqf 433
qarb 184
nlfq 96
irnq 215
kmep 179
bdls 448
madj 264
mklb 111
bctf 278
ntka 534
skkl 688
fplt 475
frgs 319
agit 306
tfse 225
skqa 18
ektg 41
sfpm 225
hslc 479
phqc 416
fghf 407
ckmj 209
fppm 91
eldt 230
pila 581
dggm 259
hplt 352
bgba 243
aati 105
sqjl 238
nlec 107
ddra 399
prfn 270
spsi 208
rcmg 310
lipb 644
esdi 593
igaa 389
qsim 95
dlrt 618
drtg 18
panp 329
jfqf 132
fqae 622
rmih 505
fkbo 282
jmfc 497
pjqr 601
hlms 19
qmrd 49
jaro 99
tlld 92
jtqj 491
skje 693
dqbr 89
safo 429
lfri 79
ihit 351
cnnq 305
jerj 249
okji 385
jfao 396
gtlk 603
dobn 591
klia 551
jlgr 314
gprr 17
dfgf 596
tedf 88
lqlg 220
inih 233
jcld 341
hthk 449
sfni 23
dqek 689
njnb 69
mijg 676
eqbo 491
erjc 15
jaem 221
cnqo 43
dagj 23
hthm 91
pdhc 519
legq 668
hrja 15
gksq 602
ihhf 219
hehp 194
gkfs 618
eafl 627
tfcd 270
fgar 194
tcnj 137
psfm 371
jebb 326
fsit 493
iatt 223
moep 197
dqtk 677
akbj 120
cbmq 518
nckm 542
piko 655
aglj 382
dffk 331
opnr 674
mktl 545
sfkq 81
sltr 119
rbmt 618
ajgl 630
apcd 421
esse 280
scgs 105
ehbo 351
ormr 46
cosh 49
tbho 359
ksel 288
bdhl 390
lrsn 154
nget 287
odmg 396
emdi 400
itaa 439
jjcc 560
micq 652
dmik 229
dstn 404
pfdk 456
ssai 564
ckhk 607
caqe 344
jpop 451
jqkm 199
ploi 451
jpmp 663
icqa 240
hoic 451
lqfp 517
aqgs 233
tpgp 132
ipgd 558
cqfh 589
njrn 583
eapr 314
tcqa 345
lqhi 606
gngn 457
rjql 587
gaee 340
naap 120
jbct 197
fcqq 450
qkqp 246
efks 144
elmc 230
tqtf 200
dnkr 224
hkrn 455
ianb 642
bacd 237
odib 319
qdgl 290
niig 251
hbpt 393
jjqi 685
omcl 654
iemh 343
bipd 225
jodo 623
scts 345
nakg 292
oaps 156
iobc 267
frot 281
tkmd 627
hhtk 510
loth 77
kbsa 144
ncmp 501
nmgp 627
soko 332
tllm 176
jdnj 491
cmkl 167
faci 66
slbp 295
pldc 30
dkkb 15
atrl 308
nagn 182
hfnj 249
ijeq 91
ngnj 219
bfbn 318
qgfb 138
eqoj 594
bacj 270
titc 196
tldf 173
csom 210
tssl 664
lcej 474
jsmc 153
jnho 171
bhkd 23
jphg 44
bdot 19
scjb 444
hplc 43
jppq 330
gqhj 676
asag 443
siji 393
gtia 662
kotj 107
oaab 490
dcqc 430
eipe 530
tini 360
cagq 22
jtfm 292
kqgj 252
rded 146
ilgc 430
lbjh 682
slsh 139
mars 417
acnk 356
qjib 544
jhjb 82
jbrr 426
agrg 627
nkdt 525
thms 374
ftsp 431
crqi 663
epln 111
fmso 127
hpso 186
pfee 377
crso 290
fqlt 42
icrt 207
albo 334
efka 225
okod 70
qttt 573
clsp 342
pobn 633
icdq 485
naeh 232
gaam 32
ntcr 571
rnkl 180
tmde 333
gkrt 106
tpmp 552
bhqb 448
ased 581
mdjq 682
aocq 544
lrcj 592
rbml 648
kjrd 676
maqg 58
kqok 361
ifer 475
ogdi 398
epnh 590
ornt 499
qbel 677
ikqj 405
reao 539
back 288
djfa 594
cppe 510
kajm 396
omht 59
aqml 455
eqab 5
stqg 181
imkh 174
tkce 307
bgie 584
intq 59
denh 157
gqar 7
esbn 278
iict 273
cqhh 329
qbms 286
nepn -124
ksme 2
bmno 256
VOID------
oeka 200
ejgg -267
mpms 158
lren -259
VOID------
ejgg -267
frph 255
lren -259
blgm -191
iqdo -27
VOID------
ejgg -267
frph 255
lren -259
blgm -191
iqdo -27
DOMAIN------
mbon -113
ccmj -47
tbic -169
blgm -191
iqdo -27
lren -259
ejgg -267
aboj -16
nepn -124
VOID------
bdot 19
jphg 44
bhkd 23
jnho 171
VOID------
bdot 19
jphg 44
bhkd 23
jnho 171
VOID------
bdot 19
jphg 44
bhkd 23
jnho 171
VOID------
koqo -230
dfgm -23
lrcs 122
hkpn -163
bnnp -234
fpnm -179
qano -164
nbtp -234
VOID------
nbtp -234
qano -164
fpnm -179
bnnp -234
hkpn -163
VOID------
nbtp -234
qano -164
fpnm -179
bnnp -234
hkpn -163
VOID------
nbtp -234
qano -164
fpnm -179
bnnp -234
hkpn -163
VOID------
nbtp -234
qano -164
fpnm -179
bnnp -234
hkpn -163
DOMAIN------
pdkb -125
pcsq -202
ohdh -137
rqok -221
afoc -62
ahtc -110
olgm -148
ksgp -163
nbtg -75
akno -221
rldr -191
tbce -163
pjpg -72
pqto -212
oqjb -190
mikb -41
opht -260
pqop -275
dosq -2
egeb -31
grtn -146
qhbq -286
koqo -230
dfgm -23
nbtp -234
hkpn -163
qano -164
fpnm -179
bnnp -234
VOID------
jnho 171
bhkd 23
jphg 44
bdot 19
VOID------
ephi -168
fdbp -291
plke -35
nfkp 229
VOID------
ephi -168
fdbp -291
plke -35
nfkp 229
VOID------
ephi -168
fdbp -291
peac -138
ajhj 458
VOID------
ephi -168
fdbp -291
peac -138
ajhj 458
VOID------
ephi -168
fdbp -291
peac -138
ajhj 458
VOID------
ebmq -97
caam -193
etck -31
pkgi -20
VOID------
ebmq -97
caam -193
etck -31
pkgi -20
siij -271
qnmo -268
VOID------
ebmq -97
caam -193
etck -31
pkgi -20
siij -271
qnmo -268
VOID------
ebmq -97
caam -193
etck -31
pkgi -20
siij -271
qnmo -268
VOID------
qnmo -268
siij -271
pkgi -20
etck -31
caam -193
ebmq -97
VOID------
qnmo -268
siij -271
pkgi -20
etck -31
caam -193
ebmq -97
VOID------
poti -270
dhmi -118
skrd -267
qidf 342
tcqt 307
ekni -288
jfll -237
qnmo -268
siij -271
pkgi -20
etck -31
VOID------
poti -270
dhmi -118
skrd -267
qidf 342
tcqt 307
ekni -288
jfll -237
qnmo -268
siij -271
pkgi -20
etck -31
VOID------
poti -270
dhmi -118
skrd -267
qidf 342
tcqt 307
ekni -288
jfll -237
qnmo -268
siij -271
pkgi -20
etck -31
VOID------
ekni -288
jfll -237
qnmo -268
siij -271
pkgi -20
etck -31
VOID------
ekni -288
jfll -237
qnmo -268
siij -271
pkgi -20
etck -31
VOID------
siij -271
qnmo -268
jfll -237
qbef 300
ekni -288
efkd 156
aker 438
skrd -267
dhmi -118
etdg 44
poti -270
orhk -151
mmgi -91
asei -85
VOID------
siij -271
qnmo -268
jfll -237
qbef 300
ekni -288
efkd 156
aker 438
skrd -267
dhmi -118
etdg 44
poti -270
orhk -151
mmgi -91
asei -85
VOID------
siij -271
qnmo -268
jfll -237
qbef 300
ekni -288
efkd 156
aker 438
skrd -267
dhmi -118
etdg 44
poti -270
orhk -151
mmgi -91
asei -85
LIGHT------
VOID------
skrd -267
ekni -288
jfll -237
qnmo -268
siij -271
pkgi -20
VOID------
skrd -267
ekni -288
jfll -237
qnmo -268
siij -271
pkgi -20
VOID------
siij -271
qnmo -268
efkd 156
jfll -237
ekni -288
skrd -267
dhmi -118
DOMAIN------
mqao -120
mrpq -17
nlts -294
ortl -102
kqpg -91
sifg -294
rreg -107
pfjh -222
jiba -74
nbpc -39
nlcc -183
igft -281
odjt -149
gmpt -220
keem -232
mded -48
kotq -151
fsqc -250
qgke -93
bhcm -253
ffdc -36
aepd -57
rqkj -75
bcqa -239
fbig -55
dsqg -47
lear -18
ited -287
fotr -198
jokp -130
asei -85
mmgi -91
orhk -151
poti -270
dhmi -118
skrd -267
ekni -288
jfll -237
dgqm -191
qnmo -268
siij -271
nsdc -118
pkgi -20
etck -31
caam -193
ebmq -97
foen -22
peac -138
plke -35
fdbp -291
ephi -168
scef -26
podr -234
cpbk -281
VOID------
tohq -186
hghm 124
gsqf -240
aiqr -207
VOID------
tohq -186
hghm 124
gsqf -240
aiqr -207
VOID------
tohq -186
hghm 124
gsqf -240
aiqr -207
VOID------
miih 275
tohq -186
ahpd -147
bomt -257
VOID------
miih 275
tohq -186
ahpd -147
bomt -257
VOID------
miih 275
tohq -186
ahpd -147
bomt -257
DOMAIN------
lgoj -2
oddk -39
bkbm -194
kieo -217
mteo -53
tleb -85
lhqn -31
hofc -232
aiqr -207
gsqf -240
tohq -186
ahpd -147
bomt -257
VOID------
jnho 171
bhkd 23
jphg 44
bdot 19
VOID------
frtm -264
fqef 63
kbdh -20
gsep 79
VOID------
frtm -264
fqef 63
kbdh -20
gsep 79
VOID------
frtm -264
fqef 63
kbdh -20
gsep 79
VOID------
frtm -264
fqef 63
kbdh -20
gsep 79
VOID------
tkpp -207
spim 158
hath -240
iscc -152
VOID------
hath -240
iscc -152
lrel 199
ripg -198
VOID------
pcgc -292
ksae 7
ijsj 333
agat -269
bbbi -245
LIGHT------
VOID------
lkma -137
npqa -102
jqir -193
frjg -79
VOID------
mgjk -164
ntnq -125
ltti -240
mpll 54
VOID------
mgjk -164
ntnq -125
ltti -240
tiko -229
jpnc -132
cspc -157
VOID------
mgjk -164
ntnq -125
ltti -240
tiko -229
jpnc -132
cspc -157
VOID------
mgjk -164
ntnq -125
ltti -240
tiko -229
jpnc -132
cspc -157
VOID------
mgjk -164
ntnq -125
ltti -240
tiko -229
jpnc -132
cspc -157
VOID------
mgjk -164
ntnq -125
ltti -240
tiko -229
jpnc -132
cspc -157
VOID------
mgjk -164
ntnq -125
ltti -240
tiko -229
jpnc -132
cspc -157
VOID------
mgjk -164
ntnq -125
ltti -240
tiko -229
jpnc -132
cspc -157
VOID------
mgjk -164
ntnq -125
ltti -240
tiko -229
jpnc -132
cspc -157
DOMAIN------
fljn -111
erio -80
aobh -180
tnrd -151
gcqp -85
rbpe -131
fnha -287
sftk -130
adeg -220
jfsn -219
ssrq -202
iijq -17
cspc -157
jpnc -132
tiko -229
ltti -240
ntnq -125
hodm -249
lpfb -286
ieer -251
clab -110
ojnn -214
soln -72
frjg -79
jqir -193
mgjk -164
npqa -102
ihar -63
lkma -137
etrd -285
rqog -138
hrsk -65
tnkr -13
bbbi -245
agat -269
pcgc -292
jocj -272
nqjh -171
hfql -286
qort -157
hgdg -8
acag -6
ripg -198
iscc -152
hath -240
tkpp -207
kbdh -20
frtm -264
enio -25
tqis -110
jhij -36
VOID------
nsgl -192
atis -243
ijqm 668
qmhi -15
VOID------
nsgl -192
atis -243
rrbj 423
ednq 60
VOID------
gkak -75
gbdd -188
qrkh -247
tfto -45
VOID------
pjgj -283
gkfk -20
bgfd 100
khoi -240
cqbt -221
qtfp -2
VOID------
teid -192
gsqr -149
rtgf -205
jprk -20
VOID------
teid -192
gsqr -149
rtgf -205
jprk -20
VOID------
tfto -45
gppl -248
lrel 199
pjgj -283
gkfk -20
khoi -240
VOID------
gppl -248
pjgj -283
gkfk -20
khoi -240
VOID------
gppl -248
pjgj -283
gkfk -20
khoi -240
VOID------
gppl -248
pjgj -283
gkfk -20
khoi -240
VOID------
gppl -248
pjgj -283
gkfk -20
khoi -240
VOID------
gppl -248
pjgj -283
gkfk -20
khoi -240
VOID------
gbdd -188
qrkh -247
njcn -102
orrl -109
irma -131
bpkq -47
VOID------
gbdd -188
qrkh -247
njcn -102
orrl -109
irma -131
bpkq -47
VOID------
rtgf -205
jprk -20
ppdk -189
pttk -67
smip -281
bpar -43
VOID------
rtgf -205
jprk -20
ppdk -189
pttk -67
smip -281
bpar -43
VOID------
cilm -92
atis -243
nsgl -192
qmhi -15
gkak -75
gbdd -188
VOID------
cilm -92
atis -243
nsgl -192
qmhi -15
gkak -75
gbdd -188
VOID------
cilm -92
atis -243
nsgl -192
qmhi -15
gkak -75
gbdd -188
VOID------
cilm -92
atis -243
nsgl -192
qmhi -15
gkak -75
gbdd -188
VOID------
cilm -92
atis -243
nsgl -192
qmhi -15
gkak -75
gbdd -188
VOID------
cilm -92
atis -243
nsgl -192
qmhi -15
gkak -75
gbdd -188
VOID------
cilm -92
atis -243
nsgl -192
qmhi -15
gkak -75
gbdd -188
DOMAIN------
hpsb -10
laap -136
ooos -106
mhfs -97
obga -93
rioe -210
nppn -19
gqrf -206
ajnd -213
lpph -169
ejsa -229
aqan -216
qpqh -99
gnba -3
taam -17
hieh -23
glsm -2
sech -23
bfqo -167
bpar -43
smip -281
irma -131
bpkq -47
pttk -67
ppdk -189
orrl -109
jprk -20
rtgf -205
gsqr -149
teid -192
qtfp -2
cqbt -221
khoi -240
gkfk -20
pjgj -283
njcn -102
gppl -248
qrkh -247
tfto -45
gbdd -188
gkak -75
cilm -92
atis -243
qmhi -15
nsgl -192
VOID------
jodc -22
qndi 90
hnjj -176
fgcq -145
VOID------
hnjj -176
fgcq -145
kcbb -216
nnsd -40
VOID------
fgcq -145
hnjj -176
jodc -22
nnsd -40
VOID------
hcda -136
hirc 68
lblp 288
kmes -144
hngh -297
dhpe -274
VOID------
apag -174
bsid -286
ajhg -296
ljkh 322
VOID------
qgld -254
fktd -169
isgj -175
dsjl -193
VOID------
qgld -254
opjo -296
dcbj -111
ajhg -296
VOID------
qgld -254
opjo -296
dcbj -111
ajhg -296
DOMAIN------
hses -279
edsa -128
rpdb -19
pahc -108
dsjl -193
isgj -175
fktd -169
dntd -55
qgld -254
opjo -296
dcbj -111
dhpe -274
hngh -297
ajhg -296
kmes -144
hcda -136
bsid -286
csds -75
apag -174
nnsd -40
kcbb -216
fgcq -145
hnjj -176
jodc -22
DOMAIN------
VOID------
ednq 60
jbgc 12
jrtq 14
teqh 36
VOID------
cemb 145
sret -101
nhrp -208
tqjf -270
VOID------
sret -101
nhrp -208
tqjf -270
nbbr 481
gbhk -159
ifdo 84
ahmj 104
mokh 49
seod -146
ftjn -282
ajmp -153
rghj -130
VOID------
sijd -175
tplr -25
joli -250
ocnb -201
nakl -146
VOID------
ajmp -153
ftjn -282
seod -146
gbhk -159
tqjf -270
VOID------
ajmp -153
ftjn -282
seod -146
gbhk -159
tqjf -270
VOID------
ajmp -153
ftjn -282
seod -146
gbhk -159
tqjf -270
DOMAIN------
aegk -109
tpkf -144
lmql -11
fglf -42
jkbt -1
ekpr -277
ckaj -72
bcas -20
afac -4
hnjs -263
fkin -294
nakl -146
ocnb -201
joli -250
tplr -25
sijd -175
olpp -2
rghj -130
ajmp -153
ftjn -282
seod -146
gbhk -159
sret -101
nhrp -208
tqjf -270
DOMAIN------
VOID------
ikqm 86
dbrj 191
sskc -114
tjie -116
VOID------
ikqm 86
dbrj 191
sskc -114
tjie -116
VOID------
rfpe -13
qjtl -168
gmdk -37
brqa -292
VOID------
dqcf -186
ssje -95
tjie -116
orqr 77
dieh -8
mhpe -292
ndgt -128
kdjo 107
psrs -172
rkmn -203
VOID------
ssje -95
dqcf -186
brqa -292
gmdk -37
lmrf 199
efcn 130
qjtl -168
rfpe -13
ijlc -3
jolg 162
eiss -50
gmts -160
eqce -109
fiph 24
bhmc -300
VOID------
ssje -95
dqcf -186
brqa -292
gmdk -37
lmrf 199
efcn 130
qjtl -168
rfpe -13
ijlc -3
jolg 162
eiss -50
gmts -160
eqce -109
fiph 24
bhmc -300
VOID------
tjie -116
dieh -8
mhpe -292
ndgt -128
nmao 326
mejl 198
psrs -172
rkmn -203
dkma -68
fkgi 248
mdpr -103
sjal -137
ohhk -110
ikmn 2
sskc -114
VOID------
tjie -116
dieh -8
mhpe -292
ndgt -128
VOID------
tjie -116
dieh -8
mhpe -292
ndgt -128
VOID------
tjie -116
dieh -8
mhpe -292
ndgt -128
VOID------
melt -86
ongh -262
kefq 100
ojnh 85
teqh 36
jrtq 14
qosn -98
akir -277
jbgc 12
ednq 60
nhdq -147
amgp -69
adco -33
cdbj -110
VOID------
psrs -172
ndgt -128
kqtt 131
kdjo 107
mhpe -292
dieh -8
tjie -116
ssje -95
VOID------
sskc -114
ohhk -110
moaf 184
sjal -137
dhmb 90
darm 26
mdpr -103
sinj 97
oasg 32
tqpg 34
dbqc -280
npjr -282
dmeo 31
qqhp -212
qoic -45
VOID------
brqa -292
scsl -180
dhmb 90
coir -89
darm 26
sinj 97
ocls -1
oasg 32
tqpg 34
dmeo 31
dqcf -186
ssje -95
pdqj 147
tjie -116
dieh -8
dcih 51
mhpe -292
chbr 20
ndgt -128
VOID------
brqa -292
scsl -180
dhmb 90
coir -89
darm 26
sinj 97
ocls -1
oasg 32
tqpg 34
dmeo 31
dqcf -186
ssje -95
pdqj 147
tjie -116
dieh -8
dcih 51
mhpe -292
chbr 20
ndgt -128
gmll -205
hlas -250
jstj -116
DOMAIN------
koab -49
rbeo -248
jjmh -18
ikkg -31
lkll -131
mbig -227
sqen -109
sasb -5
rgdk -41
qgkn -128
jstj -116
hlas -250
gmll -205
plfj -130
pkpg -18
defm -295
sjcd -20
mjkr -75
qoic -45
qqhp -212
npjr -282
dbqc -280
tflk -170
ssia -45
epep -24
nibq -264
tlho -35
akir -277
qosn -98
cdbj -110
adco -33
amgp -69
nhdq -147
ongh -262
melt -86
coir -89
scsl -180
ocls -1
dkma -68
mdpr -103
sjal -137
ohhk -110
rkmn -203
psrs -172
ndgt -128
mhpe -292
dieh -8
bhmc -300
eqce -109
gmts -160
eiss -50
ijlc -3
rfpe -13
qjtl -168
gmdk -37
brqa -292
dqcf -186
ssje -95
tjie -116
sskc -114
DOMAIN------
scpn -13
qjij -185
snqf -234
snom -268
VOID------
qhib -258
hqoc 221
psmg 189
ljda -229
paqs -120
VOID------
ljda -229
paqs -120
bhce -75
qpjf 149
gcrc -182
VOID------
ljda -229
paqs -120
bhce -75
fhcp 61
TIME: 0.138