VOID------
lecn 121
sphg 569
fbhb 642
ajes 164
DOMAIN------
fasn -21
djbi -45
eqbs -279
piql -28
ntss -173
qbit -19
ndfj -79
VOID------
jjrg -105
bqlg 55
sgcb -78
tneo 349
VOID------
pqhd -191
fhro 329
tneo 349
tnkh -123
VOID------
bqlg 55
pqhd -191
accd -39
feac 26
VOID------
fhra 3
feac 26
bqlg 55
tnkh -123
VOID------
ptdc 284
mtki -225
qbhh -60
jftm -247
VOID------
ptdc 284
mtki -225
qbhh -60
jftm -247
VOID------
ptdc 284
mtki -225
qbhh -60
jftm -247
VOID------
bfcd -32
fiil -186
dsgt -104
tmic 275
ogij -225
VOID------
bfcd -32
fiil -186
dsgt -104
tmic 275
ogij -225
nfkr -22
VOID------
ksjn -184
scep 179
bfcd -32
fiil -186
dsgt -104
VOID------
ksjn -184
scep 179
bfcd -32
fiil -186
dsgt -104
VOID------
ogij -225
dsgt -104
fiil -186
igfk 50
bfcd -32
agql 139
ksjn -184
pppk -12
VOID------
ogij -225
dsgt -104
fiil -186
igfk 50
bfcd -32
agql 139
ksjn -184
pppk -12
VOID------
ogij -225
dsgt -104
fiil -186
igfk 50
bfcd -32
agql 139
ksjn -184
pppk -12
VOID------
fiil -186
dsgt -104
ogij -225
lhgc 94
nfkr -22
kcot -118
VOID------
fiil -186
dsgt -104
ogij -225
lhgc 94
nfkr -22
kcot -118
VOID------
fiil -186
dsgt -104
ogij -225
lhgc 94
nfkr -22
kcot -118
LIGHT------
VOID------
ebkn -170
fqkj -165
npob -116
hqfs -181
jhkt -237
dfqt 168
tsld -57
naqk -174
pgas -55
VOID------
ebkn -170
fqkj -165
npob -116
hqfs -181
jhkt -237
dfqt 168
tsld -57
naqk -174
pgas -55
VOID------
cdcb -52
ipqf -164
qrci -224
fhra 3
nlpj -248
VOID------
bslh -24
spqo -226
bhtk -128
mjaf -7
pgei -203
VOID------
cdcb -52
ipqf -164
qrci -224
feac 26
nlpj -248
fhra 3
imdj -245
hear -59
VOID------
cdcb -52
ipqf -164
qrci -224
feac 26
nlpj -248
fhra 3
imdj -245
hear -59
VOID------
kcic -292
ojke -182
gjsd -40
amnb -73
ejsd -276
kolb -110
jihn -198
VOID------
kcic -292
ojke -182
gjsd -40
amnb -73
ejsd -276
kolb -110
jihn -198
VOID------
kcic -292
ojke -182
gjsd -40
amnb -73
ejsd -276
kolb -110
jihn -198
VOID------
kcic -292
ojke -182
gjsd -40
amnb -73
ejsd -276
kolb -110
jihn -198
DOMAIN------
fnln -97
kngj -140
lrfe -253
blbk -9
krdq -183
jqcc -40
shqs -247
tghj -255
ibsc -196
jihn -198
kolb -110
ejsd -276
eeon -130
amnb -73
irtr -36
hnee -242
bcci -284
asrc -23
otfm -228
sbpa -166
gjsd -40
loih -52
inmn -197
tsak -95
fbaj -50
bdki -148
ojke -182
kcic -292
pgas -55
naqk -174
tsld -57
jhkt -237
qblj -228
hqfs -181
ctbm -21
npob -116
fqkj -165
ebkn -170
ekto -75
tcio -55
gcph -212
daos -71
bmnn -258
cdcb -52
ipqf -164
qrci -224
npfs -33
pgei -203
mjaf -7
bhtk -128
spqo -226
bslh -24
rffn -222
nlpj -248
imdj -245
hear -59
apet -102
qocl -244
erdj -111
adgc -172
sghk -42
kcot -118
jbmi -32
nfkr -22
ogij -225
dsgt -104
fiil -186
jeqk -148
bfcd -32
ksjn -184
pppk -12
jrjs -36
odod -176
onnq -38
mqsc -169
pgfs -76
iabs -154
fisk -168
gdkl -136
skhh -79
mtki -225
qbhh -60
jftm -247
accd -39
pqhd -191
tnkh -123
sgcb -78
jjrg -105
VOID------
tsek 373
bqlg 55
feac 26
fhra 3
VOID------
lprd -271
dapl 75
melp -274
sbdd 395
iqkk -7
DOMAIN------
midn -103
gtrr -8
melp -274
iqkk -7
lprd -271
VOID------
tsek 373
bqlg 55
feac 26
fhra 3
VOID------
nkbo 606
eoch -154
diht -207
pldc -266
VOID------
ogdc 155
hkkn 154
donh -221
rrdd -289
VOID------
donh -221
rrdd -289
qhgg -62
lgrg 121
VOID------
qhgg -62
rrdd -289
donh -221
ndms 39
VOID------
gcsi -192
ithj -172
gtrl -69
qarp -251
cnao -85
VOID------
eqrh -14
gcsi -192
ithj -172
gtrl -69
qarp -251
VOID------
qhgg -62
ojoo -82
agli -143
cscd -111
fsjf -73
lgrg 121
bqca 325
eqrh -14
gcsi -192
ithj -172
gtrl -69
qarp -251
VOID------
qhgg -62
ojoo -82
agli -143
cscd -111
fsjf -73
lgrg 121
bqca 325
eqrh -14
gcsi -192
ithj -172
gtrl -69
qarp -251
VOID------
qhgg -62
ojoo -82
agli -143
cscd -111
fsjf -73
lgrg 121
bqca 325
eqrh -14
gcsi -192
ithj -172
gtrl -69
qarp -251
VOID------
lrfq -10
jdqm -288
cnao -85
qarp -251
gtrl -69
DOMAIN------
eoek -94
gfaf -3
sonp -133
gqek -234
qbae -250
pgmj -297
eaoq -95
mioq -59
tjnt -17
hhog -61
iqhg -101
qnjl -15
nhmq -170
fgje -61
ipcr -247
lrfq -10
jdqm -288
cnao -85
qarp -251
gtrl -69
ithj -172
gcsi -192
eqrh -14
fsjf -73
cscd -111
agli -143
lmdi -55
ojoo -82
rdse -31
mlro -81
qhgg -62
rrdd -289
donh -221
eoch -154
diht -207
pldc -266
LIGHT------
lbfl 400
qdee 202
fkqp 232
qmkk 50
ifbk 321
fdfq 332
qrlj 231
oitt 292
rjml 559
cqnl 345
cphr 462
mfbl 513
tdrj 313
bgne 105
ojpc 77
cfsm 181
mtst 247
mqer 12
plkm 617
kedg 545
kffs 429
opgd 436
jmtp 347
emfq 38
gknl 443
flds 536
jark 656
pegi 398
ogdc 155
hkkn 154
erbi 468
eoet 395
rrei 693
lnms 590
ljnr 184
bqca 325
lgrg 121
gftq 451
sikm 323
foaa 392
kbbg 524
ndms 39
dcal 295
dapl 75
sbdd 395
ilnf 310
ffdj 505
sfan 668
diji 679
qmcm 164
aoag 239
loan 485
caas 635
sigl 397
egha 131
gicn 237
ipjh 284
nrbc 453
qdna 111
ilqt 231
qcmf 262
nago 580
mahp 288
pdat 491
fbkd 678
nkcf 507
semd 501
kebh 471
bdbf 310
bcml 93
jkei 620
rlqp 493
qaph 419
tpbn 538
chcb 591
rcaj 363
lpel 615
dknc 690
bshm 2
ecdc 229
dmnk 211
dokc 192
arqq 315
akcn 588
mehp 190
nkon 161
ohnq 238
sqpr 452
jljp 136
egni 492
etop 289
makq 686
jhdf 386
bicr 265
pqob 674
qlap 525
obsc 178
fmfh 484
sgsb 76
soht 527
jnib 504
ndlo 461
elbj 490
nglp 461
djhm 92
jhsa 354
tgcd 405
imog 619
alme 393
pama 79
giir 164
trro 636
fckr 10
jlei 619
bign 29
jdap 209
glao 212
lprm 230
janm 227
qkji 444
ronp 543
aicc 679
ongj 259
hjtt 96
kpak 286
mlrf 280
njnb 516
grbs 291
bfmo 263
djjg 332
tmho 83
mpan 376
ltls 207
ccab 278
atsk 256
pmjb 236
bgdr 681
thgd 539
nmrs 417
asep 203
ijkl 127
ddlo 85
npfg 459
itcs 635
bpbh 699
dgdb 86
chrl 417
rlqt 333
mshj 632
stpr 602
sdmt 222
fane 85
coti 57
aosf 593
tmld 342
shqf 519
tdgd 270
fhjc 202
dfqt 168
jolr 297
qdat 410
ejkf 187
irok 459
paqp 508
dtnq 574
epfb 572
linf 304
ktfg 410
ojij 678
bmqb 371
qnbf 250
gskb 555
gmbq 155
jcgg 314
lhfk 450
hnno 530
rrkc 290
dtpj 10
bsdh 581
jpfp 533
kiim 466
eoim 235
okrt 631
mlao 485
stsj 624
aihi 70
dqmm 513
ncil 146
lhgc 94
rjqo 612
psqn 265
stsr 429
dsfb 616
nnar 490
aflm 278
ahtf 192
midl 591
ktrm 52
koss 456
fsrd 550
iilq 427
csqa 556
bdcl 648
ahmh 674
egno 395
fmnm 526
rcbe 30
bppi 605
cppm 98
jfsj 260
hqrs 551
schs 300
nscg 625
scep 179
chhb 330
cbej 573
hite 526
nhnp 376
iesa 674
ptks 677
kboi 193
emfn 422
stit 645
pbed 609
njia 558
ggnj 326
lfpb 284
dtrg 18
ajpf 47
lenp 246
aesp 305
krjk 14
clre 143
kgof 98
mkdf 326
dalc 413
llhn 624
fhro 329
tneo 349
cfro 34
hcth 624
lmcc 600
anok 533
aqhf 394
maha 457
gsnl 164
etfq 2
mbbd 293
kdim 180
noci 605
bpkn 359
nmim 456
qgfi 434
rmgk 55
inid 10
nojq 300
jcpf 223
sbjs 172
cfcf 317
imfp 141
mmjo 676
rqmj 300
igcg 569
smst 658
odia 280
tqsd 544
pbck 74
cpkt 248
cggk 600
gkhl 157
polm 641
bfem 477
bnij 654
pkci 642
sphg 569
fbhb 642
ajes 164
lecn 121
tpod 33
ebln 344
rrtd 478
igfk 50
agql 139
drss 241
tsek 373
bqlg 55
feac 26
fhra 3
reri 501
inef 404
grrl 596
rmrq 123
oomr 663
dlph 638
colb 525
bnor 693
fcib 341
nanp 310
mmpj 188
bdjp 697
brpd 524
tnle 450
ptdc 284
jctf 565
mhkd 123
drjd 288
jdka 236
ecpn 648
nfqq 694
bflr 350
jicn 102
ofke 515
qjni 423
gghb 386
tmic 275
qoel 205
erde 268
mjao 311
tfff 315
peoe 160
mbch 305
okdo 372
imch 608
toeg 645
fegr 234
lrmd 245
lkjm 381
nfoc 596
cckb 405
ridb 155
cpdi 447
bgji 211
hnac 517
fibm 572
palh 468
nkbo 606
mjqk 229
qrnq 352
katr 4
cnrc 617
eopj 324
prro 233
iibm 199
jrna 557
ftmn 683
gipd 187
eojj 645
ilfs 244
rlbp 616
stlj 475
bfqa 84
iqea 111
pgok 476
baad 347
njlc 321
ojsq 204
dhln 516
smet 433
flsk 487
ctbi 68
spom 224
VOID------
tsek 373
bqlg 55
feac 26
fhra 3
VOID------
tsek 373
bqlg 55
feac 26
fhra 3
DOMAIN------
pqqs -95
lkpi -117
gced -50
gsmq -158
fedr -170
htgj -176
VOID------
ffle -213
trgj -281
sopd -276
fclr -262
spcd -68
baiq -208
eogk -137
sapo -144
VOID------
ffle -213
trgj -281
sopd -276
fclr -262
spcd -68
baiq -208
eogk -137
sapo -144
VOID------
ffle -213
trgj -281
sopd -276
fclr -262
spcd -68
baiq -208
eogk -137
sapo -144
alis 224
dtop 369
qejc -251
gccp 252
lijm -292
joso -166
betb 172
qmqs -4
seer -296
mflc -165
cdmm -139
fkjt -72
msfe -268
cjjs -157
dhqg -148
rngi -76
cklp -236
VOID------
joso -166
lijm -292
qejc -251
sapo -144
eogk -137
baiq -208
spcd -68
fclr -262
mmiq 535
aggd 391
sopd -276
gipe 81
trgj -281
ffle -213
lsaq 445
pqtp -44
glqh -55
itqm -102
qndm -174
tqpm -43
bnnr -240
ofbc -274
ksqa -74
tncf -195
qsss -131
VOID------
ffle -213
trgj -281
sopd -276
fclr -262
spcd -68
baiq -208
eogk -137
sapo -144
ogik 355
nbno 117
qejc -251
alis 224
lijm -292
joso -166
dtop 369
qmqs -4
seer -296
mflc -165
cdmm -139
fkjt -72
msfe -268
cjjs -157
dhqg -148
rngi -76
cklp -236
VOID------
ffle -213
trgj -281
sopd -276
fclr -262
spcd -68
baiq -208
eogk -137
sapo -144
ogik 355
nbno 117
qejc -251
alis 224
lijm -292
joso -166
dtop 369
qmqs -4
seer -296
mflc -165
cdmm -139
fkjt -72
msfe -268
cjjs -157
dhqg -148
rngi -76
cklp -236
VOID------
ikdk -186
trab -169
qbkj -101
fdjs -125
grrb -204
smqc -241
hiok -280
cklp -236
asgs 66
brfo 494
rngi -76
bram 138
dhqg -148
cjjs -157
fnen 126
msfe -268
fkjt -72
cdmm -139
mflc -165
seer -296
qmqs -4
joso -166
lijm -292
qejc -251
sapo -144
VOID------
ikdk -186
trab -169
qbkj -101
fdjs -125
grrb -204
smqc -241
hiok -280
cklp -236
asgs 66
brfo 494
rngi -76
bram 138
dhqg -148
cjjs -157
fnen 126
msfe -268
fkjt -72
cdmm -139
mflc -165
seer -296
qmqs -4
joso -166
lijm -292
qejc -251
sapo -144
VOID------
ffle -213
trgj -281
sopd -276
fclr -262
spcd -68
baiq -208
eogk -137
sapo -144
kjtt 217
gjdl 331
qejc -251
ogik 355
lijm -292
joso -166
nbno 117
qmqs -4
seer -296
mflc -165
cdmm -139
fkjt -72
msfe -268
cjjs -157
dhqg -148
rngi -76
cklp -236
alis 224
dtop 369
gccp 252
betb 172
afho 265
hiok -280
smqc -241
btbg 154
grrb -204
tqjk 65
dtpr 42
fdjs -125
ninp 81
qbkj -101
tedt 142
trab -169
ditg 169
ikdk -186
takk -236
rllr 76
kffi -257
qdqs -239
jlio -225
ttpt 426
lpjf -261
hjnn -165
pddl -83
bhbm -70
etnl -36
DOMAIN------
eotk -65
pagm -297
brki -84
ktgc -222
bfsd -274
etnl -36
bhbm -70
pddl -83
hjnn -165
lpjf -261
jlio -225
qdqs -239
kffi -257
takk -236
ikdk -186
trab -169
qbkj -101
fdjs -125
grrb -204
smqc -241
hiok -280
cklp -236
rngi -76
dhqg -148
cjjs -157
qsss -131
msfe -268
tncf -195
ksqa -74
fkjt -72
cdmm -139
mflc -165
seer -296
qmqs -4
joso -166
lijm -292
ofbc -274
bnnr -240
qejc -251
sapo -144
eogk -137
baiq -208
spcd -68
fclr -262
sopd -276
trgj -281
tqpm -43
ffle -213
qndm -174
pqtp -44
glqh -55
itqm -102
DOMAIN------
qabt -233
VOID------
lhfa -272
mhat -252
ifbn 214
debe -164
cigm -121
VOID------
lhfa -272
mhat -252
ifbn 214
debe -164
cigm -121
VOID------
lhfa -272
mhat -252
ifbn 214
debe -164
cigm -121
qobn 172
djnd -273
lsbs -62
sdob -238
coep -145
rjah -123
VOID------
lhfa -272
mhat -252
ifbn 214
debe -164
cigm -121
qobn 172
djnd -273
lsbs -62
sdob -238
coep -145
rjah -123
VOID------
lhfa -272
mhat -252
ifbn 214
debe -164
cigm -121
qobn 172
djnd -273
lsbs -62
sdob -238
coep -145
rjah -123
VOID------
cjcj -265
mqgd -268
qobn 172
hrdl -273
lkni -144
eqcr 432
lhfa -272
mhat -252
debe -164
cigm -121
djnd -273
VOID------
cjcj -265
mqgd -268
qobn 172
hrdl -273
lkni -144
eqcr 432
lhfa -272
mhat -252
debe -164
cigm -121
djnd -273
VOID------
lsbs -62
djnd -273
cigm -121
debe -164
VOID------
lsbs -62
djnd -273
cigm -121
debe -164
VOID------
mqgd -268
cjcj -265
thko -257
ptqk -79
fcjd -18
VOID------
mqgd -268
cjcj -265
thko -257
ptqk -79
fcjd -18
VOID------
djnd -273
lsbs -62
sdob -238
coep -145
rjah -123
seqm 109
rcia 140
dphn -163
gjls -211
VOID------
djnd -273
lsbs -62
sdob -238
coep -145
rjah -123
seqm 109
rcia 140
dphn -163
gjls -211
VOID------
cjcj -265
thko -257
ptqk -79
fcjd -18
qenb -175
iebm -211
VOID------
lkni -144
lhfa -272
mhat -252
debe -164
cigm -121
VOID------
lkni -144
lhfa -272
mhat -252
debe -164
cigm -121
VOID------
lkni -144
lhfa -272
mhat -252
debe -164
cigm -121
VOID------
kbhs -79
irll -175
dnlq -182
ling -191
gcpn -62
npms 36
eoft 86
pfgr -145
ahen -130
dtoi -252
knfq 199
rsli 205
igkh -194
qbte -26
iebm -211
qenb -175
VOID------
kbhs -79
irll -175
dnlq -182
ling -191
gcpn -62
npms 36
eoft 86
pfgr -145
ahen -130
dtoi -252
knfq 199
rsli 205
igkh -194
qbte -26
iebm -211
qenb -175
VOID------
kbhs -79
irll -175
dnlq -182
ling -191
gcpn -62
npms 36
eoft 86
pfgr -145
ahen -130
dtoi -252
knfq 199
rsli 205
igkh -194
qbte -26
iebm -211
qenb -175
VOID------
kbhs -79
irll -175
dnlq -182
ling -191
gcpn -62
npms 36
eoft 86
pfgr -145
ahen -130
dtoi -252
knfq 199
rsli 205
igkh -194
qbte -26
iebm -211
qenb -175
VOID------
kbhs -79
irll -175
dnlq -182
ling -191
gcpn -62
npms 36
eoft 86
pfgr -145
ahen -130
dtoi -252
knfq 199
rsli 205
igkh -194
qbte -26
iebm -211
qenb -175
VOID------
kbhs -79
irll -175
dnlq -182
ling -191
gcpn -62
npms 36
eoft 86
pfgr -145
ahen -130
dtoi -252
knfq 199
rsli 205
igkh -194
qbte -26
iebm -211
qenb -175
VOID------
kbhs -79
irll -175
dnlq -182
ling -191
gcpn -62
npms 36
eoft 86
pfgr -145
ahen -130
dtoi -252
knfq 199
rsli 205
igkh -194
qbte -26
iebm -211
qenb -175
VOID------
kbhs -79
irll -175
dnlq -182
ling -191
gcpn -62
npms 36
eoft 86
pfgr -145
ahen -130
dtoi -252
knfq 199
rsli 205
igkh -194
qbte -26
iebm -211
qenb -175
VOID------
kgsh -220
cclp -44
mdtq -62
ebtq -271
bcon -300
gqqa 329
mnen 432
emsa -214
tshf -280
fejo -291
hgki 179
hcnh 265
bfme -296
gdjl -72
kajp -189
nmbe -212
VOID------
kgsh -220
cclp -44
mdtq -62
ebtq -271
bcon -300
gqqa 329
mnen 432
emsa -214
tshf -280
fejo -291
hgki 179
hcnh 265
bfme -296
gdjl -72
kajp -189
nmbe -212
VOID------
lkni -144
hrdl -273
mqgd -268
cjcj -265
thko -257
ptqk -79
VOID------
lhfa -272
lkni -144
hrdl -273
mqgd -268
cjcj -265
thko -257
VOID------
lhfa -272
lkni -144
hrdl -273
mqgd -268
cjcj -265
thko -257
VOID------
lhfa -272
lkni -144
hrdl -273
mqgd -268
cjcj -265
thko -257
VOID------
lhfa -272
lkni -144
hrdl -273
mqgd -268
cjcj -265
thko -257
VOID------
lhfa -272
lkni -144
hrdl -273
mqgd -268
cjcj -265
thko -257
VOID------
itlt -20
khoa -245
nmbe -212
ibsh 39
gakd 185
ikrn 245
kajp -189
gdjl -72
bfme -296
hkch 430
fejo -291
tshf -280
emsa -214
bcon -300
jagh 23
ebtq -271
VOID------
itlt -20
khoa -245
nmbe -212
ibsh 39
gakd 185
ikrn 245
kajp -189
gdjl -72
bfme -296
hkch 430
fejo -291
tshf -280
emsa -214
bcon -300
jagh 23
ebtq -271
VOID------
lsbs -62
djnd -273
cigm -121
debe -164
mhat -252
lhfa -272
DOMAIN------
cejb -99
sigr -299
klni -243
epjf -83
phhj -189
jadh -218
ffha -117
lock -39
fhhh -35
goig -34
agjc -127
qjgi -116
ngjn -106
dhlb -200
pkrn -208
dmlk -285
glrr -237
mcol -198
ejgo -85
daoe -220
obqo -133
bjrc -152
alpm -50
lfft -244
qqtf -122
qtds -239
mrjp -282
blfb -191
obfi -215
kimb -237
brsa -71
tlqh -273
ggpn -224
jsfg -220
afcf -96
ckfk -102
fena -3
rgdi -96
liab -151
gebj -234
foic -217
nkno -187
qdqn -14
hati -168
tfol -33
kpmf -63
kgsh -220
cclp -44
mdtq -62
ebtq -271
bcon -300
emsa -214
tshf -280
hkfq -138
jmbm -236
mpab -27
jbnk -17
fejo -291
bfme -296
gdjl -72
kajp -189
qmoj -159
nmbe -212
khoa -245
kssk -38
itlt -20
kbhs -79
irll -175
dnlq -182
ling -191
gcpn -62
pfgr -145
ahen -130
dtoi -252
igkh -194
qbte -26
ilbl -127
kqbl -280
iebm -211
qenb -175
rojc -63
fcjd -18
ptqk -79
thko -257
jrbf -28
oojg -252
prtt -176
omip -63
ngan -86
omtk -7
cjcj -265
mqgd -268
hrdl -273
othf -39
gjls -211
lkni -144
dphn -163
rjah -123
coep -145
sdob -238
lsbs -62
djnd -273
cigm -121
debe -164
mhat -252
lhfa -272
DOMAIN------
cqhc -292
VOID------
neqg -300
oqde 75
tifc 169
cfnj 208
DOMAIN------
pgdj -167
neqg -300
VOID------
jdek 44
kopd 114
prfb 33
kmmo 70
VOID------
jdek 44
kopd 114
prfb 33
kmmo 70
LIGHT------
VOID------
nafg -111
icbq -114
esrc -185
lfqe -35
gdpm -251
iaba -111
VOID------
nafg -111
icbq -114
esrc -185
lfqe -35
gdpm -251
iaba -111
VOID------
nafg -111
icbq -114
esrc -185
lfqe -35
gdpm -251
iaba -111
VOID------
qqkl -129
llsd -298
irgn -10
arcj -74
rbdn -201
VOID------
lerd -183
rttk -160
lafa -163
nafg -111
icbq -114
VOID------
lerd -183
etkq 128
rttk -160
lafa -163
nafg -111
icbq -114
VOID------
rttk -160
lafa -163
nafg -111
icbq -114
VOID------
lerd -183
qqkl -129
llsd -298
irgn -10
VOID------
lerd -183
qqkl -129
llsd -298
irgn -10
VOID------
lerd -183
qqkl -129
llsd -298
irgn -10
VOID------
lerd -183
qqkl -129
llsd -298
irgn -10
LIGHT------
clfj 568
bofe -16
tjkj 263
cico 398
pfgr 348
fcnn 88
lerd -183
qqkl -129
llsd -298
irgn -10
etkq 128
arcj -74
bres 266
ejcl 107
rbdn -201
bpgt 408
erfh 77
iaba -111
apio 16
dhst 590
gdpm -251
eigh 677
pndl 33
lfqe -35
esrc -185
dmoj 95
lnqn 416
thrm 472
oide 370
oeas 70
rkhk 184
iama 377
shom 691
room 694
stsg 695
nhfa 472
mlpa 167
hnbh 535
fthi 68
laqa 137
mlen 587
fkaf 298
jtnc 137
pqai 333
phtd 13
gahj 665
qknn 43
bpmd 665
efnm 197
qfqj 672
qjoe 327
gasf 319
pbfb 78
rdfd 434
qkjp 484
rdgk 86
srki 148
lscr 520
nkgl 221
rjde 515
otrp 211
gdrl 51
nlbs 200
kkls 521
sdnp 168
pjen 325
pemt 619
ljet 545
inrm 607
qrjm 161
gkdi 44
mbrh 24
dgak 224
ssek 28
dbra 583
gejo 539
iqfm 435
gffj 639
ekdr 575
bhts 470
bkqe 340
rksm 161
gkio 535
pfkc 90
brif 427
dfcc 630
dcgi 265
kobc 400
peei 218
elfl 467
ndmo 637
lrtb 371
sjmk 525
orpk 401
bdmt 313
ceqj 423
okjl 545
fjte 668
feeb 622
rkdd 41
ibno 368
rtnp 310
dgsg 576
nsrs 601
tjhn 485
leti 614
hchm 598
ioqi 437
mqiq 58
bbpg 62
mefq 458
htqr 477
qarj 338
csan 395
ijbh 188
hcga 261
ajfc 80
hhqo 106
gchj 125
pifo 176
lgsh 130
abkt 651
ogpc 319
mcro 418
rtld 154
ocjo 203
eals 37
nmfe 548
sbgt 113
dchk 82
fjgg 306
bdsr 499
gbdp 16
ipcp 93
gqdn 5
acgp 648
igsi 319
fgfd 326
ljss 525
dbde 140
tsgn 41
ppoh 339
gsst 167
oerm 391
rnie 176
mqfc 489
pcmh 555
bpfg 679
blkn 207
shse 678
mgsg 131
iplb 666
tsbs 397
jkoa 679
blqe 646
ogkq 307
hkdh 384
lics 428
ibmq 658
pkcl 662
bkhs 681
fmnl 574
rslb 680
gdnc 525
mrbi 594
sijn 496
eekh 568
jgtm 131
irfh 343
gmmr 393
intc 435
dimq 35
hkgk 366
mimm 527
qqkr 492
dsbo 600
fkoa 94
ctdi 596
ragb 629
aaki 478
qchi 305
srao 568
hkfe 446
jqcd 111
blts 459
pblk 239
cegp 269
lnff 96
jagh 23
hkch 430
ikrn 245
gakd 185
ibsh 39
cdst 15
koai 334
rmjc 292
kmmo 70
prfb 33
kopd 114
jdek 44
nmad 575
bhpt 55
htbk 179
ngre 607
bfdl 283
hejt 338
nbbe 265
qpse 247
hnjh 464
dper 611
itek 97
aasa 629
fdai 312
cblm 665
obnp 527
ctgs 266
rnlg 284
pbcb 433
gasl 324
tifb 306
efjk 144
aphk 260
boag 252
ggcr 449
fbdk 558
nnbc 151
dsrp 15
tape 84
cenq 259
dbgf 293
innl 151
radb 431
efne 153
bggh 672
fesc 188
ibed 16
eanj 463
hirm 378
tcqa 129
jfpm 252
kail 237
koqd 39
embj 396
eqjr 159
bokp 430
rlcd 68
abdp 137
flnr 214
dktj 545
jitf 220
orkr 289
jksl 148
eocp 146
cjas 409
ajmp 455
mfhs 529
rctg 352
mrdm 386
jhpf 635
bgrf 532
jrjd 290
rspe 521
micj 48
rsli 205
knfq 199
eoft 86
npms 36
bgso 202
hnbb 50
kerf 228
pchj 442
omiq 203
pmmq 67
fqeb 332
ljgh 374
hmoj 554
jrmb 392
eqcr 432
qobn 172
ifbn 214
ctbi 68
spom 224
lbfl 400
jnan 81
qifm 682
asla 567
grsg 365
kjtt 217
gjdl 331
ogik 355
nbno 117
alis 224
dtop 369
gccp 252
betb 172
afho 265
btbg 154
tqjk 65
dtpr 42
ninp 81
tedt 142
ditg 169
rllr 76
ttpt 426
eclg 526
kett 507
aeir 358
mocn 660
thdh 368
gspm 121
ksmp 152
fmbb 225
oejp 211
hcdh 379
ekcb 366
ffak 321
qbkm 470
ifjt 686
ceci 249
sath 147
lpjk 436
japd 602
njsp 523
gbcc 570
caqb 620
iqkc 1
okio 230
sqam 657
rqae 395
poct 600
tmlq 366
gmis 647
seil 628
drmm 440
edjp 445
lech 616
fnen 126
bram 138
brfo 494
asgs 66
khaj 167
fisa 64
rgpg 418
bbet 139
omoq 645
rraf 262
jomk 13
nptr 586
asfh 152
lsaq 445
gipe 81
aggd 391
mmiq 535
ndhs 395
nttc 69
cqrq 612
preo 699
icon 356
qsmg 688
tjhr 527
kjmt 544
tlgh 525
mlta 648
haso 683
kaif 518
npib 156
ngpp 70
qsgh 71
bkhn 415
fljt 462
aoom 406
dghp 266
etmr 354
cftf 435
jprh 142
thie 579
oeig 414
pbdn 436
osrk 147
dcci 147
mief 43
tlqm 383
cgor 247
sklb 690
mqbp 180
nokm 188
ishn 397
aqem 185
qdee 202
fkqp 232
qmkk 50
ifbk 321
fdfq 332
qrlj 231
oitt 292
rjml 559
cqnl 345
cphr 462
mfbl 513
tdrj 313
bgne 105
ojpc 77
cfsm 181
mtst 247
mqer 12
plkm 617
kedg 545
kffs 429
opgd 436
jmtp 347
emfq 38
gknl 443
flds 536
jark 656
pegi 398
ogdc 155
hkkn 154
erbi 468
eoet 395
rrei 693
lnms 590
ljnr 184
bqca 325
lgrg 121
gftq 451
sikm 323
foaa 392
kbbg 524
ndms 39
dcal 295
dapl 75
sbdd 395
ilnf 310
ffdj 505
sfan 668
diji 679
qmcm 164
aoag 239
loan 485
caas 635
sigl 397
egha 131
gicn 237
ipjh 284
nrbc 453
qdna 111
ilqt 231
qcmf 262
nago 580
mahp 288
pdat 491
fbkd 678
nkcf 507
semd 501
kebh 471
bdbf 310
bcml 93
jkei 620
rlqp 493
qaph 419
tpbn 538
chcb 591
rcaj 363
lpel 615
dknc 690
bshm 2
ecdc 229
dmnk 211
dokc 192
arqq 315
akcn 588
mehp 190
nkon 161
ohnq 238
sqpr 452
jljp 136
egni 492
etop 289
makq 686
jhdf 386
bicr 265
pqob 674
qlap 525
obsc 178
fmfh 484
sgsb 76
soht 527
jnib 504
ndlo 461
elbj 490
nglp 461
djhm 92
jhsa 354
tgcd 405
imog 619
alme 393
pama 79
giir 164
trro 636
fckr 10
jlei 619
bign 29
jdap 209
glao 212
lprm 230
janm 227
qkji 444
ronp 543
aicc 679
ongj 259
hjtt 96
kpak 286
mlrf 280
njnb 516
grbs 291
bfmo 263
djjg 332
tmho 83
mpan 376
ltls 207
ccab 278
atsk 256
pmjb 236
bgdr 681
thgd 539
nmrs 417
asep 203
ijkl 127
ddlo 85
npfg 459
itcs 635
bpbh 699
dgdb 86
chrl 417
rlqt 333
mshj 632
stpr 602
sdmt 222
fane 85
coti 57
aosf 593
tmld 342
shqf 519
tdgd 270
fhjc 202
dfqt 168
jolr 297
qdat 410
ejkf 187
irok 459
paqp 508
dtnq 574
epfb 572
linf 304
ktfg 410
ojij 678
bmqb 371
qnbf 250
gskb 555
gmbq 155
jcgg 314
lhfk 450
hnno 530
rrkc 290
dtpj 10
bsdh 581
jpfp 533
kiim 466
eoim 235
okrt 631
mlao 485
stsj 624
aihi 70
dqmm 513
ncil 146
lhgc 94
rjqo 612
psqn 265
stsr 429
dsfb 616
nnar 490
aflm 278
ahtf 192
midl 591
ktrm 52
koss 456
fsrd 550
iilq 427
csqa 556
bdcl 648
ahmh 674
egno 395
fmnm 526
rcbe 30
bppi 605
cppm 98
jfsj 260
hqrs 551
schs 300
nscg 625
scep 179
chhb 330
cbej 573
hite 526
nhnp 376
iesa 674
ptks 677
kboi 193
emfn 422
stit 645
pbed 609
njia 558
ggnj 326
lfpb 284
dtrg 18
ajpf 47
lenp 246
aesp 305
krjk 14
clre 143
kgof 98
mkdf 326
dalc 413
llhn 624
fhro 329
feac 26
fhra 3
reri 501
inef 404
grrl 596
rmrq 123
oomr 663
dlph 638
colb 525
bnor 693
fcib 341
nanp 310
mmpj 188
bdjp 697
brpd 524
tnle 450
ptdc 284
jctf 565
mhkd 123
drjd 288
jdka 236
ecpn 648
nfqq 694
bflr 350
jicn 102
ofke 515
qjni 423
gghb 386
tmic 275
qoel 205
erde 268
mjao 311
tfff 315
peoe 160
mbch 305
okdo 372
imch 608
toeg 645
fegr 234
lrmd 245
lkjm 381
nfoc 596
cckb 405
ridb 155
cpdi 447
bgji 211
hnac 517
fibm 572
palh 468
nkbo 606
mjqk 229
qrnq 352
katr 4
cnrc 617
eopj 324
prro 233
iibm 199
jrna 557
ftmn 683
gipd 187
eojj 645
ilfs 244
rlbp 616
stlj 475
bfqa 84
iqea 111
pgok 476
baad 347
njlc 321
ojsq 204
fqai 149
jble 1
jied 470
acqt 425
dhln 516
smet 433
flsk 487
coqo 484
gqqa 329
mnen 432
hgki 179
hcnh 265
ermb 567
lnfb 598
kitk 648
ptij 395
sfio 445
cifo 584
pjbo 246
aona 435
gemc 426
rajc 402
madt 691
qjlo 237
hcpb 572
ksbf 65
gjcq 392
agbi 607
krrj 240
sqen 483
ckhe 279
seqm 109
rcia 140
ocag 186
dgof 527
dmmd 289
enoq 233
ereq 696
hbcg 103
mmdd 440
qdes 38
dotb 24
djqr 126
tegt 91
qdkr 367
ttbl 335
erod 565
acoj 163
aagh 636
onql 631
fime 223
pjjl 6
ikrh 396
icbq -114
nafg -111
hnkk 671
cmca 418
kihm 417
lmrf 51
gcja 586
lafa -163
okhf 353
njne 36
qmnt 573
cfnj 208
hagn 336
prbb 616
ssro 170
pgfm 37
tifc 169
oqde 75
ecrq 678
epna 419
rttk -160
gcis 646
cmgh 201
hlrn 20
ngno -34
eesb 3
srot -204
nqqg 87
btit 452
VOID------
lerd -183
qqkl -129
llsd -298
irgn -10
VOID------
lerd -183
qqkl -129
llsd -298
irgn -10
hlrn 20
arcj -74
DOMAIN------
tlia -210
cica -288
srot -204
bofe -16
ngno -34
lerd -183
rttk -160
lafa -163
qqkl -129
llsd -298
nafg -111
arcj -74
irgn -10
rbdn -201
iaba -111
gdpm -251
lfqe -35
esrc -185
icbq -114
LIGHT------
VOID------
nblj -158
snqn -269
ntda 66
cjce -164
fmmg -90
VOID------
nblj -158
snqn -269
ntda 66
cjce -164
fmmg -90
VOID------
nblj -158
snqn -269
ntda 66
cjce -164
fmmg -90
VOID------
nblj -158
snqn -269
ppst 74
cjce -164
fmmg -90
VOID------
nblj -158
snqn -269
ppst 74
cjce -164
fmmg -90
VOID------
nblj -158
snqn -269
ppst 74
cjce -164
fmmg -90
DOMAIN------
nsdk -79
clab -27
tjgp -113
qdfd -216
ebil -197
mdhr -120
jfdj -132
cnij -272
fmmg -90
cjce -164
snqn -269
nblj -158
VOID------
jdek 44
kopd 114
prfb 33
kmmo 70
VOID------
ocop -226
hntg 224
hjsl -258
lkqt -183
VOID------
ocop -226
hntg 224
hjsl -258
lkqt -183
VOID------
ocop -226
kept 411
hkbg -276
msce -281
VOID------
lcfh -272
msce -281
hkbg -276
phtd 13
ocop -226
VOID------
hkbg -276
msce -281
lcfh -272
fnlc -160
dhqb -194
VOID------
kfkn -232
qbto -187
getn -263
sjmg -11
qsga -24
lcbh 83
hpts -113
jifj -173
bcno -144
VOID------
kfkn -232
qbto -187
getn -263
sjmg -11
qsga -24
lapk 560
hpts -113
jifj -173
bcno -144
flmm -199
inje -175
VOID------
llmj -166
lkqt -183
hjsl -258
ocop -226
hkbg -276
atan 426
msce -281
lcfh -272
fnlc -160
dhqb -194
ofts -4
VOID------
ftfb -243
kfkn -232
qbto -187
getn -263
sjmg -11
jill 378
qsga -24
hpts -113
jifj -173
bcno -144
flmm -199
VOID------
ftfb -243
kfkn -232
qbto -187
getn -263
sjmg -11
jill 378
qsga -24
hpts -113
jifj -173
bcno -144
flmm -199
VOID------
arjh -208
goee -267
dlmm -51
keam -255
jqca -206
phtd 13
nrsd -68
VOID------
arjh -208
goee -267
dlmm -51
keam -255
jqca -206
phtd 13
nrsd -68
VOID------
keam -255
jqca -206
nrsd -68
ftfb -243
kfkn -232
qmkf 216
qbto -187
getn -263
sjmg -11
qsga -24
hpts -113
VOID------
bcno -144
jifj -173
hpts -113
qsga -24
sjmg -11
mbrh 24
getn -263
qbto -187
kfkn -232
ftfb -243
nrsd -68
gkdi 44
qrjm 161
jqca -206
keam -255
dlmm -51
DOMAIN------
rfhe -227
bsqo -5
rsqr -111
ihej -30
dqbn -112
mqet -213
qebs -160
fmtr -26
kcni -87
tmbe -267
choi -76
fokk -161
agta -26
oand -182
dmko -12
srbf -291
gcff -242
prli -54
mmjm -95
dici -48
fkmr -28
qkct -192
bbbd -71
odmi -134
olhr -208
inje -175
flmm -199
bcno -144
jifj -173
omgq -7
hpts -113
qsga -24
sjmg -11
getn -263
jiks -198
ikec -70
qbto -187
kfkn -232
ftfb -243
nrsd -68
jqca -206
ofts -4
keam -255
dhqb -194
fnlc -160
dlmm -51
lcfh -272
goee -267
arjh -208
llmj -166
qilb -147
lkqt -183
hjsl -258
ocop -226
hkbg -276
msce -281
DOMAIN------
ekea -266
pqip -52
siqh -227
adph -192
epch -278
ppee -281
VOID------
jdek 44
kopd 114
prfb 33
kmmo 70
VOID------
dphr -146
adqo 209
meog 334
qbcg -261
VOID------
qbcg -261
malr 34
aksh 50
ogql -58
VOID------
qbcg -261
malr 34
aksh 50
ogql -58
VOID------
qbcg -261
malr 34
aksh 50
ogql -58
VOID------
lkki -230
eqod -181
einl 217
ntrg -244
cthg -210
lees -142
VOID------
lkki -230
eqod -181
ntrg -244
ldoi 305
cthg -210
DOMAIN------
hfel -111
etqc -202
hlmn -222
kjjb -82
faeg -193
ohfi -60
jppp -299
mdeq -7
ccld -272
paom -202
ashc -70
lees -142
cthg -210
ntrg -244
ksre -136
hqhl -110
eqod -181
lkki -230
ogql -58
qbcg -261
dphr -146
VOID------
saih -273
tgkr -146
crbr 59
eipq -238
VOID------
gkts -31
blhg -150
fpst -211
eipq -238
tgkr -146
VOID------
gkts -31
blhg -150
fpst -211
eipq -238
tgkr -146
VOID------
dsmp -262
ekte -222
crtc -223
afmh 203
VOID------
inds -69
rcpk -177
ssnn 216
ntqm -106
dkbj -113
gkts -31
blhg -150
fpst -211
DOMAIN------
mlpg -49
sjra -68
qnip -186
olkt -13
rciq -274
dsmp -262
ekte -222
crtc -223
jqni -22
afml -265
shcf -182
jhtm -296
hqbl -51
momg -26
tijf -204
cocf -127
rcpk -177
inds -69
ogmc -50
aqjb -300
fqqf -106
hdth -7
rrmd -139
oerg -30
qtrb -28
kqar -193
rklj -244
secb -276
ntqm -106
dkbj -113
gkts -31
blhg -150
fpst -211
eipq -238
tgkr -146
saih -273
gsgk -36
VOID------
jdek 44
kopd 114
prfb 33
kmmo 70
VOID------
jdek 44
kopd 114
prfb 33
kmmo 70
VOID------
kmmo 70
prfb 33
kopd 114
jdek 44
DOMAIN------
VOID------
jdek 44
kopd 114
prfb 33
kmmo 70
VOID------
jdek 44
kopd 114
prfb 33
kmmo 70
VOID------
ttbe -167
nhbp 429
kato 179
drir -184
VOID------
bimr -128
sdea -112
hqhk -166
nffh -16
gehl -105
VOID------
bimr -128
sdea -112
hqhk -166
nffh -16
gehl -105
efmt -222
thaf -93
ohps -231
VOID------
bimr -128
sdea -112
hqhk -166
nffh -16
gehl -105
efmt -222
thaf -93
ohps -231
bbjr -254
VOID------
bimr -128
sdea -112
hqhk -166
nffh -16
gehl -105
efmt -222
thaf -93
ohps -231
bbjr -254
DOMAIN------
cdsd -14
phsh -273
irrd -186
rpoo -222
htal -6
anco -136
jopk -69
ooel -253
cppc -234
bbjr -254
ohps -231
thaf -93
efmt -222
gehl -105
nffh -16
hqhk -166
sdea -112
bimr -128
drir -184
ttbe -167
VOID------
cosq -128
fffs 27
btln -297
dtcp -74
VOID------
cosq -128
neff -67
ncof -271
jpae -76
VOID------
absg -219
dctp -11
cosq -128
neff -67
VOID------
mnle -66
riqa -99
edbf -278
rrds 109
slcc -233
VOID------
mnle -66
riqa -99
edbf -278
rrds 109
slcc -233
cqmb 163
jnfn -13
dija 192
jkfc 141
fnjj -174
eain -130
hehh -25
jdgm -41
tiiq -76
lkfj -98
saop -177
DOMAIN------
ries -104
saop -177
lkfj -98
tiiq -76
jdgm -41
hehh -25
eain -130
fnjj -174
jnfn -13
slcc -233
edbf -278
riqa -99
oiag -150
lsdi -1
mnle -66
dctp -11
absg -219
jcfh -194
hcil -100
rneb -13
llld -78
hpjg -131
pamb -23
sabo -61
ttiq -82
dtcp -74
btln -297
cosq -128
neff -67
ncof -271
jpae -76
VOID------
kmmo 70
prfb 33
kopd 114
jdek 44
VOID------
kmmo 70
prfb 33
kopd 114
jdek 44
VOID------
kmmo 70
prfb 33
kopd 114
jdek 44
DOMAIN------
tmpd -32
kort -155
qdot -244
larj -147
kpfr -155
VOID------
kmmo 70
prfb 33
kopd 114
jdek 44
VOID------
ncih -108
nqar 120
oprp -71
hafr -293
DOMAIN------
ehis -290
hafr -293
oprp -71
ncih -108
VOID------
fael -148
sddl 3
khor -105
btha -300
VOID------
agqg -141
erfg 199
gfnn -104
apdt -21
VOID------
gfnn -104
apdt -21
sarq 36
ksnh -191
VOID------
gfnn -104
apdt -21
sarq 36
ksnh -191
ljra 179
ekgh -232
nqks 195
ldtd -223
jdop -103
hkhi -35
rmaq 65
ntko 10
kjjo -122
qnsp 197
hejg -190
rord 90
jorb -256
VOID------
gfnn -104
apdt -21
sarq 36
ksnh -191
ljra 179
ekgh -232
nqks 195
ldtd -223
jdop -103
hkhi -35
rmaq 65
ntko 10
kjjo -122
qnsp 197
hejg -190
rord 90
jorb -256
jbdt 156
odjj -151
tmnm -247
VOID------
gfnn -104
apdt -21
sarq 36
ksnh -191
ljra 179
ekgh -232
nqks 195
ldtd -223
jdop -103
hkhi -35
rmaq 65
ntko 10
kjjo -122
qnsp 197
hejg -190
rord 90
jorb -256
jbdt 156
odjj -151
tmnm -247
tttf -196
VOID------
gfnn -104
apdt -21
sarq 36
ksnh -191
ljra 179
ekgh -232
nqks 195
ldtd -223
jdop -103
hkhi -35
rmaq 65
ntko 10
kjjo -122
qnsp 197
hejg -190
rord 90
jorb -256
jbdt 156
odjj -151
tmnm -247
tttf -196
bkmm 13
qfkt 136
ksdk 162
qtql -124
qoqf -287
hnab -175
VOID------
gfnn -104
apdt -21
sarq 36
ksnh -191
ljra 179
ekgh -232
nqks 195
ldtd -223
jdop -103
hkhi -35
rmaq 65
ntko 10
kjjo -122
qnsp 197
hejg -190
rord 90
jorb -256
jbdt 156
odjj -151
tmnm -247
tttf -196
bkmm 13
qfkt 136
ksdk 162
qtql -124
qoqf -287
hnab -175
VOID------
ldtd -223
ijkl 127
ekgh -232
ksnh -191
VOID------
ldtd -223
cfcp 230
ekgh -232
ksnh -191
VOID------
kmmo 70
hnab -175
prfb 33
qoqf -287
VOID------
kmmo 70
hnab -175
prfb 33
qoqf -287
VOID------
apdt -21
apio 16
gfnn -104
erfh 77
agqg -141
fdjc -76
btha -300
VOID------
apdt -21
apio 16
gfnn -104
erfh 77
agqg -141
fdjc -76
btha -300
VOID------
apdt -21
apio 16
gfnn -104
erfh 77
agqg -141
fdjc -76
btha -300
VOID------
ldtd -223
flnr 214
ekgh -232
ksnh -191
VOID------
ldtd -223
ksdk 162
ekgh -232
ksnh -191
near 84
apdt -21
lqge 184
gfnn -104
llif 55
agqg -141
fdjc -76
btha -300
VOID------
fdjc -76
agqg -141
gfnn -104
apdt -21
ksnh -191
VOID------
cink -225
nmel -127
lnff 96
kejf -284
jagh 23
kdei -223
VOID------
cink -225
nmel -127
lnff 96
kejf -284
jagh 23
kdei -223
VOID------
cink -225
nmel -127
lnff 96
kejf -284
jagh 23
kdei -223
VOID------
ipmr -222
mklh -32
eesb 3
bpbd -275
fnri -174
TIME: 0.079