VOID------
hjaq 419
gjai -16
onkc 445
hron 189
VOID------
hjaq 419
gjai -16
onkc 445
hron 189
VOID------
qikg -147
bokr -106
fllq -93
hgbi 179
qpms -36
shbc -68
rbbi -270
VOID------
qikg -147
bokr -106
fllq -93
hgbi 179
qpms -36
shbc -68
rbbi -270
VOID------
qikg -147
bokr -106
fllq -93
hgbi 179
qpms -36
shbc -68
rbbi -270
VOID------
sjth -232
tgbi 22
grbn -18
smcm -212
cahq -167
qdng -202
VOID------
sjth -232
tgbi 22
grbn -18
smcm -212
cahq -167
qdng -202
VOID------
qikg -147
bokr -106
fllq -93
qpms -36
shbc -68
rbbi -270
ilsp -55
VOID------
qikg -147
bokr -106
fllq -93
qpms -36
shbc -68
rbbi -270
ilsp -55
VOID------
gtka -129
sltn -105
jkqd -254
irtt 105
roes -224
cdtg -46
rkti -182
qgha 169
rdrj 147
hirp -282
gjtn -5
adgt -189
ttft -246
cnnd -5
ilsp -55
rbbi -270
VOID------
gtka -129
sltn -105
jkqd -254
irtt 105
roes -224
cdtg -46
rkti -182
qgha 169
rdrj 147
hirp -282
gjtn -5
adgt -189
ttft -246
cnnd -5
ilsp -55
rbbi -270
VOID------
tnqi -44
qdng -202
cahq -167
smcm -212
grbn -18
sjth -232
gjai -16
VOID------
afee -142
ngrk -260
btkm -121
rtlm 9
ifqo 91
ierd -271
gtka -129
sltn -105
jkqd -254
roes -224
cdtg -46
rkti -182
gndt 359
jijg 33
hirp -282
oiqa 24
gjtn -5
adgt -189
ttft -246
cnnd -5
DOMAIN------
sert -141
lotk -38
ehmp -143
imko -127
kssn -295
fefl -79
tajp -44
oain -95
afee -142
ngrk -260
btkm -121
ierd -271
qcoj -265
mpqk -104
llhg -230
hkat -233
hslf -119
gtka -129
tnqi -44
sltn -105
jkqd -254
roes -224
cdtg -46
qdng -202
cahq -167
smcm -212
grbn -18
sjth -232
rkti -182
hirp -282
gjtn -5
adgt -189
ttft -246
rbbi -270
ilsp -55
cnnd -5
shbc -68
qpms -36
fllq -93
bokr -106
qikg -147
debm -107
dedl -206
gjai -16
DOMAIN------
ckci -95
caan -33
VOID------
gndt 359
jijg 33
oiqa 24
kpqi 51
VOID------
orrs -122
nprc -148
pgfm -157
nmqt -142
hdbl -191
psds -151
VOID------
hdbl -191
nmqt -142
pgfm -157
nprc -148
orrs -122
hdqb -217
DOMAIN------
gdkg -1
gmrp -132
ralt -198
sakh -228
emah -230
bqas -161
mmap -168
dgnr -213
gtse -168
mabt -222
psds -151
hdbl -191
ilkg -125
nmqt -142
pgfm -157
fcqi -74
tmii -66
nprc -148
orrs -122
hdqb -217
DOMAIN------
VOID------
kpqi 51
oiqa 24
jijg 33
gndt 359
VOID------
hkih -297
hmpt 38
cpfd 40
netp 161
tjqh -284
inot -18
kkto 33
dkea -260
VOID------
hkih -297
hmpt 38
cpfd 40
netp 161
tjqh -284
inot -18
kkto 33
dkea -260
VOID------
hkih -297
hmpt 38
cpfd 40
netp 161
tjqh -284
inot -18
kkto 33
dkea -260
LIGHT------
VOID------
jjiq -288
giga -221
biqj -286
dtjo 52
ptak 76
hemt -156
VOID------
inot -18
tjqh -284
hkih -297
ttoh 216
VOID------
hemt -156
mclg -36
tiao -234
kcmj -200
hgfo -205
VOID------
hemt -156
mclg -36
tiao -234
kcmj -200
hgfo -205
VOID------
klth -228
stsc -190
beib -192
lbps -223
mptd -266
VOID------
hkih -297
ejck -196
klth -228
stsc -190
beib -192
DOMAIN------
ndrg -23
tslj -100
hkce -279
kdnq -25
hgfo -205
mptd -266
kcmj -200
lbps -223
beib -192
stsc -190
klth -228
ejck -196
tiao -234
mclg -36
hemt -156
biqj -286
giga -221
jjiq -288
htsg -76
pfme -283
ndkh -119
ofod -17
dkea -260
inot -18
tjqh -284
hkih -297
reoc -52
bqqj -51
VOID------
ddcg -283
mtni 467
dgqp -169
mtrp -253
VOID------
dgqp -169
etoq 171
ddcg -283
agbr -37
VOID------
dgqp -169
etoq 171
ddcg -283
agbr -37
VOID------
dgqp -169
etoq 171
ddcg -283
agbr -37
VOID------
ajkr -225
jqpg -277
skbm 176
rdli 100
jsir -109
cgrs -214
VOID------
ajkr -225
jqpg -277
skbm 176
rdli 100
jsir -109
cgrs -214
VOID------
ajkr -225
jqpg -277
skbm 176
rdli 100
jsir -109
cgrs -214
VOID------
ajkr -225
jqpg -277
skbm 176
rdli 100
jsir -109
cgrs -214
rlmi -63
mkge -135
qfqo -166
VOID------
ajkr -225
jqpg -277
skbm 176
rdli 100
jsir -109
cgrs -214
rlmi -63
mkge -135
qfqo -166
VOID------
ajkr -225
jqpg -277
skbm 176
rdli 100
jsir -109
cgrs -214
rlmi -63
mkge -135
qfqo -166
VOID------
ajkr -225
jqpg -277
skbm 176
rdli 100
jsir -109
cgrs -214
rlmi -63
mkge -135
qfqo -166
qstg 178
jgsd -97
bfol -256
akfq -71
VOID------
ajkr -225
jqpg -277
skbm 176
rdli 100
jsir -109
cgrs -214
rlmi -63
mkge -135
qfqo -166
qstg 178
jgsd -97
bfol -256
akfq -71
VOID------
ajkr -225
jqpg -277
skbm 176
rdli 100
jsir -109
cgrs -214
rlmi -63
mkge -135
qfqo -166
qstg 178
jgsd -97
bfol -256
akfq -71
DOMAIN------
kagd -177
sldf -110
akfq -71
bfol -256
jgsd -97
qfqo -166
mkge -135
rlmi -63
cgrs -214
jsir -109
jqpg -277
hmpf -98
ajkr -225
ketl -151
thrh -42
rkba -254
nfpp -186
ptmj -200
mtrp -253
ddcg -283
dgqp -169
agbr -37
VOID------
glii 18
jpke 302
agpd -256
latj 69
VOID------
jiki -40
nseb -47
smdj 33
ress 132
llbf -266
VOID------
mknc -76
hced -295
llbf -266
tppm 454
nseb -47
jiki -40
VOID------
agpd -256
btcs 205
fmjk -275
fgai -148
aklf -8
gnaa -84
VOID------
agpd -256
btcs 205
fmjk -275
fgai -148
aklf -8
gnaa -84
mjrf 184
lodd 281
fjse -238
smll -281
etms -155
ljth 112
tjaj -230
VOID------
fgai -148
fmjk -275
agpd -256
jiki -40
VOID------
jiki -40
agpd -256
fmjk -275
fgai -148
latj 69
jpke 302
aklf -8
gnaa -84
fjse -238
glii 18
smll -281
ebpm 225
etms -155
tjaj -230
DOMAIN------
rnsn -136
pjqh -57
rtnm -178
alfr -268
bahm -139
sdjk -159
tjjj -140
ffaq -254
eeqp -50
tjaj -230
etms -155
smll -281
fjse -238
gnaa -84
aklf -8
fgai -148
fmjk -275
ckhd -147
kjeb -55
rjie -92
mknc -76
hced -295
llbf -266
nseb -47
jiki -40
agpd -256
VOID------
sscq 76
kdoq 146
bkrf 5
hgfa 3
VOID------
sscq 76
kdoq 146
bkrf 5
hgfa 3
VOID------
mkoq -65
kblq -131
gpsh 650
kldi -213
krrn -32
VOID------
kldi -213
krrn -32
lipi 149
qlpe 302
VOID------
kldi -213
krrn -32
lipi 149
dqoi -96
VOID------
kldi -213
krrn -32
ashr 447
fqnc -183
arnf -53
VOID------
kldi -213
krrn -32
ashr 447
fqnc -183
arnf -53
VOID------
hdcg -248
jibh -75
lfpt 193
etfq -65
VOID------
hdcg -248
jibh -75
lfpt 193
oqit -143
nrpd -72
gqdr -68
VOID------
dqoi -96
nbej -15
etfq -65
ifhl -94
bmre -122
chjl -38
bjec -172
LIGHT------
etdk -5
anrn -4
kser 586
oatp 661
offa 544
rlke 550
pihh 661
qoeb 545
gfek 61
ndoo 311
dmke 659
dfjb 689
bjec -172
mpcb 129
mfhi 321
ccjk 303
fbkj 468
eegp 341
taoj 393
chjl -38
siid 387
bpeg 696
etnd 453
jjjk 659
grqj 386
bmre -122
mgso 645
lipi 149
gpsh 650
okdt 540
renc 233
mhhe 599
nrmj 15
cjeh 518
liam 272
igen 625
gitq 71
dqej 196
igam 74
krcf 676
lrel 526
htiq 240
iali 313
tppm 454
rkfs 526
pjod 50
fglg 575
ttio 465
rkdn 473
rdhs 443
kadh 555
fjhm 576
bgpp 549
molt 73
hbig 459
emfb 16
jmja 357
ljth 112
lodd 281
mjrf 184
btcs 205
mljp 445
pcab 462
flps 623
ftfi 418
dmpk 478
kqgs 275
jgkc 480
digs 260
ress 132
smdj 33
jahb 490
rlhm 393
eotf 595
djlr 597
hako 434
etoq 171
blcl 339
ljeo 547
tppq 65
prmq 453
eotn 222
sscq 76
kdoq 146
bkrf 5
hgfa 3
dqan 445
tlhl 197
cgoc 224
pnrl 289
skbm 176
rdli 100
qstg 178
odfk 206
eqoe 338
jnns 489
tpgd 190
pdfi 141
cqpl 212
gdqe 414
ctll 374
oldp 563
dmjb 337
ptrk 218
pbif 44
diff 603
garg 303
jmmo 274
peah 349
epip 382
drbs 559
ecsq 88
halo 137
dkac 458
lgml 653
cgpp 259
ltnm 490
oorb 439
ngqc 472
jagg 605
pdqj 492
jjos 27
nlms 279
ehkd 349
onbj 642
erqm 185
gtrf 540
cbee 387
onpo 622
klth 616
fdni 390
gipc 655
jrbe 378
eaej 368
mtni 467
qake 639
ffkl 387
dcif 439
tihm 483
fmjd 590
gcnf 76
blgr 55
dhhf 506
pkks 609
kste 567
kioq 46
hllj 586
csfr 140
raoa 135
jnqk 651
miod 299
hqge 640
qskh 56
tlkj 123
tpbe 633
toso 335
qqdh 267
rrma 142
plet 641
ddqc 328
dscq 72
oqqf 621
rgld 355
jqli 536
qkho 69
sabi 74
rjen 682
fnbn 503
kmon 476
gnci 470
ibnn 213
jeni 276
dbtd 234
tclr 78
mqja 652
rrlo 634
bfjf 597
aljk 549
qqha 516
anck 688
lkpq 614
cecq 685
emee 464
tbcd 674
fbca 551
dpos 530
bmto 138
ojrq 50
oqlh 192
intb 455
pqrm 506
fedf 35
hsos 264
dqrk 217
ttpi 192
kfre 263
imfn 230
kkto 33
netp 161
cpfd 40
hmpt 38
gnjf 20
aqeh 464
kfon 593
kjsj 53
tlgm 221
iqmg 43
egeg 498
ocbm 421
pbdg 319
hsnf 667
htgc 680
cqmk 682
pchf 618
thld 197
oapi 62
ccqh 20
hcto 362
nerq 172
dirq 262
ealj 557
ihtd 129
lsem 381
jtil 415
bkej 669
dkhr 270
hclq 648
bsmh 625
qomq 22
ckpt 264
lbdk 599
rcge 654
adbd 450
lcsc 582
ldck 331
kkkt 126
aamf 272
rhpb 38
hktj 287
sojt 305
jijg 33
oiqa 24
kpqi 51
pcsh 512
benm 580
skaq 206
tdro 416
mkqa 350
dack 63
baqf 252
poek 161
nohs 105
imhs 259
dqmt 477
kpnj 125
sbia 511
pnmo 637
ttoh 216
jqsj 643
gamt 316
toms 77
jcrb 301
agjm 398
smkj 460
tnes 502
lbks 386
teii 597
ijaj 72
gmpd 276
tlnb 537
onhr 474
kflm 581
dfem 471
brbp 637
fjcp 78
jodm 696
berb 226
pstn 397
bafh 79
athp 498
csia 156
ffbc 292
hirs 186
dasn 161
tcak 329
arkc 553
okho 679
nctf 608
tpkr 471
nntc 350
kngs 460
hdlf 395
ptak 76
dtjo 52
htrn 84
lnrr 592
dgcp 243
sosk 174
ltcn 402
tnml 38
ktej 61
ebpm 225
glii 18
jpke 302
latj 69
aaed 511
ifhl -94
etfq -65
rogs 575
nbej -15
dqoi -96
qlpe 302
mkoq -65
kblq -131
ddot 415
ashr 447
rfpa 262
kldi -213
krrn -32
rnfr 447
fqnc -183
arnf -53
hdcg -248
jibh -75
oqit -143
nrpd -72
gqdr -68
tnlh 266
lfpt 193
atlc 127
trjg 180
irkm 479
prsl 380
docq 464
pmhp 11
fado 246
ifcs 594
jmes -143
VOID------
fqnc -183
arnf -53
hdcg -248
jibh -75
oqit -143
nrpd -72
gqdr -68
VOID------
kldi -213
krrn -32
mpcb 129
fqnc -183
arnf -53
hdcg -248
jibh -75
oqit -143
nrpd -72
gqdr -68
VOID------
krrn -32
kldi -213
kblq -131
mkoq -65
dqoi -96
nbej -15
etfq -65
VOID------
ifhl -94
bmre -122
chjl -38
bjec -172
bkdn 227
anrn -4
ajrf 107
hdea -132
jdhb -101
mdda 14
njst -285
rtfk -50
cqls -198
gaor -182
DOMAIN------
ejrm -181
fohb -226
jnmh -190
gaor -182
cqls -198
rtfk -50
njst -285
cskg -140
cnrp -43
jdhb -101
hdea -132
gfem -12
geeq -216
ndtr -233
etdk -5
jmes -143
anrn -4
bjec -172
chjl -38
bmre -122
ifhl -94
gqdr -68
nrpd -72
oqit -143
etfq -65
jibh -75
hdcg -248
nbej -15
arnf -53
fqnc -183
dqoi -96
krrn -32
kldi -213
mkoq -65
kblq -131
VOID------
feed 451
olhf -210
jhti -283
sarq 34
VOID------
qmtq -71
kngi -54
ogqo 74
qkmp -114
brkm -180
VOID------
qmtq -71
kngi -54
ogqo 74
qkmp -114
brkm -180
VOID------
qmtq -71
kngi -54
ogqo 74
qkmp -114
brkm -180
VOID------
fefo -15
gait -271
gdqi -252
dcln -48
bqak -139
VOID------
fefo -15
gait -271
gdqi -252
lmta -129
srpi -188
jsjp -49
jtmf -180
LIGHT------
VOID------
kngi -54
qkmp -114
brkm -180
ghsg -74
fefo -15
gait -271
eqpf 223
gdqi -252
cghp 268
lmta -129
srpi -188
DOMAIN------
haid -103
qslq -70
edca -207
gcfj -122
jfcj -116
acbr -12
shti -184
rqjh -203
ptqc -188
msis -49
eggt -237
jenn -67
jsjp -49
srpi -188
jtmf -180
lmta -129
dcln -48
gdqi -252
gait -271
bqak -139
fefo -15
ghsg -74
brkm -180
qkmp -114
kngi -54
brpd -1
qmtq -71
jhti -283
olhf -210
DOMAIN------
qphj -24
petc -89
idpe -202
VOID------
hgfa 3
bkrf 5
kdoq 146
sscq 76
VOID------
hgfa 3
bkrf 5
kdoq 146
sscq 76
VOID------
sdqk 197
fcff -288
rgdq 265
rkfl 55
VOID------
hhoq -221
pftt 359
nknq -170
scdh -287
DOMAIN------
nske -262
scdh -287
thls -102
nknq -170
hhoq -221
fcff -288
mngj -160
VOID------
kggs -129
prmb -274
trcd 360
jnes -213
VOID------
pmhp 11
docq 464
kggs -129
prmb -274
VOID------
kggs -129
prmb -274
sarq 34
feed 451
VOID------
kggs -129
prmb -274
sarq 34
feed 451
VOID------
jnes -213
gjog 266
riio -129
gmed -100
VOID------
onnl -235
dqbm -223
nats 446
nraf 247
hejd -134
qjfj -292
DOMAIN------
qjfj -292
ngjh -90
hejd -134
dqbm -223
onnl -235
sttq -15
gmed -100
grcb -88
riio -129
dlgc -59
prmb -274
jnes -213
kggs -129
VOID------
lrgr -244
mrfc -240
kdja -204
tqmt -292
VOID------
lrgr -244
mrfc -240
kdja -204
tqmt -292
VOID------
lrgr -244
mrfc -240
kdja -204
tqmt -292
VOID------
troh -274
tqmt -292
kdja -204
mrfc -240
ogqo 74
lrgr -244
DOMAIN------
pblg -215
sdii -131
kqjs -288
cbpo -233
eanc -86
qorc -132
esij -271
diai -15
stsq -158
pasn -22
drlj -251
clfs -204
tbhq -241
pbml -26
aces -106
bjci -284
fnkr -21
gaen -293
optc -99
qhqt -111
sgqm -258
nhte -81
troh -274
amfl -255
tqmt -292
qaoo -82
kdja -204
mrfc -240
lrgr -244
oebo -292
gegq -119
epqd -62
VOID------
rrjr -247
kgol 345
jtdo -300
besq -41
VOID------
jtdo -300
jcsk 271
rrjr -247
flpf -210
VOID------
jtdo -300
jcsk 271
rrjr -247
flpf -210
DOMAIN------
pcqm -145
megc -213
alon -57
ktiq -154
mbkn -12
besq -41
jtdo -300
flpf -210
rrjr -247
VOID------
sscq 76
kdoq 146
bkrf 5
hgfa 3
LIGHT------
VOID------
jkof -166
ambs -154
ctsb -145
qsfo -17
ghkj 180
eien -269
ecna -137
ftbo -210
rcfg -190
VOID------
jkof -166
ambs -154
ctsb -145
qsfo -17
ghkj 180
eien -269
ecna -137
ftbo -210
rcfg -190
VOID------
jkof -166
ambs -154
ctsb -145
qsfo -17
ghkj 180
eien -269
ecna -137
ftbo -210
rcfg -190
nnrr 532
cqip -215
mhga -95
erfo -131
nlht -30
qpit -272
amck -276
glsp -154
noaf 41
hhpg -292
gfbh -194
VOID------
jkof -166
ambs -154
ctsb -145
qsfo -17
ghkj 180
eien -269
ecna -137
ftbo -210
rcfg -190
nnrr 532
cqip -215
mhga -95
erfo -131
nlht -30
qpit -272
amck -276
glsp -154
noaf 41
hhpg -292
gfbh -194
VOID------
jkof -166
ambs -154
ctsb -145
qsfo -17
ghkj 180
eien -269
ecna -137
ftbo -210
rcfg -190
nnrr 532
cqip -215
mhga -95
erfo -131
nlht -30
qpit -272
amck -276
glsp -154
noaf 41
hhpg -292
gfbh -194
VOID------
jkof -166
ambs -154
ctsb -145
qsfo -17
ghkj 180
eien -269
ecna -137
ftbo -210
rcfg -190
nnrr 532
cqip -215
mhga -95
erfo -131
nlht -30
qpit -272
amck -276
glsp -154
noaf 41
hhpg -292
gfbh -194
VOID------
jkof -166
ambs -154
ctsb -145
qsfo -17
ghkj 180
eien -269
ecna -137
ftbo -210
rcfg -190
nnrr 532
cqip -215
mhga -95
erfo -131
nlht -30
qpit -272
amck -276
glsp -154
noaf 41
hhpg -292
gfbh -194
VOID------
qsfo -17
eien -269
ecna -137
ftbo -210
bacd 455
rcfg -190
cqip -215
mhga -95
erfo -131
nlht -30
qpit -272
amck -276
tfmd 12
glsp -154
hhpg -292
VOID------
gssh -81
dkdo -114
ifnh -61
jkof -166
ijec 417
ambs -154
ctsb -145
qsfo -17
eien -269
apqb 205
ecna -137
ftbo -210
rcfg -190
cqip -215
mhga -95
erfo -131
nlht -30
VOID------
gssh -81
dkdo -114
ifnh -61
jkof -166
ijec 417
ambs -154
ctsb -145
qsfo -17
eien -269
apqb 205
ecna -137
ftbo -210
rcfg -190
cqip -215
mhga -95
erfo -131
nlht -30
VOID------
gssh -81
dkdo -114
ifnh -61
jkof -166
ijec 417
ambs -154
ctsb -145
qsfo -17
eien -269
apqb 205
ecna -137
ftbo -210
rcfg -190
cqip -215
mhga -95
erfo -131
nlht -30
VOID------
gssh -81
dkdo -114
ifnh -61
jkof -166
ijec 417
ambs -154
ctsb -145
qsfo -17
eien -269
apqb 205
ecna -137
ftbo -210
rcfg -190
cqip -215
mhga -95
erfo -131
nlht -30
VOID------
gssh -81
dkdo -114
ifnh -61
jkof -166
ijec 417
ambs -154
ctsb -145
qsfo -17
eien -269
apqb 205
ecna -137
ftbo -210
rcfg -190
cqip -215
mhga -95
erfo -131
nlht -30
VOID------
gssh -81
dkdo -114
ifnh -61
jkof -166
ijec 417
ambs -154
ctsb -145
qsfo -17
eien -269
apqb 205
ecna -137
ftbo -210
rcfg -190
cqip -215
mhga -95
erfo -131
nlht -30
VOID------
hget -242
oefn -237
gcmo -145
rcja -67
jrmd 128
pgdd -248
dobi -90
bkrt -120
thhq -145
cnfs 598
tmoc -84
mden -92
gfbh -194
hhpg -292
glsp -154
amck -276
qpit -272
VOID------
hget -242
oefn -237
gcmo -145
rcja -67
jrmd 128
pgdd -248
dobi -90
bkrt -120
thhq -145
cnfs 598
tmoc -84
mden -92
gfbh -194
hhpg -292
glsp -154
amck -276
qpit -272
VOID------
hget -242
oefn -237
gcmo -145
rcja -67
jrmd 128
pgdd -248
dobi -90
bkrt -120
thhq -145
cnfs 598
tmoc -84
mden -92
gfbh -194
hhpg -292
glsp -154
amck -276
qpit -272
VOID------
hhpg -292
gfbh -194
mden -92
tmoc -84
kcft 106
thhq -145
bkrt -120
dobi -90
pgdd -248
VOID------
hhpg -292
gfbh -194
mden -92
tmoc -84
kcft 106
thhq -145
bkrt -120
dobi -90
pgdd -248
VOID------
hhpg -292
gfbh -194
mden -92
tmoc -84
kcft 106
thhq -145
bkrt -120
dobi -90
pgdd -248
VOID------
hhpg -292
gfbh -194
mden -92
tmoc -84
kcft 106
thhq -145
bkrt -120
dobi -90
pgdd -248
DOMAIN------
rjml -295
pjpc -297
ohbn -167
lbaa -296
fcmk -106
pcht -86
pogr -9
tegr -216
spqt -71
tfjf -44
dhag -102
nppo -131
gnme -274
pjib -49
sebn -91
leqb -186
boer -18
hget -242
oefn -237
gcmo -145
hasb -18
rcja -67
fhle -26
fjmf -82
pgdd -248
dobi -90
bkrt -120
thhq -145
tmoc -84
bhqb -62
mden -92
gfbh -194
hhpg -292
glsp -154
amck -276
sigj -29
qpit -272
nlht -30
erfo -131
gssh -81
mhga -95
cqip -215
rcfg -190
ftbo -210
ecna -137
eien -269
dkdo -114
qsfo -17
ctsb -145
ambs -154
ifnh -61
jkof -166
VOID------
ales -148
gbct -70
dfip -57
pghc -201
otmg -36
attk 153
oijm -300
nkfp -144
VOID------
ales -148
gbct -70
dfip -57
pghc -201
otmg -36
attk 153
oijm -300
nkfp -144
VOID------
ales -148
gbct -70
dfip -57
pghc -201
otmg -36
attk 153
oijm -300
nkfp -144
VOID------
qsrh -144
ibks -236
tghb -3
fdqi -207
rrbb -270
jgfh 84
bsmr -137
knfj -33
fnim 83
nkfp -144
ntne 78
oijm -300
otmg -36
pghc -201
dfip -57
LIGHT------
kfig 434
kmbk 335
tnma 583
gjgb 590
bdid 33
oboo 661
oiis 19
hesd 154
gpdd 284
srfn 323
trtg 485
traa 501
hmsg 85
mbnp 475
lqrp 592
dplq 308
eosc 319
jmfl 614
bddk 387
qnbg 468
tjjt 256
nqll 360
pqge 313
djot 398
iqjp 352
dhtl 217
ggsj 40
ggkh 139
dcmh 429
rgjo 359
pibp -20
lban 26
dkae 335
bgql -79
tbbj 569
mgis 402
csgq 526
teic 486
eenr 203
msrd 42
cppa 60
jcsk 271
gema 367
arom 314
ndcs 144
cfql 516
abae 24
rhqn 397
lalc 563
bacd 455
tfmd 12
ghkj 180
nnrr 532
noaf 41
jhlk 328
leqi 56
ghpm 109
grqn 415
gjmq 266
rntn 336
ilcr 67
lspn 10
qqna 327
tpqj 105
ssrk 205
kcft 106
cbbm 647
endm 653
fhtk 114
qhso 563
ppgg 69
ckgn 459
iqgc 274
dsjc 146
rqod 124
qgrb 191
iqtn 208
jflc 328
mtip 536
fbpa 15
amdm 375
ttpl 258
hgjg 85
clmd 567
eqms 689
enpk 526
ocih 431
gipe 696
gfrt 577
rgah 550
bscd 487
qbsb 223
foha 385
annl 79
hfqr 424
limk 141
qnmq 407
ekaq 602
monh 247
btjh 308
ekrn 410
samo 330
aqkg 559
shok 197
jagi 698
ionh 85
ofoc 163
ioam 31
qmmn 164
tpbs 524
fsrk 98
ofce 57
mcfh 209
qeob 273
skhg 199
sdpi 634
ajnh 418
koqe 219
kfbo 334
qcgk 118
ckqt 97
dmlk 39
djeg 90
rckq 546
fcpl 554
phse 585
qkhg 417
erqe 430
nagb 503
bbio 95
efdh 61
ceda 324
ogpe 658
jqon 510
gdhp 329
kcjf 550
gnho 204
cnfs 598
jrmd 128
bded 320
injl 285
hkfm 274
mtlb 668
pptc 280
mgos 469
tijp 541
dftc 219
rirb 140
hnlb 401
ahaq 230
dsjl 75
kmmd 300
iajj 39
grbk 165
gcdr 618
legc 591
qgof 302
afeb 313
fcec 526
qbck 475
jlpe 418
icpg 542
kgol 345
sbcp 512
pmrm 111
odkl 456
efci 506
fjid 507
lirb 671
nnkh 613
olsn 92
bljo 237
dnfg 155
fftt 334
siro 144
sihp 287
oqlg 692
tnfe 334
agqt 62
bjdc 314
eghd 651
aarc 356
jakh 260
eogg 363
nlph 337
pkkg 590
terf 223
fmfo 92
sjqm 320
jsrl 620
qimt 688
mmkk 138
mqkf 592
imnm 321
jigj 207
fsam 438
nqhe 30
nllp 174
moad 342
srbi 36
kebc 83
nlqn 25
qtdt 590
mopf 433
ocfb 214
fmlb 576
jpko 4
tkrc 247
ggad 331
aefm 352
inaf 174
rpdd 383
shge 492
ihks 338
ntbf 239
ktrf 87
jfcn 33
fiqj 372
segn 178
elbo 179
pabr 148
hcjq 167
idsd 555
incr 467
feed 451
sarq 34
ceht 479
ogqo 74
sdqk 197
rgdq 265
rkfl 55
ngjf 214
qqsf 633
hjlk 418
cncb 369
pftt 359
apgq 509
jntj 64
this 306
eapa 552
erco 698
dqbi 169
josq 467
arnt 699
hnmp 197
mtth 380
hajk 600
omhk 234
dmne 78
oljl 612
nndr 215
edel 503
klrl 241
efqa 545
plnk 276
pibn 272
qdnn 88
jkab 520
shoh 10
ftea 355
dmam 335
tjik 11
eqpf 223
cghp 268
dhlk 263
dmej 630
apaj 444
trcf 149
qtkh 657
tnfn 419
fecb 546
clbb 217
onko 126
oasr 42
essr 391
pfhl 686
idgf 553
kqmp 508
rmpl 281
prsl 380
irkm 479
trjg 180
atlc 127
lfpt 193
tnlh 266
rnfr 447
rfpa 262
ashr 447
ddot 415
qlpe 302
rogs 575
aaed 511
latj 69
jpke 302
glii 18
ebpm 225
ktej 61
tnml 38
ltcn 402
sosk 174
dgcp 243
lnrr 592
htrn 84
dtjo 52
ptak 76
hdlf 395
kngs 460
nntc 350
tpkr 471
nctf 608
okho 679
arkc 553
tcak 329
dasn 161
hirs 186
ffbc 292
csia 156
athp 498
bafh 79
pstn 397
berb 226
jodm 696
fjcp 78
brbp 637
dfem 471
kflm 581
onhr 474
tlnb 537
gmpd 276
ijaj 72
teii 597
lbks 386
tnes 502
smkj 460
agjm 398
jcrb 301
toms 77
gamt 316
jqsj 643
ttoh 216
pnmo 637
sbia 511
kpnj 125
dqmt 477
imhs 259
nohs 105
poek 161
baqf 252
dack 63
dkhr 270
bkej 669
jtil 415
lsem 381
ihtd 129
kjsj 53
dhpl 398
ntip 439
njsg 289
jshd 547
hogi 539
rotj 575
hhrd 226
hqbc 537
gpmb 528
ohaq 264
nnsb 110
fhfa 519
pstc 49
gtfj 300
plor 553
ihee 481
fban 381
lshe 578
agns 624
gdii 417
omir 528
fkge 697
sgrj 253
ejph 350
mifc 607
ibsr 123
rode 359
jslb 436
podj 679
qrkh 687
phop 205
caik 201
dept 306
nooi 294
faoo 383
boph 154
caai 600
kfon 593
aqeh 464
gnjf 20
hmpt 38
cpfd 40
netp 161
kkto 33
imfn 230
kfre 263
ttpi 192
dqrk 217
hsos 264
fedf 35
pqrm 506
intb 455
oqlh 192
ojrq 50
bmto 138
dpos 530
fbca 551
tbcd 674
emee 464
cecq 685
lkpq 614
anck 688
qqha 516
aljk 549
bfjf 597
rrlo 634
mqja 652
tclr 78
dbtd 234
jeni 276
ibnn 213
gnci 470
kmon 476
fnbn 503
rjen 682
sabi 74
qkho 69
jqli 536
rgld 355
oqqf 621
dscq 72
ddqc 328
plet 641
rrma 142
qqdh 267
toso 335
tpbe 633
tlkj 123
qskh 56
hqge 640
miod 299
jnqk 651
raoa 135
csfr 140
hllj 586
kioq 46
kste 567
pkks 609
dhhf 506
blgr 55
gcnf 76
fmjd 590
tihm 483
dcif 439
ffkl 387
qake 639
mtni 467
eaej 368
jrbe 378
gipc 655
fdni 390
klth 616
onpo 622
cbee 387
gtrf 540
erqm 185
onbj 642
ehkd 349
nlms 279
jjos 27
pdqj 492
jagg 605
ngqc 472
oorb 439
ltnm 490
cgpp 259
lgml 653
dkac 458
halo 137
ecsq 88
drbs 559
epip 382
peah 349
jmmo 274
garg 303
diff 603
pbif 44
ptrk 218
dmjb 337
oldp 563
ctll 374
gdqe 414
cqpl 212
pdfi 141
tpgd 190
jnns 489
eqoe 338
odfk 206
qstg 178
rdli 100
skbm 176
pnrl 289
cgoc 224
tlhl 197
dqan 445
hgfa 3
bkrf 5
kdoq 146
sscq 76
eotn 222
prmq 453
tppq 65
ljeo 547
blcl 339
etoq 171
hako 434
djlr 597
eotf 595
rlhm 393
jahb 490
smdj 33
ress 132
digs 260
jgkc 480
kqgs 275
dmpk 478
ftfi 418
flps 623
pcab 462
mljp 445
btcs 205
mjrf 184
lodd 281
ljth 112
jmja 357
emfb 16
hbig 459
molt 73
bgpp 549
fjhm 576
kadh 555
rdhs 443
rkdn 473
ttio 465
fglg 575
pjod 50
rkfs 526
tppm 454
iali 313
htiq 240
lrel 526
krcf 676
igam 74
dqej 196
gitq 71
igen 625
liam 272
cjeh 518
nrmj 15
mhhe 599
renc 233
okdt 540
gpsh 650
lipi 149
mgso 645
grqj 386
jjjk 659
etnd 453
bpeg 696
siid 387
taoj 393
eegp 341
fbkj 468
ccjk 303
mfhi 321
mpcb 129
dfjb 689
dmke 659
ndoo 311
gfek 61
qoeb 545
pihh 661
rlke 550
offa 544
oatp 661
kser 586
ncsq 488
bkdn 227
ajrf 107
mdda 14
dpid 159
tolk 325
gbid 338
getg 181
togp 642
tgae 343
scga 590
efbj 158
iime 31
ghdb 57
ahee 626
ftoa 631
cldo 360
srbg 60
ntsk 159
sejf 218
jhig 580
dfsg 57
mcbb 328
eoln 522
qfsk 69
skjb 563
ifcs 594
fado 246
pmhp 11
docq 464
trcd 360
ekjc 646
diqb 659
irqs 412
mphn 593
gjog 266
fbmk 108
cclc 303
gobd 219
nebl 149
cobf 574
atir 683
osqm 511
lhlk 663
nraf 247
nats 446
msgj 649
hcdd 678
elko 523
gbks 689
edpp 691
jofj 88
nqci 373
ktil 642
isnl 240
ngna 216
hrkd 377
qmqo 252
nnlp 453
ecah 206
lahi 591
ijec 417
apqb 205
agkl 638
qops 489
bbet 380
csjk 585
rrsf 516
eppi 677
efrd 448
ntof 610
etes -206
dqnp -70
hgfr 128
csqk 609
mtdp 672
fmlc 599
anhb -89
hajb -293
ohsc 567
attk 153
qsrh -144
ibks -236
tghb -3
fdqi -207
rrbb -270
jgfh 84
bsmr -137
knfj -33
fnim 83
nkfp -144
ntne 78
oijm -300
otmg -36
pghc -201
dfip -57
tsdo 418
matj 106
gbct -70
ales -148
qoid 507
phnm -67
qqtj -97
onlg -267
anpa 46
qero 313
hkkm 209
kboi -139
lsbh -82
sckt 130
gjge 667
cqgk -149
lnjl 691
mdir -202
lghr 228
VOID------
qsrh -144
ibks -236
tghb -3
fdqi -207
rrbb -270
jgfh 84
bsmr -137
knfj -33
fnim 83
nkfp -144
ntne 78
oijm -300
otmg -36
pghc -201
dfip -57
VOID------
qsrh -144
ibks -236
tghb -3
fdqi -207
rrbb -270
jgfh 84
bsmr -137
knfj -33
fnim 83
nkfp -144
ntne 78
oijm -300
otmg -36
pghc -201
dfip -57
VOID------
qsrh -144
ibks -236
tghb -3
fdqi -207
rrbb -270
jgfh 84
bsmr -137
knfj -33
fnim 83
nkfp -144
ntne 78
oijm -300
otmg -36
pghc -201
dfip -57
VOID------
lsbh -82
kboi -139
onlg -267
qqtj -97
phnm -67
srfn 323
ales -148
gbct -70
gpdd 284
dfip -57
hesd 154
pghc -201
otmg -36
oijm -300
nkfp -144
VOID------
mdir -202
cqgk -149
attk 153
jgfh 84
lsbh -82
kboi -139
onlg -267
qqtj -97
phnm -67
fnim 83
ales -148
gbct -70
ntne 78
dfip -57
tsdo 418
pghc -201
otmg -36
oijm -300
nkfp -144
VOID------
gsgh -249
mnno -147
otoc -235
pibp -20
bgql -79
oiis 19
etes -206
dqnp -70
oboo 661
anhb -89
bdid 33
hajb -293
qsrh -144
ibks -236
tghb -3
DOMAIN------
ghcf -297
gigd -10
qers -21
ggtj -51
kqdp -165
fjsd -91
pdco -30
mqrs -196
ifmd -16
ahki -140
ihqk -61
tphr -61
eqrl -72
crmc -239
hiec -43
hmcp -80
gsgh -249
mnno -147
otoc -235
haij -268
ahol -142
bmgq -2
gjpf -263
mdir -202
pibp -20
bgql -79
etes -206
dqnp -70
anhb -89
hajb -293
qsrh -144
ibks -236
tghb -3
fdqi -207
rrbb -270
bsmr -137
knfj -33
nkfp -144
oijm -300
otmg -36
pghc -201
dfip -57
gbct -70
ales -148
phnm -67
qqtj -97
onlg -267
cqgk -149
kboi -139
lsbh -82
VOID------
ahlk -70
bais 140
gjii -5
iofg -210
VOID------
sotk -162
skla -128
qadi -260
hfqj -141
VOID------
bsbd -98
ecnt -184
iela -226
qngg -221
VOID------
orth -200
ltgr -218
ihin -228
rnkc -84
VOID------
orth -200
ltgr -218
ihin -228
rnkc -84
DOMAIN------
ahsa -17
ofds -50
dshg -44
psho -219
kiin -86
qjrp -24
meri -30
qngg -221
pirb -21
iela -226
ecnt -184
rnkc -84
bsbd -98
ihin -228
ltgr -218
orth -200
otmj -242
sotk -162
skla -128
qadi -260
hfqj -141
iirh -129
ahlk -70
gjii -5
iofg -210
tasl -63
VOID------
sscq 76
kdoq 146
bkrf 5
hgfa 3
DOMAIN------
todd -284
ealq -35
bnhb -121
kfnp -119
qkbr -234
sajn -135
akfb -144
kiel -142
qlqa -137
lspg -243
jpob -211
aicr -121
VOID------
qqjf -239
lqak -82
rqsi -32
mhqj -56
VOID------
qqjf -239
lqak -82
rqsi -32
mhqj -56
tbrq -214
cimg -182
tflb -60
hcmi -74
VOID------
mhqj -56
rqsi -32
lqak -82
qqjf -239
jhkr -49
hcmi -74
tflb -60
VOID------
mhqj -56
rqsi -32
lqak -82
qqjf -239
jhkr -49
hcmi -74
tflb -60
VOID------
sfje -25
nfnq -183
jlas -235
pkop -86
kejj -196
gcgl -149
VOID------
sfje -25
nfnq -183
jlas -235
pkop -86
kejj -196
gcgl -149
lone -114
VOID------
sfje -25
nfnq -183
jlas -235
pkop -86
kejj -196
gcgl -149
lone -114
VOID------
sfje -25
nfnq -183
jlas -235
pkop -86
kejj -196
gcgl -149
lone -114
VOID------
argd -242
nkbi -66
cbfl -242
esqs -57
nbrg -171
alsp -88
lone -114
VOID------
argd -242
nkbi -66
cbfl -242
esqs -57
nbrg -171
alsp -88
lone -114
VOID------
argd -242
nkbi -66
cbfl -242
esqs -57
nbrg -171
alsp -88
lone -114
VOID------
argd -242
nkbi -66
cbfl -242
esqs -57
nbrg -171
alsp -88
lone -114
VOID------
argd -242
nkbi -66
cbfl -242
esqs -57
nbrg -171
alsp -88
lone -114
VOID------
bajc -170
kaed -165
bhbh -243
gqao -163
ciho -25
sfje -25
nfnq -183
DOMAIN------
edmq -17
tkqg -281
mmbr -292
leqp -223
mchd -202
arqk -143
ghkf -242
ekqm -183
smdn -38
sfbs -253
llhh -161
argd -242
nkbi -66
sdec -20
cbfl -242
esqs -57
nbrg -171
dhpq -100
alsp -88
lone -114
gcgl -149
kejj -196
pkop -86
nhes -71
jlas -235
nfnq -183
sfje -25
ciho -25
gqao -163
bhbh -243
kaed -165
bajc -170
ffls -33
dord -282
tflb -60
cimg -182
tbrq -214
hcmi -74
mhqj -56
jhkr -49
rqsi -32
lqak -82
qqjf -239
VOID------
kgle -198
jrmk 106
hdss -79
lann -217
aaqn -175
hcqd -197
VOID------
kgle -198
jrmk 106
hdss -79
lann -217
aaqn -175
hcqd -197
VOID------
hcqd -197
aaqn -175
lann -217
hdss -79
VOID------
hdss -79
lann -217
aaqn -175
hcqd -197
VOID------
hdss -79
lann -217
aaqn -175
hcqd -197
LIGHT------
VOID------
hdss -79
lann -217
aaqn -175
hcqd -197
VOID------
hdss -79
lann -217
aaqn -175
hcqd -197
VOID------
hdss -79
lann -217
aaqn -175
hcqd -197
VOID------
rpnf -247
idso -286
nerk 54
caad -246
noqe 62
srjr -120
VOID------
rpnf -247
idso -286
nerk 54
caad -246
noqe 62
srjr -120
VOID------
rpnf -247
idso -286
nerk 54
caad -246
noqe 62
srjr -120
VOID------
hdss -79
lann -217
aaqn -175
hcqd -197
VOID------
hdss -79
lann -217
aaqn -175
hcqd -197
VOID------
mngo -290
mfoj -3
ltbq -145
lrtq -233
VOID------
irrb -191
srjr -120
mgne 139
caad -246
pnnc 196
idso -286
rpnf -247
VOID------
irrb -191
srjr -120
mgne 139
caad -246
pnnc 196
idso -286
rpnf -247
VOID------
irrb -191
srjr -120
mgne 139
caad -246
pnnc 196
idso -286
rpnf -247
VOID------
ppqs -71
dfmo 37
qbpl -246
slig 184
hfrt -208
smtl 94
kdfm -279
enln -93
miaf 109
irrb -191
VOID------
ppqs -71
dfmo 37
qbpl -246
slig 184
hfrt -208
smtl 94
kdfm -279
enln -93
miaf 109
irrb -191
VOID------
qbpl -246
hfrt -208
smtl 94
kdfm -279
miaf 109
enln -93
irrb -191
VOID------
caad -246
dfmo 37
srjr -120
irrb -191
slig 184
enln -93
smtl 94
kdfm -279
hfrt -208
miaf 109
qbpl -246
DOMAIN------
gccm -289
lsep -7
ddkj -271
hrnq -178
cqek -138
cara -121
oijd -115
sbmi -85
hopr -275
igqq -115
trkd -68
qklj -32
qprq -262
hnna -188
aiti -100
kltp -167
grjl -160
bcro -232
edca -30
fpjo -204
nrro -166
rmoc -191
kmfr -251
sntn -75
jghj -1
mngo -290
mfoj -3
lrtq -233
ltbq -145
iagg -42
piqh -128
okaa -144
tcna -231
pnjt -67
rcfq -80
modc -254
qkik -44
jkaq -40
ppqs -71
qbpl -246
hfrt -208
kdfm -279
enln -93
irrb -191
srjr -120
caad -246
idso -286
riag -204
kbll -103
rpnf -247
lbiq -14
hcqd -197
aaqn -175
lann -217
hdss -79
irfl -38
kgle -198
mqem -79
VOID------
njqb 39
kmgf -158
tosl 238
lepa 109
VOID------
misb -282
oann 47
lepa 109
tosl 238
jlnd -198
VOID------
qmmd -72
ooca -242
ophq 155
okdj 10
VOID------
jlnd -198
ophq 155
okdj 10
olmh 53
qmmd -72
ooca -242
DOMAIN------
oear -115
lrdc -177
bhnl -162
agpl -182
rstg -60
scbb -216
qoep -245
tpgt -5
ooca -242
cjpp -35
qmmd -72
jlnd -198
misb -282
kmgf -158
VOID------
icii -190
cchb 563
pojh 17
scbe -99
cjkn -241
VOID------
ophq 155
cqke -118
nooj -166
mbgk -65
VOID------
cjkn -241
scbe -99
icii -190
pojh 17
VOID------
cjkn -241
scbe -99
icii -190
pojh 17
VOID------
cjkn -241
scbe -99
icii -190
pojh 17
VOID------
cjkn -241
scbe -99
icii -190
pojh 17
VOID------
cjkn -241
scbe -99
icii -190
pojh 17
VOID------
cjkn -241
scbe -99
icii -190
olmh 53
okdj 10
mbgk -65
VOID------
cjkn -241
scbe -99
icii -190
olmh 53
okdj 10
mbgk -65
VOID------
cjkn -241
scbe -99
icii -190
inge 325
VOID------
emnc -96
raln -244
bgmc -88
ahto -51
qliq -45
porq -162
VOID------
emnc -96
raln -244
bgmc -88
ahto -51
qliq -45
porq -162
VOID------
emnc -96
raln -244
bgmc -88
ahto -51
qliq -45
porq -162
aect 156
bbor -236
qijm -134
qsgq -53
VOID------
emnc -96
raln -244
bgmc -88
ahto -51
qliq -45
porq -162
aect 156
bbor -236
qijm -134
qsgq -53
VOID------
chlc -35
brhf -226
acad -1
ktgi -64
fqoi -16
nooj -166
jnjr 152
mbgk -65
icii -190
scbe -99
VOID------
chlc -35
brhf -226
acad -1
ktgi -64
fqoi -16
nooj -166
jnjr 152
mbgk -65
icii -190
scbe -99
VOID------
fqoi -16
ktgi -64
acad -1
brhf -226
chlc -35
emnc -96
VOID------
fqoi -16
ktgi -64
acad -1
brhf -226
chlc -35
emnc -96
VOID------
chlc -35
brhf -226
acad -1
ktgi -64
fqoi -16
nooj -166
VOID------
icii -190
mbgk -65
nooj -166
fqoi -16
ktgi -64
acad -1
cakd 232
brhf -226
chlc -35
emnc -96
VOID------
icii -190
mbgk -65
nooj -166
fqoi -16
ktgi -64
acad -1
cakd 232
brhf -226
chlc -35
emnc -96
VOID------
cjkn -241
scbe -99
fmlf 35
icii -190
mbgk -65
nooj -166
fqoi -16
ktgi -64
acad -1
VOID------
cjkn -241
scbe -99
fmlf 35
icii -190
mbgk -65
nooj -166
fqoi -16
ktgi -64
acad -1
VOID------
cjkn -241
scbe -99
fmlf 35
icii -190
mbgk -65
nooj -166
fqoi -16
ktgi -64
acad -1
VOID------
icii -190
mbgk -65
nooj -166
fqoi -16
ktgi -64
acad -1
qofg 304
brhf -226
chlc -35
emnc -96
VOID------
ohtj -190
rjfq -196
stio -260
haom -173
VOID------
ohtj -190
rjfq -196
stio -260
haom -173
VOID------
ohtj -190
rjfq -196
stio -260
haom -173
cqdt -210
sfsc -6
laib -90
DOMAIN------
dslt -202
baad -244
siob -269
mbep -95
laib -90
sfsc -6
cqdt -210
haom -173
stio -260
ilds -121
dfdh -93
rjfq -196
ohtj -190
kfof -113
odbl -63
efqq -93
fhfk -244
pgkm -202
mtcd -27
tkhm -218
gskr -146
kfok -37
tbrl -237
loaq -133
felq -201
oakg -137
jalq -246
krmp -131
kego -248
htnd -37
lmmh -79
rjfi -224
drpm -129
ldjk -60
tpdt -82
qkgt -153
qsgq -53
qijm -134
oosj -100
bbor -236
porq -162
qliq -45
ahto -51
bgmc -88
raln -244
emnc -96
chlc -35
brhf -226
acad -1
ktgi -64
fqoi -16
nooj -166
mbgk -65
cqke -118
icii -190
scbe -99
cjkn -241
DOMAIN------
bine -227
tcmc -140
DOMAIN------
opqb -237
qtde -177
ritt -6
port -203
jjcs -19
DOMAIN------
gcfl -107
VOID------
krcr -145
dmma -17
grbj -211
atom 357
VOID------
krcr -145
dmma -17
grbj -211
ajoj -300
VOID------
krcr -145
dmma -17
grbj -211
ajoj -300
ielh 301
mhae -297
rhbp -56
VOID------
krcr -145
dmma -17
grbj -211
ajoj -300
ielh 301
mhae -297
rhbp -56
VOID------
krcr -145
dmma -17
grbj -211
ajoj -300
ielh 301
mhae -297
rhbp -56
octh 19
rqoo -248
VOID------
krcr -145
dmma -17
grbj -211
ajoj -300
ielh 301
mhae -297
rhbp -56
octh 19
rqoo -248
VOID------
ikdd -248
rqoo -248
rhbp -56
mhae -297
VOID------
ajgd -178
rjsi -190
krcr -145
dmma -17
lnqd 73
grbj -211
ajoj -300
VOID------
lpgj -189
hcna -245
lgpq -296
sjhj -213
ghmo -288
VOID------
lpgj -189
hcna -245
lgpq -296
sjhj -213
ghmo -288
VOID------
lpgj -189
hcna -245
lgpq -296
sjhj -213
ghmo -288
VOID------
ajoj -300
mhae -297
rhbp -56
pjpl 276
rqoo -248
ikdd -248
qkjp -15
hgra -21
VOID------
ajoj -300
mhae -297
rhbp -56
pjpl 276
rqoo -248
ikdd -248
qkjp -15
hgra -21
VOID------
krcr -145
rjsi -190
ajgd -178
lpgj -189
hcna -245
fpam 61
sktt 186
lgpq -296
sjhj -213
ghmo -288
VOID------
esap -171
fnfg -296
dpfo -11
maic -89
blff -119
fpam 61
sktt 186
echm -100
ghmo -288
sjhj -213
nqgp 320
lgpq -296
hcna -245
lpgj -189
ajgd -178
VOID------
esap -171
fnfg -296
dpfo -11
maic -89
blff -119
fpam 61
sktt 186
echm -100
ghmo -288
sjhj -213
nqgp 320
lgpq -296
hcna -245
lpgj -189
ajgd -178
VOID------
esap -171
fnfg -296
dpfo -11
maic -89
blff -119
fpam 61
sktt 186
echm -100
ghmo -288
sjhj -213
nqgp 320
lgpq -296
hcna -245
lpgj -189
ajgd -178
DOMAIN------
liin -2
csih -238
pjsi -146
pnor -126
esns -57
foae -120
iecg -84
plgj -76
fqei -282
imje -185
dnei -100
aqnt -283
fqkp -20
hiaf -270
bipn -113
eecl -173
naii -298
mjan -196
nrrb -126
rtrs -112
sljm -164
oonf -76
ilaj -283
qmap -271
fchc -12
esap -171
fnfg -296
dpfo -11
maic -89
blff -119
echm -100
ghmo -288
sjhj -213
lgpq -296
tjpb -42
hgra -21
qkjp -15
hcna -245
lpgj -189
ajgd -178
rjsi -190
ikdd -248
rqoo -248
rhbp -56
mhae -297
ajoj -300
grbj -211
dmma -17
krcr -145
VOID------
kctg -278
kass -271
kkli 21
lbcm 692
kpoo 51
itfs -184
VOID------
kctg -278
kass -271
kkli 21
smgl -173
tspj -67
ipob 319
cqtf -223
cpil -176
ojrp 17
agcl -234
tfln -16
VOID------
tspj -67
smgl -173
kkli 21
kass -271
kctg -278
ipob 319
itfs -184
ptco -97
ojrp 17
oort 168
lnni 33
ojph 80
nfoa -189
hrhc 37
hhic -209
VOID------
tspj -67
smgl -173
kkli 21
kass -271
kctg -278
ipob 319
itfs -184
ptco -97
ojrp 17
oort 168
lnni 33
ojph 80
nfoa -189
hrhc 37
hhic -209
VOID------
tspj -67
smgl -173
kkli 21
kass -271
kctg -278
ipob 319
itfs -184
ptco -97
ojrp 17
oort 168
lnni 33
ojph 80
nfoa -189
hrhc 37
hhic -209
VOID------
tspj -67
smgl -173
kkli 21
kass -271
kctg -278
ipob 319
itfs -184
ptco -97
ojrp 17
oort 168
lnni 33
ojph 80
nfoa -189
hrhc 37
hhic -209
VOID------
hhic -209
nfoa -189
nems 215
ptco -97
itfs -184
rbgs 8
kctg -278
kass -271
VOID------
prfc -272
jhdh -274
gqtf 98
stcn -89
arel -203
glkq 116
qtss -239
kcdh -29
VOID------
ptco -97
nfoa -189
hhic -209
kkli 21
ipob 319
glkt -171
nshc -287
qodi -147
ojrp 17
jnhm -248
oort 168
lnni 33
ojph 80
hrhc 37
agdg -89
aebh 373
gnlo -234
hqog -214
gijo -290
ftqr -198
VOID------
qtss -239
arel -203
stcn -89
jhdh -274
VOID------
hagr -236
shrc -267
lcdl -296
petn -11
VOID------
hagr -236
shrc -267
lcdl -296
petn -11
VOID------
krrf -162
hres -170
hagr -236
shrc -267
bokt 88
lcdl -296
VOID------
krrf -162
hres -170
hagr -236
shrc -267
bokt 88
lcdl -296
VOID------
krrf -162
hres -170
hagr -236
shrc -267
bokt 88
lcdl -296
VOID------
krrf -162
hres -170
hagr -236
shrc -267
bokt 88
lcdl -296
DOMAIN------
klng -82
cdjb -26
mfqo -203
bpal -61
glmc -130
jltb -120
htco -95
tnck -257
mhem -151
cmkr -59
pnbq -265
hakq -184
iefa -267
cdse -7
crpt -55
gchb -216
nqde -263
neon -271
oiod -54
dqbs -137
petn -11
lcdl -296
dkos -165
shrc -267
hagr -236
hres -170
mftp -84
krrf -162
ftqr -198
gijo -290
eabr -191
hqog -214
gnlo -234
mmqi -79
ncfh -225
abal -122
afgm -186
prfc -272
jhdh -274
agdg -89
stcn -89
arel -203
qtss -239
jnhm -248
qodi -147
nshc -287
kcdh -29
glkt -171
hhic -209
mfeb -86
asfg -62
tfln -16
agcl -234
cpil -176
cqtf -223
nfoa -189
tspj -67
smgl -173
ptco -97
kass -271
kctg -278
itfs -184
VOID------
sscq 76
kdoq 146
bkrf 5
hgfa 3
VOID------
oeho -131
eeak -189
qnmb 39
skcr 61
obar -64
hjlb -19
VOID------
oeho -131
eeak -189
rjhh -233
dnal -163
bclt -52
VOID------
oeho -131
eeak -189
rjhh -233
dnal -163
bclt -52
bnrm -242
VOID------
oeho -131
eeak -189
rjhh -233
dnal -163
bclt -52
bnrm -242
VOID------
oeho -131
eeak -189
rjhh -233
dnal -163
bclt -52
bnrm -242
VOID------
oeho -131
eeak -189
rjhh -233
dnal -163
bclt -52
bnrm -242
VOID------
bnrm -242
bclt -52
dnal -163
rjhh -233
eeak -189
oeho -131
VOID------
bnrm -242
bclt -52
dnal -163
rjhh -233
eeak -189
oeho -131
DOMAIN------
htab -127
mpfq -40
sgrk -56
tkmr -218
bnrm -242
bclt -52
dnal -163
rjhh -233
eeak -189
oeho -131
obar -64
hjlb -19
VOID------
sscq 76
kdoq 146
bkrf 5
hgfa 3
VOID------
padf -50
ntnh -88
rjmf 244
rpki -84
VOID------
jrbo -254
hlla -246
abqp -130
fnbq -140
pjsh -47
fohj 286
arnk -281
osia 99
fpob -164
VOID------
jrbo -254
hlla -246
abqp -130
fnbq -140
pjsh -47
fohj 286
arnk -281
hrlk -252
VOID------
jrbo -254
hlla -246
abqp -130
fnbq -140
pjsh -47
fohj 286
arnk -281
hrlk -252
VOID------
jrbo -254
hlla -246
abqp -130
fnbq -140
pjsh -47
fohj 286
arnk -281
hrlk -252
DOMAIN------
egjo -76
kmcj -293
aijr -156
dpma -229
jnci -249
fbkh -96
hrlk -252
arnk -281
fpob -164
pjsh -47
fnbq -140
abqp -130
hlla -246
jrbo -254
nrsi -130
frqr -244
rqpa -297
padf -50
ntnh -88
pfpt -12
rpki -84
tjci -227
liig -77
hmdd -50
VOID------
fplb -281
cocl -250
hrrs -206
gleg -35
VOID------
ehjd -41
gleg -35
hrrs -206
cocl -250
aibb 279
fplb -281
VOID------
hflk -80
kicq -67
tplm -74
erki -230
jorg 57
qqjl -65
qbrb 17
fplb -281
VOID------
hflk -80
kicq -67
tplm -74
erki -230
VOID------
hflk -80
kicq -67
tplm -74
erki -230
VOID------
hflk -80
kicq -67
tplm -74
erki -230
VOID------
afit -101
mnea 61
jmab -202
lnqa 27
rmkd -205
masd 9
lcat 94
sqkg 74
smfk -182
sdcm -98
DOMAIN------
hoef -7
jqbg -127
mlne -252
imge -62
smfk -182
sdcm -98
rmkd -205
jmab -202
afit -101
imdi -156
nsef -64
hflk -80
kicq -67
tplm -74
erki -230
gnfc -276
ehjd -41
gleg -35
hrrs -206
cocl -250
qqjl -65
fplb -281
VOID------
ldth 525
tjdo -201
rsii -175
hndg -71
VOID------
tjdo -201
rsii -175
hndg -71
ikqm -255
kmsb -104
VOID------
tjdo -201
rsii -175
hndg -71
ikqm -255
kmsb -104
VOID------
tjdo -201
rsii -175
hndg -71
ikqm -255
kmsb -104
VOID------
tjdo -201
rsii -175
hndg -71
ikqm -255
kmsb -104
DOMAIN------
eghn -156
bsqk -74
skgq -278
gigb -79
psbl -11
kmsb -104
mhjk -9
ikqm -255
hndg -71
rsii -175
tjdo -201
VOID------
hkbg -279
mnao -174
bidm -64
nggc 51
VOID------
adlb -143
ohri -249
hsqp -31
thpo 128
acdj 364
hkbg -279
mnao -174
bidm -64
VOID------
adlb -143
ohri -249
hsqp -31
thpo 128
acdj 364
hkbg -279
mnao -174
bidm -64
VOID------
adlb -143
ohri -249
hsqp -31
thpo 128
acdj 364
hkbg -279
mnao -174
bidm -64
VOID------
adlb -143
ohri -249
hsqp -31
thpo 128
acdj 364
hkbg -279
mnao -174
bidm -64
VOID------
bidm -64
mnao -174
hkbg -279
mkae 361
nggc 51
hsqp -31
ohri -249
adlb -143
VOID------
bidm -64
mnao -174
hkbg -279
mkae 361
nggc 51
hsqp -31
ohri -249
adlb -143
VOID------
bidm -64
mnao -174
hkbg -279
mkae 361
nggc 51
hsqp -31
ohri -249
adlb -143
VOID------
kckl -239
fgkb -291
rtoi -102
htjq -72
DOMAIN------
anrk -226
jico -299
ammg -191
htjq -72
rtoi -102
fgkb -291
kckl -239
emhr -71
gmsb -132
dokp -109
poeg -92
piic -96
bidm -64
mnao -174
hkbg -279
pasb -41
hsqp -31
ijjs -6
ohri -249
adlb -143
LIGHT------
VOID------
dfhb -283
kdqa 2
tqgf -84
ilmk -295
qhmk -121
VOID------
fdfs -25
lifb -151
fhbk -241
amfr -151
bpks -123
VOID------
fdfs -25
lifb -151
fhbk -241
amfr -151
bpks -123
VOID------
ccrl -225
qhmk -121
ilmk -295
tqgf -84
dfhb -283
VOID------
chcq -297
isjn -99
jbfd -84
ponl -288
amep 19
asqt 360
qbiq -289
koqi -292
gnoh -77
kcll -158
VOID------
qbiq -289
koqi -292
gnoh -77
kcll -158
VOID------
ponl -288
jbfd -84
isjn -99
chcq -297
giqq -116
VOID------
ponl -288
jbfd -84
isjn -99
chcq -297
giqq -116
VOID------
jbfd -84
ponl -288
qbiq -289
koqi -292
degc 43
gnoh -77
VOID------
dfhb -283
tqgf -84
ilmk -295
qhmk -121
ccrl -225
VOID------
lqqr -69
dfhb -283
tqgf -84
ilmk -295
qhmk -121
DOMAIN------
krds -89
redg -82
oflb -97
fggl -181
shoq -277
lkbm -1
jpoh -15
qpcc -91
diii -48
abis -24
tkne -130
negr -258
amqj -124
gosh -287
sako -44
bnhl -224
nbtr -161
lmta -58
phef -183
dfhm -88
fkff -173
sdeb -244
jcqs -186
jjej -57
rfog -215
kcll -158
gnoh -77
koqi -292
qbiq -289
ponl -288
jbfd -84
isjn -99
chcq -297
giqq -116
bpks -123
amfr -151
fhbk -241
ldmc -78
khod -70
lqqr -69
lifb -151
fdfs -25
dfhb -283
gkrg -19
oihe -58
ccrl -225
qhmk -121
ilmk -295
tqgf -84
VOID------
tocg -59
jiqm -296
hfcf 245
cmfj -49
VOID------
tocg -59
jiqm -296
hfcf 245
cmfj -49
DOMAIN------
ncht -272
lmbe -273
cmfj -49
jiqm -296
tocg -59
klck -2
esji -195
VOID------
masd 9
lnqa 27
mnea 61
rqpa 84
VOID------
masd 9
lnqa 27
mnea 61
rqpa 84
VOID------
kofn -198
edsj -25
rgtk 480
iika -89
VOID------
jmff -151
ipmo 89
iscd 4
shoc 280
jajg -283
rmma -103
VOID------
opab -263
jphe -191
didl 235
lbia -95
DOMAIN------
ppfn -12
rskb -170
qcpf -121
kdbj -96
ntfd -245
hkkg -132
mmdr -80
lbia -95
jphe -191
opab -263
jtbe -283
bngs -255
hosq -29
mmcb -48
sdfq -52
rmma -103
jajg -283
jmff -151
hidt -123
iika -89
edsj -25
kofn -198
VOID------
masd 9
lnqa 27
mnea 61
rqpa 84
VOID------
masd 9
lnqa 27
mnea 61
rqpa 84
VOID------
kigo -101
eisf -35
oitq 161
tgop -195
fndo -189
orrt -81
VOID------
tgop -195
fndo -189
orrt -81
iimr -11
VOID------
tgop -195
fndo -189
orrt -81
iimr -11
DOMAIN------
aord -214
ebfi -84
kajr -245
gohj -21
oqha -150
iimr -11
orrt -81
fndo -189
tgop -195
eisf -35
kigo -101
nfdg -244
VOID------
masd 9
lnqa 27
mnea 61
rqpa 84
VOID------
masd 9
lnqa 27
mnea 61
rqpa 84
VOID------
ggff 29
fker -230
jjts -105
jrcl 135
VOID------
rqpa 84
mnea 61
lnqa 27
masd 9
VOID------
taiq -256
sdhf -187
djnd 184
jrcl 135
DOMAIN------
jddr -294
aqae -106
taiq -256
sdhf -187
jjts -105
fker -230
afbk -106
VOID------
ahkb -82
kknk -167
rmjl -240
cjeo 124
DOMAIN------
rche -30
kldc -210
tdio -56
qonp -95
sppe -298
rmjl -240
kknk -167
ahkb -82
VOID------
inqd 83
etah -100
omli -176
hoep 171
VOID------
sstq -232
ssrs -133
mimj -213
fdsh -5
DOMAIN------
knpl -248
ihhq -110
hmjm -69
ekia -174
bdri -86
cfhj -210
godk -291
kfta -190
kece -125
qcgb -11
kdts -40
mifl -245
jfso -251
qakh -201
orfk -248
qinm -234
bajq -244
ohng -151
fdsh -5
mimj -213
ssrs -133
rlkh -79
sstq -232
tifc -238
tlcb -281
srss -138
fmpi -252
omli -176
etah -100
VOID------
masd 9
lnqa 27
mnea 61
rqpa 84
DOMAIN------
nrpo -190
bgdh -108
ntqj -44
kfad -64
kdos -144
tmoa -259
trgd -99
taij -253
VOID------
jitt -49
djjn -49
atlo -262
fctq -167
VOID------
fctq -167
atlo -262
djjn -49
jitt -49
VOID------
fctq -167
atlo -262
djjn -49
jitt -49
VOID------
jcga -194
hqbs -63
efcg -23
bbsq -150
qace -112
cqbm 183
klhf -285
fcei -158
VOID------
jcga -194
hqbs -63
efcg -23
bbsq -150
qace -112
cqbm 183
klhf -285
fcei -158
VOID------
jcga -194
hqbs -63
efcg -23
bbsq -150
qace -112
cqbm 183
klhf -285
fcei -158
VOID------
jcga -194
hqbs -63
efcg -23
bbsq -150
qace -112
cqbm 183
klhf -285
fcei -158
VOID------
djjn -49
jitt -49
jogn -140
heep -72
qcsb -71
kdhj 168
fkcn -43
pcdk -161
VOID------
ceof -280
defs -233
obfa -134
rebj 153
plis -186
mhea 131
tqhb -80
jqto 64
fqrs -154
DOMAIN------
njkf -104
qptq -260
dbqs -295
ffnk -152
mlcl -21
tdts -189
fqrs -154
tqhb -80
plis -186
obfa -134
defs -233
ceof -280
cojc -9
kiih -228
cige -264
sege -155
dski -78
emnf -2
risp -253
jjoj -233
mdbf -104
fcei -158
klhf -285
qace -112
bbsq -150
efcg -23
hqbs -63
jcga -194
mbjn -31
lcan -242
pcdk -161
fkcn -43
qcsb -71
heep -72
jogn -140
fctq -167
atlo -262
djjn -49
jitt -49
VOID------
slan -279
ipnd 541
dnrd -197
hegr -58
VOID------
slan -279
ipnd 541
dnrd -197
hegr -58
VOID------
dnrd -197
hegr -58
bpgf 401
jjtf 75
kjdm -160
hpqb -254
VOID------
slan -279
lcar 352
dnrd -197
hegr -58
VOID------
slan -279
lcar 352
dnrd -197
hegr -58
VOID------
oblq -272
lhpg 99
apqa -182
ankg 100
VOID------
oblq -272
lhpg 99
psnp -287
apqa -182
VOID------
oblq -272
lhpg 99
psnp -287
kedj -243
agsf -58
VOID------
oblq -272
lhpg 99
psnp -287
kedj -243
agsf -58
pklf -41
oofe 54
mqdt -96
bpfh -160
VOID------
kedj -243
psnp -287
clhi 108
nadq 36
oblq -272
eqcn -133
LIGHT------
acja 500
rsig 183
idns 233
gkaj 242
lcfa 486
nedd 269
hjgi 478
ecps 698
djpn 653
srpl 120
trdi 185
omnc 457
phhd 151
okjs 458
agds 697
ankg 100
bpfh -160
mqdt -96
ccck 140
pklf -41
gmfi 466
gkfa 618
jorc 656
jifq 474
rera 624
mmhh 566
rflk 641
qscm 527
lkpq 614
cecq 685
emee 464
tbcd 674
fbca 551
dpos 530
bmto 138
ojrq 50
oqlh 192
intb 455
pqrm 506
fedf 35
hsos 264
dqrk 217
ttpi 192
kfre 263
imfn 230
caai 600
boph 154
faoo 383
nooi 294
dept 306
caik 201
phop 205
qrkh 687
podj 679
jslb 436
rode 359
ibsr 123
mifc 607
ejph 350
sgrj 253
fkge 697
omir 528
gdii 417
agns 624
lshe 578
fban 381
ihee 481
plor 553
gtfj 300
pstc 49
fhfa 519
nnsb 110
ohaq 264
gpmb 528
hqbc 537
hhrd 226
rotj 575
hogi 539
jshd 547
njsg 289
ntip 439
dhpl 398
aifn 321
knrb 488
lorg 305
ooig 461
dere 210
rnlj 200
krhj 548
jqst 679
ngmp 647
fhho 389
jsog 249
qmie 94
denm 84
llei 293
rmmk 117
ftkn 210
ftmo 89
ihtd 129
lsem 381
jtil 415
bkej 669
dkhr 270
baqf 252
poek 161
nohs 105
imhs 259
dqmt 477
kpnj 125
sbia 511
pnmo 637
ttoh 216
jqsj 643
gamt 316
toms 77
jcrb 301
agjm 398
smkj 460
tnes 502
lbks 386
teii 597
ijaj 72
gmpd 276
tlnb 537
onhr 474
kflm 581
dfem 471
brbp 637
fjcp 78
jodm 696
berb 226
pstn 397
bafh 79
athp 498
csia 156
ffbc 292
hirs 186
dasn 161
tcak 329
arkc 553
okho 679
nctf 608
tpkr 471
nntc 350
kngs 460
hdlf 395
ptak 76
dtjo 52
htrn 84
lnrr 592
dgcp 243
sosk 174
ltcn 402
tnml 38
ktej 61
ebpm 225
glii 18
jpke 302
latj 69
aaed 511
rogs 575
qlpe 302
ddot 415
ashr 447
rfpa 262
rnfr 447
tnlh 266
lfpt 193
atlc 127
trjg 180
irkm 479
prsl 380
rmpl 281
kqmp 508
idgf 553
pfhl 686
essr 391
oasr 42
onko 126
clbb 217
fecb 546
tnfn 419
qtkh 657
trcf 149
apaj 444
dmej 630
dhlk 263
cghp 268
eqpf 223
tjik 11
dmam 335
ftea 355
shoh 10
jkab 520
qdnn 88
pibn 272
plnk 276
efqa 545
klrl 241
edel 503
nndr 215
oljl 612
dmne 78
omhk 234
hajk 600
mtth 380
hnmp 197
arnt 699
josq 467
dqbi 169
erco 698
eapa 552
this 306
jntj 64
apgq 509
pftt 359
cncb 369
hjlk 418
qqsf 633
ngjf 214
rkfl 55
rgdq 265
sdqk 197
ogqo 74
ceht 479
sarq 34
feed 451
incr 467
idsd 555
hcjq 167
pabr 148
elbo 179
segn 178
fiqj 372
jfcn 33
ktrf 87
ntbf 239
ihks 338
shge 492
rpdd 383
inaf 174
aefm 352
ggad 331
tkrc 247
jpko 4
fmlb 576
ocfb 214
mopf 433
qtdt 590
nlqn 25
kebc 83
srbi 36
moad 342
nllp 174
nqhe 30
fsam 438
jigj 207
imnm 321
mqkf 592
mmkk 138
qimt 688
jsrl 620
sjqm 320
fmfo 92
terf 223
pkkg 590
nlph 337
eogg 363
jakh 260
aarc 356
eghd 651
bjdc 314
agqt 62
tnfe 334
oqlg 692
sihp 287
siro 144
fftt 334
dnfg 155
bljo 237
olsn 92
nnkh 613
lirb 671
fjid 507
efci 506
odkl 456
pmrm 111
sbcp 512
kgol 345
icpg 542
jlpe 418
qbck 475
fcec 526
afeb 313
qgof 302
legc 591
gcdr 618
grbk 165
iajj 39
kmmd 300
dsjl 75
ahaq 230
hnlb 401
rirb 140
dftc 219
tijp 541
mgos 469
pptc 280
mtlb 668
hkfm 274
injl 285
bded 320
jrmd 128
cnfs 598
gnho 204
kcjf 550
gdhp 329
jqon 510
ogpe 658
ceda 324
efdh 61
bbio 95
nagb 503
erqe 430
qkhg 417
phse 585
fcpl 554
rckq 546
djeg 90
dmlk 39
ckqt 97
qcgk 118
kfbo 334
koqe 219
ajnh 418
sdpi 634
skhg 199
qeob 273
mcfh 209
ofce 57
fsrk 98
tpbs 524
qmmn 164
ioam 31
ofoc 163
ionh 85
jagi 698
shok 197
aqkg 559
samo 330
ekrn 410
btjh 308
monh 247
ekaq 602
qnmq 407
limk 141
hfqr 424
annl 79
foha 385
qbsb 223
bscd 487
rgah 550
gfrt 577
gipe 696
ocih 431
enpk 526
eqms 689
clmd 567
hgjg 85
ttpl 258
amdm 375
fbpa 15
mtip 536
jflc 328
iqtn 208
qgrb 191
rqod 124
dsjc 146
iqgc 274
ckgn 459
ppgg 69
qhso 563
fhtk 114
endm 653
cbbm 647
kcft 106
ssrk 205
tpqj 105
qqna 327
lspn 10
ilcr 67
rntn 336
gjmq 266
grqn 415
ghpm 109
leqi 56
jhlk 328
noaf 41
nnrr 532
ghkj 180
tfmd 12
bacd 455
lalc 563
rhqn 397
abae 24
cfql 516
ndcs 144
arom 314
gema 367
jcsk 271
cppa 60
msrd 42
eenr 203
teic 486
csgq 526
mgis 402
tbbj 569
dkae 335
lban 26
rgjo 359
dcmh 429
ggkh 139
ggsj 40
dhtl 217
iqjp 352
djot 398
pqge 313
nqll 360
tjjt 256
qnbg 468
bddk 387
jmfl 614
eosc 319
dplq 308
lqrp 592
mbnp 475
hmsg 85
traa 501
trtg 485
srfn 323
gpdd 284
hesd 154
oiis 19
oboo 661
bdid 33
gjgb 590
tnma 583
kmbk 335
kfig 434
ssbn 310
iotb 673
irib 126
jfjb 625
dcsj 557
knje 439
epce 571
djar 329
ckhi 155
ashb 454
ddek 387
odfj 395
fhbe 162
jaee 138
ndml 436
ccek 469
lihl 417
gpeh 181
sool 114
kagn 33
gftb 166
rnts 574
oljj 500
jppa 371
ejqr 390
ddpi 662
phgq 256
gcpo 53
qghd 293
ojtk 582
lbcp 325
aobk 99
ckng 385
ndcb 279
rond 226
sbon 322
mmss 350
eskf 655
dtfa 255
noci 522
gjrf 652
mpgp 445
hdpt 684
bhba 548
noiq 422
mmft 412
cfoq 376
nhac 135
cdqt 697
tcfr 489
tpad 187
tsdn 500
rrtj 419
bhqr 225
ance 166
ladd 440
ncdj 55
fksc 415
ecsg 433
coqf 411
tfmh 55
gskq 618
qnhp 258
irar 690
imbg 142
osfc 290
njor 167
nqfj 415
hmfm 462
fdmb 60
lkpl 530
ejsl 27
qkma 79
raap 347
khdq 538
femt 298
pagi 484
egaq 466
snrm 330
kaik 86
rldj 679
ifma 425
jabs 607
lcao 612
abjh 174
mpjj 172
hbph 151
pidd 479
hgfe 361
illp 36
ekml 248
ljdl 537
rgmi 294
ccdh 389
tdrj 395
cets 542
ffrq 224
kndl 117
rccd 97
gnne 260
lfdb 492
njqb 39
gjco 158
dtkn 407
namm 501
csqi 229
amnk 494
diin 621
alep 331
ncrh 657
sbdd 223
cqmr 145
acfi 44
ktjh 639
abfa 232
ncbr 649
ifjg 229
lpcr 109
ssqt 384
spns 148
rlsl 371
brof 343
kmrs 339
ccbn 347
spte 676
qhqd 130
tncg 614
fjld 230
ficl 200
cemd 400
atin 396
aooq 573
mdis 623
olmh 53
okdj 10
ophq 155
kbgg 533
cakd 232
atfm 533
qofg 304
bosl 689
insc 195
elqq 255
knsk 414
dppb 327
thmq 208
tfne 677
nees 74
bmbt 118
qbmr 282
scrh 686
hste 622
aatn 409
sons 546
strc 411
aect 156
cjho 355
adhj 66
fodd 357
ebqk 372
qpct 151
tcdr 270
sqkn 549
obot 437
dkgs 5
oigb 56
oosa 255
ipks 408
sdft 454
fjge 606
bsin 99
demq 249
tmpf 281
mrec 393
qfkr 377
ierp 3
rgng 18
goea 491
irbl 424
gqqb 256
klde 12
rjol 553
pmlp 644
dmmb 306
rkjn 69
nsai 99
mtin 673
isat 598
dtrl 316
sjsa 179
ohqa 99
regd 135
irrd 311
mbtt 308
ncss 482
ofpd 120
cehh 584
foiq 256
grra 542
iohd 611
idat 246
dnfb 482
rgcr 431
takl 82
cdek 613
bgqr 615
scfh 123
giam 241
shtg 303
ejgt 354
jbgb 47
rsbr 654
gjgs 302
kndr 647
trmt 357
jdon 689
ilis 588
lahs 642
tidr 278
obrj 214
jmps 660
ncnb 656
ijgp 569
rkhk 472
jcag 428
jmqj 352
khhq 349
eftl 148
frgg 373
fmld 350
jpog 302
etgt 222
hoks 276
eaao 414
ielh 301
octh 19
lnqd 73
ftcq 361
mllq 384
mfkk 284
befp 106
ofrt 225
pran 424
oejh 674
ocgg 628
lotb 416
cfjg 661
aerq 307
line 29
obkq 504
ppmt 422
clmt 358
cabh 472
pjpl 276
hoil 692
ssca 160
hojo 148
mroe 367
keln 330
oiqg 420
gmbe 168
imar 479
akog 275
hjhs 114
domm 6
eeln 42
pnln 362
eiom 490
ndag 374
nkpm 283
qdtq 648
acjr 577
cish 313
tihi 484
cmpa 288
fclj 315
ggdi 587
kecl 612
lstn 196
jjmb 290
emft 243
qorb 684
ofqf 304
ptqh 56
gqtf 98
glkq 116
tcai 436
nqcr 151
pmrf 6
nems 215
rbgs 8
ktri 396
jnie 203
ejlk 554
thnf 169
jmom 484
gnbg 507
cfcm 637
rkiq 207
qnhq 644
kkli 21
ipob 319
ojrp 17
oort 168
lnni 33
ojph 80
hrhc 37
aebh 373
tsec 511
rcqp 230
rtfd 147
gsjs 270
ecgm 10
lpmk 376
icna 300
ihei 408
cfip 517
gjij 616
egfk 695
cmgn 106
mlnq 73
gjeq 88
cgsj 104
iemk 209
okgr 133
bhad 40
hfgm 291
jcoe 483
gtmg 71
njbo 62
hfpe 137
lcfe 509
nbbo 325
qgqt 512
mfka 335
bqte 154
oahb 389
nonm 692
iadc 531
brbg 630
oric 386
qenm 349
sobc 350
krqe 371
occt 270
mctb 68
egaf 14
ojbe 258
haaf 66
rlgs 299
ambg 203
kpnd 314
amqf 370
cics 110
noed 278
aisj 116
nnpg 283
hflr 278
chee 288
gipo 300
mtno 599
dism 138
ookn 584
tsmi 154
mgct 211
nfkb 73
phit 437
bcne 681
knei 73
iltf 78
tkll 161
derk 576
kbfb 608
scjq 19
bokt 88
jghk 415
mekf 313
dnrq 93
hqfh 208
ktld 400
rlef 559
jhll 594
mias 533
gaff 313
hsnm 633
mbbo 384
irpn 129
tbbt 658
rjmf 244
bcdm 349
ajnc 536
mqfi 585
fqgn 659
qtrj 175
pfck 584
ettd 535
rtsm 551
tmfe 9
ckpa 156
qkfd 255
attp 169
edop 143
akos 641
ials 609
jngk 140
fohj 286
ftpl 446
ekeo 36
cemp 72
seki 455
ckdd 646
nqne 696
tlpj 507
dohl 602
sqqq 651
stma 629
thpo 128
acdj 364
jaej 185
nrat 231
trpn 275
dcdr 235
amtq 286
bspn 587
oebj 168
golo 243
lrbf 663
oalh 516
dttr 361
pkdt 579
orhe 239
tabs 188
bfts 544
rlgj 217
lati 498
mhmm 493
tkji 500
fhbl 170
jltk 294
fern 597
ebti 144
agpl 106
cqjo 40
qsls 182
gshc 329
tttt 226
adgi 84
oitq 161
mank 231
nekj 201
sait 422
rgtk 480
ganq 671
sfpb 412
aebs 434
dqam 516
dnjm 287
ccqa 394
nlqm 47
dfii 529
fsji 424
lcei 649
jjtn 130
crqn 459
rrha 627
djnd 184
ebco 117
fstp 189
abop 594
jlkh 376
qjni 156
hqsn 119
ijfq 393
jjak 412
nbhf 121
ctgb 458
tgnf 495
pntk 658
sjcg 242
inqd 83
hoep 171
brlj 477
amge 72
ljdp 240
lfas 262
bqjh 483
kdip 441
hite 664
gdlh 539
cbgh 449
qdtl 590
pjji 370
ommi 52
kfsl 207
sjbj 224
ftgh 389
pcbr 675
fgpf 672
fggd 546
kqle 372
klae 39
esoc 490
hmfp 533
qgkc 29
aldm 31
ifff 305
bagg 520
lfon 145
hmao 414
bqkr 285
dnqr 583
pfqq 406
jans 452
nmed 453
skiq 106
hiab 528
eqbt 620
rprn 222
osct 504
thsf 691
bdoh 418
ipno 488
crko 358
gnhq 336
tboo 258
lsje 441
knol 65
ofrk 478
dntt 248
dnsn 646
jdhl 685
dgkl 442
eemt 363
ltmk 165
lcko 565
fint 141
fesl 127
dsgf 669
hsng 390
nqro 321
snbp 672
elds 350
tkth 242
stmc 57
einn 426
emkt 461
rtqg 166
bnkq 115
rjfl 272
qhac 17
dlbh 669
cdqb 686
hbgm 639
obqk 532
tpde 621
gooj 501
odga 193
tbeh 371
oqnq 685
aaqn 699
odrf 7
hcji 426
bfrg 176
jehm 653
qaeb 548
kmrc 650
rssr 24
dcrk 324
qoip 56
bfpg 18
jabt 552
rfjn 464
cihs 411
haap 146
nadq 36
clhi 108
fafl 289
dhjl 607
objh 448
kdhj 168
nreg 384
qomc 560
nhhb 666
mfnj 151
gjbh 446
cqbm 183
iecl 428
stqj 608
fntb 102
mhje 18
sinh 462
qbth 567
tlrm 628
rebj 153
mhea 131
jqto 64
iipa 62
pikg 557
enel 84
dsqd 92
aknf 4
qptc 101
jhho 490
oqfh 548
pjaf 495
cejg 401
hhfg 246
enrp 277
grob 348
rncg 698
oant 368
mqfk 94
nbod 276
tfga 578
ckes 615
dsnc 138
rrqj 141
omkr 150
jtbe 206
gdaj 633
jgje 392
pqai 82
admn 175
tfcs 427
srqq 356
asng 310
nnoc 150
jdhr 60
jkda 425
gqdl 677
mksp 342
kflf 350
nfsm 491
lcar 352
qjhd 421
agsf -58
omob 576
kedj -243
psnp -287
hnrb 404
aqln 599
oblq -272
eqcn -133
gqdd 229
knnl 8
ilof -16
jjtf 75
bpgf 401
ipnd 541
gdsn 62
nksi 646
mbof 226
epfe 344
gitl 698
qdtj 468
eqcs 10
eair 237
hqrm 545
baco 674
jimm 553
scai 45
tffk 287
dhro 32
epcd 292
icad 191
dtaa 654
keks 610
bpro 237
fesc 33
phik 172
stdi 486
imsg 487
bjkq 154
jbos 186
dgaf 81
fldi 514
esld 325
cjeo 124
jrcl 135
ggff 29
jesc 490
mkqd 410
jmif 389
dcis 198
bpkh 106
acmn 19
fmib 491
qtrl 495
ltbq 141
ipmo 89
iscd 4
shoc 280
bsig 186
qaof 286
tnnc 7
fkor 145
glqr 75
atqn 61
dlni 112
hath 532
didl 235
hcsq 429
crib 111
ofkr 389
dbje 110
bdft 238
ekte 519
sbnn 199
bssh 379
atql 382
tico 251
gasq 553
lroi 590
enth 361
qrre 645
sear 448
asbo 292
gkpe 473
rteb 603
ftds 486
jjpc 349
ljms 621
dste 243
acgd 293
lbih 546
eths 329
onje 342
ftic 142
anlh 597
ksbn 681
bcgc 418
kmpc 674
anhf 643
jrog 450
ksnf 32
tlcm 666
kaok 476
krth 270
medc 426
iseh 358
jofr 226
sahd 207
tkol 35
glai 436
aelm 183
ihrf 325
haii 1
fgnh 116
hfcf 245
mjra 412
soge 459
shjo 336
pjgs 421
jija 426
eedb 625
bhkh 96
bmsa 332
imkj 582
krkj 15
pkbj 691
giar 595
htad 519
rdnq 66
qdha 529
jela 32
joll 305
qjlb 540
amhr 443
tbpp 43
oqht 19
qnqb 99
tghq 126
haet 611
ijrd 132
aapg 400
pcgk 202
otfe 604
ffmn 289
jgbb 332
nitm 64
amep 19
asqt 360
fcbo 226
bfiq 212
brsn 687
sltq 529
sgqt 636
ckor 381
meqt 209
pmdd 2
qpck 503
gmks 446
ailn 562
msfr 36
ojqk 188
sdjk 226
csqm 260
ijdn 275
lrao 531
mbpt 387
cgbm 425
eipe 343
jcrh 11
sjni 345
oflq 193
soid 615
rino 41
qmli 280
joqb 530
jfib 440
boqp 528
gmot 593
mkij 527
lpnq 25
bcde 349
rjhs 658
gocm 637
jcrj 429
igop 533
btdq 426
csmh 697
btbc 68
jfrt 653
pelc 540
cmin 585
hcid 368
oqds 72
tfhk 479
khro 190
iqlt 602
ijst 300
clbe 328
dnbk 352
fjfq 456
sgqe 625
kblb 416
ojni 521
hfdc 74
ljbl 367
nnem 233
cnee 579
rihq 280
jqoh 673
kkfq 639
bojb 423
anrn 293
oipj 120
degc 43
sknk 294
dqhd 684
srhq 662
ekon 270
jbjb 537
sedi 668
qrql 388
edhp 138
dkeb 541
orro 267
fiap 50
qmbo 274
hdof 652
kikm 674
mgdo 446
golt 611
cdoa 644
scma 88
etcq 514
elqa 81
ojbb 146
hbso 91
qmmg 459
giea 312
aaip 433
ghcb 99
gkmq 212
sfgp 503
elfa 85
ggjo 252
ehdn 498
knip 499
kiqq 619
dnej 216
ospq 26
jooj 93
ghfg 286
hgop 586
bicg 440
ieoc 277
qcmi 380
jglh 195
khnf 398
goag 25
jaos 308
dnii 106
ijbb 584
hgtg 38
icqh 423
lseh 162
nnai 227
tdkb 94
kdqa 2
nqhp 535
nggc 51
mkae 361
fbgd 548
ncfe 545
kmle 401
fegg 4
clml 78
apmd 338
skdr 391
ldth 525
qijp 39
jfia 50
ablm 356
jeqa 498
fhke 144
jkcp 130
dons 282
dmkb 465
elsq 660
eaei 298
cino 379
oeoo 385
gnaq 279
oski 282
flhp 595
mabf 481
jhsm 690
gjdm 154
rpdh 374
rnqi 217
ndpg 538
bndi 463
ssaj 476
bsgj 647
reqq 673
tffr 542
ghkd 477
aibb 279
bmno 219
qcmr 49
najc 499
tsbe 285
jers 156
jtnr 495
bjcp 270
oclb 233
phbr 299
ropd 579
nfhp 436
aigg 108
rqpa 84
mnea 61
lnqa 27
masd 9
lcat 94
sqkg 74
kcis 323
poll 193
pesa 414
frea 87
lhpp 343
jjdn 452
gohs 375
jkln 383
ejdo 225
asmh 147
mrlj 260
irhm 39
ktke 554
piec 293
bkmf 208
brcs 317
nrft 331
jhcc 664
qmiq 660
dqjt 605
dopl 692
hdpr 136
qbrb 17
jorg 57
trqs 665
osia 99
rddc 469
ssme 334
egnl 92
dapl 277
kobt 13
lose 284
rroj 344
pcjq 556
qpok 456
admj 315
lhtm 37
nicm 225
namh 642
oecr 260
lgkg 619
apaq 522
pdih 27
maqc 391
gcrg 417
hcjk 43
pods 306
pero 246
maho 659
tbdg 612
fgjh 110
dnae 305
dtbr 446
qgri 93
lcgo 480
mlpd 100
kgjc 283
fjsq 554
qohm 505
njln 576
liop 245
qgfq 607
iadd 430
ltkf 429
mjim 23
cjrl 352
tmtp 620
fsld 516
bqso 598
pbaa 655
qrdl 664
lars 484
qnmb 39
skcr 61
fmfn 496
otpo 608
mljt 146
kprr 437
rlib 651
jkrm 409
fkbn 645
phfk 307
idee 478
fpgj 421
ngcc 134
rabr 422
dstc 215
snmn 594
jctn 605
ltoq 505
qgje 671
egsm 545
dihj 464
cbjl 569
gtjl 694
mign 632
itka 114
qmen 230
bebt 626
tdbd 208
ogop 534
drek 665
gfjn 155
thel 377
hmrf 504
phjp 7
qmrl 439
lbcm 692
kpoo 51
cbpr 6
kpjh 442
fhoo 648
nqgp 320
sktt 186
fpam 61
gqei 21
plkc 569
kadi 569
dgck 181
trlj 563
iplo 613
kcof 305
npkc 11
hsdo 385
bgca 539
lbnf 315
ktek 343
atom 357
irri 57
rtag 679
mqmp 182
gsfo 432
fqmt 71
ltje 122
oshl 608
fbpr 676
anga 332
sdgc 680
gtct 6
eoco 336
rbar 355
datk 498
fgpr 10
klkk 499
coee 54
dear 172
kddb 235
lmmi 395
tqqk 693
jnjr 152
otli 535
tcch 166
ilna 577
tjqi 646
nklo 638
fmlf 35
hkkj 527
alsa 619
find 133
tftm 252
ecoq 613
tlib 217
jkmj 178
kgri 399
erjm 551
ojsi 127
oeqs 401
ospt 6
bfeh 466
dfhi 277
aobg 118
dlms 673
chtm 218
himh 56
bdeh 247
inge 325
cchb 563
pojh 17
lmfn 373
jbkg 229
abff 593
qobf 593
ekge 632
tosl 238
lepa 109
oann 47
agep 150
mqst 259
sdra 283
kacf 281
oqqt 173
bpab 78
hdkc 282
dqqa 420
ikti 228
frmi 183
sdgg 228
hkmg 313
lrga 666
stmd 260
opke 256
kjob 480
sfmn 523
hiek 454
crmd 292
dtid 368
bfda 651
rnfm 52
sjbt 653
rnbh 668
jihs 393
pbcb 473
oddh 463
qcbq 385
krnn 621
fpjr 383
jket 412
ffbm 530
bnoo 517
qjtf 447
bscq 218
mlag 647
mjnj 260
hfkd 228
ccpf 588
fkdp 114
afol 510
opbp 258
kncs 405
oojq 172
apeb 90
oiob 104
mqas 295
rhmr 56
nhlf 293
cmbs 379
eioj 241
flkd 494
gjaq 357
dapi 80
hfls 182
kqdi 616
nmae 518
oalg 652
mgrj 482
hsbr 368
idkd 192
bgqk 408
teod 500
lpjt 403
hrbp 423
fkmb 215
hnmg 147
nbpf 273
tjas 292
ilqj 386
ksmn 632
ketg 91
cgon 416
psbh 266
hgbe 329
tqqs 20
bmbg 324
cmog 527
jcdp 45
amnp 455
edon 533
oedo 503
aomm 249
ejdt 293
abeh 41
esrt 245
rjrk 334
mocs 391
lfel 129
ggbe 142
einc 236
jipt 185
mstm 639
nicj 355
dgts 157
gffp 675
osir 275
ccmr 130
njre 9
raqn 686
iknm 556
qbeg 222
ndet 469
sqln 67
grii 355
fdoi 121
ojdt 165
jkip 28
rbpt 317
pjdj 625
diam 257
glik 389
mtnr 56
sklp 460
knka 246
fltn 40
nrti 6
pqbg 117
tpcc 166
adig 257
apte 226
ohsp 551
dtre 576
pilg 459
mdkl 475
reos 129
bned 395
bofn 361
hpbl 313
fkog 315
qcfa 366
ahes 126
rqac 263
qkdi 309
etlb 125
samh 23
qtah 285
pnnc 196
mgne 139
glhc 260
ctdt 663
jior 286
oibc 299
qfqd 317
sbhl 403
htgc 378
dakl 537
saco 79
rnmo 85
hesn 615
lrbb 671
fgdj 481
recp 213
frnh 437
esht 427
disq 190
jgmr 565
kclc 186
hjgk 287
ieic 131
ifhp 377
fprd 409
sjno 125
gmon 350
dmnf 143
ibaj 67
mboo 83
rrhp 351
noqe 62
nerk 54
shjt 266
fmcq 20
iflf 495
jrmk 106
phdg 454
ahim 549
jamo 446
icsj 629
hdnn 668
kqkl 578
bgnb 259
eibt 607
ofpb 393
tmek 620
pcsq 385
pmrh 573
jasm 208
fnpf 291
eock 482
iqrg 626
qeps 379
miaf 109
smtl 94
slig 184
dfmo 37
ddjq 657
leia 391
pkdo 186
rdcs 395
pqti 81
aqtl 664
gilk 151
laen 53
mljl 158
isio 567
bhca 426
ahqp 691
sjmd 359
oneq 149
lrke 119
jhtc 229
fajm 138
kspa 533
kkkg 409
njdl 40
efdo 193
maje 678
dmak 527
qkpd 256
kkpi 332
iopt 9
jfgd 159
gflb 37
fhhc 112
lcor 103
bais 140
fibr 670
etpe 352
fdjq 368
npkl 42
tatc 290
nsjk 453
qkfr 65
aikr 71
oglt 355
hjib 139
fsoh 503
cgdo 253
ehhn 393
fkre 682
meln 545
orgf 625
ghpt 194
grqp 407
irke 522
ajmi 550
jjoa 557
nojt 549
tgfo 451
kpkm 478
hkhr 377
iqsl 680
rdri 568
tgef 251
lppl 138
apis 101
lpbq 263
bggj 104
migl 309
msfe 524
dhok 392
jncl 127
mcag 370
haqo 241
pjbt 187
itgr 192
lghr 228
lnjl 691
gjge 667
sckt 130
hkkm 209
qero 313
anpa 46
qoid 507
matj 106
tsdo 418
ntne 78
fnim 83
jgfh 84
attk 153
ohsc 567
fmlc 599
mtdp 672
csqk 609
hgfr 128
ntof 610
efrd 448
eppi 677
rrsf 516
csjk 585
bbet 380
qops 489
agkl 638
apqb 205
ijec 417
lahi 591
ecah 206
nnlp 453
qmqo 252
hrkd 377
ngna 216
isnl 240
ktil 642
nqci 373
jofj 88
edpp 691
gbks 689
elko 523
hcdd 678
msgj 649
nats 446
nraf 247
lhlk 663
osqm 511
atir 683
cobf 574
nebl 149
gobd 219
cclc 303
fbmk 108
gjog 266
mphn 593
irqs 412
diqb 659
ekjc 646
trcd 360
docq 464
pmhp 11
fado 246
ifcs 594
skjb 563
qfsk 69
eoln 522
mcbb 328
dfsg 57
jhig 580
sejf 218
ntsk 159
srbg 60
cldo 360
ftoa 631
ahee 626
ghdb 57
iime 31
efbj 158
scga 590
tgae 343
togp 642
getg 181
gbid 338
tolk 325
dpid 159
mdda 14
ajrf 107
bkdn 227
ncsq 488
kser 586
oatp 661
offa 544
rlke 550
pihh 661
qoeb 545
gfek 61
ndoo 311
dmke 659
dfjb 689
mpcb 129
mfhi 321
ccjk 303
fbkj 468
eegp 341
taoj 393
siid 387
bpeg 696
etnd 453
jjjk 659
grqj 386
mgso 645
lipi 149
gpsh 650
okdt 540
renc 233
mhhe 599
nrmj 15
cjeh 518
liam 272
igen 625
gitq 71
dqej 196
igam 74
krcf 676
lrel 526
htiq 240
iali 313
tppm 454
rkfs 526
pjod 50
fglg 575
ttio 465
rkdn 473
rdhs 443
kadh 555
fjhm 576
bgpp 549
molt 73
hbig 459
emfb 16
jmja 357
ljth 112
lodd 281
mjrf 184
btcs 205
mljp 445
pcab 462
flps 623
ftfi 418
dmpk 478
kqgs 275
jgkc 480
digs 260
ress 132
smdj 33
jahb 490
rlhm 393
eotf 595
djlr 597
hako 434
etoq 171
blcl 339
ljeo 547
tppq 65
prmq 453
eotn 222
sscq 76
kdoq 146
bkrf 5
hgfa 3
dqan 445
tlhl 197
cgoc 224
pnrl 289
skbm 176
rdli 100
qstg 178
odfk 206
eqoe 338
jnns 489
tpgd 190
pdfi 141
cqpl 212
gdqe 414
ctll 374
oldp 563
dmjb 337
ptrk 218
pbif 44
diff 603
garg 303
jmmo 274
peah 349
epip 382
drbs 559
ecsq 88
halo 137
dkac 458
lgml 653
cgpp 259
ltnm 490
oorb 439
ngqc 472
jagg 605
pdqj 492
jjos 27
nlms 279
ehkd 349
onbj 642
erqm 185
gtrf 540
cbee 387
onpo 622
klth 616
fdni 390
gipc 655
jrbe 378
eaej 368
mtni 467
qake 639
ffkl 387
dcif 439
tihm 483
fmjd 590
gcnf 76
blgr 55
bfhl 111
mfdd 464
tjmb 323
eirs 612
cndd 382
ekhi 428
tdoi 353
sprg 49
hhdi 159
onik 323
kkck -100
moao 457
hpqb -254
fnkm 331
njti 445
lhpg 99
oofe 54
kjdm -160
saeo 690
hegr -58
dnrd -197
slan -279
apqa -182
dcee 566
ssjm -5
godm -183
cqpf 438
krkg -185
ooia -274
ftae -13
ellc -154
slke -165
oodn -285
snhe 321
nhrr 53
qqjs 346
hlor 438
gneq -108
fqrs 237
rsbb 160
agbp -243
dkcs 189
acim 452
kdhr -276
dhdf -144
dsea -275
VOID------
krkg -185
ooia -274
ftae -13
ellc -154
slke -165
oodn -285
VOID------
kdhr -276
dhdf -144
dsea -275
pnra -264
bici 352
rbka -238
kari -211
ptne -129
VOID------
kdhr -276
dhdf -144
dsea -275
pnra -264
bici 352
rbka -238
kari -211
ptne -129
DOMAIN------
tfoo -298
dqin -83
itdd -215
njif -85
jsli -233
edkr -219
tsle -69
jdjd -34
fonf -220
pcog -30
gfrq -71
ibni -139
hjeh -127
rckc -250
ptne -129
kari -211
rbka -238
taba -153
pnra -264
toql -214
dsea -275
dhdf -144
kdhr -276
agbp -243
oodn -285
gneq -108
slke -165
ellc -154
ftae -13
ooia -274
krkg -185
bpfh -160
mqdt -96
pklf -41
agsf -58
kedj -243
godm -183
ssjm -5
psnp -287
apqa -182
oblq -272
eqcn -133
ilof -16
kkck -100
hpqb -254
kjdm -160
hegr -58
dnrd -197
slan -279
VOID------
oofe 54
inks -290
hgim -202
ornc 29
VOID------
bler -164
lloh -239
njcp 195
pbra 117
aghk -193
oofq -270
hseh 6
dqlg 366
hdfc -281
kjio -268
ojik -224
VOID------
bler -164
lloh -239
njcp 195
pbra 117
aghk -193
oofq -270
hseh 6
dqlg 366
hdfc -281
kjio -268
ojik -224
fqek 202
lrsh -284
VOID------
fsom -79
kdkt -132
jrnl -267
idpo -39
VOID------
cidm -266
qqlc -259
pemm -130
rcqk -272
ncdg 210
jgab -254
VOID------
cidm -266
qqlc -259
pemm -130
rcqk -272
DOMAIN------
qjgb -221
rcqk -272
jgab -254
pemm -130
ghct -42
qqlc -259
cidm -266
idpo -39
jrnl -267
kdkt -132
fsom -79
ntes -245
sscc -24
qknd -268
apap -110
itdg -94
hhhg -163
oheb -156
lrsh -284
ojik -224
kjio -268
hdfc -281
oofq -270
aghk -193
lloh -239
bler -164
hgim -202
inks -290
VOID------
diqf -158
lqbq 132
gaes 195
jneq -250
kgee -229
VOID------
diqf -158
lqbq 132
gaes 195
jneq -250
kgee -229
VOID------
ncfd -284
ramm -299
mlio 119
mkba 262
sfer -77
VOID------
ncfd -284
ramm -299
mlio 119
mkba 262
sfer -77
VOID------
ncfd -284
ramm -299
gsdi -115
adtg -37
VOID------
ncfd -284
ramm -299
gsdi -115
adtg -37
ofkn 18
mlaq -147
hhcj -2
VOID------
ncfd -284
ramm -299
gsdi -115
adtg -37
ofkn 18
mlaq -147
hhcj -2
DOMAIN------
hhcj -2
mlaq -147
adtg -37
gsdi -115
ramm -299
ncfd -284
sfer -77
gpgd -69
flsp -61
sftl -134
diqf -158
jneq -250
kgee -229
etqb -157
rkpp -227
krnb -27
VOID------
masd 9
lnqa 27
mnea 61
rqpa 84
VOID------
odrf 7
efrg -109
ddok -46
lort -237
DOMAIN------
lort -237
ddok -46
efrg -109
cdhf -97
gocd -197
iplp -72
mmit -153
ajbb -132
sboc -68
DOMAIN------
hgtc -269
kjbh -201
haqq -31
qpkk -76
qncr -156
btka -150
rkea -288
hqeh -232
VOID------
rqpa 84
mnea 61
lnqa 27
masd 9
VOID------
ohgi 2
mcni 33
trbs 98
sesf -135
VOID------
sesf -135
mffg 3
ffhl -16
rgan 14
aahc -129
VOID------
sesf -135
mffg 3
ffhl -16
rgan 14
aahc -129
lecm -285
VOID------
ffhl -16
ohgi 2
sesf -135
mcni 33
trbs 98
mffg 3
qlhk -173
tiqt -70
dtmr -155
ebbp -193
pgmn -113
rgan 14
hcjb -222
jgrd -100
VOID------
ffhl -16
ohgi 2
sesf -135
mcni 33
trbs 98
mffg 3
qlhk -173
tiqt -70
dtmr -155
ebbp -193
pgmn -113
rgan 14
hcjb -222
jgrd -100
TIME: 0.171