VOID------
icdq -26
obtp -245
jrtq -173
pqan -205
VOID------
jrtq -173
obtp -245
icdq -26
hrlb -67
nhcs 16
pqan -205
sohb -94
VOID------
jrtq -173
obtp -245
icdq -26
hrlb -67
mbkn 346
pqan -205
sohb -94
inqc 369
jeho -256
cklr -138
soag -249
DOMAIN------
bpfm -2
ntgp -159
gbbc -117
DOMAIN------
VOID------
psnp -242
mbco -221
ajgs 32
obcr 38
VOID------
ecit 99
lfpm -141
snng -298
drnc 435
VOID------
kbrb -282
fbcm -112
rmjn -253
dlrc 15
VOID------
kbrb -282
fbcm -112
rmjn -253
hcip -64
rntn 224
sjdj -197
seqc -112
LIGHT------
teai 451
epfo 584
rntn 224
eckc 550
griq 597
aadi 52
smkh 50
cirk 32
trhk 134
altd 369
lgrq 310
mfep 504
drnc 435
ecit 99
pcin 692
sabl 169
nhae 426
rpfl 696
tbip 347
lfpm -141
snng -298
prpo 661
cicr 362
kbes 561
nalt 436
jnph -275
bmbo 170
qccl 631
idkr 357
icje -265
dsbj -27
kddq 530
brcj 662
issj 6
cner 664
foih 594
dlrc 15
kbrb -282
fbcm -112
rmjn -253
hcip -64
bbce 231
sjdj -197
seqc -112
beik 352
DOMAIN------
cllq -210
etqm -107
seqc -112
sjdj -197
hcip -64
rmjn -253
fbcm -112
kbrb -282
dsbj -27
icje -265
jnph -275
snng -298
lfpm -141
VOID------
ikak -34
ocdq 166
mbjb -123
dmbg 130
olnn -225
VOID------
olnn -225
dmbg 130
pdkj 61
qanp -264
lssg -251
VOID------
mbjb -123
kqap 130
khho 421
lssg -251
qanp -264
VOID------
lssg -251
qanp -264
qbjh -282
ncrb -54
gfbk -37
VOID------
lssg -251
qanp -264
qbjh -282
ncrb -54
VOID------
lssg -251
qanp -264
qbjh -282
ncrb -54
VOID------
lssg -251
qanp -264
qbjh -282
ncrb -54
VOID------
lssg -251
qanp -264
qbjh -282
ncrb -54
kdib 533
mgci -186
nhqt -189
llgt -17
jklp -191
VOID------
nhqt -189
mgci -186
ncrb -54
qbjh -282
iaiq 227
qanp -264
lssg -251
mbjb -123
ikak -34
cebd -119
aooe 69
olnn -225
VOID------
nhqt -189
mgci -186
ncrb -54
qbjh -282
iaiq 227
qanp -264
lssg -251
mbjb -123
ikak -34
cebd -119
aooe 69
olnn -225
VOID------
nhqt -189
mgci -186
ncrb -54
qbjh -282
iaiq 227
qanp -264
lssg -251
mbjb -123
ikak -34
cebd -119
aooe 69
olnn -225
DOMAIN------
dmce -231
nkbb -82
gdjd -266
ebff -146
dtgn -88
mpat -122
rlkf -91
jaet -147
rqbn -3
jfno -253
dnpr -169
jbrg -71
eicq -246
jklp -191
llgt -17
nhqt -189
mgci -186
ncrb -54
qbjh -282
gfbk -37
qanp -264
lssg -251
mbjb -123
ikak -34
olnn -225
cebd -119
VOID------
nlpk 385
iaiq 227
ritf -184
hqgg -242
VOID------
gllr 103
pgmi -295
lrgq -123
inia 437
VOID------
gllr 103
pgmi -295
ekrd -183
npta 148
VOID------
mdsc 37
eilk 14
tiea 58
hhol -134
VOID------
tprm -279
cndt -208
cqtq -139
efce 132
VOID------
tprm -279
cndt -208
cqtq -139
efce 132
VOID------
ekrd -183
pgmi -295
tiea 58
eilk 14
ritf -184
hqgg -242
mdsc 37
agfb 77
eqfm 212
rikc -186
rolm -211
VOID------
ekrd -183
pgmi -295
tiea 58
eilk 14
ritf -184
hqgg -242
mdsc 37
agfb 77
eqfm 212
rikc -186
rolm -211
VOID------
ekrd -183
pgmi -295
tiea 58
eilk 14
ritf -184
hqgg -242
mdsc 37
agfb 77
eqfm 212
rikc -186
rolm -211
DOMAIN------
snpa -89
bjpb -277
cnln -250
rrma -221
npis -165
bnrf -73
neoc -36
pkgk -36
plli -216
cqtq -139
cndt -208
tprm -279
hhol -134
ekrd -183
lrgq -123
pgmi -295
rolm -211
rikc -186
hqgg -242
ritf -184
VOID------
thsm -79
oand -199
kkhk 177
prdc -226
oadt -294
rnjl -150
daop -240
ajog -262
ldia -238
raiq -173
VOID------
thsm -79
oand -199
kkhk 177
prdc -226
oadt -294
rnjl -150
daop -240
ajog -262
ldia -238
raiq -173
VOID------
thsm -79
oand -199
kkhk 177
prdc -226
oadt -294
rnjl -150
daop -240
ajog -262
ldia -238
raiq -173
VOID------
thsm -79
oand -199
kkhk 177
prdc -226
oadt -294
rnjl -150
daop -240
ajog -262
ldia -238
raiq -173
VOID------
thsm -79
oand -199
kkhk 177
prdc -226
oadt -294
rnjl -150
daop -240
ajog -262
ldia -238
raiq -173
VOID------
afbd -84
bblm -144
shto -72
raiq -173
ldia -238
ajog -262
daop -240
VOID------
prdc -226
oadt -294
rnjl -150
daop -240
ajog -262
ldia -238
raiq -173
VOID------
odta -171
qgel -248
kkhk 177
ggjb -10
cqmk -296
nifa -46
lken -74
afbd -84
bblm -144
shto -72
niqa 13
glml 157
raiq -173
samk 430
chhs 55
qkjl 390
ldia -238
ajog -262
gdsg 106
daop -240
rnjl -150
oadt -294
nooa 46
pnan 147
prdc -226
VOID------
odta -171
qgel -248
kkhk 177
ggjb -10
cqmk -296
nifa -46
lken -74
afbd -84
bblm -144
shto -72
niqa 13
glml 157
raiq -173
samk 430
chhs 55
qkjl 390
ldia -238
ajog -262
gdsg 106
daop -240
rnjl -150
oadt -294
nooa 46
pnan 147
prdc -226
VOID------
odta -171
qgel -248
kkhk 177
ggjb -10
cqmk -296
nifa -46
lken -74
afbd -84
bblm -144
shto -72
niqa 13
glml 157
raiq -173
samk 430
chhs 55
qkjl 390
ldia -238
ajog -262
gdsg 106
daop -240
rnjl -150
oadt -294
nooa 46
pnan 147
prdc -226
DOMAIN------
hkcp -264
kacl -209
jhac -182
bbto -30
koat -54
iorr -82
lmks -152
nfdp -184
lqhj -155
sbps -142
molm -113
egln -210
acgd -114
odta -171
thqg -110
qgel -248
ggjb -10
cqmk -296
nifa -46
lken -74
bahq -23
afbd -84
bblm -144
shto -72
raiq -173
ldia -238
ajog -262
daop -240
rntk -247
thsm -79
oand -199
prdc -226
rnjl -150
oadt -294
VOID------
aadi 52
smkh 50
cirk 32
trhk 134
VOID------
dddm -206
ooci -140
lfek 7
mkoh -198
jkck -85
hnbq 439
hgej 19
ohnh 102
onef -284
oosf -20
dnff -156
rdkc -290
VOID------
dddm -206
ooci -140
lfek 7
mkoh -198
jkck -85
hnbq 439
hgej 19
ohnh 102
onef -284
oosf -20
dnff -156
rdkc -290
otgd 175
fhoj 178
fdfs -227
grka -212
ccng -85
VOID------
dddm -206
ooci -140
lfek 7
mkoh -198
jkck -85
hnbq 439
hgej 19
ohnh 102
onef -284
oosf -20
dnff -156
rdkc -290
otgd 175
fhoj 178
fdfs -227
grka -212
ccng -85
cjkb -63
rgng 22
kkli -170
dmpk -262
VOID------
dddm -206
ooci -140
lfek 7
mkoh -198
jkck -85
hnbq 439
hgej 19
ohnh 102
onef -284
oosf -20
dnff -156
rdkc -290
otgd 175
fhoj 178
fdfs -227
grka -212
ccng -85
cjkb -63
rgng 22
kkli -170
dmpk -262
knqi -86
DOMAIN------
knqi -86
dmpk -262
kkli -170
cjkb -63
ccng -85
grka -212
fdfs -227
gmki -186
rdkc -290
dnff -156
oosf -20
onef -284
ooci -140
dddm -206
mkoh -198
jkck -85
VOID------
lfek 7
jqqo -139
ketm -292
spjh -132
VOID------
jqqo -139
ketm -292
qotd -253
aenl -69
emfk -257
kjfg -177
VOID------
jqqo -139
ketm -292
qotd -253
aenl -69
emfk -257
kjfg -177
VOID------
jqqo -139
ketm -292
qotd -253
aenl -69
emfk -257
kjfg -177
VOID------
jqqo -139
ketm -292
qotd -253
aenl -69
emfk -257
kjfg -177
VOID------
lsfk -291
hnbp -251
qqjo -216
kjfg -177
emfk -257
aenl -69
VOID------
lsfk -291
hnbp -251
qqjo -216
kjfg -177
emfk -257
aenl -69
VOID------
lsfk -291
hnbp -251
qqjo -216
kjfg -177
emfk -257
aenl -69
VOID------
lsfk -291
hnbp -251
qqjo -216
kjfg -177
emfk -257
aenl -69
VOID------
ohhi -190
dehh -203
prer -138
abdm -114
idgn -72
lsfk -291
VOID------
ohhi -190
dehh -203
prer -138
abdm -114
idgn -72
lsfk -291
VOID------
hnql -229
knjm -16
qoom -54
rstk -221
dcfl -202
mmnj -123
VOID------
hnql -229
knjm -16
qoom -54
rstk -221
dcfl -202
mmnj -123
VOID------
hnql -229
knjm -16
qoom -54
rstk -221
dcfl -202
mmnj -123
VOID------
aake -258
qjsb -146
pgcn -237
fboq -124
tkjj -264
stmd -164
VOID------
ohhi -190
dehh -203
prer -138
abdm -114
idgn -72
konr 208
lsfk -291
hnbp -251
qqjo -216
VOID------
ohhi -190
dehh -203
prer -138
abdm -114
idgn -72
konr 208
lsfk -291
hnbp -251
qqjo -216
VOID------
ohhi -190
dehh -203
prer -138
abdm -114
idgn -72
konr 208
lsfk -291
hnbp -251
qqjo -216
DOMAIN------
rhna -164
ldal -116
btrr -254
dcoq -49
scpc -164
sadp -100
pidp -54
palg -218
cipn -168
mttt -87
sqji -281
enap -129
otnq -184
iokr -194
rhdf -20
gqne -244
aake -258
qjsb -146
ceeo -55
pgcn -237
fboq -124
tkjj -264
hnql -229
dppf -224
knjm -16
qoom -54
stmd -164
ohhi -190
dehh -203
prer -138
rstk -221
dcfl -202
mmnj -123
frck -228
tiio -125
abdm -114
idgn -72
lsfk -291
hnbp -251
oans -16
qqjo -216
kjfg -177
emfk -257
aenl -69
qotd -253
ketm -292
spjh -132
jqqo -139
VOID------
sgln -118
dhjc -181
nlci -63
htcp -287
oqsa -182
qkil -222
DOMAIN------
ikoi -57
mjfl -41
nioo -205
qkil -222
fhpj -183
oqsa -182
htcp -287
trqa -169
nlci -63
dhjc -181
sgln -118
VOID------
iesp 107
mnfq 29
krpt 107
kebs 4
VOID------
kebs 4
krpt 107
mnfq 29
iesp 107
VOID------
kebs 4
krpt 107
mnfq 29
iesp 107
VOID------
othj 278
risj -151
djbt -178
ibga -91
VOID------
othj 278
risj -151
djbt -178
ibga -91
DOMAIN------
fgel -203
djbt -178
ibga -91
risj -151
nmnr -64
VOID------
kebs 4
krpt 107
mnfq 29
iesp 107
VOID------
iesp 107
mnfq 29
krpt 107
kebs 4
VOID------
iesp 107
mnfq 29
krpt 107
kebs 4
DOMAIN------
pdpe -57
bofi -82
tita -178
lcdo -42
tesj -293
mnrm -222
bcfp -61
hasb -64
dpdl -56
jrig -269
bibq -164
ahhk -246
sprf -237
cetb -54
spog -159
gjqe -74
VOID------
datg -161
jicn -189
fhga -177
edtr -1
VOID------
datg -161
jicn -189
fhga -177
edtr -1
VOID------
datg -161
jicn -189
fhga -177
edtr -1
VOID------
datg -161
jicn -189
fhga -177
edtr -1
VOID------
datg -161
jicn -189
fhga -177
edtr -1
VOID------
datg -161
jicn -189
fhga -177
edtr -1
VOID------
datg -161
jicn -189
fhga -177
edtr -1
VOID------
datg -161
jicn -189
fhga -177
edtr -1
VOID------
edtr -1
fhga -177
jicn -189
datg -161
VOID------
edtr -1
fhga -177
jicn -189
datg -161
VOID------
edtr -1
fhga -177
jicn -189
datg -161
VOID------
datg -161
jicn -189
fhga -177
edtr -1
dcee -186
atrk -51
VOID------
datg -161
jicn -189
fhga -177
edtr -1
dcee -186
atrk -51
VOID------
datg -161
jicn -189
fhga -177
edtr -1
dcee -186
atrk -51
VOID------
datg -161
jicn -189
fhga -177
edtr -1
dcee -186
atrk -51
VOID------
datg -161
jicn -189
fhga -177
edtr -1
dcee -186
atrk -51
VOID------
edtr -1
fhga -177
jicn -189
datg -161
dqns -172
oaid -42
VOID------
edtr -1
fhga -177
jicn -189
datg -161
dqns -172
oaid -42
VOID------
edtr -1
fhga -177
jicn -189
datg -161
dqns -172
oaid -42
VOID------
edtr -1
fhga -177
jicn -189
datg -161
dqns -172
oaid -42
DOMAIN------
jtpq -175
toqh -271
ihqh -293
mnbl -65
anet -227
gdkf -52
cecs -185
slho -56
radt -221
mbrq -200
oofe -115
aend -19
nike -41
bghp -39
cjmj -106
imjt -300
oolo -67
kntr -116
ftol -176
arbs -171
oejl -19
fiei -279
lnjp -105
tqpj -95
atrk -51
oaid -42
dcee -186
edtr -1
fhga -177
jicn -189
dqns -172
datg -161
VOID------
kebs 4
krpt 107
mnfq 29
iesp 107
DOMAIN------
mcjo -50
VOID------
kebs 4
krpt 107
mnfq 29
iesp 107
VOID------
kebs 4
krpt 107
mnfq 29
iesp 107
VOID------
drsa -114
mitg 213
gjqp 134
qnjm -99
VOID------
asas -78
qnjm -99
drsa -114
acig 291
cesa -151
flro -72
kknf 82
rsaf -290
pcjm -255
jsgt -249
ndpq 73
gkos -195
rlcg -268
LIGHT------
gajk 690
tgkb 683
mnno 192
rfph 152
gltj 233
ndpq 73
kknf 82
acig 291
riim 475
qljd 305
nfpm 517
tibg 608
dkdr 491
rlcg -268
dtcl 243
hgkh 540
iaot 661
oerh 165
pdrp 625
nsip 239
fgbh 224
mhme 184
arij 182
ldaj 508
hals 424
shen 597
dfct 118
reqq 647
khrt 581
bpbg 606
tsng 632
ohmd 564
abol 554
moro 87
iasf 179
dmjb 121
scot 103
qsgl 144
cnle 131
ageq 561
rkjj 93
hgrp 230
gkmp 537
ahrd 201
defj 607
hcah 277
ddha 172
ogke 367
lckt 133
fmrb 454
alht 525
lmej 259
klke 562
eabn 232
rlqp 143
hdno 170
fobe 282
bemr 274
sbos 31
qtpf 154
ckfn 11
rgrf 258
fkkc 118
ldqm 198
arct 662
gdji 608
ilfj 353
opfp 372
igph 482
ekga 679
rppk 611
iehh 505
kifl 636
nsje 403
oteb 575
fhkg 596
sjlk 9
nsrd 470
rfes 5
enpa 177
rgbe 276
kfbi 248
fgba 604
sldb 389
rnqi 313
rqro 380
jmoq 646
fdcj 675
amfg 557
jcgn 628
emse 469
oghp 549
glhk 536
hotl 539
rifd 69
idbo 142
maiq 349
tess 20
othj 278
mfkl 492
bqgt 65
qobp 670
ikgh 553
papo 686
bhqj 591
rhtd 541
jjlj 550
anra 48
kqhr 401
iqng 356
sqrr 285
ocdp 402
krnl 468
btsl 233
jici 596
astc 93
ikrs 186
lrei 388
jjjt 479
fgkm 510
rcgq 554
gphl 121
ffbs 112
opir 12
ktjp 292
hggn 414
riqp 570
mdsc 37
agfb 77
eqfm 212
tbei 115
neak 492
dpar 351
qjpi 212
hfmb 351
skfq 264
dphc 593
eoge 528
fjbh 632
nopd 504
bqgb 608
rblj 691
dnma 463
bsdo 122
nqpj 648
fqsn 548
bgti 559
njao 122
pdpb 392
didf 652
hqdb 447
nhio 198
mgdh 107
kfnk 92
efce 132
tsdj 693
iijq 204
ncpt 249
ecfo 214
pdlg 623
inia 437
dnii 268
chrc 526
bijl 545
pnhn 279
rban 546
klsb 660
pftq 678
qeil 360
qqap 699
jtrs 95
mrhe 399
ntlt 492
ghmn 491
fnpe 221
hlrb 451
tnhn 603
trfh 618
gjit 389
dmcn 658
fprh 686
jfpg 685
dttb 421
ohrl 62
hmej 9
hagn 321
iiql 32
fhsm 617
jmkm 306
omtb 105
dsid 540
mobo 333
jokk 247
jgro 441
aqaa 669
gkck 326
aemk 358
fmnq 619
mohk 121
chjr 79
dqml 326
ptmo 470
hesr 17
ajib 453
ldrp 443
dskh 649
lamb 609
mttl 562
esaq 563
mmgj 622
tpkb 650
haen 328
noki 644
gllr 103
npta 148
bhfd 551
tiea 58
eilk 14
hhll 499
lpmj 693
qkaf 191
ebfh 241
kegn 546
hgls 648
kkhk 177
niqa 13
glml 157
samk 430
chhs 55
qkjl 390
lfek 7
cfpt 61
acmm 13
qngt 492
fbbk 518
jcdc 56
fofc 179
psaj 459
cete 143
amcb 449
oltc 683
ible 527
nbhg 479
tinc 589
nbcc 468
hcft 257
qngo 407
bbbd 390
hfdk 394
sccm 605
qkts 602
dbkn 218
pooh 544
etes 332
cgjq 78
clni 542
bhlt 355
pdip 470
raea 42
srrp 191
gkig 7
sblo 509
jhhc 19
eehe 447
mcql 76
qqon 238
caeq 479
kkij 146
ftdi 139
hrml 350
rhrn 53
qhel 343
orng 478
rejf 391
hefp 270
kebs 4
krpt 107
mnfq 29
iesp 107
khii 196
oqtr 586
aqsg 180
oirb 682
kinc 634
dgsd 547
emtp 219
lkkh 136
tcie 230
fcjr 358
epbq 642
oqtc 289
eatp 323
lrkj 248
dnrg 79
ceah 579
btol 511
ckfq 596
groo 517
gblm 588
gsms 600
gprh 472
oall 430
dalk 339
hnma 471
ltbg 29
glfl 540
kaln 181
cjka 579
rbma 259
rbat 128
smbo 345
fonn 559
konr 208
klpd 571
oijb 114
qbcm 312
ahkd 434
nrgh 463
dsde 692
ldhm 521
bgka 105
pbbd 392
fpbl 278
glre 390
rjme 188
hnbq 439
hgej 19
ohnh 102
otgd 175
fhoj 178
rgng 22
gbec 346
hraq 238
ibos 616
srlp 326
inab 251
kegk 397
bdkr 575
slap 512
khgl 476
mndg 438
ltie 582
tjpd 13
dsjr 661
jcne 491
fjso 455
jkbc 407
aibs 279
jgdg 480
gdsg 106
nooa 46
pnan 147
ndte 514
gjoi 395
ljsi 162
adql 398
rmcb 379
lpll 613
knap 229
gdlf 622
qdqh 311
gooo 144
ttkj 280
epqr 494
lpbt 85
cplr 409
oqff 356
gmgg 370
spes 383
scgp 17
bddd 552
icat 672
sppq 502
fjnh 366
bfqt 157
miss 304
qpcb 283
mrlj 96
ikha 345
soda 71
ffsg 407
ieda 225
gfgd 571
ppso 286
cqte 218
amqp 538
jrka 591
gnas 496
igab 390
keko 469
mdnf 607
qjdp 445
ncpg 111
mhqi 342
also 137
asia 407
dnta 472
habd 560
pftc 510
rrhm 368
blis 14
snsj 68
etsr 249
kmli 66
qmmc 318
mmjs 333
onls 278
gosj 505
cfkc 698
dmpg 127
hgti 682
hghf 632
tdia 383
llaf 576
fkib 259
rljr 187
ffdl 348
tfii 612
obat 554
otga 231
lpsf 136
icps 25
lfrs 430
tabs 451
mobp 141
dhpe 594
nsca 559
hkse 497
aktq 374
dinb 249
smqh 575
thnq 365
aehe 375
mfpg 259
bhsj 266
gnke 271
eonj 308
rtdo 422
ngdn 522
kbmc 246
mitg 213
gjqp 134
cgrq 650
cpee 499
obgd 2
cgij 235
krph 584
nmet 350
gkos -195
qgjt 637
chso 495
jsgt -249
pcjm -255
rsaf -290
nnkm 440
flro -72
cesa -151
nsgh 198
drsa -114
qnjm -99
asas -78
fehs 120
hbei -123
jcok -39
shtb 661
gsdc 358
schq 269
spma 202
rpkl 480
odli 556
gbos -219
fqhs 95
hskd 469
VOID------
jsgt -249
pcjm -255
rsaf -290
nnkm 440
flro -72
cesa -151
nsgh 198
drsa -114
qnjm -99
asas -78
fehs 120
hbei -123
jcok -39
VOID------
jsgt -249
pcjm -255
rsaf -290
nnkm 440
flro -72
cesa -151
nsgh 198
drsa -114
qnjm -99
asas -78
fehs 120
hbei -123
jcok -39
VOID------
blcl 37
pcjm -255
jsgt -249
gkos -195
VOID------
blcl 37
pcjm -255
jsgt -249
gkos -195
VOID------
blcl 37
pcjm -255
jsgt -249
gkos -195
VOID------
blcl 37
pcjm -255
jsgt -249
gkos -195
VOID------
fcof -263
atbc -282
kmkf -178
habd 560
inhj -139
rlcg -268
pftc 510
gkos -195
jsgt -249
pcjm -255
VOID------
fcof -263
atbc -282
kmkf -178
habd 560
inhj -139
rlcg -268
pftc 510
gkos -195
jsgt -249
pcjm -255
VOID------
fcof -263
atbc -282
kmkf -178
habd 560
inhj -139
rlcg -268
pftc 510
gkos -195
jsgt -249
pcjm -255
VOID------
rnat -104
gomj -299
ihbs -292
cbmr 273
krdm -114
oinm -132
ifpk 617
chil -290
eefg -67
ltgo -297
tpei 139
bbnh -131
nejf -174
VOID------
onfg -211
ccjp -237
golb 122
aqlc 40
ddip -202
ahjn -201
nrcq -146
domj 75
hllr 33
pior -128
tccf -149
qjrh -26
VOID------
onfg -211
ccjp -237
golb 122
aqlc 40
ddip -202
ahjn -201
nrcq -146
domj 75
hllr 33
pior -128
tccf -149
qjrh -26
VOID------
rnat -104
gomj -299
hghr 139
ihbs -292
krdm -114
oinm -132
VOID------
rnat -104
gomj -299
hghr 139
ihbs -292
krdm -114
oinm -132
VOID------
clqk -205
ddok -285
apmt -113
ncpg 111
rnat -104
gomj -299
mhqi 342
ihbs -292
krdm -114
oinm -132
also 137
chil -290
eefg -67
VOID------
clqk -205
ddok -285
apmt -113
ncpg 111
rnat -104
gomj -299
mhqi 342
ihbs -292
krdm -114
oinm -132
also 137
chil -290
eefg -67
VOID------
clqk -205
ddok -285
apmt -113
ncpg 111
rnat -104
gomj -299
mhqi 342
ihbs -292
krdm -114
oinm -132
also 137
chil -290
eefg -67
VOID------
ddip -202
ccjp -237
golb 122
aqlc 40
onfg -211
hlbd -138
domj 75
sqih -87
hllr 33
lmte -91
kkoo 101
fcof -263
spge 62
atbc -282
VOID------
ddip -202
ccjp -237
golb 122
aqlc 40
onfg -211
hlbd -138
domj 75
sqih -87
hllr 33
lmte -91
kkoo 101
fcof -263
spge 62
atbc -282
VOID------
ddip -202
ccjp -237
golb 122
aqlc 40
onfg -211
hlbd -138
domj 75
sqih -87
hllr 33
lmte -91
kkoo 101
fcof -263
spge 62
atbc -282
VOID------
ddip -202
ccjp -237
golb 122
aqlc 40
onfg -211
hlbd -138
domj 75
sqih -87
hllr 33
lmte -91
kkoo 101
fcof -263
spge 62
atbc -282
VOID------
ddip -202
ccjp -237
golb 122
aqlc 40
onfg -211
hlbd -138
domj 75
sqih -87
hllr 33
lmte -91
kkoo 101
fcof -263
spge 62
atbc -282
VOID------
sodn -96
mraj -293
kbgo -222
ncpg 111
dimt -208
krqj -300
VOID------
ejci -280
ikkg -242
pjgb -91
dsmc -138
pnra 275
dirr -121
naha 103
nddb -298
prql 311
rkjb -84
ejgs -91
okls 58
krqj -300
dimt -208
smic 17
qasr 103
kbgo -222
mraj -293
sodn -96
VOID------
ejci -280
ikkg -242
pjgb -91
dsmc -138
pnra 275
dirr -121
naha 103
nddb -298
prql 311
rkjb -84
ejgs -91
okls 58
krqj -300
dimt -208
smic 17
qasr 103
kbgo -222
mraj -293
sodn -96
VOID------
ejci -280
ikkg -242
pjgb -91
dsmc -138
pnra 275
dirr -121
naha 103
nddb -298
prql 311
rkjb -84
ejgs -91
okls 58
krqj -300
dimt -208
smic 17
qasr 103
kbgo -222
mraj -293
sodn -96
VOID------
ejci -280
ikkg -242
pjgb -91
dsmc -138
pnra 275
dirr -121
naha 103
nddb -298
prql 311
rkjb -84
ejgs -91
okls 58
krqj -300
dimt -208
smic 17
qasr 103
kbgo -222
mraj -293
sodn -96
VOID------
ejci -280
ikkg -242
pjgb -91
dsmc -138
pnra 275
dirr -121
naha 103
nddb -298
prql 311
rkjb -84
ejgs -91
okls 58
krqj -300
dimt -208
smic 17
qasr 103
kbgo -222
mraj -293
sodn -96
VOID------
ejci -280
ikkg -242
pjgb -91
dsmc -138
pnra 275
dirr -121
naha 103
nddb -298
prql 311
rkjb -84
ejgs -91
okls 58
krqj -300
dimt -208
smic 17
qasr 103
kbgo -222
mraj -293
sodn -96
VOID------
ejci -280
ikkg -242
pjgb -91
dsmc -138
pnra 275
dirr -121
naha 103
nddb -298
prql 311
rkjb -84
ejgs -91
okls 58
krqj -300
dimt -208
smic 17
qasr 103
kbgo -222
mraj -293
sodn -96
VOID------
ejci -280
ikkg -242
pjgb -91
dsmc -138
pnra 275
dirr -121
naha 103
nddb -298
prql 311
rkjb -84
ejgs -91
okls 58
krqj -300
dimt -208
smic 17
qasr 103
kbgo -222
mraj -293
sodn -96
VOID------
jsde -172
hjcd -205
apba -289
blcl 37
dhbe -159
clqk -205
VOID------
jsgt -249
pcjm -255
rsaf -290
flro -72
naha 103
cesa -151
prql 311
drsa -114
okls 58
qnjm -99
asas -78
smic 17
hbei -123
jcok -39
qasr 103
qgjp 322
gbos -219
iaob -227
cocm -241
VOID------
jsgt -249
pcjm -255
rsaf -290
flro -72
pnra 275
cesa -151
naha 103
drsa -114
prql 311
qnjm -99
asas -78
okls 58
hbei -123
jcok -39
smic 17
qasr 103
gbos -219
iaob -227
cocm -241
VOID------
jsgt -249
pcjm -255
rsaf -290
flro -72
pnra 275
cesa -151
naha 103
drsa -114
prql 311
qnjm -99
asas -78
okls 58
hbei -123
jcok -39
smic 17
qasr 103
gbos -219
iaob -227
cocm -241
VOID------
rsaf -290
rgng 22
pcjm -255
jsgt -249
gbec 346
gkos -195
rlcg -268
inhj -139
VOID------
rsaf -290
rgng 22
pcjm -255
jsgt -249
gbec 346
gkos -195
rlcg -268
inhj -139
VOID------
rsaf -290
rgng 22
pcjm -255
jsgt -249
gbec 346
gkos -195
rlcg -268
inhj -139
VOID------
ccjp -237
onfg -211
hlbd -138
otfa 159
sqih -87
ogok 165
lmte -91
fcof -263
atbc -282
VOID------
rsaf -290
otgd 175
pcjm -255
jsgt -249
fhoj 178
gkos -195
rlcg -268
inhj -139
rgng 22
kmkf -178
gbec 346
atbc -282
fcof -263
lmte -91
VOID------
rsaf -290
otgd 175
pcjm -255
jsgt -249
fhoj 178
gkos -195
rlcg -268
inhj -139
rgng 22
kmkf -178
gbec 346
atbc -282
fcof -263
lmte -91
VOID------
rsaf -290
otgd 175
pcjm -255
jsgt -249
fhoj 178
gkos -195
rlcg -268
inhj -139
rgng 22
kmkf -178
gbec 346
atbc -282
fcof -263
lmte -91
VOID------
rsaf -290
otgd 175
pcjm -255
jsgt -249
fhoj 178
gkos -195
rlcg -268
inhj -139
rgng 22
kmkf -178
gbec 346
atbc -282
fcof -263
lmte -91
VOID------
rsaf -290
otgd 175
pcjm -255
jsgt -249
fhoj 178
gkos -195
rlcg -268
inhj -139
rgng 22
kmkf -178
gbec 346
atbc -282
fcof -263
lmte -91
VOID------
ccjp -237
naha 103
ddip -202
ahjn -201
nrcq -146
pior -128
prql 311
tccf -149
okls 58
qjrh -26
smic 17
jbfs -166
rahm -28
qasr 103
ejci -280
ikkg -242
DOMAIN------
ofrs -191
hlrf -215
hqhr -295
lblj -146
orma -136
qmkj -131
jdkr -231
qmmi -175
bpqp -194
lqkd -44
orbh -56
obnf -300
gobr -212
edrj -55
jhlg -170
scil -185
ttkg -102
qenf -171
hbbk -95
kosr -69
nldi -30
ilim -224
thdk -212
cfgi -4
glsp -182
trke -52
bffk -220
jsne -173
poac -195
kqdn -78
jhts -44
ttqq -42
igto -253
hnsc -159
rhqd -177
deed -37
dahr -21
blkq -3
plfh -208
chjm -50
klgn -242
teml -31
qmqs -179
rept -114
galc -148
injl -121
aaea -264
bdma -154
mrkl -168
ebfb -284
gpep -38
trkn -271
kgfg -21
brgn -116
ortr -186
tpql -69
hlgc -102
pssc -139
dott -15
hkco -129
gorb -170
kjok -108
aebj -125
bajj -181
ladb -167
gfds -48
oigm -14
kgsk -31
ltcd -92
nmtd -228
sodn -96
mraj -293
kbgo -222
dimt -208
krqj -300
ejgs -91
rkjb -84
nddb -298
jsde -172
hjcd -205
apba -289
dirr -121
dsmc -138
pjgb -91
ikkg -242
ejci -280
rahm -28
jbfs -166
qjrh -26
tccf -149
pior -128
nrcq -146
ahjn -201
dhbe -159
ddip -202
ccjp -237
onfg -211
clqk -205
ddok -285
apmt -113
rnat -104
gomj -299
hlbd -138
sqih -87
ihbs -292
lmte -91
fcof -263
atbc -282
kmkf -178
inhj -139
krdm -114
oinm -132
chil -290
eefg -67
ltgo -297
bbnh -131
nejf -174
glrn -23
cocm -241
iaob -227
gbos -219
rlcg -268
gkos -195
jsgt -249
pcjm -255
rsaf -290
flro -72
jcok -39
cesa -151
hbei -123
asas -78
qnjm -99
drsa -114
VOID------
mcea -86
fkea -21
mnli -151
mghb -101
VOID------
mcea -86
fkea -21
mnli -151
mghb -101
VOID------
mghb -101
mnli -151
fkea -21
mcea -86
VOID------
bmrc -292
joqc -96
mcea -86
fkea -21
VOID------
digg -296
opfg 142
knpi -218
dnge -286
pjcg -187
jrco 345
ndom -182
dmqm -254
qnsq 258
smoi -79
cqic -252
sbrc 8
ggbk -43
VOID------
dnge -286
knpi -218
digg -296
fqhl -224
VOID------
nlkg -174
hjcf -139
fibd -186
ghmg -100
golb 122
aqlc 40
domj 75
hllr 33
bmrc -292
VOID------
dfoh -108
mgck -44
fqhl -224
sbrc 8
digg -296
knpi -218
VOID------
dfoh -108
mgck -44
fqhl -224
sbrc 8
digg -296
knpi -218
VOID------
lfdf -109
sasf -274
rkab -260
sbrc 8
VOID------
lfdf -109
sasf -274
rkab -260
sbrc 8
VOID------
pjcg -187
dnge -286
knpi -218
coat 278
digg -296
fqhl -224
VOID------
pjcg -187
dnge -286
knpi -218
coat 278
digg -296
fqhl -224
VOID------
pmeg -190
gbst -172
aqlc 40
domj 75
irtq -191
mios -16
gahi -145
qjdo -244
VOID------
pmeg -190
gbst -172
aqlc 40
domj 75
irtq -191
mios -16
gahi -145
qjdo -244
DOMAIN------
bspq -291
jhea -67
ftsm -243
ombd -147
gsam -172
ogos -57
pmeg -190
lhat -124
dgkk -82
gbst -172
irtq -191
mios -16
gahi -145
qjdo -244
faff -266
fenk -77
pbbe -17
fnds -19
qnbk -93
nkgp -35
fspi -41
plbo -299
slik -29
ccam -70
rsog -248
rkab -260
nlsf -32
ensg -65
gpgc -223
fajc -267
mmia -38
bgpe -237
lfdf -109
sasf -274
pang -71
ltsd -44
dggc -44
ggbk -43
cqic -252
smoi -79
dmqm -254
pnjj -207
merd -41
ndom -182
pjcg -187
dnge -286
irja -27
knpi -218
nlkg -174
digg -296
hjcf -139
fibd -186
fqhl -224
mgck -44
dfoh -108
mghb -101
mnli -151
ghmg -100
fkea -21
mcea -86
joqc -96
bmrc -292
DOMAIN------
ipcs -128
rsql -242
VOID------
iesp 107
mnfq 29
krpt 107
kebs 4
VOID------
iesp 107
mnfq 29
krpt 107
kebs 4
VOID------
tfbk 94
opqa 71
kdct -175
dsmn 96
VOID------
tfbk 94
opqa 71
kdct -175
ofns -174
VOID------
dsmn 96
thpr 190
ofns -174
kdct -175
VOID------
tfbk 94
kdct -175
ofns -174
opqa 71
VOID------
tfbk 94
kdct -175
ofns -174
opqa 71
VOID------
kebs 4
krpt 107
mnfq 29
iesp 107
VOID------
kdct -175
kqtl -151
skfi 219
scsh -198
VOID------
rimb -24
ofns -174
skfi 219
kdct -175
kqtl -151
VOID------
hosa 6
plgt -283
ctlb -32
rtne -15
VOID------
ikcr -166
aolh -189
fthr 247
rhiq -16
scsh -198
VOID------
ikcr -166
aolh -189
fthr 247
rhiq -16
scsh -198
DOMAIN------
npnk -23
rpos -203
jkim -139
dsro -68
okni -71
mgfa -86
qago -115
abeg -206
rbtk -152
gjnt -248
debf -158
qfhq -41
gaab -211
cbjq -2
rmag -260
ipoc -39
jfst -161
etpm -8
rtne -15
ctlb -32
plgt -283
rdep -233
gojg -103
jkso -4
ikcr -166
aolh -189
gshc -80
hkdd -78
rhiq -16
scsh -198
rdoj -69
elda -180
rimb -24
ofns -174
kdct -175
kqtl -151
VOID------
kebs 4
krpt 107
mnfq 29
iesp 107
VOID------
snsa 174
eljd 79
caop -247
tadg 29
VOID------
rgmp -220
ikga 86
ppij -120
jpem -221
DOMAIN------
jpem -221
ppij -120
rgmp -220
ctlh -109
ihjk -198
caop -247
VOID------
tadg 29
pbgt -133
kedi -293
djrm 121
VOID------
tbhb -285
tmcc -127
ofnr -4
oota 9
VOID------
tbhb -285
tmcc -127
ofnr -4
ftnj -223
pqti 140
tcei -257
btdm -178
fecb -133
VOID------
tbhb -285
bpds 78
ctit -205
cssb -262
paal -104
kedi -293
knef 352
pbgt -133
mglf -203
ogmp -195
VOID------
cssb -262
ctit -205
tbhb -285
tmcc -127
ajtf 313
ofnr -4
ftnj -223
tcei -257
VOID------
cssb -262
ctit -205
tbhb -285
tmcc -127
VOID------
cssb -262
ctit -205
tbhb -285
tmcc -127
VOID------
cssb -262
ctit -205
tbhb -285
tmcc -127
VOID------
cssb -262
ctit -205
tbhb -285
tmcc -127
VOID------
cssb -262
ctit -205
tbhb -285
tmcc -127
VOID------
cssb -262
ctit -205
tbhb -285
tmcc -127
tnqh 204
ofnr -4
ftnj -223
tcei -257
VOID------
cssb -262
ctit -205
tbhb -285
tmcc -127
tnqh 204
ofnr -4
ftnj -223
tcei -257
VOID------
nbjf -232
iief -143
hrkj -295
hfdm -165
oota 9
khco -149
qjkm -18
istg -158
VOID------
iief -143
nbjf -232
ompn -209
qblm -88
nogl -134
eikn -20
chba -216
sdfc -228
VOID------
iief -143
nbjf -232
ompn -209
qblm -88
nogl -134
eikn -20
chba -216
sdfc -228
VOID------
ctit -205
cssb -262
paal -104
kedi -293
pbgt -133
mglf -203
ogmp -195
sldk -22
VOID------
khco -149
hfdm -165
hrkj -295
iief -143
nbjf -232
ompn -209
qblm -88
nogl -134
VOID------
khco -149
hfdm -165
hrkj -295
iief -143
nbjf -232
ompn -209
qblm -88
nogl -134
VOID------
ofnr -4
tmcc -127
tbhb -285
ctit -205
cssb -262
paal -104
kedi -293
pbgt -133
VOID------
mnhr -188
hfal -246
istg -158
qjkm -18
khco -149
hfdm -165
hrkj -295
iief -143
VOID------
mnhr -188
hfal -246
istg -158
qjkm -18
khco -149
hfdm -165
hrkj -295
iief -143
VOID------
mnhr -188
hfal -246
istg -158
qjkm -18
khco -149
hfdm -165
hrkj -295
iief -143
VOID------
mnhr -188
hfal -246
istg -158
qjkm -18
khco -149
hfdm -165
hrkj -295
iief -143
VOID------
mnhr -188
hfal -246
istg -158
qjkm -18
khco -149
hfdm -165
hrkj -295
iief -143
VOID------
mnhr -188
hfal -246
istg -158
qjkm -18
khco -149
hfdm -165
hrkj -295
iief -143
VOID------
qjkm -18
istg -158
hfal -246
mnhr -188
pdob -235
ohda -122
fecb -133
btdm -178
VOID------
qjkm -18
istg -158
hfal -246
mnhr -188
pdob -235
ohda -122
fecb -133
btdm -178
DOMAIN------
pink -65
pceq -279
moqs -30
mbql -151
hhgg -40
bccf -189
etfb -144
bipt -251
honr -197
slbt -226
sffl -287
ahdf -111
aqrk -94
nrhb -144
ltof -213
ltqi -181
bbdg -219
pclf -166
pmdt -51
nhog -6
trli -82
ikio -191
ihjg -256
bgmc -118
lnml -201
lctd -141
lnic -272
qdsh -150
liip -229
pstl -264
aptm -24
foeq -90
kgjj -218
jdjd -298
kico -251
imtq -135
kskm -25
bhkd -187
rnhj -92
mbkn -47
jfbk -188
nncl -263
sdfc -228
taki -223
hchs -14
chba -216
eikn -20
nogl -134
qblm -88
ompn -209
nbjf -232
iief -143
sldk -22
hrkj -295
hfdm -165
khco -149
qjkm -18
pdob -235
mnhr -188
hfal -246
ohda -122
istg -158
fecb -133
btdm -178
tcei -257
ftnj -223
ogmp -195
ofnr -4
tmcc -127
tbhb -285
ctit -205
mglf -203
cssb -262
paal -104
pbgt -133
kedi -293
VOID------
iesp 107
mnfq 29
krpt 107
kebs 4
DOMAIN------
tppf -171
qrrs -128
pmpm -42
LIGHT------
VOID------
iesp 107
mnfq 29
krpt 107
kebs 4
VOID------
eabl -134
eles 131
jjef -179
qalp -118
akio -97
VOID------
eabl -134
eles 131
jjef -179
qalp -118
akio -97
VOID------
eabl -134
eles 131
jjef -179
qalp -118
akio -97
VOID------
grbd -59
hrhk 196
hoqa -91
bhcj -63
sfse -105
VOID------
ikkh -104
nefa -290
alhk -18
htpt -17
VOID------
erte -255
dncs -214
ssjq -121
bemn -82
VOID------
erte -255
dncs -214
ssjq -121
bemn -82
DOMAIN------
iahp -210
htpt -17
alhk -18
nefa -290
ikkh -104
bemn -82
ssjq -121
dncs -214
erte -255
rbjq -186
secg -76
aijm -187
nshk -74
pgdg -120
rdss -205
fiag -275
grbd -59
hoqa -91
bhcj -63
sfse -105
akio -97
qalp -118
jjef -179
ofds -95
eabl -134
VOID------
kebs 4
krpt 107
mnfq 29
iesp 107
VOID------
kebs 4
krpt 107
mnfq 29
iesp 107
VOID------
ftjq -89
agrg 52
dkkm 128
tnqe -10
VOID------
ftjq -89
agrg 52
dkkm 128
tnqe -10
fjod -272
VOID------
tnqe -10
fjod -272
rptd 342
cfqd -37
oibl -253
raer -243
VOID------
tnqe -10
fjod -272
rptd 342
cfqd -37
oibl -253
raer -243
LIGHT------
VOID------
cfqd -37
oibl -253
raer -243
rlrs 165
cojr 157
mket -97
opeg -141
ndap -150
prjm 26
slpa -108
DOMAIN------
todh -126
qfpa -258
edlr -225
tmst -8
jaff -40
hsmo -227
hjdi -6
slpa -108
ndap -150
opeg -141
mket -97
akce -12
raer -243
oibl -253
cfqd -37
jfns -25
fjod -272
tnqe -10
ftjq -89
nras -224
snfe -126
cgcn -102
sgko -61
VOID------
qlga -296
hdnd -273
tccg -169
imhi -119
aajm -53
ocah 290
njpd -271
rqnp -241
VOID------
qlga -296
hdnd -273
tccg -169
imhi -119
aajm -53
ocah 290
njpd -271
rqnp -241
VOID------
njpd -271
aajm -53
imhi -119
tccg -169
hdnd -273
DOMAIN------
ncsn -77
bmss -149
looo -14
codi -238
dris -20
lfof -95
rkre -297
pmmf -129
opor -252
rqnp -241
njpd -271
aajm -53
imhi -119
tccg -169
hdnd -273
qlga -296
jpga -245
roab -253
cfof -19
celm -170
VOID------
akto -276
ohbp -247
pjie 132
jdaj -298
sfrs -290
fsjk 38
cngf -220
nbjm -292
ndms -182
onjl -13
jmes -296
VOID------
akto -276
ohbp -247
pjie 132
jdaj -298
sfrs -290
fsjk 38
cngf -220
nbjm -292
ndms -182
onjl -13
jmes -296
VOID------
mbam -279
npnp -204
ojhh -248
lbde 158
nccf -280
knqm 466
jtki 26
akto -276
ohbp -247
cebr 120
jdaj -298
sfrs -290
mdee 688
cngf -220
nbjm -292
ndms -182
onjl -13
jmes -296
VOID------
mbam -279
npnp -204
ojhh -248
lbde 158
nccf -280
knqm 466
jtki 26
akto -276
ohbp -247
cebr 120
jdaj -298
sfrs -290
mdee 688
cngf -220
nbjm -292
ndms -182
onjl -13
jmes -296
VOID------
sbsm -123
drmh -228
htco -238
nogg -290
nllt -63
onnq -299
pbbk -33
VOID------
sbsm -123
drmh -228
htco -238
nogg -290
nllt -63
onnq -299
olrn -182
VOID------
bslp -100
mbam -279
npnp -204
celo 142
ojhh -248
lbde 158
knqm 466
nccf -280
akto -276
jtki 26
ohbp -247
jdaj -298
cebr 120
sfrs -290
cngf -220
nbjm -292
ndms -182
onjl -13
VOID------
bslp -100
mbam -279
npnp -204
celo 142
ojhh -248
lbde 158
knqm 466
nccf -280
akto -276
jtki 26
ohbp -247
jdaj -298
cebr 120
sfrs -290
cngf -220
nbjm -292
ndms -182
onjl -13
VOID------
frdr -176
smlk -157
qsno -210
rpsp -26
jmes -296
rhtm 271
pjie 132
fsjk 38
onjl -13
mfpc 86
ndms -182
nbjm -292
cngf -220
sfrs -290
jdaj -298
VOID------
frdr -176
smlk -157
qsno -210
rpsp -26
jmes -296
rhtm 271
pjie 132
fsjk 38
onjl -13
mfpc 86
ndms -182
nbjm -292
cngf -220
sfrs -290
jdaj -298
VOID------
frdr -176
smlk -157
qsno -210
rpsp -26
jmes -296
rhtm 271
pjie 132
fsjk 38
onjl -13
mfpc 86
ndms -182
nbjm -292
cngf -220
sfrs -290
jdaj -298
VOID------
frdr -176
smlk -157
qsno -210
rpsp -26
jmes -296
rhtm 271
pjie 132
fsjk 38
onjl -13
mfpc 86
ndms -182
nbjm -292
cngf -220
sfrs -290
jdaj -298
VOID------
frdr -176
smlk -157
qsno -210
rpsp -26
jmes -296
rhtm 271
pjie 132
fsjk 38
onjl -13
mfpc 86
ndms -182
nbjm -292
cngf -220
sfrs -290
jdaj -298
VOID------
frdr -176
smlk -157
qsno -210
rpsp -26
jmes -296
rhtm 271
pjie 132
fsjk 38
onjl -13
mfpc 86
ndms -182
nbjm -292
cngf -220
sfrs -290
jdaj -298
VOID------
lpfk -41
innn -280
sbsm -123
drmh -228
htco -238
nogg -290
ific 103
nllt -63
otkq 264
onnq -299
dcca 136
olrn -182
jjka -59
dlqc 568
bnmj -13
bfot 305
hhjd -73
lqbe -238
hink -101
lbgi -255
jndi 247
oaer -258
mjms 432
pgde 82
qrcl -286
dcnk 46
frqc -216
pfgs -207
dqpj -195
VOID------
lpfk -41
innn -280
sbsm -123
drmh -228
htco -238
nogg -290
ific 103
nllt -63
otkq 264
onnq -299
dcca 136
olrn -182
jjka -59
dlqc 568
bnmj -13
bfot 305
hhjd -73
lqbe -238
hink -101
lbgi -255
jndi 247
oaer -258
mjms 432
pgde 82
qrcl -286
dcnk 46
frqc -216
pfgs -207
dqpj -195
VOID------
lpfk -41
innn -280
sbsm -123
drmh -228
htco -238
nogg -290
ific 103
nllt -63
otkq 264
onnq -299
dcca 136
olrn -182
jjka -59
dlqc 568
bnmj -13
bfot 305
hhjd -73
lqbe -238
hink -101
lbgi -255
jndi 247
oaer -258
mjms 432
pgde 82
qrcl -286
dcnk 46
frqc -216
pfgs -207
dqpj -195
VOID------
nbjm -292
cngf -220
sfrs -290
jdaj -298
ohbp -247
akto -276
nccf -280
VOID------
akto -276
ohbp -247
jdaj -298
sfrs -290
cngf -220
LIGHT------
DOMAIN------
ftoa -144
frcf -25
omml -78
dqpj -195
pfgs -207
frqc -216
qrcl -286
oaer -258
bopn -173
sclo -113
ecbc -77
lcep -285
lbgi -255
hink -101
pcck -192
tfgf -292
iamb -185
bmgm -181
theb -83
psnd -259
lqbe -238
armc -174
krmf -192
mtrg -57
hhjd -73
bnmj -13
jjka -59
olrn -182
pbbk -33
onnq -299
qhso -22
rmrn -17
nllt -63
nogg -290
htco -238
ekas -30
drmh -228
sbsm -123
innn -280
lpfk -41
jojn -75
frdr -176
mbmg -100
smlk -157
qsno -210
rpsp -26
jmes -296
onjl -13
ndms -182
nbjm -292
cngf -220
sfrs -290
jdaj -298
ohbp -247
mbam -279
bslp -100
akto -276
nccf -280
ojhh -248
npnp -204
VOID------
iesp 107
mnfq 29
krpt 107
kebs 4
VOID------
kebs 4
krpt 107
mnfq 29
iesp 107
VOID------
edon -2
rdsn 327
rrnc -250
ipkc 74
VOID------
edon -2
rdsn 327
rrnc -250
ipkc 74
VOID------
edon -2
rdsn 327
rrnc -250
ipkc 74
VOID------
edon -2
rdsn 327
rrnc -250
ipkc 74
VOID------
edon -2
rdsn 327
rrnc -250
ipkc 74
VOID------
rrnc -250
qgjl 205
hghp 106
obmc 107
trnf -225
VOID------
trnf -225
lhco 61
rice 308
rias 233
rrnc -250
VOID------
edon -2
atas 343
ptge 5
rrnc -250
VOID------
oqgn -66
lsnq 53
jqds 139
ojmr -152
lqef -149
VOID------
fens -173
noeo -3
rqjf -78
onnt 11
flfe -291
pcep 28
btij -161
okln -114
VOID------
fens -173
noeo -3
rqjf -78
onnt 11
flfe -291
pcep 28
btij -161
okln -114
VOID------
btij -161
okln -114
opjn -120
ghqn 238
qhld -252
ghrh 39
sjql -279
VOID------
oleo -198
oehs -95
pcep 28
agee -206
edon -2
rrnc -250
ngba 46
trnf -225
ltlr 207
pbac -259
oqgn -66
ojmr -152
ksgr 262
lqef -149
rrjp 48
qbnl -107
rjtg -61
VOID------
trnf -225
rrnc -250
rkmr 25
edon -2
agee -206
oehs -95
VOID------
trnf -225
rrnc -250
rkmr 25
edon -2
agee -206
oehs -95
VOID------
okln -114
opjn -120
qhld -252
sjql -279
DOMAIN------
hqgo -18
ntie -206
nftk -38
nibm -254
nigh -42
lhlj -245
rskf -244
grft -104
caps -214
odfp -195
ikcl -71
osma -1
tbjj -278
rtro -99
qfme -43
emmc -10
itto -33
kdri -231
smek -243
bqnf -133
hhdg -111
sjql -279
rjtg -61
qhld -252
opjn -120
okln -114
btij -161
qbnl -107
flfe -291
rqjf -78
noeo -3
fens -173
lqef -149
ojmr -152
oqgn -66
oleo -198
pbac -259
trnf -225
rrnc -250
oehs -95
edon -2
agee -206
VOID------
kebs 4
krpt 107
mnfq 29
iesp 107
VOID------
kebs 4
krpt 107
mnfq 29
iesp 107
VOID------
gjhk -234
gqrk 108
jgpd -67
ibbt -149
kdjs -6
DOMAIN------
ronb -119
hgtn -234
rksg -292
mmah -224
dqnn -264
ioal -87
ibbt -149
kdjs -6
jgpd -67
gjhk -234
VOID------
iesp 107
mnfq 29
krpt 107
kebs 4
VOID------
iesp 107
mnfq 29
krpt 107
kebs 4
VOID------
jdib -265
tasq -26
eiim 316
npbs 51
VOID------
jdib -265
tasq -26
eiim 316
npbs 51
VOID------
bmpr -220
ebpf -13
sfep 232
opah -208
VOID------
bmpr -220
ebpf -13
fqkb 102
opah -208
VOID------
bmpr -220
ebpf -13
fqkb 102
opah -208
DOMAIN------
opah -208
ebpf -13
bmpr -220
rrcn -209
tasq -26
jdib -265
qldb -39
VOID------
kebs 4
krpt 107
mnfq 29
iesp 107
VOID------
kebs 4
krpt 107
mnfq 29
iesp 107
VOID------
asos 54
ffbt 118
mapt 7
isdr -288
VOID------
asos 54
ffbt 118
mapt 7
isdr -288
DOMAIN------
isdr -288
LIGHT------
VOID------
epjn 42
mdoc 66
skma -118
tsec -139
VOID------
epjn 42
mdoc 66
skma -118
tsec -139
LIGHT------
tnpn 633
edpg 20
atlm 348
ohaq 111
tlhi 241
fkga 352
cmik 401
ppjg 629
phdp 352
kgda 337
shsa 669
phps -85
oqms 124
ajib 453
hesr 17
ptmo 470
dqml 326
chjr 79
mohk 121
fmnq 619
aemk 358
gkck 326
aqaa 669
jgro 441
jokk 247
mobo 333
dsid 540
omtb 105
jmkm 306
fhsm 617
iiql 32
hagn 321
hmej 9
ohrl 62
dttb 421
jfpg 685
fprh 686
rcgq 554
fgkm 510
jjjt 479
lrei 388
ikrs 186
astc 93
jici 596
btsl 233
krnl 468
ocdp 402
sqrr 285
iqng 356
kqhr 401
anra 48
jjlj 550
rhtd 541
bhqj 591
papo 686
ikgh 553
qobp 670
bqgt 65
mfkl 492
othj 278
tess 20
maiq 349
idbo 142
rifd 69
hotl 539
glhk 536
oghp 549
emse 469
jcgn 628
amfg 557
fdcj 675
jmoq 646
rqro 380
rnqi 313
sldb 389
fgba 604
kfbi 248
rgbe 276
enpa 177
rfes 5
nsrd 470
sjlk 9
fhkg 596
oteb 575
nsje 403
kifl 636
iehh 505
rppk 611
ekga 679
igph 482
opfp 372
ilfj 353
gdji 608
arct 662
ldqm 198
fkkc 118
rgrf 258
ckfn 11
qtpf 154
sbos 31
bemr 274
fobe 282
hdno 170
rlqp 143
eabn 232
klke 562
lmej 259
alht 525
fmrb 454
lckt 133
ogke 367
ddha 172
hcah 277
defj 607
ahrd 201
gkmp 537
hgrp 230
rkjj 93
ageq 561
cnle 131
qsgl 144
scot 103
dmjb 121
iasf 179
moro 87
abol 554
ohmd 564
tsng 632
bpbg 606
khrt 581
reqq 647
dfct 118
shen 597
hals 424
ldaj 508
arij 182
mhme 184
fgbh 224
nsip 239
pdrp 625
oerh 165
iaot 661
hgkh 540
dtcl 243
dkdr 491
tibg 608
nfpm 517
qljd 305
riim 475
acig 291
kknf 82
ndpq 73
gltj 233
rfph 152
mnno 192
tgkb 683
gajk 690
cbmr 273
ifpk 617
tpei 139
gikp 506
cdgi 672
hghr 139
tgan 471
oftl 279
olql 417
dthk 649
kmtc 298
qpil 674
qnmo 617
sfqd 375
gmfe 593
blcl 37
hldn 431
ekni 234
fadt 323
mqor 135
gomf 103
aicl 101
gjlb 535
amps 129
gpnj 595
hskd 469
fqhs 95
odli 556
rpkl 480
spma 202
schq 269
gsdc 358
shtb 661
fehs 120
nsgh 198
nnkm 440
chso 495
qgjt 637
nmet 350
krph 584
cgij 235
obgd 2
cpee 499
cgrq 650
gjqp 134
mitg 213
kbmc 246
qkqe 211
tndl 234
fiet 233
ctej 572
tmjl 15
jseo 52
ihnt 333
jdpk 686
hdrd 657
nkbj 470
rdqi 302
qmfq 415
hbnr 263
drpi 156
nkpl 158
qeqa 183
ebng 218
qock 434
gibf 324
golb 122
aqlc 40
domj 75
hllr 33
kkoo 101
spge 62
qlmg 133
ilmc 419
spls 167
inom 499
npdj 70
srjb 405
likq 660
fodq 494
mbqt 531
oelr 253
jbcs 95
sqdo 409
ssna 59
ircg 584
jmha 584
qlmo 223
mmat 677
ioqd 90
rdqj 27
jbsg 429
pkkg 642
foqp 594
qirb 460
impd 426
oqek 537
ilck 556
tsht 370
mggq 225
tpdb 623
nekc 608
pqip 345
kqai 77
chjn 151
knkc 79
pjnm 89
baqs 499
qmrp 283
bkid 410
mkcl 601
cgnf 545
sohp 188
tfbk 94
opqa 71
njob 285
jeoa 439
bjje 505
emag 256
asmk 636
qicf 379
ldsr 467
qijo 366
hlap 532
jgja 269
plds 204
ijon 216
rcpj 185
kfqn 66
poet 373
iimp 662
jepg 629
skpo 222
fthr 247
tnqh 204
qgjg 571
dksa 286
gsqs 137
lgas 624
ileo 493
smhq 415
flrk 409
phbt 598
iccc 618
ksii 396
osan 114
mteh 588
bjmt 505
qtfs 15
fnjt 359
nghg 540
eita 562
inif 279
hosa 6
hdes 374
jtdg 24
lllh 102
pbsb 652
bfrf 248
mkgk 255
tqaj 54
siho 657
diot 687
qifa 535
rons 31
tpdl 578
rlap 481
tkjh 534
ckkb 338
siid 245
jmth 124
ocbi 530
dgmg 334
skfi 219
mbpi 562
fknh 363
ohbf 404
nmko 571
taof 283
rsbm 662
lskd 545
affl 640
thpr 190
dsmn 96
cnqe 574
qqjh 275
hqso 679
bhch 676
brnp 670
isko 601
mtol 439
kpsm 89
ckbq 327
rpka 670
klqo 628
hnlg 494
modk 591
fqaj 480
kfpo 431
qgaq 615
ikga 86
qcbq 513
tadg 29
djrm 121
piie 459
ppod 248
kaor 7
hcel 93
jekf 169
oiga 326
dkst 448
bpds 78
knef 352
oota 9
heer 598
pjnq 530
nnhp 564
hlej 342
bpta 27
fsie 187
sklh 676
fmdq 697
ogia 396
ajtf 313
pqti 140
ptag 677
sbjp 203
dpdr 390
rdmp 480
hlnq 157
edaq 326
gnmm 526
ddhf 4
detq 696
pbdm 387
mfjq 276
jqst 115
eljd 79
snsa 174
jrcb 528
hmra 212
sbjq 343
alot 518
tjib 589
jdft 316
cfbf 217
efmj 629
lhbc 67
ihgm 404
bnib 614
sqia 377
pjrm 435
fseo 681
miem 243
ghmq 128
takk 660
qpot 561
qtke 506
dblc 104
npig 465
hcra 639
fqrb 279
sopc 108
tmbo 695
fmen 217
snfd 458
gcpr 240
ecro 200
dprn 294
epoq 552
esab 431
pmfj 171
tilm 88
eqqi 324
frgq 176
mjme 66
fjqr 253
gqkq 216
drjp 218
klns 429
ianp 433
dfab 476
sbrc 8
qnsq 258
jrco 345
opfg 142
gske 559
momo 284
mpdk 217
sjmb 625
poho 298
dfbl 203
pikl 549
jbdd 491
ijfo 149
qftj 105
afbk 156
irqk 399
hrag 592
bbob 477
isrt 564
sncp 697
kbqn 452
mkgd 583
hknp 467
hlpr 378
ihpq 333
frfo 378
fmmt 336
lclf 255
qfcb 549
drlp 661
qqah 512
holl 43
eoso 532
sabl 638
mhkm 141
dlho 415
jotl 564
rmbp 505
iici 566
bdha 490
iidf 333
gajm 348
abqj 82
pchl 277
ckfe 71
iamg 342
tabf 38
jmqt 128
nikl 484
rjtd 10
lnme 530
dgaj 11
ssmo 69
grim 134
caor 509
hgso 376
iiis 123
tpbl 319
insk 211
tisq 164
jesl 546
bmrp 286
jofk 117
ikrj 195
tghq 112
kgaq 588
oagb 630
dgrp 617
mkcm 489
sllq 76
elit 260
gqtd 428
ndco 332
jfta 168
klhq 305
dqnc 429
ttcf 356
lnga 395
mnbb 516
ihco 103
ncqi 451
ldrb 455
iedq 607
rgfk 666
mhqj 698
trkg 318
eocm 653
fplk 397
lafk 396
fbcq 498
jfjg 292
dgfi 249
bfte 533
picb 650
pint 625
hnsm 390
cksa 394
skkb 11
mnmm 302
ehak 328
pkjg 129
ifas 97
mard 38
ahct 222
kgsd 206
lsti 636
kjrq 600
cemr 341
snbt 4
foka 628
mljs 486
otfa 159
ogok 165
stsh 361
qkke 603
aijs 610
ipjr 489
qjbd 584
mmgs 92
eaak 629
gaqb 352
coat 278
oqpj 606
bglt 694
bjaq 477
gngl 678
npth 576
sgtc 401
pnra 275
naha 103
prql 311
okls 58
smic 17
qasr 103
qgjp 322
phft 429
cbda 11
lphq 152
fntf 305
epjn 42
mdoc 66
skma -118
tsec -139
ceth 325
hejr 344
ljgr 358
iedo 198
kind -118
amci 328
akdf 153
ldeg 195
obpj 699
jrsr -82
pkkc -239
lrpq 346
askc 560
oflt 289
hefd 42
qjpj 22
koit 304
molg 659
abrt 503
bjsp 662
mhrb 177
fnto 317
imet 227
krpp 321
hsmn 496
fdgm 470
kjgq 16
nlsp 364
ksjt 71
elqe 458
maan 171
eihp 24
ncsb 250
pkbb 689
acrq 430
gedm 607
jhjg 664
dorn 320
mtkf 401
hhhd 449
grtt 522
ccbq 502
nshr 418
sfhf 673
tqkn 41
jldl 49
oakj 635
pihp 488
hskg 481
coel 420
pjeh 558
htfe 533
meej 584
oftc 327
dpis 603
boeg 228
qrdr 157
egba 665
cspa 501
kqmq 204
arkb 454
tsdk 145
pkjm 403
gnsf 376
dqod 469
ksen 481
tskg 543
jfql 590
ogef 399
ohpl 624
dgep 424
nert 278
mjcb 91
pohi 396
gamr 394
mfqc 253
nled 167
ifdc 178
afro 406
lhqk 427
pscd 196
rrag 114
mdqk 221
cbnr 228
pjga 358
qeie 471
bgge 164
jcpo 446
gkni 112
qbej 78
btgl 468
mfia 285
hdpf 410
cinb 580
lrfq 235
hijr 662
nocc 28
ldqr 462
abmn 243
hmbc 46
njcj 3
gqdd 409
cfaa 605
eefi 509
tkbn 470
rtka 578
sdkm 466
btep 132
crlo 354
jmmm 425
qfgt 507
nhoc 661
jrma 610
qbmt 131
mtpi 606
brrj 539
pqkb 568
ddql 9
doco 39
lahj 401
qplm 32
ppjb 435
nsgs 605
bben 56
estt 62
mnrd 125
adbc 146
lrtl 167
ntqf 273
aabq 102
aaen 327
dpio 526
tklo 425
mmlh 299
bnpo 80
tdor 405
nsjm 312
gpmm 67
qakl 390
oppq 257
fgmf 379
loei 363
dcqa 673
shql 698
hpbj 68
qpri 640
gcng 609
jerl 616
stpa 342
ftcl 676
jpoh 65
mtgi 464
qrmq 146
oesq 11
jrfq 67
hjio 158
nbfo 179
lsol 554
redd 379
badb 397
rnfi 650
qlmr 266
ghcp 407
netd 628
sfcn 275
ofad 436
cogf 564
pbno 513
gqil 102
ebim 601
lkcl 323
dgdq 12
jmpi 69
nbjn 283
oltl 215
ttki 68
nfgc 615
sqmi 330
eoct 28
qbdf 448
rhsh 93
dncp 57
rrgs 208
hqlf 32
sibq 70
qnof 54
aqpf 227
ncbd 631
ttke 154
iocr 394
apjs 170
mpsm 255
kglp 238
fhie 493
nnmc 590
cqpa 549
rqnf 561
phso 196
qfhs 112
oehi 542
rfic 536
ocis 680
kcsr 472
qijj 654
gaqe 477
gedg 401
jkft 511
ealr 651
teeb 192
dnat 536
lskp 697
afed 595
rlso 444
dcnh 622
ctrl 325
cqgc 304
tpbb 22
tgfd 63
msip 650
fhpf 474
qlnh 589
ngdn 522
rtdo 422
eonj 308
gnke 271
bhsj 266
mfpg 259
aehe 375
thnq 365
smqh 575
dinb 249
aktq 374
hkse 497
nsca 559
dhpe 594
mobp 141
tabs 451
lfrs 430
icps 25
lpsf 136
otga 231
obat 554
tfii 612
ffdl 348
rljr 187
fkib 259
llaf 576
tdia 383
grel 223
hrnk 39
eles 131
menc 312
nfnk 37
qigm 1
fghr 183
dtlj 240
adqq 253
tmpt 263
cfgm 165
rpgo 559
fqjl 310
qjfi 207
hmrr 209
jekc 578
aasa 571
kifm 230
ghkd 619
fpss 326
kngk 535
pmfn 548
sgif 592
hrhk 196
qmon 332
lboa 156
pfqm 582
qfmk 590
kpcq 663
etti 443
rqjc 54
hgfp 423
jskl 308
nbce 396
mpjp 497
lqpk 670
oabt 424
orrk 582
feea 427
chlb 516
hghf 632
hgti 682
dmpg 127
cfkc 698
gosj 505
onls 278
mmjs 333
qmmc 318
fpqb 198
cjtn 239
seeh 256
lhps 86
hbqa 235
tefs 312
nisf 130
qdch 509
erit 110
fhcn 4
fjra 621
btof 493
ejqr 589
tomn 264
qrjb 534
gkko 381
imdj 671
lsps 455
ndkq 199
sfpl 587
mffh 389
acgk 355
gmdj 533
oikn 657
fkpg 467
beop 182
rtig 376
icqp 191
hika 111
lpko 450
qdct 215
phkf 381
bihd 131
nphh 194
dfbk 138
oclt 327
jpii 29
ksid 287
lsgc 502
kstp 9
foiq 392
qihj 426
ighs 40
hiqa 592
ftrh 590
qokf 523
ksin 161
meem 296
cslf 177
kenf 557
gkgj 207
kspa 163
sbej 598
siko 254
ieih 429
oflj 110
bici 143
sihn 395
knmp 383
bams 408
mtji 121
mmqp 78
pslp 367
amkb 627
lfkl 519
rmqc 525
fleb 505
nfia 341
jglp 82
cspf 517
jiea 586
kjtc 505
marb 167
hqek 221
mlfn 75
mcgq 193
trjf 233
oqsr 118
kddb 163
cgce 467
ptji 569
cfqs 163
dors 298
cfoe 136
dmfh 97
gteh 146
pkga 155
bqdt 167
ocgc 394
ddso 525
gbap 566
irdh 592
ldpe 666
ilhm 304
eodo 528
iksc 622
qbmd 215
ooiq 233
jsjq 693
dmkt 570
dpce 312
khah 433
fbpn 577
tdfl 110
skim 455
iaal 56
dnad 580
sjpj 319
rofb 240
gbtg 646
klsc 486
lpar 366
pecj 256
bncc 179
cree 370
qfah 453
efel 177
dqjr 445
aiho 612
gpgg 569
qqch 622
kmli 66
jgrr 547
nkod 488
nqho 101
dhjk 651
qneq 267
mbaj 320
redq 510
sone 75
adkd 115
jqoq 483
jnjo 303
bjoa 420
mspo 693
hrth 691
mlni 153
nbhn 407
bhim 559
grai 280
ifha 159
nmjq 134
cfsa 350
fnej 392
bipc 520
niti 442
ipba 691
roib 359
idph 63
ngod 68
sotn 151
nqha 178
obnt 82
pjsb 410
icqr 216
agcn 462
ajae 99
sofo 451
jtbj 445
ldda 327
ohoh 417
odmh 236
linn 612
joco 333
gebe 672
sqcf 533
nopr 248
kdeb 516
lnhc 329
blfm 167
pogo 681
caao 492
igag 524
prmk 202
trds 40
krbl 532
sqdn 697
biof 339
cffd 685
efte 698
skic 452
ahfo 13
gfpm 273
thnd 194
amhr 217
ontd 456
fbns 231
gmih 397
ilad 337
rslq 26
qdke 556
gjif 354
rmtc 193
pckb 216
celo 142
lbde 158
knqm 466
jtki 26
cebr 120
mdee 688
gsbe 552
tmto 682
glht 75
lhco 61
rice 308
rias 233
ffta 202
rdsn 327
ipkc 74
atas 343
ptge 5
dkht 517
ojkb 664
fljt 186
eabi 600
fghl 201
mcct 227
nlkj 317
fine 316
init 425
bbfp 369
ndaa 540
ntgf 474
glgo 241
qlff 13
frtp 104
gbei 513
cbfd 331
egtm 583
kono 489
tadf 27
msmq 377
hmdf 67
obmc 107
hghp 106
qgjl 205
tjie 433
srda 617
debi 119
lsnq 53
jqds 139
shfl 7
afhj 661
dfdj 397
mras 74
rkmr 25
biom 377
rmas 630
kbbc 118
lqmk 382
paed 368
bpse 321
cajq 649
fngb 65
glbs 564
ooja 79
pdsb 6
dcac 327
ijap 444
incf 484
qnmh 490
mhhd 226
kmdt 190
jqbk 272
arod 595
chsb 607
socq 266
dnsr 253
ttom 396
hgdn 696
gnfo 318
rprb 123
adce 673
qejr 479
sprc 445
ekeq 538
imal 464
tmbf 281
ojmq 256
mfes 223
edjs 463
nntb 217
ljpe 279
nind 110
brhh 677
ghdg 19
bsjq 689
irfl 64
qcqk 577
elem 504
qflt 231
qeql 541
qtrl 40
qtnc 26
ghqn 238
ghrh 39
rrjp 48
ksgr 262
ltlr 207
ngba 46
pcep 28
onnt 11
onbt 590
ktsp 268
ndpr 408
efdj 640
bmll 486
orba 357
fmme 22
lejo 214
rtnd 312
ohnt 673
icbr 268
cojq 398
egnj 493
cios 487
ffgd 456
emsm 376
ldni 655
ksbs 282
khgm 562
ptmk 401
fnnd 104
smqe 609
ojes 450
mhir 309
fcps 52
mapt 7
ffbt 118
asos 54
abgo 89
ftfq 237
icas 493
ohfa 224
besd 64
gqrk 108
kerm 698
jifh 406
tfgb 623
eiim 316
npbs 51
siqp 148
gsqe 249
hksb 105
kbjf 583
tspk 341
sfep 232
hnae 201
aflf 80
jjno 566
qbhn 170
khne 324
hirf 368
soos 12
fqkb 102
efib 476
gshd 655
eelq 173
gffe 171
rtje 568
jerh 308
kqlg 686
pbgn 58
rkoe 432
bbia 488
afjp 519
mrem 586
okol 662
jqha 460
miid 401
iopb 317
soqn 262
rbso 566
emam 159
drdc 676
nsdd 152
hhic 631
ngop 137
kfof 237
ohba 159
ctmj 679
qspc 645
icjt 487
bhkq 385
ofsf 462
cqln 696
qtjr 420
eqto 88
ophp 318
ppej 427
mani 496
pbop 347
rgsi 181
tmok 49
ftre 63
dqib 545
ttid 368
setg 612
tkoq 531
leml 121
pcbm 686
bljq 668
ftmr 410
ific 103
otkq 264
dcca 136
dlqc 568
bfot 305
jndi 247
mjms 432
pgde 82
dcnk 46
tajg 149
aqql 152
tfhh 19
rtnf 431
fmje 34
mokh 145
hbnc 327
hddl 322
jrdd 632
oftf 352
lraa 433
ciqr 355
pdmm 58
rkeg 387
thdl 683
dern 588
ebgq 113
bnbi 237
icoh 20
obod 493
gsgm 355
palf 490
jnqf 574
sdag 141
lanm 298
dnbd 250
rbka 296
ntlb 79
rthl 605
fadc 377
piae 16
llah 252
rnfp 550
jgsl 219
oglf 47
bcdb 315
coet 296
mfpc 86
fsjk 38
pjie 132
rhtm 271
jeop 244
ehol 590
ocah 290
dajt 305
magk 6
rjgd 398
bghi 678
eakb 285
edob 218
jjnt 428
opts 421
olrr 205
tdjl 584
nabb 570
ebft 271
pmmp 141
tdod 230
rmdt 285
ckir 383
fjcm 11
anar 118
plqg 10
dorh 194
ejqs 218
hikn 410
mqoi 86
tsig 611
cbgm 609
slda 217
hodo 77
isbi 71
prik 428
rodk 565
epqn 580
srfk 483
qiop 519
oons 114
giom 337
oshh 93
idod 442
prkb 380
alam 445
fbfb 440
prjm 26
cojr 157
rlrs 165
rptd 342
dkkm 128
agrg 52
paqb 466
rgpi 373
ddqg 497
sddk 113
ekqe 84
pcrt 364
ldmg 388
jkqj 67
rsfj 405
gkkm 79
frbm 532
trhp 671
epar 472
diro 39
tclp 151
qhel 343
rhrn 53
hrml 350
ftdi 139
kkij 146
caeq 479
qqon 238
mcql 76
eehe 447
jhhc 19
sblo 509
gkig 7
srrp 191
raea 42
pdip 470
bhlt 355
clni 542
cgjq 78
etes 332
pooh 544
dbkn 218
qkts 602
sccm 605
hfdk 394
bbbd 390
qngo 407
hcft 257
nbcc 468
tinc 589
nbhg 479
jjpq -256
qors 137
dqks 486
lrec -82
qraf 150
saoa 346
klfr 129
mkmq 9
qadh -298
nmrn -159
hgaq -276
bbre -182
djoa -116
fimr -97
eckm -65
VOID------
qadh -298
nmrn -159
hgaq -276
bbre -182
djoa -116
fimr -97
eckm -65
VOID------
qadh -298
nmrn -159
hgaq -276
bbre -182
djoa -116
fimr -97
eckm -65
toho 75
ssgn -162
aicd -32
VOID------
nmrn -159
hgaq -276
bbre -182
djoa -116
fimr -97
eckm -65
toho 75
ssgn -162
aicd -32
VOID------
lfha -286
peks -291
fdgk -224
qfti 120
rpmo 194
omsg -248
tldn 109
mdgh -140
smll -273
rbqt 93
kqhi -161
VOID------
pmqj -184
rkoc 60
drrl -273
bkjn -165
bmlo -111
dqeh -187
mgej 176
faie -274
frko -153
noah 159
ogdr -267
jans -120
DOMAIN------
mlce -11
jans -120
ogdr -267
frko -153
faie -274
dqeh -187
bmlo -111
bkjn -165
drrl -273
pmqj -184
todm -123
mboc -132
kqhi -161
smll -273
mdgh -140
omsg -248
fdgk -224
peks -291
lfha -286
lmot -129
qmng -224
ktsg -245
fhsc -94
opab -210
sjed -95
okrm -32
ltrm -101
aicd -32
ssgn -162
eckm -65
fimr -97
djoa -116
bbre -182
hgaq -276
nmrn -159
qadh -298
lrec -82
jjpq -256
phps -85
pkkc -239
jrsr -82
kind -118
tsec -139
skma -118
VOID------
fcps 52
mapt 7
ffbt 118
asos 54
VOID------
gkfm -2
rbqt 93
dpsp -17
dqdo 61
VOID------
hqne -108
gdpk -108
tsls -114
jllo 34
ilba -93
fcjf -260
rsja 101
sjaa -120
kcim -65
VOID------
hqne -108
gdpk -108
tsls -114
jllo 34
ilba -93
fcjf -260
VOID------
ltsm -239
hfol -68
icgq 44
tmda -172
bsai 46
sena -262
VOID------
ltsm -239
hfol -68
kqfk 199
tmda -172
VOID------
ltsm -239
hfol -68
kqfk 199
tmda -172
VOID------
oleg -142
ibkn -286
llap -285
rlpr 345
elkm 205
qknk -115
orod -192
bapl 109
agft -268
VOID------
qknk -115
llap -285
shmn 177
pdpp 82
ibkn -286
VOID------
hfol -68
ltsm -239
rcqj -121
takj 142
smte 141
mnom -223
qkik -34
semc -60
VOID------
hfol -68
ltsm -239
rcqj -121
takj 142
smte 141
mnom -223
qkik -34
semc -60
VOID------
hfol -68
ltsm -239
rcqj -121
takj 142
smte 141
mnom -223
qkik -34
semc -60
VOID------
hfol -68
ltsm -239
rcqj -121
takj 142
smte 141
mnom -223
qkik -34
semc -60
asgf 169
gabb -16
emhf -93
sodo -289
mmgl -151
DOMAIN------
bbgg -114
mmgl -151
sodo -289
emhf -93
gabb -16
semc -60
qkik -34
mnom -223
rcqj -121
mbpg -60
agft -268
orod -192
qknk -115
llap -285
ibkn -286
oleg -142
qjda -46
sena -262
tmda -172
hfol -68
ltsm -239
atcs -218
eebf -111
ekbn -139
psgb -97
oore -63
tsls -114
gdpk -108
hqne -108
acnq -253
htfb -4
kcim -65
sjaa -120
fcjf -260
ilba -93
sgpk -254
odji -37
dpsp -17
gkfm -2
VOID------
asos 54
ffbt 118
mapt 7
fcps 52
VOID------
ikeg -176
lgga 149
ermi 169
qade -108
jseq -287
VOID------
ikeg -176
saeo -279
jlcp 87
cjpq 185
pboc 11
ospl 55
kcgo -92
mqfh 61
npbn -155
icia -141
prro 205
hgsp 31
pdtc 148
ntcg -274
cqnb -170
kdff -85
msqh 164
jngm -123
dlpc -237
bcjj 164
gogn -270
VOID------
ikeg -176
saeo -279
jlcp 87
cjpq 185
pboc 11
ospl 55
kcgo -92
mqfh 61
npbn -155
icia -141
prro 205
hgsp 31
pdtc 148
ntcg -274
cqnb -170
kdff -85
msqh 164
jngm -123
dlpc -237
bcjj 164
gogn -270
almq -180
irim -45
LIGHT------
VOID------
ntcg -274
jlcp 87
icia -141
npbn -155
cjpq 185
pboc 11
ospl 55
kcgo -92
saeo -279
ikeg -176
mqfh 61
asdc -178
aarf -254
prro 205
gjnc -155
qade -108
jseq -287
sbth -17
emto -231
hgsp 31
ndsk -163
pgeg -103
pgrf -76
aolj -178
pdtc 148
msqh 164
seom -207
htfb -138
LIGHT------
VOID------
ntcg -274
jlcp 87
icia -141
npbn -155
cjpq 185
pboc 11
ospl 55
kcgo -92
saeo -279
ikeg -176
mqfh 61
asdc -178
aarf -254
prro 205
gjnc -155
qade -108
jseq -287
sbth -17
emto -231
hgsp 31
ndsk -163
pgeg -103
pgrf -76
aolj -178
pdtc 148
msqh 164
seom -207
htfb -138
VOID------
ntcg -274
jlcp 87
icia -141
npbn -155
cjpq 185
pboc 11
ospl 55
kcgo -92
saeo -279
ikeg -176
mqfh 61
asdc -178
aarf -254
prro 205
gjnc -155
qade -108
jseq -287
sbth -17
emto -231
hgsp 31
ndsk -163
pgeg -103
pgrf -76
aolj -178
pdtc 148
msqh 164
seom -207
htfb -138
VOID------
ntcg -274
jlcp 87
icia -141
npbn -155
cjpq 185
pboc 11
ospl 55
kcgo -92
saeo -279
ikeg -176
mqfh 61
asdc -178
aarf -254
prro 205
gjnc -155
qade -108
jseq -287
sbth -17
emto -231
hgsp 31
ndsk -163
pgeg -103
pgrf -76
aolj -178
pdtc 148
msqh 164
seom -207
htfb -138
VOID------
kcgo -92
saeo -279
ikeg -176
rgea 25
asdc -178
aarf -254
cdra 28
gjnc -155
qade -108
jseq -287
sbth -17
emto -231
mdmi 214
ndsk -163
pgeg -103
pgrf -76
aolj -178
leqk 166
qmbf 70
seom -207
htfb -138
VOID------
kcgo -92
saeo -279
ikeg -176
rgea 25
asdc -178
aarf -254
cdra 28
gjnc -155
qade -108
jseq -287
sbth -17
emto -231
mdmi 214
ndsk -163
pgeg -103
pgrf -76
aolj -178
leqk 166
qmbf 70
seom -207
htfb -138
VOID------
icia -141
npbn -155
kcgo -92
hgsp 31
saeo -279
ikeg -176
prro 205
asdc -178
aarf -254
gjnc -155
qade -108
jseq -287
mqfh 61
sbth -17
emto -231
ndsk -163
pgeg -103
ospl 55
pboc 11
pgrf -76
aolj -178
cjpq 185
seom -207
VOID------
grjm -282
rhgk -177
etpg -252
jbkn -229
ssij -36
coat 278
scts -194
eetc -167
rejp -82
rgsb -280
LIGHT------
ndmj 441
jdtc 236
psia 533
tmam 287
edbd 511
loap 300
ekdc 384
pnlg 363
tfoc 588
ibti 396
hrnm 598
qehd 417
jbpo -93
htfb -138
seom -207
aolj -178
pgrf -76
pgeg -103
ndsk -163
emto -231
hfeh 632
sbth -17
rsja 101
fpha 488
mpag 237
cpef 356
jseq -287
qade -108
gjnc -155
aarf -254
kebs 551
lros 480
qfct 558
ngfh 331
asdc -178
idqt 246
msfe 364
ikeg -176
saeo -279
pdpp 82
kcgo -92
shmn 177
qdhd 176
kpch 158
rgea 25
cdra 28
mdmi 214
leqk 166
qmbf 70
fjci 497
aans 692
npbn -155
robj 316
sobn 276
ifql 614
dimf 504
bnns 543
rltk 255
lffd 525
csrq 613
ifmd 524
fhrq 267
srfb 212
ootn 303
rlpr 345
elkm 205
bapl 109
mgtq 87
fkqs 280
rqqq 336
dssf 421
lhej 440
qckc 244
khds 323
lmsr 239
fpns 174
ocsd 281
horg 258
nnil 507
gkoa 214
jqqp 560
dlcl 335
jkbd 455
imob 11
pbas 538
mier 160
lmeb 205
fpmo 147
smer 198
serp 56
mmbi 193
srpp 199
icia -141
comk 112
tnlk 98
jtkq 3
jelq 192
snbh 166
pemc 202
ntpi -106
rkhj -201
dnob -105
kdfl -255
dcor -142
obpj 699
hfdn -238
rjnh 29
eahn 144
jnmh 177
gmps 176
fmoe 119
qemq 54
nlqc 72
lbsl 199
csgc 26
otqo 164
egnf 200
thgm 197
dogh 7
fdnr 132
ekeb 40
fecc 108
gjof 544
bcjj 164
aano 438
lkhj 349
rmfh 567
lmfq 330
bomk 209
llbb 576
qaes 581
lcft 349
rhar 364
dlms 473
aidi 210
rjfm 214
ohgn 402
anop 600
khfe 355
antk 683
fekm 371
dlsa 445
amlt 291
fidc 698
msqh 164
pdtc 148
hgsp 31
prro 205
mqfh 61
ospl 55
pboc 11
cjpq 185
jlcp 87
fomb 588
nnoo 253
jmfj 378
fngq 495
jdqn 336
gfbq 538
rtaa 303
rlbe 531
htna 239
qoak 640
kbfl 555
cfqk 698
ilkr 321
ermi 169
lgga 149
qmni 671
famr 664
hfba 686
mapr 587
asgf 169
smte 141
takj 142
kqfk 199
ipdn 438
rnqn 485
bkdi 204
nsdl 402
gmja 342
cijd 257
tosb 438
eeko 539
nrnr 642
petp 303
aoap 294
gdei 662
rctn 593
bsqh 323
olno 465
gmrt 607
bsai 46
mnrt 527
orjb 480
gmho 569
dbqa 223
gkdj 371
clsd 394
coks 397
dqaj 694
mbqi 410
jaqr 444
rfbc 661
mnlj 643
icgq 44
mofs 118
cjrt 109
jfbg 479
fkhc 359
oqar 661
iqfi 443
tmql 424
cccb 92
eigd 104
rdah 471
pjod 115
nndk 169
ksmk 372
diob 634
abro 430
hips 435
dhti 411
hdkd 518
okqr 336
dqdo 61
rbqt 93
tldn 109
rpmo 194
qfti 120
rfkm 189
lrpq 346
askc 560
oflt 289
qopq 681
ctqq 603
mjqb 355
dpre 528
eihd 348
qrjs 503
aora 346
jnrt 665
jhdd 549
blcm 694
sode 390
gscd 693
ehkl 505
hefd 42
qjpj 22
koit 304
molg 659
abrt 503
bjsp 662
mhrb 177
fnto 317
imet 227
krpp 321
hsmn 496
fdgm 470
kjgq 16
nlsp 364
ksjt 71
elqe 458
maan 171
eihp 24
ncsb 250
pkbb 689
acrq 430
gedm 607
jhjg 664
dorn 320
mtkf 401
hhhd 449
grtt 522
ccbq 502
nshr 418
sfhf 673
tqkn 41
jldl 49
oakj 635
pihp 488
hskg 481
coel 420
pjeh 558
htfe 533
meej 584
oftc 327
dpis 603
boeg 228
qrdr 157
egba 665
cspa 501
kqmq 204
arkb 454
tsdk 145
pkjm 403
gnsf 376
dqod 469
ksen 481
tskg 543
jfql 590
ogef 399
ohpl 624
dgep 424
nert 278
mjcb 91
pohi 396
gamr 394
mfqc 253
nled 167
ifdc 178
afro 406
lhqk 427
pscd 196
rrag 114
mdqk 221
cbnr 228
pjga 358
qeie 471
bgge 164
jcpo 446
gkni 112
qbej 78
btgl 468
mfia 285
hdpf 410
cinb 580
lrfq 235
hijr 662
nocc 28
ldqr 462
abmn 243
hmbc 46
njcj 3
gqdd 409
cfaa 605
eefi 509
tkbn 470
rtka 578
sdkm 466
btep 132
crlo 354
jmmm 425
qfgt 507
nhoc 661
jrma 610
qbmt 131
mtpi 606
brrj 539
pqkb 568
ddql 9
doco 39
lahj 401
qplm 32
ppjb 435
nsgs 605
bben 56
estt 62
mnrd 125
adbc 146
lrtl 167
ntqf 273
aabq 102
aaen 327
dpio 526
tklo 425
mmlh 299
bnpo 80
tdor 405
nsjm 312
gpmm 67
qakl 390
oppq 257
fgmf 379
loei 363
dcqa 673
shql 698
hpbj 68
qpri 640
gcng 609
jerl 616
stpa 342
ftcl 676
jpoh 65
mtgi 464
qrmq 146
oesq 11
jrfq 67
hjio 158
nbfo 179
lsol 554
redd 379
badb 397
rnfi 650
qlmr 266
ghcp 407
netd 628
sfcn 275
ofad 436
cogf 564
pbno 513
gqil 102
ebim 601
lkcl 323
dgdq 12
jmpi 69
nbjn 283
oltl 215
ttki 68
nfgc 615
sqmi 330
eoct 28
qbdf 448
rhsh 93
dncp 57
rrgs 208
hqlf 32
sibq 70
qnof 54
aqpf 227
ncbd 631
ttke 154
iocr 394
apjs 170
mpsm 255
kglp 238
fhie 493
nnmc 590
cqpa 549
rqnf 561
phso 196
qfhs 112
oehi 542
rfic 536
ocis 680
kcsr 472
qijj 654
gaqe 477
gedg 401
jkft 511
ealr 651
teeb 192
dnat 536
lskp 697
afed 595
rlso 444
dcnh 622
ctrl 325
cqgc 304
tpbb 22
tgfd 63
msip 650
fhpf 474
qlnh 589
ngdn 522
rtdo 422
eonj 308
gnke 271
bhsj 266
mfpg 259
aehe 375
thnq 365
smqh 575
dinb 249
aktq 374
hkse 497
nsca 559
dhpe 594
mobp 141
tabs 451
lfrs 430
icps 25
lpsf 136
otga 231
obat 554
tfii 612
ffdl 348
rljr 187
fkib 259
llaf 576
tdia 383
grel 223
hrnk 39
eles 131
menc 312
nfnk 37
ormp 552
qigm 1
fghr 183
dtlj 240
adqq 253
tmpt 263
cfgm 165
rpgo 559
fqjl 310
qjfi 207
hmrr 209
jekc 578
aasa 571
kifm 230
ghkd 619
fpss 326
kngk 535
pmfn 548
sgif 592
hrhk 196
qmon 332
lboa 156
pfqm 582
qfmk 590
kpcq 663
etti 443
rqjc 54
hgfp 423
jskl 308
nbce 396
mpjp 497
lqpk 670
oabt 424
orrk 582
feea 427
chlb 516
hghf 632
hgti 682
dmpg 127
cfkc 698
gosj 505
onls 278
mmjs 333
qmmc 318
fpqb 198
cjtn 239
seeh 256
lhps 86
hbqa 235
tefs 312
nisf 130
qdch 509
erit 110
fhcn 4
fjra 621
btof 493
ejqr 589
tomn 264
qrjb 534
gkko 381
imdj 671
lsps 455
ndkq 199
sfpl 587
mffh 389
acgk 355
gmdj 533
oikn 657
fkpg 467
beop 182
rtig 376
icqp 191
hika 111
lpko 450
qdct 215
phkf 381
bihd 131
nphh 194
dfbk 138
oclt 327
jpii 29
ksid 287
lsgc 502
kstp 9
foiq 392
qihj 426
ighs 40
hiqa 592
ftrh 590
qokf 523
ksin 161
meem 296
cslf 177
kenf 557
gkgj 207
kspa 163
sbej 598
siko 254
ieih 429
oflj 110
bici 143
sihn 395
knmp 383
bams 408
mtji 121
mmqp 78
pslp 367
amkb 627
lfkl 519
rmqc 525
fleb 505
nfia 341
jglp 82
cspf 517
jiea 586
kjtc 505
marb 167
hqek 221
mlfn 75
mcgq 193
trjf 233
oqsr 118
kddb 163
cgce 467
ptji 569
cfqs 163
dors 298
cfoe 136
dmfh 97
gteh 146
pkga 155
bqdt 167
ocgc 394
ddso 525
gbap 566
irdh 592
ldpe 666
ilhm 304
eodo 528
iksc 622
qbmd 215
ooiq 233
jsjq 693
dmkt 570
dpce 312
khah 433
fbpn 577
tdfl 110
skim 455
iaal 56
dnad 580
sjpj 319
rofb 240
gbtg 646
klsc 486
lpar 366
pecj 256
bncc 179
cree 370
qfah 453
efel 177
dqjr 445
aiho 612
gpgg 569
qqch 622
kmli 66
jgrr 547
nkod 488
nqho 101
dhjk 651
qneq 267
mbaj 320
redq 510
sone 75
adkd 115
jqoq 483
jnjo 303
bjoa 420
mspo 693
hrth 691
mlni 153
nbhn 407
bhim 559
grai 280
ifha 159
nmjq 134
cfsa 350
fnej 392
bipc 520
niti 442
ipba 691
roib 359
idph 63
ngod 68
sotn 151
nqha 178
obnt 82
pjsb 410
icqr 216
agcn 462
ajae 99
sofo 451
jtbj 445
ldda 327
ohoh 417
odmh 236
linn 612
joco 333
gebe 672
sqcf 533
nopr 248
kdeb 516
lnhc 329
blfm 167
pogo 681
caao 492
igag 524
prmk 202
trds 40
krbl 532
sqdn 697
biof 339
cffd 685
efte 698
skic 452
ahfo 13
gfpm 273
thnd 194
amhr 217
ontd 456
fbns 231
gmih 397
ilad 337
rslq 26
qdke 556
gjif 354
rmtc 193
pckb 216
celo 142
lbde 158
knqm 466
jtki 26
cebr 120
mdee 688
gsbe 552
tmto 682
glht 75
lhco 61
rice 308
rias 233
ffta 202
rdsn 327
ipkc 74
atas 343
ptge 5
dkht 517
ojkb 664
fljt 186
eabi 600
fghl 201
mcct 227
nlkj 317
fine 316
init 425
bbfp 369
ndaa 540
ntgf 474
glgo 241
qlff 13
frtp 104
gbei 513
cbfd 331
egtm 583
kono 489
tadf 27
msmq 377
hmdf 67
obmc 107
hghp 106
qgjl 205
tjie 433
srda 617
debi 119
lsnq 53
jqds 139
shfl 7
afhj 661
dfdj 397
mras 74
rkmr 25
biom 377
rmas 630
kbbc 118
lqmk 382
paed 368
bpse 321
cajq 649
fngb 65
glbs 564
ooja 79
pdsb 6
dcac 327
ijap 444
incf 484
qnmh 490
mhhd 226
kmdt 190
jqbk 272
arod 595
chsb 607
socq 266
dnsr 253
ttom 396
hgdn 696
gnfo 318
rprb 123
adce 673
qejr 479
sprc 445
ekeq 538
imal 464
tmbf 281
ojmq 256
mfes 223
edjs 463
nntb 217
ljpe 279
nind 110
brhh 677
ghdg 19
bsjq 689
irfl 64
qcqk 577
elem 504
qflt 231
qeql 541
qtrl 40
qtnc 26
ghqn 238
ghrh 39
rrjp 48
ksgr 262
ltlr 207
ngba 46
pcep 28
onnt 11
onbt 590
ktsp 268
ndpr 408
efdj 640
bmll 486
orba 357
fmme 22
lejo 214
rtnd 312
ohnt 673
icbr 268
cojq 398
egnj 493
cios 487
ffgd 456
emsm 376
ldni 655
ksbs 282
khgm 562
ptmk 401
fnnd 104
smqe 609
ojes 450
mhir 309
fcps 52
mapt 7
ffbt 118
asos 54
abgo 89
ftfq 237
icas 493
ohfa 224
besd 64
gqrk 108
kerm 698
jifh 406
tfgb 623
eiim 316
npbs 51
siqp 148
gsqe 249
hksb 105
kbjf 583
tspk 341
sfep 232
hnae 201
aflf 80
jjno 566
qbhn 170
khne 324
hirf 368
soos 12
fqkb 102
efib 476
gshd 655
eelq 173
gffe 171
rtje 568
jerh 308
kqlg 686
pbgn 58
rkoe 432
bbia 488
afjp 519
mrem 586
okol 662
jqha 460
miid 401
iopb 317
soqn 262
rbso 566
emam 159
drdc 676
nsdd 152
hhic 631
ngop 137
kfof 237
ohba 159
ctmj 679
qspc 645
icjt 487
bhkq 385
ofsf 462
cqln 696
qtjr 420
eqto 88
ophp 318
ppej 427
mani 496
pbop 347
rgsi 181
tmok 49
ftre 63
dqib 545
ttid 368
setg 612
tkoq 531
leml 121
pcbm 686
bljq 668
ftmr 410
ific 103
otkq 264
dcca 136
dlqc 568
bfot 305
jndi 247
mjms 432
pgde 82
dcnk 46
tajg 149
aqql 152
tfhh 19
rtnf 431
fmje 34
mokh 145
hbnc 327
hddl 322
jrdd 632
oftf 352
lraa 433
ciqr 355
pdmm 58
rkeg 387
thdl 683
dern 588
ebgq 113
bnbi 237
icoh 20
obod 493
gsgm 355
palf 490
jnqf 574
sdag 141
lanm 298
dnbd 250
rbka 296
ntlb 79
rthl 605
fadc 377
piae 16
llah 252
rnfp 550
jgsl 219
oglf 47
bcdb 315
coet 296
mfpc 86
fsjk 38
pjie 132
rhtm 271
jeop 244
ehol 590
ocah 290
dajt 305
magk 6
rjgd 398
bghi 678
eakb 285
edob 218
jjnt 428
opts 421
olrr 205
tdjl 584
nabb 570
ebft 271
pmmp 141
tdod 230
rmdt 285
ckir 383
fjcm 11
anar 118
plqg 10
dorh 194
ejqs 218
hikn 410
mqoi 86
tsig 611
cbgm 609
slda 217
hodo 77
isbi 71
prik 428
rodk 565
epqn 580
srfk 483
qiop 519
oons 114
giom 337
oshh 93
idod 442
prkb 380
alam 445
fbfb 440
prjm 26
cojr 157
rlrs 165
rptd 342
dkkm 128
agrg 52
paqb 466
rgpi 373
ddqg 497
sddk 113
ekqe 84
pcrt 364
ldmg 388
jkqj 67
rsfj 405
gkkm 79
frbm 532
trhp 671
epar 472
diro 39
tclp 151
qhel 343
rhrn 53
hrml 350
ftdi 139
kkij 146
caeq 479
qqon 238
mcql 76
eehe 447
jhhc 19
sblo 509
gkig 7
srrp 191
raea 42
pdip 470
bhlt 355
clni 542
cgjq 78
etes 332
pooh 544
dbkn 218
qkts 602
sccm 605
hfdk 394
bbbd 390
qngo 407
hcft 257
nbcc 468
tinc 589
nbhg 479
qors 137
dqks 486
qraf 150
saoa 346
klfr 129
mkmq 9
rgmp 458
boim 659
qqfm 608
mebi 643
thrb 309
scph 505
toho 75
gnst 489
opjf 325
tnpn 633
edpg 20
atlm 348
ohaq 111
tlhi 241
fkga 352
cmik 401
ppjg 629
phdp 352
kgda 337
shsa 669
oqms 124
ajib 453
hesr 17
ptmo 470
dqml 326
chjr 79
mohk 121
fmnq 619
aemk 358
gkck 326
aqaa 669
jgro 441
jokk 247
mobo 333
dsid 540
omtb 105
jmkm 306
fhsm 617
iiql 32
hagn 321
hmej 9
ohrl 62
dttb 421
jfpg 685
fprh 686
rcgq 554
fgkm 510
jjjt 479
lrei 388
ikrs 186
astc 93
jici 596
btsl 233
krnl 468
ocdp 402
sqrr 285
iqng 356
kqhr 401
anra 48
jjlj 550
rhtd 541
bhqj 591
papo 686
ikgh 553
qobp 670
bqgt 65
mfkl 492
othj 278
tess 20
maiq 349
idbo 142
rifd 69
hotl 539
glhk 536
oghp 549
emse 469
jcgn 628
amfg 557
fdcj 675
jmoq 646
rqro 380
rnqi 313
sldb 389
fgba 604
kfbi 248
rgbe 276
enpa 177
rfes 5
nsrd 470
sjlk 9
fhkg 596
oteb 575
nsje 403
kifl 636
iehh 505
rppk 611
ekga 679
igph 482
opfp 372
ilfj 353
gdji 608
arct 662
ldqm 198
fkkc 118
rgrf 258
ckfn 11
qtpf 154
sbos 31
bemr 274
fobe 282
hdno 170
rlqp 143
eabn 232
klke 562
lmej 259
alht 525
fmrb 454
lckt 133
ogke 367
ddha 172
hcah 277
defj 607
ahrd 201
gkmp 537
hgrp 230
rkjj 93
ageq 561
cnle 131
qsgl 144
scot 103
dmjb 121
iasf 179
moro 87
abol 554
ohmd 564
tsng 632
bpbg 606
khrt 581
reqq 647
dfct 118
shen 597
hals 424
ldaj 508
arij 182
mhme 184
fgbh 224
nsip 239
pdrp 625
oerh 165
iaot 661
hgkh 540
dtcl 243
dkdr 491
tibg 608
nfpm 517
qljd 305
riim 475
acig 291
kknf 82
ndpq 73
gltj 233
rfph 152
mnno 192
tgkb 683
gajk 690
cbmr 273
ifpk 617
tpei 139
gikp 506
cdgi 672
hghr 139
tgan 471
oftl 279
olql 417
dthk 649
kmtc 298
qpil 674
qnmo 617
sfqd 375
gmfe 593
blcl 37
hldn 431
ekni 234
fadt 323
mqor 135
gomf 103
aicl 101
gjlb 535
amps 129
gpnj 595
hskd 469
fqhs 95
odli 556
rpkl 480
spma 202
schq 269
gsdc 358
shtb 661
fehs 120
nsgh 198
nnkm 440
chso 495
qgjt 637
nmet 350
krph 584
cgij 235
obgd 2
cpee 499
cgrq 650
gjqp 134
mitg 213
kbmc 246
qkqe 211
tndl 234
fiet 233
ctej 572
tmjl 15
jseo 52
ihnt 333
jdpk 686
hdrd 657
nkbj 470
rdqi 302
qmfq 415
hbnr 263
drpi 156
nkpl 158
qeqa 183
ebng 218
qock 434
gibf 324
golb 122
aqlc 40
domj 75
hllr 33
kkoo 101
spge 62
qlmg 133
ilmc 419
spls 167
inom 499
npdj 70
srjb 405
likq 660
fodq 494
mbqt 531
oelr 253
jbcs 95
sqdo 409
ssna 59
ircg 584
jmha 584
qlmo 223
mmat 677
ioqd 90
rdqj 27
jbsg 429
pkkg 642
foqp 594
qirb 460
impd 426
oqek 537
ilck 556
tsht 370
mggq 225
tpdb 623
nekc 608
pqip 345
kqai 77
chjn 151
knkc 79
pjnm 89
baqs 499
qmrp 283
bkid 410
mkcl 601
cgnf 545
sohp 188
tfbk 94
opqa 71
njob 285
jeoa 439
bjje 505
emag 256
asmk 636
qicf 379
ldsr 467
qijo 366
hlap 532
jgja 269
plds 204
ijon 216
rcpj 185
kfqn 66
poet 373
iimp 662
jepg 629
skpo 222
fthr 247
tnqh 204
qgjg 571
dksa 286
gsqs 137
lgas 624
ileo 493
smhq 415
flrk 409
phbt 598
iccc 618
ksii 396
osan 114
mteh 588
bjmt 505
qtfs 15
fnjt 359
nghg 540
eita 562
inif 279
hosa 6
hdes 374
jtdg 24
lllh 102
pbsb 652
bfrf 248
mkgk 255
tqaj 54
siho 657
diot 687
qifa 535
rons 31
tpdl 578
rlap 481
tkjh 534
ckkb 338
siid 245
jmth 124
ocbi 530
dgmg 334
skfi 219
mbpi 562
fknh 363
ohbf 404
nmko 571
taof 283
rsbm 662
lskd 545
affl 640
thpr 190
dsmn 96
cnqe 574
qqjh 275
hqso 679
bhch 676
brnp 670
isko 601
mtol 439
kpsm 89
ckbq 327
rpka 670
klqo 628
hnlg 494
modk 591
fqaj 480
kfpo 431
qgaq 615
ikga 86
qcbq 513
tadg 29
djrm 121
piie 459
ppod 248
kaor 7
hcel 93
jekf 169
oiga 326
dkst 448
bpds 78
knef 352
oota 9
heer 598
pjnq 530
nnhp 564
hlej 342
bpta 27
fsie 187
sklh 676
fmdq 697
ogia 396
ajtf 313
pqti 140
ptag 677
sbjp 203
dpdr 390
rdmp 480
hlnq 157
edaq 326
gnmm 526
ddhf 4
detq 696
pbdm 387
mfjq 276
jqst 115
eljd 79
snsa 174
jrcb 528
hmra 212
sbjq 343
alot 518
tjib 589
jdft 316
cfbf 217
efmj 629
lhbc 67
ihgm 404
bnib 614
sqia 377
pjrm 435
fseo 681
miem 243
ghmq 128
takk 660
qpot 561
qtke 506
dblc 104
npig 465
hcra 639
fqrb 279
sopc 108
tmbo 695
fmen 217
snfd 458
gcpr 240
ecro 200
dprn 294
epoq 552
esab 431
pmfj 171
tilm 88
eqqi 324
frgq 176
mjme 66
fjqr 253
gqkq 216
drjp 218
klns 429
ianp 433
dfab 476
sbrc 8
qnsq 258
jrco 345
opfg 142
gske 559
momo 284
mpdk 217
sjmb 625
poho 298
dfbl 203
pikl 549
jbdd 491
ijfo 149
qftj 105
afbk 156
irqk 399
hrag 592
bbob 477
isrt 564
sncp 697
kbqn 452
mkgd 583
hknp 467
hlpr 378
ihpq 333
frfo 378
fmmt 336
lclf 255
qfcb 549
drlp 661
qqah 512
holl 43
eoso 532
sabl 638
mhkm 141
dlho 415
jotl 564
rmbp 505
iici 566
bdha 490
iidf 333
gajm 348
abqj 82
pchl 277
ckfe 71
iamg 342
tabf 38
jmqt 128
nikl 484
rjtd 10
lnme 530
dgaj 11
ssmo 69
grim 134
caor 509
hgso 376
iiis 123
tpbl 319
insk 211
tisq 164
jesl 546
bmrp 286
jofk 117
ikrj 195
tghq 112
kgaq 588
oagb 630
dgrp 617
mkcm 489
sllq 76
elit 260
gqtd 428
ndco 332
jfta 168
klhq 305
dqnc 429
ttcf 356
lnga 395
ntcg -274
mnbb 516
ihco 103
dtne -288
hrna -79
grsg -31
ncqi 451
ldrb 455
iedq 607
rgfk 666
fmsm -242
cqnb -170
mhqj 698
trkg 318
eocm 653
kdff -85
fplk 397
lafk 396
fbcq 498
jfjg 292
dgfi 249
bfte 533
picb 650
pint 625
hnsm 390
cksa 394
skkb 11
mnmm 302
ehak 328
pkjg 129
ifas 97
mard 38
ahct 222
jngm -123
kgsd 206
dlpc -237
gogn -270
lsti 636
kjrq 600
almq -180
cemr 341
snbt 4
foka 628
mljs 486
bafp -8
nidm -43
otfa 159
ogok 165
stsh 361
qkke 603
mqsl -54
aijs 610
msml -158
hken -3
ipjr 489
qjbd 584
mmgs 92
ofrb -120
irim -45
sjig -104
eaak 629
jbfn -76
jjae -266
gaqb 352
grjm -282
rhgk -177
etpg -252
jbkn -229
ssij -36
coat 278
scts -194
eetc -167
rejp -82
rgsb -280
oqpj 606
bglt 694
inia -82
lpmt -262
bjaq 477
srdl -25
gngl 678
npth 576
ptrk -177
sgtc 401
pnra 275
naha 103
prql 311
okls 58
smic 17
qasr 103
qgjp 322
phft 429
cbda 11
lphq 152
fntf 305
epjn 42
mdoc 66
ceth 325
hejr 344
ljgr 358
iedo 198
amci 328
akdf 153
ldeg 195
ceam 382
qgmr 631
dmon 602
abpd 376
cdef 392
ecne 347
pbam 537
otcl -290
ipel 311
ojph 581
halb 446
fgbk 336
bocc 566
slcf 442
dtin 524
lobd -208
cedm 367
nafi 316
rkon 420
ijsp 163
mejt 141
rkoc 60
mgej 176
noah 159
lqtk 73
jllo 34
ntdp 647
tfrl 606
lmbg 264
pthj -295
VOID------
grjm -282
rhgk -177
etpg -252
jbkn -229
ssij -36
coat 278
scts -194
eetc -167
rejp -82
rgsb -280
VOID------
ofrb -120
irim -45
sjig -104
mgtq 87
jbfn -76
jjae -266
bapl 109
grjm -282
rhgk -177
etpg -252
jbkn -229
ssij -36
elkm 205
scts -194
eetc -167
rejp -82
rgsb -280
VOID------
bgtg -287
dcor -142
kdfl -255
dlsa 445
dnob -105
rkhj -201
amlt 291
ntpi -106
icia -141
npbn -155
kcgo -92
saeo -279
fidc 698
ikeg -176
asdc -178
aarf -254
gjnc -155
msqh 164
pdtc 148
qade -108
jseq -287
VOID------
bgtg -287
dcor -142
kdfl -255
dlsa 445
dnob -105
rkhj -201
amlt 291
ntpi -106
icia -141
npbn -155
kcgo -92
saeo -279
fidc 698
ikeg -176
asdc -178
aarf -254
gjnc -155
msqh 164
pdtc 148
qade -108
jseq -287
VOID------
dcor -142
bgtg -287
pgqj -136
glir -101
hfdn -238
ntcg -274
VOID------
dcor -142
bgtg -287
pgqj -136
glir -101
hfdn -238
ntcg -274
VOID------
dcor -142
bgtg -287
pgqj -136
glir -101
hfdn -238
ntcg -274
VOID------
bgtg -287
mqfh 61
dcor -142
kdfl -255
prro 205
hgsp 31
pdtc 148
dnob -105
rkhj -201
ntpi -106
msqh 164
icia -141
npbn -155
fidc 698
kcgo -92
saeo -279
ikeg -176
asdc -178
aarf -254
amlt 291
gjnc -155
qade -108
jseq -287
sbth -17
VOID------
jbfn -76
jjae -266
ngfh 331
grjm -282
rhgk -177
etpg -252
jbkn -229
ssij -36
idqt 246
scts -194
eetc -167
rejp -82
rgsb -280
VOID------
jbfn -76
jjae -266
ngfh 331
grjm -282
rhgk -177
etpg -252
jbkn -229
ssij -36
idqt 246
scts -194
eetc -167
rejp -82
rgsb -280
VOID------
bklk -87
qasm 11
imgg -162
mctf 28
radt -123
cobc -286
dnig -283
jrin -171
egsi -201
hmln -252
VOID------
radt -123
cobc -286
dnig -283
jrin -171
egsi -201
hmln -252
enng -163
VOID------
radt -123
cobc -286
dnig -283
jrin -171
egsi -201
hmln -252
enng -163
DOMAIN------
linf -65
srrk -203
enng -163
hmln -252
egsi -201
jrin -171
dnig -283
cobc -286
radt -123
imgg -162
bklk -87
lghp -194
oabc -13
semi -222
oajf -107
lsgt -49
krrd -156
banc -121
ltnb -299
khbj -253
gfaf -57
naks -131
adoc -27
mpni -8
rnbs -139
ffng -266
fctt -91
orhi -124
glir -101
pgqj -136
bgtg -287
dcor -142
kdfl -255
dnob -105
hfdn -238
rkhj -201
ntpi -106
nidm -43
mqsl -54
msml -158
hken -3
dtne -288
grsg -31
hrna -79
fmsm -242
jbfn -76
jjae -266
grjm -282
rhgk -177
etpg -252
jbkn -229
ssij -36
scts -194
eetc -167
rejp -82
rgsb -280
inia -82
lpmt -262
srdl -25
ofrb -120
bafp -8
sjig -104
aolj -178
pgrf -76
pgeg -103
jbpo -93
pthj -295
lobd -208
otcl -290
ptrk -177
irim -45
almq -180
gogn -270
dlpc -237
jngm -123
sbth -17
emto -231
ndsk -163
seom -207
htfb -138
kdff -85
cqnb -170
ntcg -274
aarf -254
gjnc -155
asdc -178
icia -141
jseq -287
qade -108
ikeg -176
saeo -279
kcgo -92
npbn -155
VOID------
kfoi 57
ncjb 29
lodt 2
jfjq 8
VOID------
ekjb -228
onjt -256
toai 62
picd 203
VOID------
gisc -140
hodq -243
cqhe -256
pknc -144
LIGHT------
VOID------
oifj -6
gisc -140
hodq -243
mctf 28
cqhe -256
pknc -144
VOID------
cafp -259
jkaq -212
onjt -256
ffbc 99
ekjb -228
ltmm -145
VOID------
johq -200
gmps 176
mmrc -241
lttj -213
fmoe 119
frfr -251
qemq 54
oenm -65
gbro -132
laph -39
VOID------
johq -200
gmps 176
mmrc -241
lttj -213
fmoe 119
frfr -251
qemq 54
oenm -65
gbro -132
laph -39
VOID------
tqfj -237
bdtt 185
hodq -243
cqhe -256
nsqf 24
pknc -144
onjh 210
mqek -73
laph -39
gbro -132
VOID------
ekjb -228
meeg 118
ltmm -145
johq -200
irho 169
mmrc -241
tskc 174
lttj -213
frfr -251
oenm -65
TIME: 0.138