VOID------
odrn -161
dfnd -288
jbbc 524
fesf 437
VOID------
odrn -161
dfnd -288
jbbc 524
fesf 437
VOID------
odrn -161
dfnd -288
jbbc 524
fesf 437
elgc 79
csjq -217
VOID------
csjq -217
pijs 209
elff 255
qgqd -254
VOID------
qgqd -254
bdsp 106
fdcl -177
orls 186
DOMAIN------
idcl -109
lrhh -273
fdcl -177
qgqd -254
csjq -217
odrn -161
dfnd -288
DOMAIN------
VOID------
pedl -235
qfki 61
ocdc -171
sgkt -113
VOID------
pedl -235
qfki 61
ocdc -171
sgkt -113
VOID------
pedl -235
qfki 61
ocdc -171
sgkt -113
VOID------
pedl -235
qfki 61
ocdc -171
sgkt -113
DOMAIN------
ehkh -86
glkc -96
iigk -30
psij -172
crqc -108
qibd -235
iqdr -235
qoli -184
snfd -63
gjht -293
jord -86
sjae -294
ffoj -255
bfjl -167
cinc -11
emjb -171
ibeh -119
mcgo -7
pedl -235
ocdc -171
sgkt -113
VOID------
acmn 14
olqa 71
jnnq 114
stnf -105
VOID------
acmn 14
olqa 71
jnnq 114
stnf -105
VOID------
rjah -218
qacr -77
tmlh 404
qfki 61
VOID------
pqbo -262
lebt -174
tdfp -31
kteh -246
ihbs -240
hksr -288
VOID------
pqbo -262
lebt -174
tdfp -31
kteh -246
ihbs -240
hksr -288
VOID------
pqbo -262
lebt -174
tdfp -31
kteh -246
ihbs -240
hksr -288
VOID------
pqbo -262
lebt -174
tdfp -31
kteh -246
ihbs -240
hksr -288
VOID------
ihbs -240
kteh -246
tdfp -31
lebt -174
pqbo -262
lafj -161
VOID------
ihbs -240
kteh -246
tdfp -31
lebt -174
pqbo -262
lafj -161
VOID------
ihbs -240
kteh -246
tdfp -31
lebt -174
pqbo -262
lafj -161
VOID------
lafj -161
pqbo -262
lebt -174
tdfp -31
kteh -246
gmar 414
ihbs -240
hksr -288
VOID------
lafj -161
pqbo -262
lebt -174
tdfp -31
kteh -246
gmar 414
ihbs -240
hksr -288
VOID------
lafj -161
pqbo -262
lebt -174
tdfp -31
kteh -246
gmar 414
ihbs -240
hksr -288
VOID------
stnf -105
pmaa -38
lafj -161
pqbo -262
lebt -174
VOID------
stnf -105
pmaa -38
lafj -161
pqbo -262
lebt -174
VOID------
npnj -282
mrnm -105
ejsq -192
blme -182
jeer -299
qkqt -173
VOID------
npnj -282
mrnm -105
ejsq -192
blme -182
jeer -299
qkqt -173
VOID------
npnj -282
mrnm -105
ejsq -192
blme -182
jeer -299
qkqt -173
VOID------
npnj -282
mrnm -105
ejsq -192
blme -182
jeer -299
qkqt -173
VOID------
npnj -282
mrnm -105
ejsq -192
blme -182
jeer -299
qkqt -173
VOID------
npnj -282
mrnm -105
ejsq -192
blme -182
jeer -299
qkqt -173
VOID------
npnj -282
mrnm -105
ejsq -192
blme -182
jeer -299
qkqt -173
VOID------
npnj -282
mrnm -105
ejsq -192
blme -182
jeer -299
qkqt -173
VOID------
qqqc -136
iaat -158
qkqt -173
jeer -299
blme -182
ejsq -192
VOID------
sdtk -162
ablt -244
nfdk -122
rjab -266
qekb -182
pbsf -248
ttcj 265
iegi 56
creb 143
eqon -20
oejh 56
dcla 98
dgic 402
kein -46
imha -44
iqbg -94
epsh 110
kcmt 171
bcfq -112
ftho 149
omrd 62
kcer -179
pagm -54
keka -243
fnda -137
gkbn -209
eecl 172
fith -67
babf -38
ckis 48
jpre 418
csra -79
hbjb -13
gmet -99
afsj 103
kgtf -49
kigq -194
iijd -253
dakl 209
dprq -209
tfee -236
ngmi -279
VOID------
btdq -35
plqt -101
brlb -238
itpt -249
tqtb -65
pcgm -177
tdfc 102
bbth -131
knjd -263
VOID------
btdq -35
plqt -101
brlb -238
itpt -249
tqtb -65
pcgm -177
tdfc 102
bbth -131
knjd -263
DOMAIN------
tnmd -222
eate -67
sbtp -17
ldjr -131
eodf -297
gfme -115
ikcs -94
qlnn -263
iqbg -94
imha -44
kein -46
eqon -20
pbsf -248
qekb -182
rjab -266
nfdk -122
ablt -244
bcfq -112
sdtk -162
loco -294
sjqh -92
qbns -264
bmge -39
osmq -194
lifi -19
njjo -94
dcij -70
jknf -241
kcer -179
fgqo -212
torg -242
tibq -159
msrp -82
pagm -54
keka -243
fnda -137
gkbn -209
qqqc -136
fith -67
babf -38
csra -79
hbjb -13
gmet -99
kgtf -49
kigq -194
iijd -253
dprq -209
iaat -158
tfee -236
qkqt -173
ngmi -279
pcgn -87
jeer -299
drbp -239
blme -182
ejsq -192
mrnm -105
npnj -282
jlen -24
hkcl -53
aclo -86
kcrc -180
npao -173
blsg -106
qboq -194
hbrn -51
ftfb -174
dgfg -6
efjr -284
kdnd -293
pbqe -252
oihg -155
riil -67
olqb -254
dplq -41
qfjr -12
ekoh -163
aksa -89
ntak -79
kdfe -31
knjd -263
bbth -131
dimo -4
pcgm -177
tqtb -65
bmjo -49
itpt -249
brlb -238
plqt -101
btdq -35
qnkg -80
mgft -192
hksr -288
ihbs -240
kteh -246
tdfp -31
lebt -174
pqbo -262
lafj -161
tmip -131
pmaa -38
mpen -44
stnf -105
rcce -201
qacr -77
rjah -218
efsc -108
VOID------
iegi 56
creb 143
oejh 56
dcla 98
VOID------
iegi 56
creb 143
oejh 56
dcla 98
VOID------
ttma -158
ftmf 132
ggjp -144
qagq -189
VOID------
ttma -158
ftmf 132
ggjp -144
qagq -189
VOID------
qagq -189
pimr -187
tder -205
ojhd -182
nglt -282
ibqo -252
VOID------
ggjp -144
qagq -189
pimr -187
tder -205
ojhd -182
nglt -282
VOID------
ggjp -144
qagq -189
pimr -187
tder -205
ojhd -182
nglt -282
VOID------
ggjp -144
qagq -189
pimr -187
tder -205
ojhd -182
nglt -282
VOID------
ggjp -144
qagq -189
pimr -187
tder -205
ojhd -182
nglt -282
VOID------
ggjp -144
qagq -189
pimr -187
tder -205
ojhd -182
nglt -282
VOID------
ggjp -144
qagq -189
pimr -187
tder -205
ojhd -182
nglt -282
VOID------
ggjp -144
qagq -189
pimr -187
tder -205
ojhd -182
nglt -282
VOID------
ggjp -144
qagq -189
pimr -187
tder -205
ojhd -182
nglt -282
VOID------
ellp -152
oljn -28
carl -272
rbig -246
koli -31
aels -162
VOID------
ellp -152
oljn -28
carl -272
rbig -246
koli -31
aels -162
DOMAIN------
kjcf -112
tsjj -211
sbtc -250
tjba -219
qkfj -207
aiib -281
fjcl -230
otfs -225
ktce -17
ipgr -53
amro -118
kocc -266
iabi -191
hbpe -103
jgcc -227
aeom -152
rfln -102
gdlk -230
cniq -259
enqr -252
rsqf -30
fdja -142
ldol -221
ellp -152
oljn -28
carl -272
frfc -242
soqh -2
rbig -246
koli -31
aels -162
ltbn -283
oebm -140
kijm -16
elqn -233
jkoe -22
limj -115
ibqo -252
nglt -282
ojhd -182
tder -205
pimr -187
kgeb -197
mnno -220
ttma -158
ggjp -144
qagq -189
VOID------
hthj -73
relq -110
badk -273
innm -221
okns -259
emrj -279
VOID------
hthj -73
relq -110
badk -273
innm -221
okns -259
emrj -279
LIGHT------
VOID------
hthj -73
relq -110
badk -273
innm -221
okns -259
emrj -279
VOID------
hthj -73
relq -110
badk -273
innm -221
okns -259
emrj -279
VOID------
hthj -73
relq -110
badk -273
innm -221
okns -259
emrj -279
VOID------
hthj -73
relq -110
badk -273
innm -221
okns -259
emrj -279
VOID------
hthj -73
relq -110
badk -273
innm -221
okns -259
emrj -279
VOID------
hthj -73
relq -110
badk -273
innm -221
okns -259
emrj -279
pjji 7
abpl -29
drmg 77
dcnh -109
msts -55
VOID------
hthj -73
relq -110
badk -273
innm -221
okns -259
emrj -279
pjji 7
abpl -29
drmg 77
dcnh -109
msts -55
VOID------
hthj -73
relq -110
badk -273
innm -221
okns -259
emrj -279
pjji 7
abpl -29
drmg 77
dcnh -109
msts -55
VOID------
hthj -73
relq -110
badk -273
innm -221
okns -259
emrj -279
pjji 7
abpl -29
drmg 77
dcnh -109
msts -55
VOID------
hthj -73
relq -110
badk -273
innm -221
okns -259
emrj -279
pjji 7
abpl -29
drmg 77
dcnh -109
msts -55
VOID------
hthj -73
relq -110
badk -273
innm -221
okns -259
emrj -279
pjji 7
abpl -29
drmg 77
dcnh -109
msts -55
VOID------
kclj -205
hkgp -274
ecqd -267
msts -55
jbpc 543
dcnh -109
abpl -29
emrj -279
rkhl 153
okns -259
innm -221
badk -273
VOID------
kclj -205
hkgp -274
ecqd -267
msts -55
jbpc 543
dcnh -109
abpl -29
emrj -279
rkhl 153
okns -259
innm -221
badk -273
VOID------
kclj -205
hkgp -274
ecqd -267
msts -55
jbpc 543
dcnh -109
abpl -29
emrj -279
rkhl 153
okns -259
innm -221
badk -273
VOID------
kclj -205
hkgp -274
ecqd -267
msts -55
jbpc 543
dcnh -109
abpl -29
emrj -279
rkhl 153
okns -259
innm -221
badk -273
VOID------
kclj -205
hkgp -274
ecqd -267
msts -55
jbpc 543
dcnh -109
abpl -29
emrj -279
rkhl 153
okns -259
innm -221
badk -273
DOMAIN------
ncia -160
rjqd -221
hnoq -12
grml -234
jaer -281
bmlj -43
nsee -174
inqd -95
qksr -63
tteb -48
drfq -95
qaot -105
rjfd -40
mdnh -29
ecca -291
qgka -222
mdqn -119
djjc -83
dhho -201
jqbg -129
iiin -48
kmcg -13
hgej -260
gbtq -222
pchl -253
redq -64
iqse -219
obak -17
gjri -28
fprd -79
aico -261
ekan -214
hbsn -282
oeii -49
lcgg -145
onpl -208
dspf -21
kclj -205
hkgp -274
ecqd -267
hthj -73
msts -55
dcnh -109
abpl -29
emrj -279
okns -259
relq -110
innm -221
badk -273
VOID------
irjq 28
bpqa -73
gbmj 135
qmtr -13
VOID------
irjq 28
bpqa -73
gbmj 135
qmtr -13
VOID------
edct -249
kmko 138
krej -58
fmbg 329
VOID------
edct -249
kmko 138
krej -58
fmbg 329
VOID------
omht -97
hjid 19
sdhe -18
oglp 198
VOID------
omht -97
hjid 19
sdhe -18
oglp 198
VOID------
jaar -114
kmko 138
thnp -257
fmbg 329
VOID------
jaar -114
kmko 138
thnp -257
fmbg 329
VOID------
hjid 19
jaar -114
oglp 198
thnp -257
VOID------
krej -58
irdq 338
edct -249
thnp -257
jaar -114
VOID------
nmil -92
qbgb 87
hjid 19
jaar -114
VOID------
rfja -260
krks 153
ghnp 74
csjb -215
VOID------
aree -189
bgnc -260
aioi 1
soig -179
VOID------
aree -189
bgnc -260
aioi 1
rgnq -255
VOID------
aree -189
bgnc -260
ioeq 584
rgnq -255
VOID------
aree -189
bgnc -260
asmk 251
rgnq -255
VOID------
aree -189
bgnc -260
asmk 251
rgnq -255
VOID------
aree -189
bgnc -260
asmk 251
rgnq -255
VOID------
cjng -294
ktkd -147
ogei -99
ttda 15
scsa 35
bcop 76
fbgf -234
VOID------
cjng -294
ktkd -147
ogei -99
ttda 15
scsa 35
bcop 76
fbgf -234
VOID------
cjng -294
ktkd -147
ogei -99
ttda 15
scsa 35
bcop 76
fbgf -234
VOID------
jifl -164
clrp -61
mdij 152
hfgn -222
ltic -93
iiaa 76
cjng -294
ktkd -147
ogei -99
VOID------
hfgn -222
ltic -93
fbib 204
cjng -294
ktkd -147
ogei -99
VOID------
fbgf -234
qbgb 87
ogei -99
ktkd -147
cjng -294
VOID------
gqmb -293
aree -189
fsdp 47
bgnc -260
rgnq -255
VOID------
bbfa -260
hjid 19
ascg -255
rnfg -1
lfao -279
VOID------
bbfa -260
hjid 19
ascg -255
rnfg -1
lfao -279
DOMAIN------
bfbo -242
genm -259
rjsi -111
bmpr -191
njlt -11
prit -293
bgtp -49
onpk -30
mstk -59
tsnj -12
cmma -151
todk -119
fgsn -176
brtg -119
tdml -148
ggtn -113
ooqm -203
skrp -166
hifp -119
rejd -163
fhqo -91
knso -147
rqfg -87
hmno -67
jgnr -29
bbfa -260
ascg -255
rnfg -1
lfao -279
oodi -39
tdtt -39
fbgf -234
ogei -99
ktkd -147
cjng -294
isps -137
ltic -93
hfgn -222
clrp -61
jifl -164
bdbn -82
rgnq -255
bgnc -260
soig -179
aree -189
gqmb -293
phjk -22
glit -52
gjpg -139
csjb -215
rfja -260
jrrr -109
nmil -92
aaqc -180
thnp -257
jaar -114
omht -97
edct -249
krej -58
qmtr -13
bpqa -73
sdhe -18
VOID------
hepg 18
pmnd 76
pgio 139
irjq 28
VOID------
nfpq -279
qetn -300
qcnb -290
ctda 72
lmnm -209
pcea -65
bmtm -158
ofjd -81
bpba -230
VOID------
nfpq -279
qetn -300
qcnb -290
ctda 72
lmnm -209
pcea -65
bmtm -158
ofjd -81
bpba -230
VOID------
tmrd -14
crnj -39
sjlk -99
rnol 115
bpba -230
ofjd -81
bmtm -158
pcea -65
lmnm -209
VOID------
tmrd -14
crnj -39
sjlk -99
rnol 115
bpba -230
ofjd -81
bmtm -158
pcea -65
lmnm -209
VOID------
tmrd -14
crnj -39
sjlk -99
rnol 115
bpba -230
ofjd -81
bmtm -158
pcea -65
lmnm -209
VOID------
tmrd -14
crnj -39
sjlk -99
rnol 115
bpba -230
ofjd -81
bmtm -158
pcea -65
lmnm -209
VOID------
tmrd -14
crnj -39
sjlk -99
rnol 115
bpba -230
ofjd -81
bmtm -158
pcea -65
lmnm -209
DOMAIN------
ldnt -286
iegm -272
dfrn -86
qocr -52
ocni -238
adbi -86
tmrd -14
crnj -39
sjlk -99
bpba -230
ofjd -81
bmtm -158
pcea -65
lmnm -209
qcnb -290
smjg -186
qetn -300
nfpq -279
VOID------
hepg 18
pmnd 76
pgio 139
irjq 28
VOID------
lhpq -203
ante -253
ljol -33
oboe -98
VOID------
lhpq -203
ante -253
ljol -33
oboe -98
ajec 276
otkl -126
tsbh -209
mecd -206
VOID------
lhpq -203
ante -253
ljol -33
oboe -98
ajec 276
otkl -126
tsbh -209
mecd -206
VOID------
lhpq -203
ante -253
ljol -33
oboe -98
lsfr 127
otkl -126
tsbh -209
mecd -206
VOID------
lhpq -203
ante -253
ljol -33
oboe -98
lsfr 127
otkl -126
tsbh -209
mecd -206
VOID------
lhpq -203
ante -253
ljol -33
oboe -98
lsfr 127
otkl -126
tsbh -209
mecd -206
LIGHT------
njif 584
dllp 144
efar 177
mpbh 526
pfmq 474
aqdg 35
sgia 182
dcoq 303
ckqd 158
iffq 173
cfqb 369
lfiq 646
pmts 413
okeh 674
abhn 8
nrrf 619
mfmh 297
iceb 68
eico 390
ahop 395
nlji 637
jhag 309
lleb 350
ljlt 684
icor 640
tmhm 568
rnol 115
pnjn 558
epta 243
lrqb 434
encr 647
afhm 270
caam 98
lbsf 276
ckec 323
pgkb 584
emia 323
rngs 110
ckna 272
btfq 624
rikp 459
etrf 437
ljja 625
dkdk 144
ilrr 101
ddtj 341
pbpi 279
epoo 177
ilso 587
jehi 686
pcmc 589
jpeq 465
gtfg 678
ojol 652
giqa 319
iqoa 51
tefm 655
ifpr 539
idnq 675
bsah 526
noil 603
smkd 130
hkic 610
oghp 627
pkka 552
cero 662
lasj 209
nmrh 334
jtgm 380
ijhj 321
rhns 376
tgsn 640
jmss 498
pnno 501
ijpb 343
lnlg 385
sabo 57
mmcb 611
hkbg 11
erfq 571
ipfa 126
egqm 207
alcd 336
lksk 48
hmmi 588
kihc 46
fbej 269
plnq 59
asba 193
jitb 461
gbhp 412
csnc 384
jplb 391
qppo 692
fbkg 274
mcfj 40
kanl 70
ppth 298
kbiq 402
qski 667
fpgj 261
fqdt 331
bgfq 312
ided 452
mtfo 247
pshg 123
shaj 526
tppm 233
bcop 76
scsa 35
ttda 15
mnrj 421
mdge 398
ldom 648
fbib 204
nibm 472
mhil 668
plal 581
fsdp 47
aqim 277
asmk 251
aioi 1
knno 582
dnoq 250
dsgr 378
dgoa 300
aoil 428
cnmf 369
gaep 400
tcec 237
ghnp 74
krks 153
cdmh 699
ahsk 638
rfso 351
gdth 483
sorm 232
smob 266
oofh 512
oglp 198
mhsj 503
drlk 87
kgis 441
qtac 285
glaq 600
jbpc 543
jnrs 636
qoqi 552
kjbd 156
ggkl 631
rsgl 14
gpmp 80
ncri 97
hmpj 204
merm 26
rgjn 658
lobk 262
bhmi 203
jbna 400
hbme 559
bbjs 521
pkcd 592
cdof 8
nahl 116
iqmb 478
gpkh 421
oikk 249
sfna 356
gkaj 538
tbtb 658
nsns 686
marb 673
bfab 457
oltc 292
clbr 254
ijfn 183
mfsr 249
qlib 223
qkes 179
mjmm 61
ltpq 370
eggb 214
ejqp 215
tqsg 245
mmcl 219
spaq 24
sjlf 53
ngjb 477
opoe 12
qosf 303
jtmo 514
gaco 65
ohnt 198
aeij 157
qbrf 131
tdsp 198
krfb 464
rncm 27
flpj 210
bdnm 421
phdr 70
nnfo 163
nftf 336
qoka 296
flee 357
eklr 33
ijng 194
mkok 436
krlb 106
eksr 131
gjbh 265
oiil 87
eakh 421
jcrd 574
hnhi 561
tkes 669
enpc 205
jhpt 362
jddq 187
sjsd 640
bfbd 640
hdpl 21
iqbr 305
cqtn 545
jflr 562
msop 435
aacl 45
onkf 303
hmin 370
odcp 460
garm 571
clji 591
ofed 263
lamn 40
srcn 22
nhai 404
kgbm 474
reja 2
qakr 90
kqji 518
dshh 313
gjto 461
ttlo 642
qdnn 237
nori 202
glkj 287
darb 699
rmrj 409
lgfl 375
sqnd 407
itec 350
atfa 375
hrlr 145
jkhs 370
lanm 585
ctgq 383
mkgn 600
qrjb 261
hnib 396
eosn 447
dsln 330
klir 484
atpr 572
lafe 374
smfn 477
bfbm 540
rfpo 416
rafn 566
gghn 576
kaip 360
enfd 592
mrnj 606
pmld 260
qmkm 489
nfbd 107
jrcf 77
csqh 283
hrsm 289
cbmd 442
dpiq 216
krfo 499
qbcj 355
kchp 491
rltf 495
ftmf 132
rgkh 347
nnak 88
fjdl 227
srkj 574
tknb 381
gsnr 542
qikt 465
inle 533
gdls 659
bfsp 55
reeo 386
jgdp 3
hmgj 613
lkta 338
ifhd 692
asqm 117
qsgq 529
logl 385
dtqn 443
ggjt 424
elcn 393
bfth 286
idpg 685
igmp 480
ckcr 106
pegg 265
djcl 179
bqgs 325
baks 23
qtei 31
tipo 277
pdip 39
oetd 106
pkfb 438
tbdh 637
tqid 697
bjls 178
qqaq 239
tdfc 102
egaa 187
mhbl 511
fgje 690
boor 516
pdct 571
acmn 14
olqa 71
jnnq 114
jmrl 504
jmjl 683
fefn 464
okfj 311
kfrg 413
bqdc 323
clib 676
lfol 549
msrm 653
oogs 557
aole 588
cmgh 270
fddr 231
bpar 529
oghg 252
nhlb 24
osci 413
mlos 110
hlii 485
qmrd 494
ktbb 584
rkss 696
eisq 624
osre 56
nfcs 240
aqjb 444
qsln 672
sfgf 380
qloj 679
dcat 644
scsq 538
acgs 650
figs 220
qrei 358
khkb 550
eonf 339
eejh 552
itrm 535
jagn 573
mfhl 414
ndjm 663
kfor 175
cebr 599
effe 533
pder 319
prta 550
erlo 193
caeh 662
imsd 23
qfel 440
pkcm 455
sqef 625
nsdb 577
tjcm 393
bdkc 337
jpbp 559
hoel 463
dirm 425
jldk 371
jqfg 40
mnjl 286
firi 336
kqpt 427
mhpq 159
tmeh 174
lejk 232
trme 151
pssr 200
fhfn 76
imrl 495
eoob 217
eefq 327
fdqg 467
kcdo 29
garl 611
mbkb 438
ghio 107
biig 167
dgsb 686
jrrn 207
ookd 640
shlo 591
fjrp 480
goph 657
kmaa 250
thif 373
qcok 334
igno 619
bjdm 89
iond 497
eqsn 289
nqrr 349
spon 123
dntt 105
nrme 493
ncjs 97
plep 562
pdgd 489
hnks 436
jodl 367
nenl 431
clbm 576
akme 644
boop 579
elkc 567
oldq 543
fnpa 452
cfbj 658
qlqc 676
mptc 183
hhlc 472
sler 1
aqne 509
hcoi 685
dgqm 519
njfo 624
emml 425
eoml 297
ddom 196
qcmp 525
jimk 65
adnn 542
pgkt 435
mimj 622
egna 233
bdib 229
oobp 65
qhrs 571
pgmi 228
lcon 380
dakl 209
afsj 103
jpre 418
ckis 48
eecl 172
omrd 62
ftho 149
kcmt 171
epsh 110
dgic 402
dcla 98
oejh 56
creb 143
iegi 56
ttcj 265
toie 119
dncl 131
ojbf 179
dpga 470
mdhb 541
qgmf 50
bpmi 228
krij 486
ello 372
rtbn 336
hgks 416
dike 448
fcqa 403
fpbl 664
rkja 519
bgio 54
iphc 402
grjm 647
jbmf 357
jbmi 641
gsnb 485
rlnr 595
ehgf 685
kfoh 133
obbj 221
qgjn 251
hkps 378
hiha 316
jsnh 243
lssg 350
laot 496
jbaa 173
dqap 517
bftn 235
dbnd 530
rdgg 629
gcga 548
ktmh 542
ippm 111
kgdd 505
jmah 477
fgis 188
nnee 74
bktj 125
imcp 346
liit 599
thkm 534
cqea 339
qfmj 668
gkte 638
choh 653
rkmc 212
iqnc 344
ffho 657
oihq 686
iprk 433
keno 575
gjss 211
ragr 219
iqfr 245
debk 530
qdse 463
mjdl 474
pgha 494
gmar 414
pmcp 582
sphn 648
otmp 197
jepa 241
stat 387
bdbq 95
benq 38
jhfp 388
itkj 379
ikjk 272
hjcn 63
dosc 131
deff 72
eftg 552
rtgj 354
ongp 319
qmad 323
rdmo 148
bhin 538
ippr 488
boql 169
mcke 293
qopr 524
dnbi 610
lefd 421
lbpi 565
pjsl 35
ojjj 334
etpq 440
ofks 5
dqfg 27
mlso 674
pjkc 326
ctdq 669
tadn 226
hilm 93
emtp 389
nont 461
pjji 7
drmg 77
tkdt 695
lhtd 638
jlbh 583
emph 624
sdds 391
ebkj 163
odpi 365
mndn 226
rabi 591
aish 468
skjb 285
tgel 628
esdi 640
cbgn 114
sfqn 508
tbmj 382
gmcq 627
mbta 401
clgi 489
dkha 306
rmdb 195
mdrs 97
qnek 418
coek 283
pqap 445
lskj 75
fsnm 25
ncbk 57
arqq 153
nqsm 193
djgm 115
ellm 187
lhaf 487
rqgl 244
feel 612
brms 137
nnsr 283
jngt 256
qqrh 342
ngsd 434
tssb 498
ikjl 90
itct 3
qnlp 41
njaa 148
anbn 302
klbf 147
afbn 426
tsda 493
caot 657
ojql 433
jnff 500
onqf 36
naca 326
pals 239
hjes 368
lbdr 171
oktk 629
ffef 106
tpno 534
dmrp 656
lpbh 658
sqft 260
eajd 160
rdjd 1
irpg 241
relk 468
jjti 41
fqnt 80
rrce 227
romd 21
aeqs 475
ecma 225
gijm 416
gdcp 635
rfqt 624
plgh 165
rfid 203
qsdo 653
qgli 656
stig 510
cboi 698
aqfs 450
qmqs 501
qgei 680
rkhl 153
ohsp 162
jtgc 213
esmb 181
clsm 97
jjbe 234
dmak 410
qbtg 433
hepg 18
pmnd 76
pgio 139
irjq 28
gbmj 135
aenj 126
jbah 102
btdt 83
gkkj 579
ckar 116
jqal 636
pjco 584
fmbg 329
kmko 138
lshf 388
enms 151
gako 363
facc 4
qbaf 275
etmj 604
irdq 338
qfbd 539
pqsb 532
hdgi 651
fkjj 619
irdc 480
febf 198
hjid 19
qbgb 87
ojpg 233
nlna 24
nccd 166
kbrf 212
cbsj 426
eekn 699
ahmr 632
hbae 380
alkr 574
glaa 341
tbih 195
kiri 161
htri 691
qkpf 243
mkoh 676
gtcq 662
fqfc 432
berg 462
kdnh 589
sbjt 621
ioeq 584
kokg 678
leih 306
iipt 146
oaqk 669
lcct 670
ikod 95
mtrc 28
ikhg 267
rher 634
fhsj 107
mdij 152
iiaa 76
hics 364
nmmn 532
dcim 252
coij 497
aajf 14
rjes 655
pmkh 141
pfpo 452
arfr 567
iarn 597
shcq 578
bfnp 479
hgid 163
jopt 88
smqn 70
qbij 432
nloh 79
ndpi 552
kpel 623
slbb 439
nmec 218
hdne 30
ajbf 409
ibmj 525
ttar 550
tcof 163
ctda 72
lalt 558
dskr 82
gdiq 108
onck 324
klkh 510
hlct 510
rblp 523
sdff 696
odea 186
ffbt -277
caaq 152
fbgn 219
bjhj 69
phqm 632
modg 209
lhpq -203
ante -253
ljol -33
oboe -98
lsfr 127
otkl -126
tsbh -209
mecd -206
ksng 645
llea -274
bgte 537
ajec 276
hmge 548
rpjt 25
cdtd 473
tkbk 349
ssdd -31
bpsk 138
omml -221
fnft 97
ihee 107
rdfe -188
asff 71
rfsq -24
jctg 140
onnc 432
mcdn -161
mnli 86
VOID------
lhpq -203
ante -253
ljol -33
oboe -98
lsfr 127
otkl -126
tsbh -209
mecd -206
VOID------
lhpq -203
ante -253
ljol -33
oboe -98
lsfr 127
otkl -126
tsbh -209
mecd -206
VOID------
lhpq -203
ante -253
ljol -33
oboe -98
lsfr 127
otkl -126
tsbh -209
mecd -206
VOID------
lhpq -203
ante -253
ljol -33
oboe -98
lsfr 127
otkl -126
tsbh -209
mecd -206
VOID------
ogir -300
ribh -61
bjmo -65
ggkr -157
odbe 330
bojl -205
ohfd -223
isis -293
VOID------
hber -77
gkoc -33
jacf -258
pctr -200
tfna -155
tgch 40
rdfa -154
qseo -8
igmh -207
VOID------
hber -77
gkoc -33
jacf -258
pctr -200
tfna -155
tgch 40
rdfa -154
qseo -8
igmh -207
VOID------
hber -77
gkoc -33
jacf -258
pctr -200
tfna -155
tgch 40
rdfa -154
qseo -8
igmh -207
VOID------
hber -77
gkoc -33
jacf -258
pctr -200
tfna -155
tgch 40
rdfa -154
qseo -8
igmh -207
VOID------
ffbt -277
mtqa 22
eqfo 242
lhpq -203
ante -253
qlop 117
ljol -33
oboe -98
otkl -126
tsbh -209
mecd -206
VOID------
ffbt -277
mtqa 22
eqfo 242
lhpq -203
ante -253
qlop 117
ljol -33
oboe -98
otkl -126
tsbh -209
mecd -206
VOID------
ojqk -234
essj -111
cgpp 55
oool -88
qqoj 4
cdgn -204
eplg -159
dtti -298
VOID------
ojqk -234
essj -111
cgpp 55
oool -88
qqoj 4
cdgn -204
eplg -159
dtti -298
kdtj -172
VOID------
ojqk -234
essj -111
cgpp 55
oool -88
qqoj 4
cdgn -204
eplg -159
dtti -298
kdtj -172
VOID------
llea -274
mecd -206
dsii 217
lgap 21
tsbh -209
otkl -126
oboe -98
ljol -33
ante -253
oipd 309
lhpq -203
ffbt -277
nshc -55
nnin 57
hber -77
VOID------
llea -274
mecd -206
dsii 217
lgap 21
tsbh -209
otkl -126
oboe -98
ljol -33
ante -253
oipd 309
lhpq -203
ffbt -277
nshc -55
nnin 57
hber -77
VOID------
dtti -298
eplg -159
cdgn -204
oool -88
lcqn 73
essj -111
ojqk -234
tgss -55
VOID------
dtti -298
eplg -159
cdgn -204
oool -88
lcqn 73
essj -111
ojqk -234
tgss -55
VOID------
mcdn -161
dtlm -231
jdpg -46
rjmi -109
sbnd -225
bmda -203
bitm -53
ldrr -164
tqmf -11
petg -2
aomi -82
lips -190
ndsh -233
VOID------
mcdn -161
dtlm -231
jdpg -46
rjmi -109
sbnd -225
bmda -203
bitm -53
ldrr -164
tqmf -11
petg -2
aomi -82
lips -190
ndsh -233
VOID------
mcdn -161
dtlm -231
jdpg -46
rjmi -109
sbnd -225
bmda -203
bitm -53
ldrr -164
tqmf -11
petg -2
aomi -82
lips -190
ndsh -233
DOMAIN------
mqoe -150
dqsi -215
hfih -36
ptbo -140
hfkh -137
lkmg -271
efhb -216
omtr -22
oltd -120
chbe -98
bplf -112
jcrh -145
spgs -297
lptj -137
batf -254
gsnd -86
nbrj -102
hcis -52
mmgn -19
ndsh -233
sfki -115
kigk -45
clem -25
pfpn -39
dldh -238
igll -276
ahkc -246
ketd -282
hpdm -107
efoe -158
ohch -212
asao -50
opsr -63
hiid -246
obdk -178
fdlo -147
lacs -69
fcnr -70
gpab -291
nchq -101
ejjk -31
ajtn -298
hahf -251
kdtj -172
dtti -298
eplg -159
cdgn -204
oool -88
mctg -186
jhnf -201
mjdf -112
ceio -8
dkgn -89
tqpq -245
ejoh -102
igmh -207
essj -111
qseo -8
rdfa -154
tfna -155
pctr -200
jacf -258
ojqk -234
tgss -55
gkoc -33
ogir -300
hhet -115
ribh -61
bjmo -65
ggkr -157
bojl -205
ohfd -223
hber -77
nshc -55
isis -293
polp -44
raql -132
lips -190
aomi -82
petg -2
tqmf -11
ldrr -164
bitm -53
bmda -203
sbnd -225
rjmi -109
jdpg -46
dtlm -231
mcdn -161
rfsq -24
rdfe -188
omml -221
ssdd -31
llea -274
mecd -206
tsbh -209
otkl -126
oboe -98
ljol -33
ante -253
lhpq -203
ffbt -277
VOID------
hepg 18
pmnd 76
pgio 139
irjq 28
VOID------
frmd -62
dqmk -162
qabo -203
kqbh -25
VOID------
frmd -62
dqmk -162
qabo -203
acng -122
rfar -279
VOID------
frmd -62
dqmk -162
qabo -203
acng -122
rfar -279
VOID------
rfar -279
acng -122
qabo -203
dqmk -162
frmd -62
kqbh -25
sgms -144
VOID------
rfar -279
acng -122
qabo -203
dqmk -162
frmd -62
kqbh -25
sgms -144
VOID------
mjiq -236
sgms -144
kqbh -25
frmd -62
dqmk -162
qabo -203
acng -122
jpqq 223
rfar -279
VOID------
eelj -66
cort -239
rfar -279
acng -122
qabo -203
dqmk -162
frmd -62
VOID------
eelj -66
cort -239
rfar -279
acng -122
qabo -203
dqmk -162
frmd -62
VOID------
eelj -66
cort -239
rfar -279
acng -122
qabo -203
dqmk -162
frmd -62
VOID------
eelj -66
cort -239
rfar -279
acng -122
qabo -203
dqmk -162
frmd -62
DOMAIN------
hndc -197
srjm -112
akee -27
arci -208
eaag -216
dneb -2
hjit -292
nbme -57
sskl -65
anrr -61
hmjq -160
ithj -18
ihtf -265
jsbk -224
ehqt -46
etqt -137
ebck -161
flpq -195
mjiq -236
eelj -66
cort -239
sgms -144
rfar -279
acng -122
qabo -203
kqbh -25
dqmk -162
frmd -62
VOID------
irjq 28
pgio 139
pmnd 76
hepg 18
VOID------
agtt -281
iabi -250
cgpt -85
llok -165
lrab -5
VOID------
kcbr -300
kbnf -196
ogjc 103
mroa 70
njrc 27
pmqj -72
bnpb -59
nacc -75
lrab -5
llok -165
VOID------
pmqj -72
bnpb -59
nacc -75
lrab -5
llok -165
VOID------
pmqj -72
bnpb -59
nacc -75
lrab -5
llok -165
VOID------
eklr 33
cgpt -85
iabi -250
agtt -281
VOID------
dejk -161
nqqb -258
qopj -127
ptac -106
bpjm -59
VOID------
flli -143
agtt -281
hcee -275
psiq -168
VOID------
qpob -114
trnm -72
ecet -214
jdnh -95
tdll -154
sipk -292
qhre -14
VOID------
qpob -114
trnm -72
ecet -214
jdnh -95
tdll -154
sipk -292
qhre -14
VOID------
qpob -114
trnm -72
ecet -214
jdnh -95
tdll -154
sipk -292
qhre -14
VOID------
qpob -114
trnm -72
ecet -214
jdnh -95
tdll -154
sipk -292
qhre -14
VOID------
qpob -114
trnm -72
ecet -214
jdnh -95
tdll -154
sipk -292
qhre -14
VOID------
lhbj -276
qopj -127
nqqb -258
dejk -161
kcbr -300
VOID------
baid -229
sobd -105
psiq -168
hcee -275
VOID------
baid -229
sobd -105
psiq -168
hcee -275
VOID------
ecet -214
trnm -72
qpob -114
lhbj -276
qopj -127
VOID------
ecet -214
trnm -72
qpob -114
lhbj -276
qopj -127
VOID------
ecet -214
trnm -72
qpob -114
lhbj -276
qopj -127
VOID------
snpe -83
inog -244
apml -200
baid -229
VOID------
snpe -83
inog -244
apml -200
baid -229
VOID------
snpe -83
inog -244
apml -200
baid -229
DOMAIN------
brnt -91
btme -110
jkip -54
fald -63
aqcf -170
qqsa -101
aoro -129
ssst -110
tnaf -224
infs -59
aqdb -40
slon -115
ksnk -212
bdom -83
phtb -66
ebrl -123
inog -244
snpe -83
koro -82
amrt -60
lhbj -276
qhre -14
sipk -292
tdll -154
jdnh -95
ecet -214
trnm -72
qpob -114
sobd -105
qoma -218
flli -143
baid -229
apml -200
psiq -168
hcee -275
qopj -127
ptac -106
bpjm -59
lsaa -44
gjgf -134
pmqj -72
bnpb -59
nacc -75
lrab -5
llok -165
cgpt -85
kbnf -196
kcbr -300
iabi -250
agtt -281
nqqb -258
dejk -161
VOID------
hepg 18
pmnd 76
pgio 139
irjq 28
LIGHT------
VOID------
hepg 18
pmnd 76
pgio 139
irjq 28
VOID------
efop 326
orej 46
lbdl -231
kcqd -261
VOID------
dtht -65
sdrq -140
dlst 73
doie -299
VOID------
jjhd 187
tekd 142
dtht -65
sdrq -140
VOID------
jjhd 187
tekd 142
dtht -65
sdrq -140
VOID------
jjhd 187
tekd 142
dtht -65
sdrq -140
VOID------
idci 151
nacn -125
help 74
ocpr -190
VOID------
nacn -125
help 74
ocpr -190
imeo -24
qanl -8
VOID------
nacn -125
help 74
ocpr -190
imeo -24
qanl -8
rsdf -116
VOID------
ofjb -287
eifg -51
rcqf -173
thjg -249
VOID------
thjg -249
rcqf -173
eifg -51
ofjb -287
VOID------
ocpr -190
imeo -24
qanl -8
rsdf -116
VOID------
ocpr -190
imeo -24
qanl -8
rsdf -116
VOID------
ocpr -190
imeo -24
qanl -8
rsdf -116
VOID------
ocpr -190
imeo -24
qanl -8
rsdf -116
VOID------
aplf -148
lmsp -293
hepf 30
lsel -173
kpcc -220
askd -43
sioa -56
hett -70
lahq -221
nmea -246
VOID------
aplf -148
lmsp -293
hepf 30
lsel -173
kpcc -220
askd -43
sioa -56
hett -70
lahq -221
nmea -246
taer 127
djkt -191
cjbf -258
bdlm -12
hnre 25
sfsp -86
VOID------
aplf -148
lmsp -293
hepf 30
lsel -173
kpcc -220
askd -43
sioa -56
hett -70
lahq -221
nmea -246
taer 127
djkt -191
cjbf -258
bdlm -12
hnre 25
sfsp -86
VOID------
aplf -148
lmsp -293
hepf 30
lsel -173
kpcc -220
askd -43
sioa -56
hett -70
lahq -221
nmea -246
taer 127
djkt -191
cjbf -258
bdlm -12
hnre 25
sfsp -86
VOID------
aplf -148
lmsp -293
hepf 30
lsel -173
kpcc -220
askd -43
sioa -56
hett -70
lahq -221
nmea -246
taer 127
djkt -191
cjbf -258
bdlm -12
hnre 25
sfsp -86
lhbd 44
toro 200
tqok 72
gerf 177
piir 106
dtgk 24
rqdf -230
lrer -204
jjag -30
kaad -203
VOID------
aplf -148
lmsp -293
hepf 30
lsel -173
kpcc -220
askd -43
sioa -56
hett -70
lahq -221
nmea -246
taer 127
djkt -191
cjbf -258
bdlm -12
hnre 25
sfsp -86
lhbd 44
toro 200
tqok 72
gerf 177
piir 106
dtgk 24
rqdf -230
lrer -204
jjag -30
kaad -203
colo -126
qknc -166
VOID------
cmmb -121
bkqa -95
phdr 70
thjg -249
rcqf -173
eifg -51
ofjb -287
mgrc -293
hibh -173
cimq -152
bdnm 421
pqpc -98
jqla -295
onfj -203
VOID------
thjg -249
rcqf -173
eifg -51
ofjb -287
mgrc -293
hibh -173
cimq -152
nnfo 163
pqpc -98
jqla -295
onfj -203
VOID------
thjg -249
rcqf -173
eifg -51
ofjb -287
mgrc -293
hibh -173
cimq -152
nnfo 163
pqpc -98
jqla -295
onfj -203
VOID------
rsdf -116
oitc -164
imio 268
ktft -240
aplf -148
lmsp -293
lsel -173
kpcc -220
askd -43
sioa -56
gpna 393
hett -70
lahq -221
nmea -246
VOID------
rsdf -116
oitc -164
fpgj 261
ktft -240
aplf -148
lmsp -293
lsel -173
kpcc -220
askd -43
sioa -56
fqdt 331
hett -70
lahq -221
nmea -246
VOID------
rsdf -116
oitc -164
fpgj 261
ktft -240
aplf -148
lmsp -293
lsel -173
kpcc -220
askd -43
sioa -56
fqdt 331
hett -70
lahq -221
nmea -246
DOMAIN------
lner -171
oggo -226
defj -79
oorg -209
joon -294
mftf -270
kimf -159
nnhe -239
qnac -235
ngts -115
cnmt -147
dscm -120
ddno -87
ltcg -251
mfkd -231
aoog -277
hokh -272
kdgn -234
tgbq -256
phjr -77
ppta -242
jkcd -106
thie -132
sogg -278
tbga -185
ehob -170
jthk -71
nhkl -138
rlrh -285
gplb -37
onfj -203
hhgf -50
qknc -166
colo -126
kaad -203
jjag -30
lrer -204
rqdf -230
sfsp -86
bdlm -12
cjbf -258
djkt -191
nmea -246
lahq -221
hett -70
sioa -56
askd -43
kpcc -220
lsel -173
lmsp -293
aplf -148
ktft -240
oitc -164
jqla -295
cmmb -121
bkqa -95
hibh -173
mgrc -293
drqd -214
rhhq -65
thjg -249
rcqf -173
eifg -51
ofjb -287
cimq -152
pqpc -98
rsdf -116
qanl -8
imeo -24
ocpr -190
nacn -125
doie -299
sdrq -140
dtht -65
kcqd -261
lbdl -231
VOID------
beag -1
aoaf -234
olgd -256
erap 15
khot -46
VOID------
beag -1
aoaf -234
olgd -256
erap 15
khot -46
qndr -116
DOMAIN------
qndr -116
khot -46
olgd -256
aoaf -234
beag -1
mats -198
TIME: 0.071