VOID------
pjeb 287
kcsp -76
qkem 649
jpbb 60
VOID------
pjeb 287
kcsp -76
qkem 649
jpbb 60
VOID------
mtde -212
neqc 209
dagl -237
lksj 385
lgeo -207
csfc -178
VOID------
mtde -212
neqc 209
dagl -237
lksj 385
lgeo -207
csfc -178
VOID------
mtde -212
qdsd 117
dagl -237
jcoq 491
lgeo -207
csfc -178
VOID------
mtde -212
qdsd 117
dagl -237
jcoq 491
lgeo -207
csfc -178
VOID------
hfio -232
qsdn -276
csfc -178
hotd 138
VOID------
foht -188
nhgr -152
fncg 208
hfeb -297
erhl 270
aoco -300
hebe -153
VOID------
foht -188
nhgr -152
fncg 208
hfeb -297
erhl 270
aoco -300
hebe -153
hkmf -33
bosp -144
lfbh 69
ojfs -256
mdfm -173
VOID------
foht -188
nhgr -152
fncg 208
hfeb -297
erhl 270
aoco -300
hebe -153
hkmf -33
bosp -144
lfbh 69
ojfs -256
mdfm -173
eiai -282
mddm -26
VOID------
foht -188
nhgr -152
fncg 208
hfeb -297
erhl 270
aoco -300
hebe -153
hkmf -33
bosp -144
lfbh 69
ojfs -256
mdfm -173
eiai -282
mddm -26
mkal 100
hhob -292
sjso -204
refm -201
VOID------
dass -62
dseb -55
kcsp -76
mtde -212
mnnq 394
dagl -237
lgeo -207
csfc -178
qsdn -276
VOID------
dass -62
dseb -55
kcsp -76
mtde -212
mnnq 394
dagl -237
lgeo -207
csfc -178
qsdn -276
VOID------
dass -62
dseb -55
kcsp -76
mtde -212
mnnq 394
dagl -237
lgeo -207
csfc -178
qsdn -276
VOID------
ojfs -256
mdfm -173
eiai -282
mddm -26
hhob -292
sjso -204
refm -201
VOID------
csfc -178
qsdn -276
hfio -232
eeog -32
jjsf -119
psoi -56
rabr -134
VOID------
hebe -153
aoco -300
hfeb -297
nhgr -152
qgsh 124
foht -188
mnsn -32
jiis -126
dgqp -89
DOMAIN------
hoef -230
mkgd -14
jnns -207
dpqg -121
lpkh -25
jccj -166
qlqg -195
smhl -10
rjcp -21
jqfa -45
glih -67
dafc -223
hfaf -244
jnam -192
bhqe -36
emsc -205
fjrj -59
pfkp -277
ofhh -193
grgo -262
mbpr -61
rkke -141
sgqf -207
shej -273
jdoi -19
igsh -13
pfqr -88
fhii -138
bigi -32
draq -286
bhap -171
akma -251
deeg -20
rqjq -35
klok -4
pccb -51
rabr -134
psoi -56
refm -201
sjso -204
jjsf -119
hhob -292
mddm -26
eiai -282
mdfm -173
ojfs -256
bosp -144
hkmf -33
eeog -32
hebe -153
aoco -300
hfeb -297
nhgr -152
foht -188
mnsn -32
hfio -232
jiis -126
qsdn -276
dgqp -89
dass -62
dseb -55
csfc -178
lgeo -207
dagl -237
mtde -212
kcsp -76
VOID------
hcmr 65
qgsh 124
rsrk -97
hdrt -47
VOID------
halj 112
fngk -11
tlbn -215
mfib -203
VOID------
fngk -11
tlbn -215
mfib -203
solb -53
jorb -27
VOID------
hnsj -274
gjik 71
qqdf -225
qgti -141
VOID------
hnsj -274
ibka 296
qqdf -225
qgti -141
lham -169
LIGHT------
DOMAIN------
cqor -289
sctc -288
erje -104
nioh -78
cbaq -41
dgbc -249
gdra -237
rshc -5
arfc -293
mela -229
lham -169
qgti -141
qqdf -225
hnsj -274
bogd -213
bfmd -219
jorb -27
solb -53
mfib -203
tlbn -215
fngk -11
hdrt -47
rsrk -97
VOID------
brar 95
einq 44
bcgp 162
shir 17
VOID------
brar 95
einq 44
bcgp 162
shir 17
DOMAIN------
abno -298
rmoq -23
tlct -68
VOID------
brar 95
einq 44
bcgp 162
shir 17
VOID------
kmdk -167
kkoo 81
isbs 271
bnth -240
caqq -194
VOID------
bnth -240
caqq -194
jngo 127
eghm -6
VOID------
pjbr -149
btbc -135
enln -25
kgrk 303
VOID------
pjbr -149
btbc -135
enln -25
msjq 210
fbjq -238
VOID------
rose -298
cjck -181
lstt -151
oitg -205
VOID------
denk -210
eghm -6
caqq -194
bnth -240
kmdk -167
VOID------
denk -210
eghm -6
caqq -194
bnth -240
kmdk -167
VOID------
denk -210
eghm -6
caqq -194
bnth -240
kmdk -167
msjq 210
roqd 157
iieg 106
bhqp -287
tmpo -140
cggs -209
VOID------
denk -210
eghm -6
caqq -194
bnth -240
kmdk -167
msjq 210
roqd 157
iieg 106
bhqp -287
tmpo -140
cggs -209
VOID------
denk -210
eghm -6
caqq -194
bnth -240
kmdk -167
VOID------
denk -210
eghm -6
caqq -194
bnth -240
kmdk -167
VOID------
fbjq -238
fatb -11
rose -298
cjck -181
lstt -151
VOID------
fbjq -238
fatb -11
rose -298
cjck -181
lstt -151
DOMAIN------
ajmt -286
hjlf -22
hotm -40
jheb -282
pnbg -295
lctd -211
tbht -253
heec -300
hdnr -76
dgst -80
kjsl -230
ihin -130
siet -129
trkt -69
cggs -209
oitg -205
lstt -151
cjck -181
rose -298
tmpo -140
fatb -11
fbjq -238
enln -25
btbc -135
pjbr -149
hpid -3
pgqn -162
pfpk -220
bhqp -287
hlpd -25
nsrl -156
denk -210
eghm -6
caqq -194
bnth -240
kmdk -167
VOID------
thbs 3
mfmj -176
qamk -169
tmea 19
VOID------
bmhj -247
bqlg -199
gnqm 90
qind -291
VOID------
bmhj -247
bqlg -199
gnqm 90
qind -291
hblp -86
hofg 117
efqr -213
VOID------
bmhj -247
bqlg -199
rnjm 52
qind -291
hblp -86
VOID------
bmhj -247
bqlg -199
rnjm 52
qind -291
hblp -86
VOID------
bmhj -247
bqlg -199
rnjm 52
qind -291
hblp -86
VOID------
bmhj -247
bqlg -199
mdnr 190
qind -291
hblp -86
jqkj 511
efqr -213
delk 277
itnb -292
skij -145
ifad 191
mjgm -190
jemr -257
lhor -126
fnjk -119
VOID------
skij -145
itnb -292
iija 128
efqr -213
hblp -86
qind -291
bqlg -199
VOID------
skij -145
itnb -292
iija 128
efqr -213
hblp -86
qind -291
bqlg -199
VOID------
skij -145
itnb -292
iija 128
efqr -213
hblp -86
qind -291
bqlg -199
VOID------
skij -145
itnb -292
ifad 191
efqr -213
hblp -86
qind -291
bqlg -199
olrc 131
jtfc 213
bmhj -247
mfmj -176
qamk -169
VOID------
skij -145
itnb -292
ifad 191
efqr -213
hblp -86
qind -291
bqlg -199
olrc 131
jtfc 213
bmhj -247
mfmj -176
qamk -169
VOID------
hblp -86
efqr -213
itnb -292
skij -145
fjac 262
mjgm -190
jemr -257
flap 454
lhor -126
fnjk -119
afep -216
DOMAIN------
mppr -53
rmdm -268
pflg -86
gjbi -137
rdbd -128
mmra -220
bfrs -202
hdde -225
kifd -183
rhhc -182
hrfq -29
jcqq -33
ncnc -165
msis -128
dpfo -16
baaj -211
nbkq -137
qraf -89
jcak -132
acem -288
ihgd -65
smtb -2
jbgd -246
gjtq -188
pnrm -169
isdf -253
hoqr -282
erki -180
afbp -29
ribd -158
dlei -239
ofoe -72
jqgc -66
tqfa -36
afep -216
fnjk -119
lhor -126
jemr -257
rkld -61
mjgm -190
skij -145
hsfo -129
itnb -292
eomo -184
efqr -213
hblp -86
qind -291
bqlg -199
bmhj -247
qamk -169
mfmj -176
DOMAIN------
nfcb -35
VOID------
shir 17
bcgp 162
einq 44
brar 95
VOID------
olrc 131
jtfc 213
dean -280
bqtq 31
VOID------
dean -280
bqtq 31
hjtp -209
cqgi 88
VOID------
dean -280
bqtq 31
hjtp -209
scsm -272
VOID------
dean -280
bqtq 31
hjtp -209
scsm -272
VOID------
dean -280
cqgi 88
hjtp -209
scsm -272
VOID------
dean -280
cqgi 88
hjtp -209
scsm -272
VOID------
dean -280
cqgi 88
hjtp -209
scsm -272
VOID------
dean -280
delk 277
hjtp -209
scsm -272
VOID------
dean -280
delk 277
hjtp -209
scsm -272
VOID------
gitj -230
ntem -160
qldt -115
rpfe -9
VOID------
rpfe -9
qldt -115
ntem -160
gitj -230
VOID------
rpfe -9
qldt -115
ooqf -299
mqbf -145
aihg -279
jqbs -192
VOID------
rpfe -9
qldt -115
ooqf -299
mqbf -145
aihg -279
jqbs -192
VOID------
dean -280
ochm 64
hjtp -209
scsm -272
eekm -285
fkap -185
lakt -199
refq -124
VOID------
dean -280
ochm 64
hjtp -209
scsm -272
eekm -285
fkap -185
lakt -199
refq -124
VOID------
dean -280
bhgf -15
rpfe -9
qldt -115
ooqf -299
mqbf -145
VOID------
fhae -171
chcr -126
fmie -102
klnc -183
iled -268
rmjt -207
gdqb -70
dcfj -254
VOID------
aihg -279
mqbf -145
ooqf -299
qldt -115
rpfe -9
bhgf -15
VOID------
pjhm -291
cegc -30
bisp -241
sqjg -124
fhae -171
chcr -126
fmie -102
klnc -183
lfon 436
fjsp 182
iled -268
rmjt -207
gdqb -70
dcfj -254
DOMAIN------
ghik -20
tsgf -266
pabi -162
alra -4
pnef -57
bjmn -66
jfcc -215
gdhs -95
qkhe -104
hlrm -107
rihl -123
oshg -103
cjra -230
qfga -160
clqj -178
geam -116
eent -105
iofn -203
dcfj -254
gdqb -70
rmjt -207
iled -268
klnc -183
fmie -102
chcr -126
jsgn -102
fhae -171
mdtn -83
oame -222
sqjg -124
bisp -241
cegc -30
pjhm -291
dpcn -12
qpqd -136
mtcp -46
pcia -267
slsp -164
qrbp -295
apte -38
jqbs -192
aihg -279
mfbj -275
ibks -69
rrji -24
mqbf -145
ooqf -299
ntem -160
qldt -115
gitj -230
rpfe -9
refq -124
lakt -199
fkap -185
eekm -285
bhgf -15
scsm -272
hjtp -209
dean -280
VOID------
shir 17
bcgp 162
einq 44
brar 95
VOID------
ifij -154
ahsj -282
frrt -175
bffj -140
dlim -2
VOID------
ifij -154
ahsj -282
frrt -175
bffj -140
dlim -2
VOID------
ifij -154
ahsj -282
frrt -175
bffj -140
dlim -2
VOID------
ifij -154
ahsj -282
frrt -175
bffj -140
dlim -2
VOID------
qfci -213
pokn 210
meca -278
bgde 98
inbq -286
hsds -100
olnb -185
dlim -2
bffj -140
VOID------
meca -278
pokn 210
inbq -286
hsds -100
olnb -185
dlim -2
bffj -140
DOMAIN------
enoh -52
lnpc -216
jlrn -184
qigm -78
petf -258
dnif -50
lhfj -142
drab -124
immg -35
meca -278
qfci -213
inbq -286
hsds -100
olnb -185
hjnd -268
gqni -165
ebct -110
fehc -250
ifij -154
ahsj -282
frrt -175
bffj -140
dlim -2
VOID------
pnil 33
hrpm 396
spcg -200
kkor -283
VOID------
pnil 33
hrpm 396
spcg -200
kkor -283
VOID------
rgpo -291
pnil 33
bplg -92
mgkm -28
VOID------
spcg -200
kkor -283
kmss 191
mrhg 6
bncg -219
VOID------
spcg -200
kkor -283
kmss 191
mrhg 6
bncg -219
VOID------
aphm -263
hhhg -293
pkak -248
onpm 11
VOID------
rgpo -291
jtbt 174
bncg -219
kkor -283
spcg -200
nnah 125
doiq 504
fmqr -291
cjqf -84
pkak -248
ljfr -47
impe -277
cqha 45
ljad -183
VOID------
bplg -92
rgpo -291
bncg -219
kmss 191
mrhg 6
kkor -283
spcg -200
fmqr -291
cjqf -84
pkak -248
gppl 2
ljfr -47
ftcf 149
impe -277
bqdn 240
ljad -183
mpfg -112
DOMAIN------
iebi -284
hnbh -192
fcim -246
mpfg -112
ljad -183
impe -277
mgke -257
ljfr -47
hhhg -293
pkak -248
aphm -263
gbfi -226
tere -227
fmqr -291
cjqf -84
mgkm -28
bplg -92
rgpo -291
bncg -219
spcg -200
kkor -283
VOID------
fcfp -241
asde -115
hthb -217
aflj 284
VOID------
hthb -217
gdop 562
asde -115
fcfp -241
VOID------
hthb -217
rono -21
pijg 73
cdro -17
nokh -110
gheg -19
VOID------
gghe 127
efar -193
rbgh -141
ljmj -149
DOMAIN------
bnkq -105
somg -210
oifh -127
jffm -107
ljmj -149
rbgh -141
efar -193
mhel -19
nokh -110
gheg -19
cdro -17
rono -21
hthb -217
asde -115
fcfp -241
VOID------
ncrf -135
crtl -258
jgcl -120
bkmi 56
rhlk -180
nkdf -231
VOID------
ijmc -207
nkdf -231
rhlk -180
ifps 61
jgcl -120
crtl -258
VOID------
ijmc -207
nkdf -231
rhlk -180
ifps 61
jgcl -120
crtl -258
LIGHT------
jklt 262
tnkp 601
lsdf -44
shkd 245
dtsm 541
bgin 369
deck 680
feqn 445
ennn -47
eeme 551
bbrk 35
hrbq 499
ckrc 312
keoq 526
kprn 563
okpg 605
lngt 274
jcjs 622
lsff 249
oomg 611
rqqm 114
kkcl 667
ebac 558
okst 564
rtmt 399
qmib 91
doqf 328
iann 271
rqgt 192
mott 407
phan 317
arhm 640
fcio 616
qljs 449
pinl 231
chnf 224
dmde 419
tppo 404
gbec 454
tpji 60
cppe 307
agap 468
hrgh 440
gghe 127
tlfm 53
nttl 452
gfod 317
errd 519
nonk 409
ranl 285
gdop 562
cole 476
mrhg 6
kmss 191
lsqp 674
qpbd 187
jqob 117
ihbm 83
bqig 426
ohjf 664
kpnc 2
qrtm 260
jome 271
ncsd 56
rffk 670
pcpr 336
dlcg 170
pbpd 158
rdld 485
nrnj 263
gfjj 642
ferm 593
lihq 58
hkbk 110
bprm 268
lnga 626
aqao 110
nopr 533
ritg 324
bqtq 31
jtfc 213
olrc 131
ifad 191
delk 277
jqkj 511
mdnr 190
pckk 303
hofg 117
gnqm 90
jlea 8
taoj 391
osih 328
qjfl 326
gcps 479
ekcc 125
llak 379
rqfg 622
palc 183
rqki 587
mnnq 394
qkfe 636
ndbp 273
ldpe 594
ledp 285
iklh 644
djgm 582
ndma 291
lptd 585
gjjm 396
ktgh 480
kkoo 81
isbs 271
jngo 127
esfh 126
dcdc 174
hhmc 557
egik 221
eeig 408
bjeo 539
acqn 105
iosp 608
caoe 664
ftor 520
hkbc 466
icnb 116
pffd 257
ngic 302
dpls 344
sclm 89
creb 494
cqmm 113
rmii 121
ctmo 43
qddn 284
hgsl 111
eeqg 514
nccg 640
qsne 666
nadj 307
onac 290
dqof 616
lirn 412
rgck 284
rkbn 86
aofi 341
fsin 384
qnbb 481
toqd 591
josc 76
sikt 142
jekj 590
bfbc 24
ofoj 10
bpnm 646
grra 304
toeg 601
erlj 94
alqe 689
pfkp 31
lenn 158
elbh 581
isig 78
gggt 698
efdd 633
ejpm 582
hntl 329
kgrk 303
bafa 249
foch 574
arfg 468
lico 245
cnit 130
inrg 239
gtci 679
mctp 435
tkoa 215
lkkb 53
grps 191
kfje 95
iieg 106
roqd 157
msjq 210
phat 467
camq 309
hpas 566
ktkl 637
kptd 54
fsgm 104
jmlo 220
ragc 129
essc 465
jsfo 271
hpbr 144
nrla 578
gnak 503
tdan 488
mtoe 606
lkbk 336
jhdr 475
tqho 675
gpbk 564
ream 188
nhlm 242
bgom 363
sltm 366
opml 508
dohp 1
smjd 19
skba 295
foka 456
lodf 433
fpgg 214
lmac 424
sghm 84
kbqe 133
pqel 398
jlpr 319
hotd 138
kaeh 93
jcoq 491
qdsd 117
pjeb 287
ienc 235
lqrl 691
gont 297
dchh 614
jpbb 60
qkem 649
trgi 523
obhb 566
esrp 601
neqc 209
lksj 385
gsrt 400
ngsc 413
cbjm 689
tpic 653
jkbf 223
nrte 142
smdd 16
btjj 281
dmgb 59
fncg 208
erhl 270
lfbh 69
mkal 100
efrp 115
sjhk 112
qqfb 699
sksq 602
mecs 677
njdi 376
sgne 431
qpfo 588
kecq 416
tmka 31
ddgo 625
ttbn 245
opib 192
hbjc 255
lgrb 19
ttdn 339
prpr 237
magi 331
codn 120
elfg 30
hmrh 238
gtii 325
bhle 606
qhpb 460
heig 203
fcsk 356
nknt 65
asrf 571
ecbf 240
slgd 594
kegj 508
clho 466
palf 649
rjgf 594
ngcb 387
qngs 202
inso 286
rmol 679
qlpb 446
dmhs 591
asod 642
bqhq 412
stnk 497
tfbc 670
pbpi 306
tqbh 193
njlf 572
brar 95
einq 44
bcgp 162
shir 17
rhlm 129
dtjl 523
jsqb 113
qsaa 188
insd 194
aske 171
bkdm 443
tkdd 631
bobf 284
mder 64
iktg 549
ffhd 585
loer 398
hbae 484
jspk 155
kofo 215
ebjg 23
nnmc 399
gcll 416
gtrm 521
ocje 658
qleq 428
omda 634
epif 511
ehfc 615
qpie 208
nehi 639
gtln 267
mssn 218
igrj 640
stml 360
ibka 296
mbna 433
gjik 71
rtkg 402
cklo 320
rraa 351
ehaa 420
ipet 18
pcji 17
afej 280
raqj 286
feip 332
adln 327
lgji 608
bomm 607
hhpo 434
kbrr 661
gsrh 669
rtcs 334
ronr 183
olmh 305
olka 654
pirf 569
mlsj 551
djec 276
mfeg 504
osel 410
aajd 94
halj 112
dslj 179
tpdm 33
phaa 223
rrsm 192
qbkb 162
htao 209
flbt 470
jgfo 536
nfcf 409
mloj 518
kkaf 478
gorg 239
aptq 543
qgsh 124
hcmr 65
atmn 540
thbs 3
tmea 19
hlpo 281
qree 322
fopg 428
dopf 302
pjtp 441
rnjm 52
qaic 407
bqam 697
ttqd 367
dibj 142
dpak 441
iija 128
jmdb 641
jqhh 52
hbsa 577
sppi 628
pffr 674
inbj 622
itfr 293
qqcl 244
fccm 30
tfne 356
qsje 688
pbgg 327
sttc 199
ldsi 419
cmnm 569
fpbs 437
hsok 215
blqs 256
gbgp 245
aada 86
gqcd 416
jnkq 697
fkke 265
mlho 429
qqrg 103
hgpa 571
baib 340
qrdg 58
pmgg 435
jjgk 636
kkfj 435
pege 201
qqcq 297
mnjd 164
mjaq 538
omih 499
tabj 279
jskk 352
ddnq 181
rbbf 484
edqb 432
efho 354
akih 235
orge 34
gmkd 133
dcft 458
eicc 327
ilag 125
flap 454
fjac 262
gogd 646
rham 686
ihaq 260
cedh 565
ikib 560
cjqt 413
pdnh 586
mnak 694
flgp 389
fcrj 549
ldjp 217
eafm 447
ffhe 450
mcch 440
jssd 301
harq 143
jbbp 190
eeda 626
cqgi 88
rlnp 595
ahnc 553
rtjk 601
rcdn 161
qhdk 369
hokj 374
anbp 618
cdkj 203
obql 83
arcq 534
ormh 205
djef 244
jqke 77
pqkq 84
bnek 10
lksa 251
gqia 369
lpdd 68
nctf 570
mblh 218
dbds 32
odpb 677
sdii 406
jpck 71
ochm 64
imld 429
qrnk 538
bges 367
kodn 310
pert 299
mndg 64
milt 624
mfdp 363
hpfi 57
ndbl 694
ecfc 446
tgsl 218
gkas 159
qbko 580
pnsg 433
cljj 146
lfon 436
fjsp 182
otml 495
coli 45
fato 436
bsmf 451
nnfr 180
gcek 229
ndon 265
fndg 416
ieji 544
jobq 348
afgl 696
gtcs 32
mpcb 505
lpio 615
tipi 295
fdil 353
nqmr 595
jmti 629
rkgt 560
ccqn 130
pjhs 402
hsso 612
ofor 677
sqtm 104
irge 306
loql 175
oqqd 88
atlq 418
sjto 385
toka 672
blko 149
ndnb 429
ijik 417
qedj 566
dasr 161
sctm 207
gefr 12
jsam 310
cein 3
fsni 122
cbcs 602
lsok 530
pppc 13
aecl 568
cjoe 254
menp 661
nkbl 633
jpic 18
nfhd 691
nsbr 375
fkie 176
stbl 190
rnit 450
ilpn 12
mdje 36
marl 529
fjto 142
itnp 513
tmro 261
atjc 203
clkm 85
dsjm 220
bebq 391
nssq 438
gsas 180
cfdm 584
pccb 290
qsoe 449
olml 358
lkmp 387
mhqq 77
qlal 139
qgec 175
iief 515
seqr 618
dokd 301
ljjj 54
ihjd 595
ehif 365
apdm 687
aobm 601
rrce 636
qjmm 677
bdlr 153
hdhm 588
bbeq 189
jgpo 380
pfha 453
hbra 519
dkad 295
hrpm 396
pnil 33
mjem 662
nmks 296
bqcd 526
ghiq 227
rjcr 620
fhdk 460
olab 420
blpj 192
pomj 226
dbtg 238
epbh 352
pkbr 365
ohap 619
eohd 586
jjpb 288
onpm 11
egfi 217
kisj 312
phom 671
ahal 364
dldo 179
ntnk 595
htjo 148
ljmi 92
fist 567
osim 80
ckaj 413
cqha 45
doiq 504
nnah 125
jtbt 174
qoqr 433
bpsm 319
hirs 244
abmj 285
pokn 210
bgde 98
fnih 249
ffcs 264
kdti 152
fgta 38
bqdn 240
ftcf 149
gppl 2
dpqi 689
aflj 284
pijg 73
oqeo 692
pmgf 242
jrcm 601
cdal 560
bdbn 281
hsth 546
aneg 331
ebqk 426
icor -108
cfht 212
ndrk 644
klet -53
ifps 61
kepr -78
ttij -84
djdf -65
oqgd 553
cthn -24
dkaj -258
dlrj 693
qfak 638
oksp -117
fgmd -185
ooai 689
foor -109
jpln 212
sili -50
aebg 359
bafb 628
ttgb 209
bkmi 56
ajff 471
jjqj 90
jppc 237
bleq 53
pqtm 662
qjoi 480
pknf -163
ncrf -135
hdnh 141
crtl -258
fmmt 272
ltko 103
jgcl -120
pcrd 321
jedk 423
ipki 591
rhlk -180
nkdf -231
ijmc -207
iake -136
pjrl -150
nhad -37
lhpg 552
dtbi -169
pmar 91
kndq 289
dqqi 326
dtti -107
alii -87
rasm -204
nofk 57
VOID------
rhlk -180
nkdf -231
ijmc -207
iake -136
pjrl -150
nhad -37
VOID------
rhlk -180
nkdf -231
ijmc -207
iake -136
pjrl -150
nhad -37
VOID------
rhlk -180
nkdf -231
ijmc -207
iake -136
pjrl -150
nhad -37
VOID------
rhlk -180
nkdf -231
ijmc -207
iake -136
pjrl -150
nhad -37
DOMAIN------
iifr -14
njnk -55
liri -103
klbc -195
hbqi -200
sfed -17
tnle -166
rmlt -55
rasm -204
alii -87
lsdf -44
dtti -107
dtbi -169
ennn -47
icor -108
nhad -37
klet -53
kepr -78
ttij -84
djdf -65
cthn -24
dkaj -258
oksp -117
fgmd -185
pjrl -150
iake -136
ijmc -207
nkdf -231
rhlk -180
jgcl -120
crtl -258
foor -109
ncrf -135
pknf -163
sili -50
VOID------
shir 17
bcgp 162
einq 44
brar 95
VOID------
oggs -115
qdtd -222
cbpq 425
bojp -269
ttji -211
VOID------
bojp -269
ttji -211
apnn -141
rsbd -260
VOID------
ggcf -247
rsbd -260
hcpb 369
apnn -141
ttji -211
bojp -269
qdtd -222
VOID------
ggcf -247
rsbd -260
hcpb 369
apnn -141
ttji -211
bojp -269
qdtd -222
VOID------
ggcf -247
rsbd -260
hcpb 369
apnn -141
ttji -211
bojp -269
qdtd -222
VOID------
ggcf -247
rsbd -260
hcpb 369
apnn -141
ttji -211
bojp -269
qdtd -222
VOID------
ggcf -247
rsbd -260
hcpb 369
apnn -141
ttji -211
bojp -269
qdtd -222
VOID------
ggcf -247
rsbd -260
hcpb 369
apnn -141
ttji -211
bojp -269
qdtd -222
VOID------
dhif -8
pejg -216
qmil 17
ldmm -196
ibnr -63
loqp -216
oggs -115
VOID------
ldmm -196
ibnr -63
loqp -216
oggs -115
VOID------
ldmm -196
ibnr -63
loqp -216
oggs -115
VOID------
isaf -175
magq -26
qobq -202
odtr -97
VOID------
dhif -8
pejg -216
ldmm -196
ibnr -63
rcbg 82
loqp -216
LIGHT------
dash 189
ckfb 586
mkom 630
fnmp 689
rltg 120
eqqo -115
mimm 75
jchh 526
bipk 74
hbea 289
btro 196
mskj 421
kkmb 387
ffgi 415
psfl 506
hrka 425
poak 656
motp 366
krgg 119
rjrp 58
scsq 304
ofse 45
pbas 476
dclk 457
qias 138
gric 606
bqfg 189
easn 109
elii 171
qfsk 584
fbmt 179
grqp 659
njgi 366
kict 158
oopa 203
hmes -221
hdfp 530
drlq 660
jtfq 349
obng 120
ldqk -142
cism -17
khql 31
nfds 537
abni 294
spkj 319
ocmm 224
ddbj 654
prtf 413
tbnm 690
hcpb 369
djfd 18
ppsc 581
omcp 525
spjo 395
msci 199
ooai 689
qfak 638
dlrj 693
oqgd 553
ifps 61
ndrk 644
cfht 212
ebqk 426
aneg 331
hsth 546
bdbn 281
cdal 560
jrcm 601
pmgf 242
oqeo 692
pijg 73
aflj 284
dpqi 689
gppl 2
ftcf 149
bqdn 240
fgta 38
kdti 152
ffcs 264
fnih 249
bgde 98
pokn 210
abmj 285
hirs 244
bpsm 319
qoqr 433
jtbt 174
nnah 125
doiq 504
cqha 45
ckaj 413
osim 80
fist 567
ljmi 92
htjo 148
ntnk 595
dldo 179
ahal 364
phom 671
kisj 312
egfi 217
onpm 11
jjpb 288
eohd 586
ohap 619
pkbr 365
epbh 352
dbtg 238
pomj 226
blpj 192
olab 420
fhdk 460
rjcr 620
ghiq 227
bqcd 526
nmks 296
mjem 662
pnil 33
hrpm 396
dkad 295
hbra 519
pfha 453
jgpo 380
bbeq 189
hdhm 588
bdlr 153
qjmm 677
rrce 636
aobm 601
apdm 687
ehif 365
ihjd 595
ljjj 54
dokd 301
seqr 618
iief 515
qgec 175
qlal 139
mhqq 77
lkmp 387
olml 358
qsoe 449
pccb 290
cfdm 584
gsas 180
nssq 438
bebq 391
dsjm 220
clkm 85
atjc 203
tmro 261
itnp 513
fjto 142
marl 529
mdje 36
ilpn 12
rnit 450
stbl 190
fkie 176
nsbr 375
nfhd 691
jpic 18
nkbl 633
menp 661
cjoe 254
aecl 568
pppc 13
lsok 530
cbcs 602
fsni 122
cein 3
jsam 310
gefr 12
sctm 207
dasr 161
qedj 566
ijik 417
ndnb 429
blko 149
toka 672
sjto 385
atlq 418
oqqd 88
loql 175
irge 306
sqtm 104
ofor 677
hsso 612
pjhs 402
ccqn 130
rkgt 560
jmti 629
nqmr 595
fdil 353
tipi 295
lpio 615
mpcb 505
gtcs 32
afgl 696
jobq 348
ieji 544
fndg 416
ndon 265
gcek 229
nnfr 180
bsmf 451
fato 436
coli 45
otml 495
fjsp 182
lfon 436
cljj 146
pnsg 433
qbko 580
gkas 159
tgsl 218
ecfc 446
ndbl 694
hpfi 57
mfdp 363
milt 624
mndg 64
pert 299
kodn 310
bges 367
qrnk 538
imld 429
ochm 64
jpck 71
sdii 406
odpb 677
dbds 32
mblh 218
nctf 570
lpdd 68
gqia 369
lksa 251
bnek 10
pqkq 84
jqke 77
djef 244
ormh 205
arcq 534
obql 83
cdkj 203
anbp 618
hokj 374
qhdk 369
rcdn 161
rtjk 601
ahnc 553
rlnp 595
cqgi 88
eeda 626
jbbp 190
harq 143
jssd 301
mcch 440
ffhe 450
eafm 447
ldjp 217
fcrj 549
flgp 389
mnak 694
pdnh 586
cjqt 413
ikib 560
cedh 565
ihaq 260
rham 686
gogd 646
fjac 262
flap 454
ilag 125
eicc 327
dcft 458
gmkd 133
orge 34
akih 235
efho 354
edqb 432
rbbf 484
ddnq 181
jskk 352
tabj 279
omih 499
mjaq 538
mnjd 164
qqcq 297
pege 201
kkfj 435
jjgk 636
pmgg 435
qrdg 58
baib 340
hgpa 571
qqrg 103
mlho 429
fkke 265
jnkq 697
gqcd 416
aada 86
gbgp 245
blqs 256
hsok 215
fpbs 437
cmnm 569
ldsi 419
sttc 199
pbgg 327
qsje 688
tfne 356
fccm 30
qqcl 244
itfr 293
inbj 622
pffr 674
sppi 628
hbsa 577
jqhh 52
jmdb 641
iija 128
dpak 441
dibj 142
ttqd 367
bqam 697
qaic 407
rnjm 52
pjtp 441
dopf 302
fopg 428
qree 322
hlpo 281
tmea 19
thbs 3
atmn 540
hcmr 65
qgsh 124
aptq 543
gorg 239
kkaf 478
mloj 518
nfcf 409
jgfo 536
flbt 470
htao 209
qbkb 162
rrsm 192
phaa 223
tpdm 33
dslj 179
halj 112
aajd 94
osel 410
mfeg 504
djec 276
mlsj 551
pirf 569
olka 654
olmh 305
ronr 183
rtcs 334
gsrh 669
kbrr 661
hhpo 434
bomm 607
lgji 608
adln 327
feip 332
raqj 286
afej 280
pcji 17
ipet 18
ehaa 420
rraa 351
cklo 320
rtkg 402
gjik 71
mbna 433
ibka 296
stml 360
igrj 640
mssn 218
gtln 267
nehi 639
qpie 208
ehfc 615
epif 511
omda 634
qleq 428
ocje 658
gtrm 521
gcll 416
nnmc 399
ebjg 23
kofo 215
jspk 155
hbae 484
loer 398
ffhd 585
iktg 549
mder 64
bobf 284
tkdd 631
bkdm 443
aske 171
insd 194
qsaa 188
jsqb 113
dtjl 523
rhlm 129
shir 17
bcgp 162
einq 44
brar 95
njlf 572
tqbh 193
pbpi 306
tfbc 670
stnk 497
bqhq 412
asod 642
dmhs 591
qlpb 446
rmol 679
inso 286
qngs 202
ngcb 387
rjgf 594
palf 649
clho 466
kegj 508
slgd 594
ecbf 240
asrf 571
nknt 65
fcsk 356
heig 203
qhpb 460
bhle 606
gtii 325
hmrh 238
elfg 30
codn 120
magi 331
prpr 237
ttdn 339
lgrb 19
hbjc 255
opib 192
ttbn 245
ddgo 625
tmka 31
kecq 416
qpfo 588
sgne 431
njdi 376
mecs 677
sksq 602
qqfb 699
sjhk 112
efrp 115
mkal 100
lfbh 69
erhl 270
fncg 208
dmgb 59
btjj 281
smdd 16
nrte 142
jkbf 223
tpic 653
cbjm 689
ngsc 413
gsrt 400
lksj 385
neqc 209
esrp 601
obhb 566
trgi 523
qkem 649
jpbb 60
dchh 614
gont 297
lqrl 691
ienc 235
pjeb 287
qdsd 117
jcoq 491
kaeh 93
hotd 138
jlpr 319
pqel 398
kbqe 133
sghm 84
lmac 424
fpgg 214
lodf 433
foka 456
skba 295
smjd 19
dohp 1
opml 508
sltm 366
bgom 363
nhlm 242
ream 188
gpbk 564
tqho 675
jhdr 475
lkbk 336
mtoe 606
tdan 488
gnak 503
nrla 578
hpbr 144
jsfo 271
essc 465
ragc 129
jmlo 220
fsgm 104
kptd 54
ktkl 637
hpas 566
camq 309
phat 467
msjq 210
roqd 157
iieg 106
kfje 95
grps 191
lkkb 53
tkoa 215
mctp 435
gtci 679
inrg 239
cnit 130
lico 245
arfg 468
foch 574
bafa 249
kgrk 303
hntl 329
ejpm 582
efdd 633
gggt 698
isig 78
elbh 581
lenn 158
pfkp 31
alqe 689
erlj 94
toeg 601
grra 304
bpnm 646
ofoj 10
bfbc 24
jekj 590
sikt 142
josc 76
toqd 591
qnbb 481
fsin 384
aofi 341
rkbn 86
rgck 284
lirn 412
dqof 616
onac 290
nadj 307
qsne 666
nccg 640
eeqg 514
hgsl 111
qddn 284
ctmo 43
rmii 121
cqmm 113
creb 494
sclm 89
dpls 344
ngic 302
pffd 257
icnb 116
hkbc 466
ftor 520
caoe 664
iosp 608
acqn 105
bjeo 539
eeig 408
egik 221
hhmc 557
dcdc 174
esfh 126
jngo 127
isbs 271
kkoo 81
ktgh 480
gjjm 396
lptd 585
ndma 291
djgm 582
iklh 644
ledp 285
ldpe 594
ndbp 273
qkfe 636
mnnq 394
rqki 587
palc 183
rqfg 622
llak 379
ekcc 125
gcps 479
qjfl 326
osih 328
taoj 391
jlea 8
gnqm 90
hofg 117
pckk 303
mdnr 190
jqkj 511
delk 277
ifad 191
olrc 131
jtfc 213
bqtq 31
ritg 324
nopr 533
aqao 110
lnga 626
bprm 268
hkbk 110
lihq 58
ferm 593
gfjj 642
nrnj 263
rdld 485
pbpd 158
dlcg 170
pcpr 336
rffk 670
ncsd 56
jome 271
qrtm 260
kpnc 2
ohjf 664
bqig 426
ihbm 83
jqob 117
qpbd 187
lsqp 674
kmss 191
mrhg 6
cole 476
gdop 562
ranl 285
nonk 409
errd 519
gfod 317
nttl 452
tlfm 53
gghe 127
hrgh 440
agap 468
cppe 307
tpji 60
gbec 454
tppo 404
dmde 419
chnf 224
pinl 231
qljs 449
fcio 616
arhm 640
phan 317
mott 407
rqgt 192
iann 271
doqf 328
qmib 91
rtmt 399
okst 564
ebac 558
kkcl 667
rqqm 114
oomg 611
lsff 249
jcjs 622
lngt 274
okpg 605
kprn 563
keoq 526
ckrc 312
hrbq 499
bbrk 35
eeme 551
feqn 445
deck 680
bgin 369
dtsm 541
shkd 245
tnkp 601
jklt 262
eslp 280
boaq 64
edcf 54
emdq 211
igtc 596
otis 398
oarp 615
pobf 530
ahdo 697
tibm 570
ailm 69
jcbl 302
dots 243
rakj 553
emsb 143
fmqe 349
ernm 310
mebl 206
fcdb 462
nofk 57
dqqi 326
kndq 289
pmar 91
lhpg 552
ipki 591
jedk 423
pcrd 321
ltko 103
fmmt 272
hdnh 141
qjoi 480
pqtm 662
bleq 53
jppc 237
jjqj 90
ajff 471
bkmi 56
ttgb 209
bafb 628
aebg 359
jpln 212
catq 490
cbpq 425
ttpm 304
qmil 17
rilb 395
ggbs -29
nbtp -204
ikpi 469
dhif -8
pejg -216
ldmm -196
ibnr -63
rcbg 82
loqp -216
flna 608
bihs 347
bjgs 469
rlrs 569
oggs -115
qdtd -222
hghi 254
qtgb 155
iqbd 607
bojp -269
mlok 453
ttji -211
apnn -141
rako 614
rsbd -260
pgcl 214
ggcf -247
hlct 231
odtr -97
jqmp 71
qobq -202
magq -26
gnih 662
diso 236
isaf -175
dqai -245
rrdj -149
mhfr 487
mite 203
kjmt 491
naok -134
sbms 95
opre 41
gqrc 501
ejie 54
hmfl 300
eefo 499
eanj 432
qlbs 644
mhmf -9
hjmn 21
dgfp -24
dmfo 316
hkfn 571
idhl 475
tbgi -232
erej -263
khcq 694
kqor 369
krjn -24
cshr -299
eqgo 314
jgpa 503
aiec 650
jmba -131
ptio 390
iblh -124
bdrn -18
qbiq 7
olto 84
VOID------
ggbs -29
nbtp -204
obng 120
dhif -8
pejg -216
ldmm -196
ibnr -63
VOID------
aoba -205
fcoe -131
oiis 170
ncqp -223
cmic -195
stfp 22
poss -49
VOID------
aoba -205
fcoe -131
stfp 22
ncqp -223
cmic -195
chpl -101
rsnq -175
apnh -172
iach -199
VOID------
aoba -205
fcoe -131
ncqp -223
cmic -195
chpl -101
rsnq -175
VOID------
rsnq -175
apnh -172
iach -199
irkd -110
radn 176
cbsh -162
qjhn 259
impd -222
glhk -246
VOID------
rsnq -175
apnh -172
iach -199
irkd -110
radn 176
cbsh -162
qjhn 259
impd -222
glhk -246
VOID------
rsnq -175
apnh -172
iach -199
irkd -110
radn 176
cbsh -162
qjhn 259
impd -222
glhk -246
VOID------
ncqp -223
fcoe -131
jpic 18
aoba -205
qbib -24
ghjc -30
nkft -272
bdrn -18
iblh -124
VOID------
ncqp -223
fcoe -131
jpic 18
aoba -205
qbib -24
ghjc -30
nkft -272
bdrn -18
iblh -124
VOID------
ncqp -223
fcoe -131
jpic 18
aoba -205
qbib -24
ghjc -30
nkft -272
bdrn -18
iblh -124
VOID------
tbgi -232
erej -263
idhl 475
krjn -24
cshr -299
jmba -131
iblh -124
bdrn -18
nkft -272
VOID------
qmde -262
nnpm -121
ndon 265
bdpk -146
bemi -262
rlqb -194
btjs -226
VOID------
qmde -262
nnpm -121
ndon 265
bdpk -146
bemi -262
rlqb -194
btjs -226
VOID------
qmde -262
nnpm -121
ndon 265
bdpk -146
bemi -262
rlqb -194
btjs -226
VOID------
qmde -262
nnpm -121
ndon 265
bdpk -146
bemi -262
rlqb -194
btjs -226
VOID------
qmde -262
nnpm -121
ndon 265
bdpk -146
bemi -262
rlqb -194
btjs -226
VOID------
qmde -262
nnpm -121
ndon 265
bdpk -146
bemi -262
rlqb -194
btjs -226
VOID------
jijk -229
tdte 43
hroe 93
pmqm -230
mmpe 98
hejj -156
ibdj -125
nsqa -224
jsqc -81
faeg -179
kqjb -156
VOID------
irkd -110
cbsh -162
gere 255
impd -222
jgda 215
glhk -246
pcbl 168
gqkh -86
lnne -127
dojk 77
khre -23
qmec -100
fpes -196
slod -36
jace -252
mkfe -89
rdce -218
VOID------
rdrj -260
befp -4
nnfr 180
bblq -275
gsoa -281
gibc -285
damh -167
VOID------
loqp -216
ibnr -63
ldmm -196
pejg -216
dhif -8
nbtp -204
ggbs -29
VOID------
loqp -216
ibnr -63
ldmm -196
pejg -216
dhif -8
nbtp -204
ggbs -29
VOID------
loqp -216
ibnr -63
ldmm -196
pejg -216
dhif -8
nbtp -204
ggbs -29
VOID------
aoba -205
fcoe -131
oiis 170
ncqp -223
odee 298
cmic -195
sttf 17
chpl -101
rsnq -175
pfnp 170
apnh -172
iach -199
irkd -110
cbsh -162
impd -222
glhk -246
gqkh -86
VOID------
rsbd -260
apnn -141
obql 83
ttji -211
bojp -269
qdtd -222
oggs -115
loqp -216
ibnr -63
ldmm -196
VOID------
dqai -245
isaf -175
pqkq 84
magq -26
jqke 77
qobq -202
djef 244
odtr -97
ggcf -247
ormh 205
rsbd -260
apnn -141
ttji -211
bojp -269
qdtd -222
oggs -115
loqp -216
VOID------
dqai -245
isaf -175
pqkq 84
magq -26
jqke 77
qobq -202
djef 244
odtr -97
ggcf -247
ormh 205
rsbd -260
apnn -141
ttji -211
bojp -269
qdtd -222
oggs -115
loqp -216
VOID------
dqai -245
isaf -175
pqkq 84
magq -26
jqke 77
qobq -202
djef 244
odtr -97
ggcf -247
ormh 205
rsbd -260
apnn -141
ttji -211
bojp -269
qdtd -222
oggs -115
loqp -216
VOID------
dqai -245
isaf -175
pqkq 84
magq -26
jqke 77
qobq -202
djef 244
odtr -97
ggcf -247
ormh 205
rsbd -260
apnn -141
ttji -211
bojp -269
qdtd -222
oggs -115
loqp -216
VOID------
odtr -97
ggcf -247
rsbd -260
apnn -141
ttji -211
bojp -269
qdtd -222
LIGHT------
ipfi 100
gqbp 603
dedp 639
eisg 554
trcb 688
kobt -6
titg -173
sbcb -287
gorb -155
nrla 578
snci -72
hpbr 144
jsfo 271
essc 465
tlri 99
jqki -138
disn -63
melr 6
bbge 172
kcjc 170
fidn -101
jlgl 234
kpba -109
ptrm -29
bobe 125
eakr -163
nhin 169
ahbj -16
mlbl 286
illh -212
gpqf 551
fpcg -124
sebg -135
pphn 484
eptk 127
eojm -62
bsck -100
pgcb -151
cneg 144
jema 79
tapf 168
kphj -3
fbba 326
hjmg 142
rsfs 687
tgsk 87
ploa 38
rpim 100
dkdd 42
emrg 583
fkep -156
giaf 400
oqqp -21
chpi 529
caan 325
hbkb 152
safr -112
eqkp -98
ttnc 255
njmp 432
anmc -143
hsah -16
sdqf 98
ngtt 184
hcmb 126
brih -11
psoi 521
folh -7
jjog -112
jkgp 620
cbdq 636
mtfa -295
janj -167
kqld 449
qmde -262
pheo 210
sjsa 103
inhk 446
nnpm -121
bdpk -146
ggdc 194
bemi -262
rlqb -194
btjs -226
tbfp -75
eqpo -198
qrrk -22
asqp 448
mcdk 618
mqio 487
lofg -112
ssmd -116
hjtp 647
pkhr -72
gole -278
jqks 670
apgs 139
cleb 627
rthf 450
igpq -50
hgob 64
nfls -44
kemf -100
rdce -218
mkfe -89
sdpm 482
jace -252
jlei 630
slod -36
fpes -196
bakj 650
appe 280
qmec -100
khre -23
gkaa 699
lnne -127
jfbl 361
ragc 129
jmlo 220
gqkh -86
glhk -246
fsgm 104
kptd 54
impd -222
ktkl 637
hpas 566
camq 309
phat 467
msjq 210
roqd 157
iieg 106
kfje 95
grps 191
lkkb 53
tkoa 215
cbsh -162
irkd -110
mctp 435
gtci 679
iach -199
apnh -172
inrg 239
rsnq -175
chpl -101
cnit 130
lico 245
arfg 468
foch 574
bafa 249
kgrk 303
hntl 329
ejpm 582
efdd 633
cmic -195
gggt 698
isig 78
elbh 581
lenn 158
pfkp 31
alqe 689
erlj 94
toeg 601
grra 304
bpnm 646
ofoj 10
bfbc 24
jekj 590
sikt 142
josc 76
toqd 591
qnbb 481
fsin 384
aofi 341
rkbn 86
rgck 284
lirn 412
ncqp -223
dqof 616
onac 290
nadj 307
fcoe -131
qsne 666
nccg 640
eeqg 514
hgsl 111
qddn 284
ctmo 43
rmii 121
cqmm 113
creb 494
sclm 89
dpls 344
ngic 302
pffd 257
aoba -205
icnb 116
hkbc 466
ftor 520
caoe 664
iosp 608
acqn 105
bjeo 539
eeig 408
egik 221
hhmc 557
dcdc 174
esfh 126
jngo 127
isbs 271
kkoo 81
ktgh 480
gjjm 396
palc 183
rqfg 622
llak 379
ekcc 125
gcps 479
qjfl 326
osih 328
taoj 391
jlea 8
gnqm 90
hofg 117
pckk 303
qbib -24
mdnr 190
jqkj 511
delk 277
ifad 191
ghjc -30
nkft -272
olrc 131
jtfc 213
bqtq 31
ritg 324
nopr 533
aqao 110
lnga 626
bprm 268
hkbk 110
lihq 58
ferm 593
gfjj 642
nrnj 263
rdld 485
pbpd 158
dlcg 170
pcpr 336
rffk 670
ncsd 56
jome 271
qrtm 260
kpnc 2
ohjf 664
bqig 426
ihbm 83
jqob 117
qpbd 187
lsqp 674
kmss 191
mrhg 6
cole 476
gdop 562
ranl 285
nonk 409
errd 519
gfod 317
nttl 452
tlfm 53
gghe 127
hrgh 440
agap 468
cppe 307
tpji 60
gbec 454
tppo 404
dmde 419
chnf 224
pinl 231
qljs 449
fcio 616
arhm 640
phan 317
mott 407
rqgt 192
iann 271
doqf 328
qmib 91
rtmt 399
okst 564
ebac 558
kkcl 667
rqqm 114
oomg 611
lsff 249
jcjs 622
lngt 274
okpg 605
kprn 563
keoq 526
ckrc 312
hrbq 499
bbrk 35
eeme 551
feqn 445
deck 680
bgin 369
dtsm 541
shkd 245
tnkp 601
jklt 262
eslp 280
boaq 64
edcf 54
emdq 211
igtc 596
otis 398
oarp 615
pobf 530
ahdo 697
tibm 570
ailm 69
jcbl 302
dots 243
rakj 553
emsb 143
fmqe 349
ernm 310
mebl 206
fcdb 462
nofk 57
dqqi 326
kndq 289
pmar 91
lhpg 552
ipki 591
jedk 423
pcrd 321
ltko 103
fmmt 272
hdnh 141
qjoi 480
pqtm 662
bleq 53
jppc 237
jjqj 90
ajff 471
bkmi 56
ttgb 209
bafb 628
aebg 359
jpln 212
catq 490
cbpq 425
ttpm 304
qmil 17
rilb 395
ikpi 469
rcbg 82
flna 608
bihs 347
bjgs 469
rlrs 569
hghi 254
qtgb 155
iqbd 607
mlok 453
rako 614
pgcl 214
hlct 231
jqmp 71
gnih 662
diso 236
mhfr 487
mite 203
kjmt 491
sbms 95
opre 41
gqrc 501
ejie 54
hmfl 300
eefo 499
eanj 432
qlbs 644
hjmn 21
dmfo 316
hkfn 571
idhl 475
khcq 694
kqor 369
eqgo 314
jgpa 503
aiec 650
ptio 390
qbiq 7
olto 84
mrqg 197
radn 176
qjhn 259
hlbr 255
qcqd 508
epae 448
bnet 665
stfp 22
lrjf 164
frgb 262
crgd 620
kqpk 46
jlqa 128
hijq 174
orsr 220
mmnr 375
ncaf 164
hfqt 495
idde 683
nokf 649
casl 609
msos 626
tloa 591
lnlp 635
ffif 251
nfoh 27
nlcd 571
ghoj 30
tnqq 334
mkcj 5
mkri 421
qtio 223
mgts 592
kiec 679
mlsh 350
crpa 132
fnpb 350
edgr 515
plmi 687
sbbo 648
fhdm 152
qhep 112
fmqd 696
clbs 418
else 538
dnsp 501
mdtg 408
pehb 242
cjik 16
skbc 191
adpk 662
lsjc 635
fckp 11
ggkk 410
liqo 194
cngl 451
btqj 661
ndnl 597
olhm 229
mght 529
gqqh 505
pild 691
dpnf 416
irpr 161
hsen 418
ickj 698
cmcr 549
sqag 287
cihk 630
otao 249
ntdc 172
pfnp 170
sttf 17
odee 298
oiis 170
dpmd 188
prfg 665
ppae 432
tihg 286
pmcf 488
dash 189
ckfb 586
mkom 630
fnmp 689
rltg 120
mimm 75
jchh 526
bipk 74
hbea 289
btro 196
mskj 421
kkmb 387
ffgi 415
psfl 506
hrka 425
poak 656
motp 366
krgg 119
rjrp 58
scsq 304
ofse 45
pbas 476
dclk 457
qias 138
gric 606
bqfg 189
easn 109
elii 171
qfsk 584
fbmt 179
grqp 659
njgi 366
kict 158
oopa 203
hdfp 530
drlq 660
jtfq 349
obng 120
khql 31
nfds 537
abni 294
spkj 319
ocmm 224
ddbj 654
prtf 413
tbnm 690
hcpb 369
djfd 18
ppsc 581
omcp 525
spjo 395
msci 199
ooai 689
qfak 638
dlrj 693
oqgd 553
ifps 61
ndrk 644
cfht 212
ebqk 426
aneg 331
hsth 546
bdbn 281
cdal 560
jrcm 601
pmgf 242
oqeo 692
pijg 73
aflj 284
dpqi 689
gppl 2
ftcf 149
bqdn 240
fgta 38
kdti 152
ffcs 264
fnih 249
bgde 98
pokn 210
abmj 285
hirs 244
bpsm 319
qoqr 433
jtbt 174
nnah 125
doiq 504
cqha 45
ckaj 413
osim 80
fist 567
ljmi 92
htjo 148
ntnk 595
dldo 179
ahal 364
phom 671
kisj 312
egfi 217
onpm 11
jjpb 288
eohd 586
ohap 619
pkbr 365
epbh 352
dbtg 238
pomj 226
blpj 192
olab 420
fhdk 460
rjcr 620
ghiq 227
bqcd 526
nmks 296
mjem 662
pnil 33
hrpm 396
dkad 295
hbra 519
pfha 453
jgpo 380
bbeq 189
hdhm 588
bdlr 153
qjmm 677
rrce 636
aobm 601
apdm 687
ehif 365
ihjd 595
ljjj 54
dokd 301
seqr 618
iief 515
qgec 175
qlal 139
mhqq 77
lkmp 387
olml 358
qsoe 449
pccb 290
cfdm 584
gsas 180
nssq 438
bebq 391
dsjm 220
clkm 85
atjc 203
tmro 261
itnp 513
fjto 142
marl 529
mdje 36
ilpn 12
rnit 450
stbl 190
fkie 176
nsbr 375
nfhd 691
jpic 18
nkbl 633
menp 661
cjoe 254
aecl 568
pppc 13
lsok 530
cbcs 602
fsni 122
cein 3
jsam 310
gefr 12
sctm 207
bdrn -18
iblh -124
jmba -131
dasr 161
qedj 566
cshr -299
krjn -24
ijik 417
erej -263
ndnb 429
blko 149
toka 672
sjto 385
atlq 418
oqqd 88
loql 175
tbgi -232
dgfp -24
irge 306
mhmf -9
sqtm 104
ofor 677
naok -134
rrdj -149
hsso 612
dqai -245
pjhs 402
isaf -175
ccqn 130
magq -26
qobq -202
rkgt 560
odtr -97
ggcf -247
rsbd -260
apnn -141
ttji -211
bojp -269
qdtd -222
jmti 629
nqmr 595
fdil 353
oggs -115
tipi 295
lpio 615
loqp -216
mpcb 505
ibnr -63
ldmm -196
pejg -216
dhif -8
nbtp -204
ggbs -29
gtcs 32
afgl 696
cism -17
jobq 348
ieji 544
ldqk -142
hmes -221
fndg 416
ndon 265
gcek 229
nnfr 180
eqqo -115
bsmf 451
fato 436
coli 45
otml 495
poss -49
okjk -79
scjt -116
fjsp 182
lfon 436
cljj 146
pnsg 433
rege -170
goif -122
qbko 580
lfgm -197
rdfe -207
gkas 159
tgsl 218
ecfc 446
ndbl 694
obmd -32
molg -137
hpfi 57
hkse -82
mfdp 363
ajhl -104
moll -54
skcs -14
milt 624
tfll -277
mndg 64
pert 299
fktq -40
kodn 310
bges 367
qrnk 538
imld 429
ochm 64
jpck 71
sdii 406
odpb 677
dbds 32
mblh 218
nctf 570
lpdd 68
gqia 369
lksa 251
bnek 10
pqkq 84
jqke 77
djef 244
ormh 205
arcq 534
obql 83
cdkj 203
anbp 618
hokj 374
qhdk 369
tdic -168
rcdn 161
rtjk 601
ahnc 553
rlnp 595
cqgi 88
eeda 626
jbbp 190
harq 143
jssd 301
mcch 440
ffhe 450
eafm 447
bsjh -8
ldjp 217
fcrj 549
flgp 389
mnak 694
pdnh 586
jqbl -128
cjqt 413
ikib 560
cedh 565
ihaq 260
gamm -42
rham 686
gogd 646
fjac 262
rjib -274
flap 454
ilag 125
eicc 327
dcft 458
gmkd 133
orge 34
akih 235
efho 354
edqb 432
rbbf 484
ddnq 181
jskk 352
tabj 279
jijk -229
omih 499
mjaq 538
mnjd 164
qqcq 297
pege 201
kkfj 435
jjgk 636
pmgg 435
qrdg 58
baib 340
hgpa 571
qqrg 103
mlho 429
fkke 265
jnkq 697
gqcd 416
aada 86
gbgp 245
blqs 256
hsok 215
fpbs 437
cmnm 569
ldsi 419
sttc 199
pbgg 327
qsje 688
tfne 356
fccm 30
qqcl 244
itfr 293
inbj 622
pffr 674
sppi 628
hbsa 577
jqhh 52
jmdb 641
iija 128
dpak 441
dibj 142
ttqd 367
bqam 697
qaic 407
rnjm 52
pjtp 441
dopf 302
pmqm -230
hejj -156
fopg 428
qree 322
hlpo 281
ibdj -125
tmea 19
nsqa -224
thbs 3
aptq 543
jsqc -81
gorg 239
faeg -179
kqjb -156
kkaf 478
mloj 518
nfcf 409
jgfo 536
flbt 470
htao 209
qbkb 162
rrsm 192
phaa 223
tpdm 33
dslj 179
halj 112
aajd 94
osel 410
mfeg 504
djec 276
mlsj 551
pirf 569
olka 654
olmh 305
ronr 183
rtcs 334
gsrh 669
kbrr 661
hhpo 434
bomm 607
lgji 608
adln 327
feip 332
raqj 286
afej 280
pcji 17
ipet 18
ehaa 420
rraa 351
cklo 320
rtkg 402
gjik 71
mbna 433
ibka 296
stml 360
igrj 640
mssn 218
gtln 267
nehi 639
qpie 208
ehfc 615
epif 511
omda 634
kifc 361
cgkj 268
ftht 605
cmog 545
rnaq 385
haot 662
tabd 629
smme 259
rrqr 61
jmkj 344
krse 108
tsdj 233
iims 158
gdno 639
qlsh 38
scrl 141
hckl 267
jspk 155
hbae 484
loer 398
ffhd 585
iktg 549
mder 64
bobf 284
tkdd 631
bkdm 443
aske 171
insd 194
qsaa 188
jsqb 113
dtjl 523
rhlm 129
shir 17
bcgp 162
einq 44
brar 95
njlf 572
tqbh 193
pbpi 306
tfbc 670
stnk 497
bqhq 412
asod 642
dmhs 591
qlpb 446
rmol 679
inso 286
qngs 202
ngcb 387
rjgf 594
palf 649
clho 466
kegj 508
slgd 594
ecbf 240
asrf 571
nknt 65
fcsk 356
heig 203
qhpb 460
bhle 606
gtii 325
hmrh 238
elfg 30
kkrd 395
qgog 474
ocrm 41
rlft 252
gjfp 143
mcqj 172
poff 362
tlan 186
pnfi 207
trii 24
ikdb 120
maab 673
lfgq 535
drqc 373
jctj 276
rdtl 200
qndn 368
tlmr 324
rkfi 548
lkfg 162
joji 113
itra 654
tekb 654
ojsp 497
dmmg 690
hkqa 453
asrg 627
gkpj 371
cejl 179
tidr 144
bcin 68
istf 44
iqtm 644
rrde 647
mdht 581
nbkb 577
jkmf 416
rolt 553
aegk 364
osoq 49
fash 697
rmih 460
bkjp 503
sdhi 409
blso 569
riti 86
htmf 72
iggo 180
iqhp 7
ndsq 212
grff 184
oacl 103
qlko 465
hdjd 141
cllt 338
dtdd 438
habf 195
hnig 8
ospp 571
ofjf 597
ipjm 508
ggsq 38
qitn 87
rffg 246
jtih 510
lorg 676
rmcc 647
crhk 290
mqjb 233
gjmj 463
rqjl 385
njns 129
gked 106
beis 461
jrpk 349
rcgp 494
einb 655
scrn 587
oqjt -250
hidf 165
rhge 140
hncq 326
kkei 138
egpa 351
ggdq -162
ddhr 631
damh -167
mmpe 98
gibc -285
gsoa -281
bblq -275
befp -4
hroe 93
tdte 43
dbtt 536
rdrj -260
hppr -14
fpdm 164
olol 329
jsge 334
kemg -95
dojk 77
pcbl 168
jgda 215
genp -262
jmke -297
gere 255
tlgh 329
iobe 629
pcdn 222
ogdt -146
ffps -196
hjsa -83
rtos -172
ksll -69
rpiq 65
olra -52
hqlg -61
tmrp -208
dkhi 205
fbsk -199
hkqg 454
srnc 681
aktk 210
lbep -42
eidd -38
mqjs -243
qkqr -90
jenl -186
ahse -125
rold 214
fbhr 235
fnqb -130
cgac -68
mfcp -178
fjcb 496
oiha 166
tjdm -142
ankb 16
mbbj 615
aeqb 348
fkki 299
gpba 6
ktqb 99
jbof 98
fkii 528
mhls 538
pdqh 190
itqs 14
falc 472
skba 295
smjd 19
dohp 1
opml 508
sltm 366
bgom 363
nhlm 242
ream 188
tqho 675
jhdr 475
lkbk 336
mtoe 606
tdan 488
lkfc -194
gnak 503
mnmn -226
gilf 468
phlb -97
mhmm 196
VOID------
odtr -97
ggcf -247
rsbd -260
apnn -141
ttji -211
bojp -269
qdtd -222
VOID------
odtr -97
ggcf -247
rsbd -260
apnn -141
ttji -211
bojp -269
qdtd -222
VOID------
odtr -97
ggcf -247
rsbd -260
apnn -141
ttji -211
bojp -269
qdtd -222
VOID------
odtr -97
ggcf -247
rsbd -260
apnn -141
ttji -211
bojp -269
qdtd -222
VOID------
odtr -97
ggcf -247
rsbd -260
apnn -141
ttji -211
bojp -269
qdtd -222
VOID------
odtr -97
ggcf -247
rsbd -260
apnn -141
ttji -211
bojp -269
qdtd -222
VOID------
odtr -97
ggcf -247
rsbd -260
apnn -141
ttji -211
bojp -269
qdtd -222
VOID------
odtr -97
ggcf -247
rsbd -260
apnn -141
ttji -211
bojp -269
qdtd -222
VOID------
odtr -97
ggcf -247
rsbd -260
apnn -141
ttji -211
bojp -269
qdtd -222
VOID------
odtr -97
ggcf -247
rsbd -260
apnn -141
ttji -211
bojp -269
qdtd -222
LIGHT------
pjoa 333
rifg 230
dijq 431
srea 659
indi 236
lgdl 596
djkh 230
esmm 344
bfbc 24
jmba -131
ofoj 10
iblh -124
bpnm 646
bdrn -18
nkft -272
grra 304
toeg 601
ghjc -30
qbib -24
aoba -205
erlj 94
alqe 689
pfkp 31
fcoe -131
lenn 158
elbh 581
isig 78
gggt 698
efdd 633
ejpm 582
hntl 329
kgrk 303
ncqp -223
bafa 249
cmic -195
foch 574
arfg 468
lico 245
ctcn -73
rftj -295
cnit 130
inrg 239
chpl -101
rsnq -175
gtci 679
mctp 435
tkoa 215
apnh -172
lkkb 53
iach -199
irkd -110
grps 191
kfje 95
cbsh -162
impd -222
iieg 106
glhk -246
roqd 157
msjq 210
phat 467
gqkh -86
iamb -256
camq 309
isea -221
lnne -127
oqqa -84
mcli -278
trpq -241
khre -23
hpas 566
ktkl 637
kptd 54
qmec -100
fpes -196
fsgm 104
slod -36
jace -252
jmlo 220
mkfe -89
ragc 129
rdce -218
jfbl 361
hlam 167
kemf -100
mitj 104
ermk 86
bcgd 55
dbkp 25
aiil 193
gkaa 699
nfls -44
igpq -50
tdof 40
mmjc 47
fqhb 91
scpm 41
gedg -215
chhn 158
kmbk -281
ndsb -21
esno -97
lipq -7
dimb 199
gole -278
krdm 139
pkhr -72
ssmd -116
hfpc 52
lpqq 131
lofg -112
qrrk -22
eqpo -198
tssk 119
tbfp -75
appe 280
btjs -226
bakj 650
jlei 630
rlqb -194
sdpm 482
bemi -262
hgob 64
bdpk -146
rthf 450
cleb 627
nnpm -121
qmde -262
apgs 139
jqks 670
janj -167
hjtp 647
mqio 487
mcdk 618
asqp 448
ggdc 194
inhk 446
sjsa 103
pheo 210
kqld 449
cbdq 636
jkgp 620
mtfa -295
jjog -112
psoi 521
hcmb 126
folh -7
brih -11
ngtt 184
hsah -16
anmc -143
sdqf 98
njmp 432
ttnc 255
hbkb 152
caan 325
chpi 529
giaf 400
emrg 583
eqkp -98
dkdd 42
rpim 100
safr -112
ploa 38
oqqp -21
tgsk 87
rsfs 687
hjmg 142
fbba 326
tapf 168
jema 79
cneg 144
eptk 127
pphn 484
gpqf 551
mlbl 286
nhin 169
bobe 125
jlgl 234
kcjc 170
bbge 172
melr 6
tlri 99
essc 465
jsfo 271
hpbr 144
nrla 578
fkep -156
trcb 688
eisg 554
dedp 639
kphj -3
gqbp 603
ljno 696
skoa 652
odtq 329
slnj 295
hdso 90
pmle 408
bspn 409
gpte 145
bjfa 130
iohh 499
ipfi 100
mhmm 196
pgcb -151
gilf 468
gnak 503
tdan 488
mtoe 606
lkbk 336
jhdr 475
tqho 675
ream 188
nhlm 242
bgom 363
sltm 366
opml 508
dohp 1
smjd 19
skba 295
falc 472
itqs 14
pdqh 190
mhls 538
fkii 528
jbof 98
ktqb 99
gpba 6
fkki 299
aeqb 348
mbbj 615
ankb 16
oiha 166
fjcb 496
bsck -100
fbhr 235
rold 214
aktk 210
srnc 681
eojm -62
sebg -135
hkqg 454
dkhi 205
rpiq 65
pcdn 222
iobe 629
tlgh 329
gere 255
jgda 215
pcbl 168
dojk 77
jsge 334
olol 329
fpdm 164
dbtt 536
tdte 43
hroe 93
mmpe 98
ddhr 631
egpa 351
kkei 138
hncq 326
rhge 140
hidf 165
scrn 587
einb 655
rcgp 494
jrpk 349
beis 461
gked 106
njns 129
rqjl 385
gjmj 463
mqjb 233
crhk 290
rmcc 647
lorg 676
jtih 510
rffg 246
qitn 87
ggsq 38
ipjm 508
ofjf 597
ospp 571
hnig 8
habf 195
dtdd 438
cllt 338
hdjd 141
qlko 465
oacl 103
grff 184
ndsq 212
iqhp 7
iggo 180
htmf 72
riti 86
blso 569
sdhi 409
bkjp 503
rmih 460
fash 697
osoq 49
aegk 364
rolt 553
jkmf 416
nbkb 577
mdht 581
rrde 647
iqtm 644
istf 44
bcin 68
tidr 144
cejl 179
gkpj 371
asrg 627
hkqa 453
dmmg 690
ojsp 497
tekb 654
itra 654
joji 113
lkfg 162
rkfi 548
tlmr 324
qndn 368
rdtl 200
jctj 276
drqc 373
lfgq 535
maab 673
ikdb 120
trii 24
pnfi 207
tlan 186
poff 362
mcqj 172
gjfp 143
rlft 252
ocrm 41
qgog 474
kkrd 395
elfg 30
hmrh 238
gtii 325
bhle 606
qhpb 460
heig 203
fcsk 356
nknt 65
asrf 571
ecbf 240
slgd 594
kegj 508
clho 466
palf 649
rjgf 594
ngcb 387
qngs 202
inso 286
rmol 679
qlpb 446
dmhs 591
asod 642
bqhq 412
stnk 497
tfbc 670
pbpi 306
tqbh 193
njlf 572
brar 95
einq 44
bcgp 162
shir 17
rhlm 129
dtjl 523
jsqb 113
qsaa 188
insd 194
aske 171
bkdm 443
tkdd 631
bobf 284
mder 64
iktg 549
ffhd 585
loer 398
hbae 484
jspk 155
hckl 267
scrl 141
qlsh 38
gdno 639
iims 158
tsdj 233
krse 108
jmkj 344
rrqr 61
smme 259
tabd 629
haot 662
rnaq 385
cmog 545
ftht 605
cgkj 268
kifc 361
omda 634
epif 511
ehfc 615
qpie 208
nehi 639
gtln 267
mssn 218
igrj 640
stml 360
ibka 296
mbna 433
gjik 71
rtkg 402
cklo 320
rraa 351
ehaa 420
ipet 18
pcji 17
afej 280
raqj 286
feip 332
adln 327
lgji 608
bomm 607
hhpo 434
kbrr 661
gsrh 669
rtcs 334
ronr 183
olmh 305
olka 654
pirf 569
mlsj 551
djec 276
mfeg 504
osel 410
aajd 94
halj 112
dslj 179
tpdm 33
phaa 223
rrsm 192
qbkb 162
htao 209
flbt 470
jgfo 536
nfcf 409
mloj 518
kkaf 478
gorg 239
aptq 543
thbs 3
tmea 19
hlpo 281
qree 322
fopg 428
dopf 302
pjtp 441
rnjm 52
qaic 407
bqam 697
ttqd 367
dibj 142
dpak 441
iija 128
jmdb 641
jqhh 52
hbsa 577
sppi 628
pffr 674
inbj 622
itfr 293
qqcl 244
fccm 30
tfne 356
qsje 688
pbgg 327
sttc 199
ldsi 419
cmnm 569
fpbs 437
hsok 215
blqs 256
gbgp 245
aada 86
gqcd 416
jnkq 697
fkke 265
mlho 429
qqrg 103
hgpa 571
baib 340
qrdg 58
pmgg 435
jjgk 636
kkfj 435
pege 201
qqcq 297
mnjd 164
mjaq 538
omih 499
tabj 279
jskk 352
ddnq 181
rbbf 484
edqb 432
efho 354
akih 235
orge 34
gmkd 133
dcft 458
eicc 327
ilag 125
flap 454
fjac 262
gogd 646
rham 686
ihaq 260
cedh 565
ikib 560
cjqt 413
pdnh 586
mnak 694
flgp 389
fcrj 549
ldjp 217
eafm 447
ffhe 450
mcch 440
jssd 301
harq 143
jbbp 190
eeda 626
cqgi 88
rlnp 595
ahnc 553
rtjk 601
rcdn 161
qhdk 369
hokj 374
anbp 618
cdkj 203
obql 83
arcq 534
ormh 205
djef 244
jqke 77
pqkq 84
bnek 10
lksa 251
gqia 369
lpdd 68
nctf 570
mblh 218
dbds 32
odpb 677
sdii 406
jpck 71
ochm 64
imld 429
qrnk 538
bges 367
kodn 310
pert 299
mndg 64
milt 624
mfdp 363
hpfi 57
ndbl 694
ecfc 446
tgsl 218
gkas 159
qbko 580
pnsg 433
cljj 146
lfon 436
fjsp 182
otml 495
coli 45
fato 436
bsmf 451
nnfr 180
gcek 229
ndon 265
fndg 416
ieji 544
jobq 348
afgl 696
gtcs 32
mpcb 505
lpio 615
tipi 295
fdil 353
nqmr 595
jmti 629
rkgt 560
ccqn 130
pjhs 402
hsso 612
ofor 677
sqtm 104
irge 306
loql 175
oqqd 88
atlq 418
sjto 385
toka 672
blko 149
ndnb 429
ijik 417
pjbt 474
qedj 566
dasr 161
dqmb 646
jstj 229
cqrl 674
ckee 419
irib 260
eamg 693
pocr 528
eokr 376
bptr 483
snqg 403
pffh 323
fltp 356
biob 655
ciqs 211
oeok 531
kdcp 561
ebma 247
eiic 552
aqpc 314
frjg 471
tepl 249
sonr 422
kfgn 328
fipc 341
sdhm 575
afdb 286
nisq 514
hkco 601
ncrn 618
sctm 207
gefr 12
jsam 310
cein 3
fsni 122
cbcs 602
lsok 530
pppc 13
aecl 568
fpcg -124
illh -212
ahbj -16
cjoe 254
menp 661
eakr -163
nkbl 633
jpic 18
nfhd 691
nsbr 375
fkie 176
stbl 190
rnit 450
ilpn 12
mdje 36
marl 529
fjto 142
itnp 513
tmro 261
atjc 203
clkm 85
dsjm 220
bebq 391
nssq 438
gsas 180
cfdm 584
pccb 290
qsoe 449
olml 358
lkmp 387
mhqq 77
qlal 139
qgec 175
iief 515
seqr 618
dokd 301
ptrm -29
ljjj 54
kpba -109
ihjd 595
ehif 365
apdm 687
aobm 601
rrce 636
qjmm 677
bdlr 153
fidn -101
disn -63
hdhm 588
jqki -138
bbeq 189
jgpo 380
snci -72
gorb -155
pfha 453
sbcb -287
hbra 519
titg -173
dkad 295
kobt -6
frns -132
hrpm 396
tfrc -75
mnqd -201
abot -44
phlb -97
mnmn -226
lkfc -194
tjdm -142
pnil 33
mjem 662
nmks 296
mfcp -178
bqcd 526
ghiq 227
cgac -68
rjcr 620
fnqb -130
ahse -125
jenl -186
qkqr -90
mqjs -243
eidd -38
fhdk 460
olab 420
lbep -42
blpj 192
pomj 226
fbsk -199
tmrp -208
dbtg 238
epbh 352
pkbr 365
ohap 619
hqlg -61
eohd 586
jjpb 288
onpm 11
egfi 217
olra -52
ksll -69
rtos -172
kisj 312
phom 671
ahal 364
dldo 179
hjsa -83
ffps -196
ntnk 595
ogdt -146
jmke -297
htjo 148
ljmi 92
fist 567
osim 80
genp -262
kemg -95
ckaj 413
hppr -14
cqha 45
rdrj -260
befp -4
bblq -275
doiq 504
gsoa -281
nnah 125
jtbt 174
gibc -285
qoqr 433
bpsm 319
hirs 244
abmj 285
pokn 210
bgde 98
fnih 249
ffcs 264
kdti 152
fgta 38
bqdn 240
ftcf 149
gppl 2
dpqi 689
aflj 284
pijg 73
oqeo 692
pmgf 242
jrcm 601
cdal 560
bdbn 281
hsth 546
aneg 331
ebqk 426
cfht 212
damh -167
ndrk 644
ifps 61
oqgd 553
dlrj 693
qfak 638
ooai 689
msci 199
spjo 395
omcp 525
ppsc 581
djfd 18
hcpb 369
ggdq -162
tbnm 690
prtf 413
ddbj 654
ocmm 224
spkj 319
oqjt -250
abni 294
nfds 537
khql 31
obng 120
kqjb -156
jtfq 349
drlq 660
hdfp 530
faeg -179
oopa 203
kict 158
njgi 366
grqp 659
fbmt 179
qfsk 584
elii 171
easn 109
bqfg 189
gric 606
qias 138
dclk 457
pbas 476
jsqc -81
ofse 45
scsq 304
rjrp 58
krgg 119
motp 366
poak 656
hrka 425
psfl 506
ffgi 415
kkmb 387
mskj 421
btro 196
hbea 289
bipk 74
jchh 526
mimm 75
rltg 120
fnmp 689
mkom 630
ckfb 586
dash 189
pmcf 488
tihg 286
ppae 432
prfg 665
dpmd 188
oiis 170
odee 298
sttf 17
pfnp 170
ntdc 172
otao 249
cihk 630
sqag 287
cmcr 549
ickj 698
hsen 418
irpr 161
dpnf 416
pild 691
gqqh 505
mght 529
olhm 229
ndnl 597
btqj 661
nsqa -224
ibdj -125
cngl 451
liqo 194
ggkk 410
hejj -156
fckp 11
pmqm -230
lsjc 635
adpk 662
jijk -229
skbc 191
rjib -274
gamm -42
cjik 16
pehb 242
mdtg 408
dnsp 501
else 538
clbs 418
fmqd 696
qhep 112
fhdm 152
sbbo 648
plmi 687
edgr 515
fnpb 350
crpa 132
mlsh 350
kiec 679
mgts 592
qtio 223
mkri 421
mkcj 5
tnqq 334
ghoj 30
nlcd 571
nfoh 27
ffif 251
lnlp 635
tloa 591
msos 626
casl 609
nokf 649
idde 683
hfqt 495
ncaf 164
mmnr 375
orsr 220
hijq 174
jlqa 128
kqpk 46
crgd 620
frgb 262
lrjf 164
stfp 22
bnet 665
epae 448
qcqd 508
hlbr 255
qjhn 259
radn 176
mrqg 197
olto 84
qbiq 7
ptio 390
aiec 650
jgpa 503
eqgo 314
kqor 369
khcq 694
idhl 475
hkfn 571
dmfo 316
hjmn 21
qlbs 644
eanj 432
eefo 499
hmfl 300
ejie 54
gqrc 501
opre 41
sbms 95
kjmt 491
mite 203
mhfr 487
diso 236
gnih 662
jqmp 71
hlct 231
pgcl 214
rako 614
mlok 453
iqbd 607
qtgb 155
hghi 254
rlrs 569
bjgs 469
bihs 347
flna 608
rcbg 82
ikpi 469
rilb 395
qmil 17
ttpm 304
cbpq 425
catq 490
jpln 212
aebg 359
bafb 628
ttgb 209
bkmi 56
ajff 471
jjqj 90
jppc 237
bleq 53
pqtm 662
qjoi 480
hdnh 141
fmmt 272
ltko 103
pcrd 321
jedk 423
ipki 591
lhpg 552
pmar 91
kndq 289
dqqi 326
nofk 57
fcdb 462
mebl 206
ernm 310
fmqe 349
emsb 143
rakj 553
dots 243
jcbl 302
ailm 69
tibm 570
ahdo 697
pobf 530
oarp 615
otis 398
igtc 596
emdq 211
edcf 54
boaq 64
eslp 280
jklt 262
tnkp 601
shkd 245
dtsm 541
bgin 369
deck 680
feqn 445
eeme 551
bbrk 35
hrbq 499
ckrc 312
keoq 526
kprn 563
okpg 605
lngt 274
jcjs 622
lsff 249
oomg 611
rqqm 114
kkcl 667
ebac 558
okst 564
rtmt 399
qmib 91
doqf 328
iann 271
rqgt 192
mott 407
phan 317
arhm 640
fcio 616
qljs 449
pinl 231
chnf 224
dmde 419
tppo 404
gbec 454
tpji 60
cppe 307
agap 468
hrgh 440
gghe 127
tlfm 53
nttl 452
gfod 317
errd 519
nonk 409
ranl 285
gdop 562
cole 476
mrhg 6
kmss 191
lsqp 674
qpbd 187
jqob 117
ihbm 83
bqig 426
jqbl -128
ohjf 664
kpnc 2
qrtm 260
jome 271
ncsd 56
bsjh -8
rffk 670
tdic -168
pcpr 336
fktq -40
tfll -277
skcs -14
moll -54
dlcg 170
pbpd 158
rdld 485
ajhl -104
hkse -82
nrnj 263
gfjj 642
ferm 593
molg -137
lihq 58
hkbk 110
bprm 268
obmd -32
rdfe -207
lnga 626
aqao 110
nopr 533
ritg 324
lfgm -197
goif -122
rege -170
scjt -116
okjk -79
bqtq 31
poss -49
eqqo -115
hmes -221
jtfc 213
ldqk -142
olrc 131
ifad 191
delk 277
cism -17
ggbs -29
nbtp -204
dhif -8
pejg -216
ldmm -196
jqkj 511
mdnr 190
ibnr -63
loqp -216
oggs -115
pckk 303
hofg 117
qdtd -222
gnqm 90
jlea 8
taoj 391
osih 328
qjfl 326
gcps 479
ekcc 125
llak 379
rqfg 622
palc 183
gjjm 396
ktgh 480
kkoo 81
isbs 271
jngo 127
esfh 126
dcdc 174
hhmc 557
egik 221
eeig 408
bjeo 539
acqn 105
iosp 608
caoe 664
ftor 520
bojp -269
hkbc 466
ttji -211
icnb 116
apnn -141
pffd 257
ngic 302
dpls 344
rsbd -260
sclm 89
ggcf -247
odtr -97
qobq -202
creb 494
cqmm 113
rmii 121
ctmo 43
qddn 284
hgsl 111
eeqg 514
nccg 640
qsne 666
nadj 307
onac 290
dqof 616
magq -26
isaf -175
dqai -245
rrdj -149
lirn 412
naok -134
rgck 284
rkbn 86
aofi 341
fsin 384
mhmf -9
dgfp -24
qnbb 481
toqd 591
josc 76
tbgi -232
sikt 142
erej -263
krjn -24
jekj 590
cshr -299
VOID------
lfgm -197
goif -122
rege -170
scjt -116
okjk -79
bqtq 31
poss -49
eqqo -115
hmes -221
jtfc 213
ldqk -142
olrc 131
ifad 191
delk 277
cism -17
ggbs -29
nbtp -204
dhif -8
pejg -216
ldmm -196
VOID------
lfgm -197
goif -122
rege -170
scjt -116
okjk -79
bqtq 31
poss -49
eqqo -115
hmes -221
jtfc 213
ldqk -142
olrc 131
ifad 191
delk 277
cism -17
ggbs -29
nbtp -204
dhif -8
pejg -216
ldmm -196
DOMAIN------
lglm -167
ideq -66
jccf -245
btka -84
gedg -215
kmbk -281
ndsb -21
esno -97
lipq -7
ctcn -73
rftj -295
iamb -256
isea -221
oqqa -84
mcli -278
trpq -241
frns -132
tfrc -75
mnqd -201
abot -44
phlb -97
mnmn -226
kobt -6
lkfc -194
tjdm -142
mfcp -178
cgac -68
fnqb -130
ahse -125
jenl -186
qkqr -90
mqjs -243
titg -173
sbcb -287
fbsk -199
lbep -42
eidd -38
tmrp -208
hqlg -61
olra -52
ksll -69
gorb -155
snci -72
rtos -172
hjsa -83
ffps -196
jqki -138
ogdt -146
jmke -297
disn -63
genp -262
kemg -95
hppr -14
fidn -101
kpba -109
ptrm -29
eakr -163
ahbj -16
illh -212
fkep -156
oqqp -21
safr -112
eqkp -98
anmc -143
pgcb -151
kphj -3
bsck -100
eojm -62
sebg -135
fpcg -124
rdrj -260
befp -4
bblq -275
gsoa -281
gibc -285
damh -167
ggdq -162
oqjt -250
kqjb -156
faeg -179
hsah -16
jsqc -81
nsqa -224
ibdj -125
hejj -156
pmqm -230
jijk -229
rjib -274
gamm -42
brih -11
jqbl -128
bsjh -8
tdic -168
fktq -40
tfll -277
skcs -14
moll -54
folh -7
ajhl -104
jjog -112
hkse -82
mtfa -295
molg -137
obmd -32
rdfe -207
janj -167
lfgm -197
qmde -262
nnpm -121
bdpk -146
bemi -262
goif -122
rlqb -194
btjs -226
gole -278
pkhr -72
igpq -50
ssmd -116
lofg -112
qrrk -22
eqpo -198
nfls -44
kemf -100
rdce -218
tbfp -75
rege -170
mkfe -89
jace -252
slod -36
fpes -196
scjt -116
qmec -100
khre -23
lnne -127
gqkh -86
glhk -246
impd -222
cbsh -162
irkd -110
iach -199
apnh -172
okjk -79
rsnq -175
chpl -101
cmic -195
ncqp -223
poss -49
fcoe -131
aoba -205
qbib -24
ghjc -30
nkft -272
bdrn -18
iblh -124
eqqo -115
jmba -131
cshr -299
krjn -24
erej -263
tbgi -232
hmes -221
ldqk -142
dgfp -24
mhmf -9
naok -134
rrdj -149
dqai -245
isaf -175
magq -26
cism -17
nbtp -204
ggbs -29
dhif -8
pejg -216
qobq -202
odtr -97
ldmm -196
ibnr -63
loqp -216
ggcf -247
rsbd -260
apnn -141
ttji -211
bojp -269
qdtd -222
oggs -115
VOID------
tdof 40
mmjc 47
fqhb 91
scpm 41
VOID------
smnp -236
sfdd -230
fccr 304
qglm 59
VOID------
oadc -197
hnsl -126
afqq 116
depp -260
VOID------
oadc -197
hnsl -126
afqq 116
depp -260
VOID------
oadc -197
hnsl -126
afqq 116
depp -260
kjbf 339
lgnn -260
omfj -113
qhca -69
dlei -235
ntqd -123
dnre -25
VOID------
oadc -197
hnsl -126
afqq 116
depp -260
kjbf 339
lgnn -260
omfj -113
qhca -69
dlei -235
ntqd -123
dnre -25
VOID------
oadc -197
hnsl -126
afqq 116
depp -260
kjbf 339
lgnn -260
omfj -113
qhca -69
dlei -235
ntqd -123
dnre -25
VOID------
kepo -98
sfdd -230
cfmh 84
smnp -236
VOID------
lgnn -260
omfj -113
riti 86
qhca -69
dlei -235
VOID------
lgnn -260
depp -260
isha 156
edgb 75
ioak 138
hnsl -126
fjgg 22
oadc -197
gqnk -29
odbj -197
bdln 110
qmls -244
VOID------
lgnn -260
depp -260
isha 156
edgb 75
ioak 138
hnsl -126
fjgg 22
oadc -197
gqnk -29
odbj -197
bdln 110
qmls -244
VOID------
lgnn -260
depp -260
isha 156
edgb 75
ioak 138
hnsl -126
fjgg 22
oadc -197
gqnk -29
odbj -197
bdln 110
qmls -244
VOID------
lgnn -260
depp -260
isha 156
edgb 75
ioak 138
hnsl -126
fjgg 22
oadc -197
gqnk -29
odbj -197
bdln 110
qmls -244
VOID------
mmqd -209
pshh -240
crgk 35
ndta -77
cfoq 197
ldsg -287
rqim -35
iboe -252
VOID------
odbj -197
kftd 90
gqnk -29
oadc -197
hnsl -126
depp -260
lgnn -260
ahfq -235
mlns 255
apee -158
tjrn -22
iksh -291
VOID------
odbj -197
kftd 90
gqnk -29
oadc -197
hnsl -126
depp -260
lgnn -260
ahfq -235
mlns 255
apee -158
tjrn -22
iksh -291
VOID------
odbj -197
kftd 90
gqnk -29
oadc -197
hnsl -126
depp -260
lgnn -260
ahfq -235
mlns 255
apee -158
tjrn -22
iksh -291
VOID------
ohkc -184
qanl -103
dnre -25
ntqd -123
bdln 110
fjgg 22
dlei -235
qhca -69
ioak 138
edgb 75
omfj -113
rmpq -124
isha 156
jkjm 96
nqnh -7
ojjn 61
rjjn -228
etsl -18
ohog -259
jbbh -59
hohb -26
tqqm 17
smno 175
glpf -134
soth 182
ocod -202
smdt -104
plin -42
VOID------
jaqq -174
ftpj -267
qkmp -62
aoim -280
VOID------
jaqq -174
ftpj -267
qkmp -62
aoim -280
VOID------
jaqq -174
ftpj -267
qkmp -62
aoim -280
VOID------
jaqq -174
ftpj -267
qkmp -62
aoim -280
VOID------
jaqq -174
ftpj -267
qkmp -62
aoim -280
VOID------
jaqq -174
ftpj -267
qkmp -62
aoim -280
VOID------
jaqq -174
ftpj -267
qkmp -62
aoim -280
VOID------
jaqq -174
ftpj -267
qkmp -62
aoim -280
VOID------
nrfc -290
lpkc -77
sdas 33
bmok 113
hsif 69
ebrm -193
pfpr 198
aoim -280
qkmp -62
ftpj -267
ekkb 195
jaqq -174
dbrn 134
rofc -279
VOID------
nrfc -290
lpkc -77
sdas 33
bmok 113
hsif 69
ebrm -193
pfpr 198
aoim -280
qkmp -62
ftpj -267
ekkb 195
jaqq -174
dbrn 134
rofc -279
VOID------
area -128
gppq 41
dmcl -28
gqnk -29
odbj -197
hpoh 79
qdbh -266
sdas 33
lmhe -226
VOID------
area -128
gppq 41
dmcl -28
gqnk -29
odbj -197
hpoh 79
qdbh -266
sdas 33
lmhe -226
VOID------
cqsk -237
oitb -287
asse -249
fjgg 22
pcqp -228
qeeb -172
cbgn -66
spkb -51
bdln 110
shgc -234
rofc -279
lfjc 185
oscb 154
gfhq -122
pfbp 3
aiil 193
dbkp 25
jaqq -174
ftpj -267
ainj -115
bcgd 55
qkmp -62
aoim -280
ermk 86
rgej -263
ebrm -193
lpkc -77
nrfc -290
nlge -173
qmls -244
mitj 104
cdeo -115
VOID------
oadc -197
hnsl -126
depp -260
hpoh 79
lgnn -260
ibfi -52
gtas -255
iktp -51
gppq 41
ahfq -235
apee -158
VOID------
oadc -197
hnsl -126
depp -260
hpoh 79
lgnn -260
ibfi -52
gtas -255
iktp -51
gppq 41
ahfq -235
apee -158
VOID------
oadc -197
hnsl -126
depp -260
alhc 191
lgnn -260
ibfi -52
gtas -255
iktp -51
mqlm 8
ahfq -235
apee -158
cnei 147
dbrn 134
tjrn -22
ekkb 195
pfpr 198
hsif 69
iksh -291
dcsa -14
dmjp -200
bmok 113
pjne -25
hjat -154
sdas 33
tica -291
lodi -267
plin -42
smdt -104
ocod -202
glpf -134
VOID------
oadc -197
hnsl -126
depp -260
alhc 191
lgnn -260
ibfi -52
gtas -255
iktp -51
mqlm 8
ahfq -235
apee -158
cnei 147
dbrn 134
tjrn -22
ekkb 195
pfpr 198
hsif 69
iksh -291
dcsa -14
dmjp -200
bmok 113
pjne -25
hjat -154
sdas 33
tica -291
lodi -267
plin -42
smdt -104
ocod -202
glpf -134
VOID------
oadc -197
hnsl -126
depp -260
alhc 191
lgnn -260
ibfi -52
gtas -255
iktp -51
mqlm 8
ahfq -235
apee -158
cnei 147
dbrn 134
tjrn -22
ekkb 195
pfpr 198
hsif 69
iksh -291
dcsa -14
dmjp -200
bmok 113
pjne -25
hjat -154
sdas 33
tica -291
lodi -267
plin -42
smdt -104
ocod -202
glpf -134
VOID------
leik -155
chmc 62
jjqa -155
sdkd -240
qnmf -176
tioc -142
qlhg 70
qtal 35
crjm -6
tfkb -153
VOID------
leik -155
chmc 62
jjqa -155
sdkd -240
qnmf -176
tioc -142
qlhg 70
qtal 35
crjm -6
tfkb -153
hrqe 161
fncd 98
idma -6
cldi -104
ahjt 192
rnpo 69
igfj -267
dhim -257
VOID------
leik -155
chmc 62
jjqa -155
sdkd -240
qnmf -176
tioc -142
qlhg 70
qtal 35
crjm -6
tfkb -153
hrqe 161
fncd 98
idma -6
cldi -104
ahjt 192
rnpo 69
igfj -267
dhim -257
qsfl 40
omnh -41
VOID------
qdbh -266
sign 163
lmhe -226
nong 151
leik -155
rcet 174
jjqa -155
sdkd -240
qnmf -176
tioc -142
ogac 26
sfcq 17
crjm -6
tfkb -153
aiea 54
ehlb 64
idma -6
cldi -104
krnf 165
qiij 154
igfj -267
dhim -257
kcfk 173
omnh -41
mqok -193
bgea -43
feie 77
takh -115
DOMAIN------
takh -115
bgea -43
mqok -193
omnh -41
dhim -257
geei -135
dlbk -100
fdat -19
odbd -51
iiga -109
ibdl -144
sjke -5
cldi -104
igfj -267
tfkb -153
idma -6
jfgo -208
tioc -142
crjm -6
qnmf -176
ainj -115
rgej -263
shgc -234
spkb -51
cbgn -66
qeeb -172
pcqp -228
asse -249
oitb -287
gfhq -122
igqf -9
sdkd -240
jjqa -155
hdrf -215
joee -294
aeog -217
kinf -29
rfrl -173
qgbc -78
ccqr -297
aqgm -260
lodr -77
leik -155
lmhe -226
pnba -293
ohod -63
mkfd -252
fmtk -101
rofc -279
cqsk -237
ibfi -52
gtas -255
iktp -51
area -128
dmcl -28
qdbh -266
jaqq -174
ftpj -267
qkmp -62
aoim -280
ebrm -193
lpkc -77
nrfc -290
nlge -173
hjat -154
pjne -25
dmjp -200
dcsa -14
iksh -291
tjrn -22
apee -158
smdt -104
ocod -202
glpf -134
hohb -26
jbbh -59
ahfq -235
tica -291
lodi -267
plin -42
ohog -259
etsl -18
rjjn -228
nqnh -7
rmpq -124
nsbm -129
hhbd -150
qohh -7
gfrt -182
tana -48
bocq -80
stbr -78
mmqd -209
pshh -240
ndta -77
ldsg -287
rqim -35
iboe -252
cpdn -184
loam -289
ledh -131
lisn -24
kgpj -142
npra -113
torl -165
foig -116
cnkg -38
ohkc -184
qanl -103
dnre -25
ntqd -123
dlei -235
qhca -69
omfj -113
lgnn -260
depp -260
hnsl -126
oadc -197
gqnk -29
odbj -197
qmls -244
smnp -236
sfdd -230
cdeo -115
ocas -49
lesn -76
kepo -98
VOID------
ogac 26
sfcq 17
aiea 54
ehlb 64
VOID------
gbkd 22
ikeo 54
fnko -11
dsjs 81
VOID------
gbkd 22
ikeo 54
fnko -11
dsjs 81
LIGHT------
eqfn -20
gkaa 699
dcsn 163
qsfl 40
rnpo 69
ahjt 192
fncd 98
hrqe 161
qtal 35
qlhg 70
chmc 62
pjcn 560
mqns 229
sboj 584
tmni 487
dcll 674
mqbm 664
pjgt 573
ekdi 259
acid 340
ftom 404
sses 224
rppm 216
gqts 186
lsog 20
behf 39
lhbo 665
fnid 425
bjde 11
qjdj 210
tidl 646
qhil 537
lgjc 306
cche 294
bdsj 537
gahk 284
kjja 579
kcql 557
pfls 570
pshj 408
ksbp 525
bpjb 237
dsaq 207
ekhf 529
ebkm 207
ohac 70
rcgi 458
mqto 313
oasb 73
jgfp 161
ndtr 68
efcn 26
alhc 191
mqlm 8
cnei 147
dbrn 134
ekkb 195
pfpr 198
hsif 69
bmok 113
sdas 33
hpoh 79
gppq 41
misc 565
kgmm 395
tgls 212
bcof 679
moea 279
nhih 147
oasg 612
cjnh 324
qtja 274
jeeg 53
cajm 118
ecjq 119
tpgo 123
lacs 301
fblk 477
emls 497
jdbm 233
drkm 610
nism 413
gdpd 431
dfcg 568
rgbj 635
lron 150
imgn 616
tigc 243
ahef 298
kosq 598
bbcq 617
jemb 256
pger 290
cfsj 457
rios 432
raoo 95
pcbk 141
tsfm 43
kame 204
tdof 40
mmjc 47
fqhb 91
scpm 41
chhn 158
dimb 199
krdm 139
mtmh 287
oimj 678
pgjm 632
lpsr 471
hfpc 52
lpqq 131
tssk 119
etjk 369
appe 280
bakj 650
jlei 630
sdpm 482
hgob 64
rthf 450
cleb 627
apgs 139
jqks 670
hjtp 647
mqio 487
mcdk 618
asqp 448
ggdc 194
inhk 446
sjsa 103
pheo 210
kqld 449
ogog 339
kcda 450
hmqb 397
sfno 518
gtdo 282
qrnl 676
kinq 697
fnam 641
rfcp 314
qsoh 678
tflo 533
cbdq 636
jkgp 620
psoi 521
hcmb 126
ngtt 184
sdqf 98
njmp 432
ttnc 255
hbkb 152
caan 325
chpi 529
giaf 400
emrg 583
dkdd 42
rpim 100
ploa 38
tgsk 87
rsfs 687
ninj 677
dmop 264
balp 313
papm 412
bjcl 499
hjmg 142
fbba 326
tapf 168
jema 79
cneg 144
eptk 127
pphn 484
gpqf 551
mlbl 286
nhin 169
bobe 125
jlgl 234
kcjc 170
bbge 172
melr 6
tlri 99
essc 465
jsfo 271
hpbr 144
nrla 578
trcb 688
eisg 554
dedp 639
gqbp 603
ljno 696
skoa 652
odtq 329
slnj 295
hdso 90
pmle 408
bspn 409
gpte 145
bjfa 130
iohh 499
ipfi 100
mhmm 196
gilf 468
gnak 503
tdan 488
mtoe 606
lkbk 336
jhdr 475
tqho 675
ream 188
nhlm 242
bgom 363
sltm 366
opml 508
dohp 1
bhpb 553
smjd 19
skba 295
falc 472
itqs 14
pdqh 190
mhls 538
fkii 528
jbof 98
ktqb 99
gpba 6
fkki 299
aeqb 348
mbbj 615
ankb 16
oiha 166
fjcb 496
fbhr 235
rold 214
aktk 210
srnc 681
hkqg 454
dkhi 205
rpiq 65
pcdn 222
iobe 629
tlgh 329
gere 255
jgda 215
pcbl 168
dojk 77
jsge 334
olol 329
fpdm 164
dbtt 536
tdte 43
hroe 93
mmpe 98
ddhr 631
egpa 351
kkei 138
hncq 326
rhge 140
hidf 165
scrn 587
einb 655
rcgp 494
jrpk 349
beis 461
gked 106
njns 129
rqjl 385
gjmj 463
mqjb 233
crhk 290
rmcc 647
lorg 676
jtih 510
rffg 246
qitn 87
ggsq 38
ipjm 508
ofjf 597
ospp 571
hnig 8
habf 195
dtdd 438
cllt 338
hdjd 141
qlko 465
oacl 103
grff 184
ndsq 212
iqhp 7
iggo 180
htmf 72
riti 86
blso 569
sdhi 409
bkjp 503
rmih 460
fash 697
osoq 49
aegk 364
rolt 553
jkmf 416
nbkb 577
mdht 581
sfjs 602
rddb 241
rroa 253
biih 649
lelq 317
icmp 373
lath 661
qpen 581
ffdc 369
ofct 451
rrde 647
iqtm 644
istf 44
bcin 68
tidr 144
cejl 179
gkpj 371
asrg 627
hkqa 453
dmmg 690
ojsp 497
gjfl 234
peji 635
antq 609
tlga 208
rtjm 417
ookl 508
dhfs 350
ofpb 293
mcoj 648
lkrq 333
isog 461
bohk 262
oppd 417
fsti 214
debr 598
rlob 455
pdfr 401
gcga 261
klct 681
tekb 654
itra 654
joji 113
lkfg 162
rkfi 548
tlmr 324
qndn 368
rdtl 200
jctj 276
drqc 373
lfgq 535
maab 673
ikdb 120
trii 24
pnfi 207
tlan 186
poff 362
mcqj 172
gjfp 143
rlft 252
ocrm 41
qgog 474
kkrd 395
elfg 30
hmrh 238
gtii 325
bhle 606
qhpb 460
heig 203
fcsk 356
nknt 65
asrf 571
ecbf 240
slgd 594
kegj 508
clho 466
palf 649
rjgf 594
ngcb 387
qngs 202
inso 286
rmol 679
qlpb 446
dmhs 591
asod 642
bqhq 412
stnk 497
tfbc 670
pbpi 306
tqbh 193
njlf 572
brar 95
einq 44
bcgp 162
shir 17
rhlm 129
dtjl 523
jsqb 113
qsaa 188
insd 194
aske 171
bkdm 443
tkdd 631
bobf 284
mder 64
iktg 549
ffhd 585
loer 398
hbae 484
jspk 155
hckl 267
scrl 141
qlsh 38
gdno 639
iims 158
tsdj 233
krse 108
jmkj 344
rrqr 61
smme 259
tabd 629
haot 662
rnaq 385
cmog 545
ftht 605
cgkj 268
kifc 361
omda 634
epif 511
ehfc 615
qpie 208
nehi 639
gtln 267
mssn 218
igrj 640
stml 360
ibka 296
mbna 433
gjik 71
rtkg 402
cklo 320
rraa 351
ehaa 420
ipet 18
pcji 17
afej 280
raqj 286
feip 332
adln 327
lgji 608
bomm 607
hhpo 434
kbrr 661
gsrh 669
rtcs 334
ronr 183
olmh 305
olka 654
pirf 569
mlsj 551
djec 276
mfeg 504
osel 410
aajd 94
halj 112
dslj 179
tpdm 33
phaa 223
rrsm 192
qbkb 162
htao 209
flbt 470
jgfo 536
nfcf 409
mloj 518
kkaf 478
gorg 239
aptq 543
thbs 3
tmea 19
hlpo 281
qree 322
fopg 428
dopf 302
pjtp 441
rnjm 52
qaic 407
bqam 697
ttqd 367
dibj 142
dpak 441
iija 128
jmdb 641
jqhh 52
hbsa 577
sppi 628
pffr 674
inbj 622
itfr 293
qqcl 244
fccm 30
tfne 356
qsje 688
pbgg 327
sttc 199
ldsi 419
cmnm 569
fpbs 437
hsok 215
blqs 256
gbgp 245
aada 86
gqcd 416
jnkq 697
fkke 265
mlho 429
qqrg 103
hgpa 571
baib 340
qrdg 58
pmgg 435
jjgk 636
kkfj 435
pege 201
qqcq 297
mnjd 164
mjaq 538
omih 499
tabj 279
jskk 352
ddnq 181
rbbf 484
edqb 432
efho 354
akih 235
orge 34
gmkd 133
dcft 458
eicc 327
ilag 125
flap 454
fjac 262
gogd 646
rham 686
ihaq 260
cedh 565
ikib 560
cjqt 413
pdnh 586
mnak 694
flgp 389
fcrj 549
ldjp 217
eafm 447
ffhe 450
mcch 440
jssd 301
harq 143
jbbp 190
eeda 626
cqgi 88
rlnp 595
ahnc 553
rtjk 601
rcdn 161
qhdk 369
hokj 374
anbp 618
cdkj 203
obql 83
arcq 534
ormh 205
djef 244
jqke 77
pqkq 84
bnek 10
lksa 251
gqia 369
lpdd 68
nctf 570
mblh 218
dbds 32
odpb 677
sdii 406
jpck 71
ochm 64
imld 429
qrnk 538
bges 367
kodn 310
pert 299
mndg 64
milt 624
mfdp 363
hpfi 57
ndbl 694
ecfc 446
tgsl 218
gkas 159
qbko 580
pnsg 433
cljj 146
lfon 436
fjsp 182
otml 495
coli 45
fato 436
bsmf 451
nnfr 180
gcek 229
ndon 265
fndg 416
ieji 544
jobq 348
afgl 696
gtcs 32
mpcb 505
lpio 615
tipi 295
fdil 353
nqmr 595
jmti 629
rkgt 560
ccqn 130
pjhs 402
hsso 612
ofor 677
sqtm 104
irge 306
loql 175
oqqd 88
atlq 418
sjto 385
toka 672
blko 149
ndnb 429
ijik 417
pjbt 474
qedj 566
dasr 161
dqmb 646
jstj 229
cqrl 674
ckee 419
irib 260
eamg 693
pocr 528
eokr 376
bptr 483
snqg 403
pffh 323
fltp 356
biob 655
ciqs 211
oeok 531
kdcp 561
ebma 247
eiic 552
aqpc 314
frjg 471
tepl 249
sonr 422
kfgn 328
fipc 341
sdhm 575
afdb 286
nisq 514
hkco 601
ncrn 618
sctm 207
gefr 12
jsam 310
cein 3
fsni 122
cbcs 602
lsok 530
pppc 13
aecl 568
cjoe 254
menp 661
nkbl 633
jpic 18
nfhd 691
nsbr 375
fkie 176
stbl 190
rnit 450
ilpn 12
mdje 36
marl 529
fjto 142
itnp 513
tmro 261
atjc 203
clkm 85
dsjm 220
bebq 391
nssq 438
gsas 180
cfdm 584
pccb 290
qsoe 449
olml 358
lkmp 387
mhqq 77
qlal 139
qgec 175
iief 515
seqr 618
dokd 301
ljjj 54
ihjd 595
ehif 365
apdm 687
aobm 601
rrce 636
qjmm 677
bdlr 153
hdhm 588
bbeq 189
jgpo 380
pfha 453
hbra 519
dkad 295
hrpm 396
pnil 33
mjem 662
nmks 296
bqcd 526
ghiq 227
rjcr 620
fhdk 460
olab 420
blpj 192
pomj 226
dbtg 238
epbh 352
pkbr 365
ohap 619
eohd 586
jjpb 288
onpm 11
egfi 217
kisj 312
phom 671
ahal 364
dldo 179
ntnk 595
htjo 148
ljmi 92
fist 567
osim 80
ckaj 413
cqha 45
doiq 504
nnah 125
jtbt 174
qoqr 433
bpsm 319
hirs 244
abmj 285
pokn 210
bgde 98
fnih 249
ffcs 264
kdti 152
fgta 38
bqdn 240
ftcf 149
gppl 2
dpqi 689
aflj 284
pijg 73
ttgn 496
oqeo 692
pmgf 242
nltn 381
lsia 458
dofd 507
gnmk 298
jrcm 601
cdal 560
bdbn 281
hsth 546
aneg 331
ebqk 426
cfht 212
ndrk 644
ifps 61
oqgd 553
dlrj 693
qfak 638
ooai 689
msci 199
spjo 395
omcp 525
ppsc 581
djfd 18
hcpb 369
tbnm 690
prtf 413
ddbj 654
ocmm 224
spkj 319
abni 294
nfds 537
khql 31
obng 120
jtfq 349
drlq 660
hdfp 530
oopa 203
kict 158
njgi 366
grqp 659
fbmt 179
qfsk 584
elii 171
easn 109
bqfg 189
gric 606
qias 138
dclk 457
pbas 476
ofse 45
scsq 304
rjrp 58
krgg 119
motp 366
poak 656
hrka 425
psfl 506
ffgi 415
kkmb 387
mskj 421
btro 196
hbea 289
bipk 74
jchh 526
mimm 75
rltg 120
fnmp 689
mkom 630
ckfb 586
dash 189
pmcf 488
tihg 286
ppae 432
prfg 665
dpmd 188
oiis 170
odee 298
sttf 17
pfnp 170
ntdc 172
otao 249
cihk 630
sqag 287
cmcr 549
ickj 698
hsen 418
irpr 161
dpnf 416
pild 691
gqqh 505
mght 529
olhm 229
ndnl 597
btqj 661
cngl 451
liqo 194
ggkk 410
fckp 11
lsjc 635
adpk 662
skbc 191
cjik 16
pehb 242
mdtg 408
dnsp 501
else 538
clbs 418
fmqd 696
qhep 112
fhdm 152
sbbo 648
plmi 687
edgr 515
fnpb 350
crpa 132
mlsh 350
kiec 679
mgts 592
qtio 223
mkri 421
mkcj 5
tnqq 334
ghoj 30
nlcd 571
nfoh 27
ffif 251
lnlp 635
tloa 591
msos 626
casl 609
nokf 649
idde 683
hfqt 495
ncaf 164
mmnr 375
orsr 220
hijq 174
jlqa 128
kqpk 46
crgd 620
frgb 262
lrjf 164
stfp 22
bnet 665
epae 448
qcqd 508
hlbr 255
qjhn 259
radn 176
mrqg 197
olto 84
qbiq 7
ptio 390
aiec 650
jgpa 503
eqgo 314
kqor 369
khcq 694
idhl 475
hkfn 571
dmfo 316
hjmn 21
qlbs 644
eanj 432
eefo 499
hmfl 300
ejie 54
gqrc 501
opre 41
sbms 95
kjmt 491
mite 203
mhfr 487
diso 236
gnih 662
jqmp 71
hlct 231
pgcl 214
rako 614
mlok 453
iqbd 607
qtgb 155
hghi 254
rlrs 569
bjgs 469
bihs 347
flna 608
rcbg 82
ikpi 469
rilb 395
qmil 17
ttpm 304
cbpq 425
catq 490
jpln 212
aebg 359
bafb 628
ttgb 209
bkmi 56
ajff 471
jjqj 90
jppc 237
bleq 53
pqtm 662
qjoi 480
hdnh 141
fmmt 272
ltko 103
pcrd 321
jedk 423
ipki 591
lhpg 552
pmar 91
kndq 289
dqqi 326
nofk 57
fcdb 462
mebl 206
ernm 310
fmqe 349
emsb 143
rakj 553
dots 243
jcbl 302
ailm 69
tibm 570
ahdo 697
pobf 530
oarp 615
otis 398
igtc 596
emdq 211
edcf 54
boaq 64
eslp 280
jklt 262
tnkp 601
shkd 245
dtsm 541
bgin 369
deck 680
feqn 445
eeme 551
bbrk 35
hrbq 499
ckrc 312
keoq 526
kprn 563
okpg 605
lngt 274
jcjs 622
lsff 249
oomg 611
rqqm 114
kkcl 667
ebac 558
okst 564
rtmt 399
qmib 91
doqf 328
iann 271
rqgt 192
mott 407
phan 317
arhm 640
fcio 616
qljs 449
pinl 231
chnf 224
dmde 419
tppo 404
gbec 454
tpji 60
cppe 307
agap 468
hrgh 440
gghe 127
tlfm 53
nttl 452
gfod 317
errd 519
nonk 409
ranl 285
gdop 562
cole 476
mrhg 6
kmss 191
lsqp 674
qpbd 187
jqob 117
ihbm 83
bqig 426
ohjf 664
kpnc 2
qrtm 260
jome 271
ncsd 56
rffk 670
pcpr 336
dlcg 170
pbpd 158
rdld 485
nrnj 263
gfjj 642
ferm 593
lihq 58
hkbk 110
bprm 268
lnga 626
aqao 110
nopr 533
ritg 324
bqtq 31
jtfc 213
olrc 131
ifad 191
delk 277
jqkj 511
egot 487
eoah 375
esak 127
imso 282
blmd 343
qglm 59
fccr 304
nfce 333
rabi 506
tnni 599
rfni 376
rmaq 668
mfhe 690
dhee 149
dlbc 51
cbth 487
chfq 430
slef 650
lpqo 516
iijr 479
ojje 523
hghh 281
jsqr 528
pmct 244
nbat 668
ilcq 597
tofg 550
ecpd 665
dpaf 423
ojft 671
qgkh 279
ieal 274
ijth 520
hilg 350
oiht 134
cfmh 84
mgma 624
crgk 35
cfoq 197
picr 123
agci 293
jmkr 236
jjph 121
toge 97
kjbf 339
afqq 116
plcb 311
menf 473
thno 391
gqok 176
poqg 296
eckk 203
iaii 293
ssdn 649
ccjp 116
rddc 691
iqad 646
smtc 537
bqmk 484
ilke 230
kdoq 393
llgg 568
dbih 625
mdnr 190
qigc 229
abgs 82
atnl 560
lrfl 160
rkkm 432
pako 63
eitn 659
qbci 653
jqbh 218
sbla 602
gbab 668
fdrt 384
pckk 303
hofg 117
gnqm 90
jlea 8
taoj 391
osih 328
qjfl 326
gcps 479
ekcc 125
llak 379
rqfg 622
palc 183
gjjm 396
ktgh 480
kkoo 81
isbs 271
jngo 127
esfh 126
dcdc 174
hhmc 557
egik 221
eeig 408
bjeo 539
acqn 105
iosp 608
caoe 664
ftor 520
hkbc 466
icnb 116
pffd 257
ngic 302
dpls 344
sclm 89
creb 494
cqmm 113
rmii 121
ctmo 43
qddn 284
hgsl 111
eeqg 514
nccg 640
qsne 666
nadj 307
onac 290
dqof 616
lirn 412
rgck 284
rkbn 86
aofi 341
fsin 384
qnbb 481
toqd 591
josc 76
sikt 142
jekj 590
eall 508
mohh 276
rpfe 231
pllg 327
inib 491
blbd 684
licd 622
fhdo 407
gqpj 438
kfqc 598
egti 507
mlii 662
ripj 368
pjoa 333
rifg 230
dijq 431
srea 659
indi 236
lgdl 596
djkh 230
esmm 344
bfbc 24
ofoj 10
bpnm 646
grra 304
toeg 601
erlj 94
alqe 689
pfkp 31
lenn 158
elbh 581
isig 78
gggt 698
efdd 633
ejpm 582
hntl 329
kgrk 303
bafa 249
foch 574
arfg 468
lico 245
cnit 130
inrg 239
gtci 679
mctp 435
tkoa 215
lkkb 53
grps 191
kfje 95
iieg 106
roqd 157
msjq 210
phat 467
camq 309
hpas 566
ktkl 637
kptd 54
fsgm 104
jmlo 220
ragc 129
ibdo 317
cert 579
dibh 643
aejd 210
phmp 217
mjdh 396
hahp 411
bqhi 341
njaj 516
bpgg 591
qegk 349
cilo 664
lgos 310
jfbl 361
hlam 167
mitj 104
ermk 86
bcgd 55
dbkp 25
aiil 193
pfbp 3
oscb 154
lfjc 185
bdln 110
fjgg 22
ioak 138
edgb 75
isha 156
jkjm 96
ojjn 61
tqqm 17
smno 175
soth 182
aoor 498
phmj 658
iees 298
gdkg 676
aclp 327
skpd 289
mksq 422
bhre 645
rkeb 207
jslb 456
hqhe 439
oqbj 516
eeod 573
emms 396
nrpg 295
efos 596
pqrf 205
mmlr 72
sgge 628
ogek 357
kdtj 548
cltl 395
rhrn 692
ftmj 291
aath 428
gdon 237
mlps 483
rrep 354
enhq 560
skbk 388
cflh 306
kicq 518
fejr 596
nbfb 405
bbmi 600
cbct 540
mlns 255
kftd 90
rtfs 681
clmg 686
stlq 49
knmb 75
tibs 190
enbj 43
ilhm 158
fnmk 157
lpsn 85
adth 75
stam 35
dgkp 84
itls 20
mcik 126
kidn 65
sign 163
nong 151
rcet 174
ogac 26
sfcq 17
aiea 54
ehlb 64
krnf 165
qiij 154
kcfk 173
feie 77
bhpm 143
fsts 111
gbkd 22
ikeo 54
fnko -11
ldlt 387
amko 686
dsjs 81
gorc 198
obre 6
adqj 269
cied -32
VOID------
ogac 26
sfcq 17
aiea 54
ehlb 64
VOID------
tmip -92
ltag -24
lkgc -284
hith 176
VOID------
tmip -92
ltag -24
lkgc -284
hith 176
VOID------
tmip -92
ltag -24
lkgc -284
hith 176
LIGHT------
VOID------
hith 176
sfjb 30
bfhd -74
dlfn -220
VOID------
hith 176
sfjb 30
bfhd -74
dlfn -220
VOID------
gpqi -134
rdec -85
geks -20
iplk -255
gein -77
VOID------
gpqi -134
rdec -85
geks -20
iplk -255
gein -77
lqdr 71
rbqn -274
VOID------
gpqi -134
rdec -85
geks -20
iplk -255
gein -77
lqdr 71
rbqn -274
VOID------
gpqi -134
rdec -85
geks -20
iplk -255
gein -77
lqdr 71
rbqn -274
VOID------
gpqi -134
rdec -85
geks -20
iplk -255
gein -77
lqdr 71
rbqn -274
VOID------
gpqi -134
rdec -85
geks -20
iplk -255
gein -77
dtqb 38
rbqn -274
VOID------
gpqi -134
rdec -85
geks -20
iplk -255
gein -77
dcsn 163
rbqn -274
lqdr 71
otnt 190
dgda 50
hpbm 117
pmjk -124
cckm -179
gnrl 128
fcdr -37
mbdq -92
splp -155
fdep 174
fpot -284
golm 162
osdq -285
VOID------
gpqi -134
rdec -85
geks -20
iplk -255
gein -77
dcsn 163
rbqn -274
lqdr 71
otnt 190
dgda 50
hpbm 117
pmjk -124
cckm -179
gnrl 128
fcdr -37
mbdq -92
splp -155
fdep 174
fpot -284
golm 162
osdq -285
njbc -152
flhc 173
ieas -156
csrb -284
ddfn 114
knpm -177
cnog 141
enki -248
VOID------
gpqi -134
rdec -85
geks -20
iplk -255
gein -77
dcsn 163
rbqn -274
lqdr 71
otnt 190
dgda 50
hpbm 117
pmjk -124
cckm -179
gnrl 128
fcdr -37
mbdq -92
splp -155
fdep 174
fpot -284
golm 162
osdq -285
njbc -152
flhc 173
ieas -156
csrb -284
ddfn 114
knpm -177
cnog 141
enki -248
okoa -292
VOID------
csrb -284
ieas -156
njbc -152
osdq -285
fpot -284
qtal 35
splp -155
hrqe 161
fncd 98
ahjt 192
rnpo 69
mbdq -92
fcdr -37
qsfl 40
cckm -179
pmjk -124
rbqn -274
dcsn 163
gein -77
lqdr 71
iplk -255
geks -20
otnt 190
rdec -85
gpqi -134
dgda 50
qeld -50
hpbm 117
pfan -241
dlfn -220
bfhd -74
fnko -11
cied -32
eqfn -20
gnrl 128
jjir -297
atpf -26
fdep 174
golm 162
flhc 173
ddfn 114
cnog 141
tmip -92
ogch -241
cqar -68
tjlr -56
ioim -209
kbpr 17
glbn 55
bpns -273
pkii 16
dmhl -243
olcd -212
gdcc -264
VOID------
csrb -284
ieas -156
njbc -152
osdq -285
fpot -284
qtal 35
splp -155
hrqe 161
fncd 98
ahjt 192
rnpo 69
mbdq -92
fcdr -37
qsfl 40
cckm -179
pmjk -124
rbqn -274
dcsn 163
gein -77
lqdr 71
iplk -255
geks -20
otnt 190
rdec -85
gpqi -134
dgda 50
qeld -50
hpbm 117
pfan -241
dlfn -220
bfhd -74
fnko -11
cied -32
eqfn -20
gnrl 128
jjir -297
atpf -26
fdep 174
golm 162
flhc 173
ddfn 114
cnog 141
tmip -92
ogch -241
cqar -68
tjlr -56
ioim -209
kbpr 17
glbn 55
bpns -273
pkii 16
dmhl -243
olcd -212
gdcc -264
tofb 66
bdgr -92
gmif -169
feno 37
bpdm -87
VOID------
csrb -284
ieas -156
njbc -152
osdq -285
fpot -284
qtal 35
splp -155
hrqe 161
fncd 98
ahjt 192
rnpo 69
mbdq -92
fcdr -37
qsfl 40
cckm -179
pmjk -124
rbqn -274
dcsn 163
gein -77
lqdr 71
iplk -255
geks -20
otnt 190
rdec -85
gpqi -134
dgda 50
qeld -50
hpbm 117
pfan -241
dlfn -220
bfhd -74
fnko -11
cied -32
eqfn -20
gnrl 128
jjir -297
atpf -26
fdep 174
golm 162
flhc 173
ddfn 114
cnog 141
tmip -92
ogch -241
cqar -68
tjlr -56
ioim -209
kbpr 17
glbn 55
bpns -273
pkii 16
dmhl -243
olcd -212
gdcc -264
tofb 66
bdgr -92
gmif -169
feno 37
bpdm -87
VOID------
csrb -284
ieas -156
njbc -152
osdq -285
fpot -284
qtal 35
splp -155
hrqe 161
fncd 98
ahjt 192
rnpo 69
mbdq -92
fcdr -37
qsfl 40
cckm -179
pmjk -124
rbqn -274
dcsn 163
gein -77
lqdr 71
iplk -255
geks -20
otnt 190
rdec -85
gpqi -134
dgda 50
qeld -50
hpbm 117
pfan -241
dlfn -220
bfhd -74
fnko -11
cied -32
eqfn -20
gnrl 128
jjir -297
atpf -26
fdep 174
golm 162
flhc 173
ddfn 114
cnog 141
tmip -92
ogch -241
cqar -68
tjlr -56
ioim -209
kbpr 17
glbn 55
bpns -273
pkii 16
dmhl -243
olcd -212
gdcc -264
tofb 66
bdgr -92
gmif -169
feno 37
bpdm -87
oamp -281
VOID------
csrb -284
ieas -156
njbc -152
osdq -285
fpot -284
qtal 35
splp -155
hrqe 161
fncd 98
ahjt 192
rnpo 69
mbdq -92
fcdr -37
qsfl 40
cckm -179
pmjk -124
rbqn -274
dcsn 163
gein -77
lqdr 71
iplk -255
geks -20
otnt 190
rdec -85
gpqi -134
dgda 50
qeld -50
hpbm 117
pfan -241
dlfn -220
bfhd -74
fnko -11
cied -32
eqfn -20
gnrl 128
jjir -297
atpf -26
fdep 174
golm 162
flhc 173
ddfn 114
cnog 141
tmip -92
ogch -241
cqar -68
tjlr -56
ioim -209
kbpr 17
glbn 55
bpns -273
pkii 16
dmhl -243
olcd -212
gdcc -264
tofb 66
bdgr -92
gmif -169
feno 37
bpdm -87
oamp -281
dkml -138
jfqb -35
dktc -204
cdtq 44
gsij -263
odrg -150
dmhk 79
kskp -102
jaic -201
VOID------
bfhd -74
dlfn -220
pfan -241
hith 176
qeld -50
sfjb 30
gpqi -134
rdec -85
odoh 195
geks -20
iplk -255
tqne 61
gein -77
dtqb 38
rbqn -274
pmjk -124
cckm -179
fcdr -37
mbdq -92
splp -155
lnaq 119
fpot -284
osdq -285
rkrt 89
jnsa 128
raji 156
scta 3
lbar 174
njbc -152
ieas -156
csrb -284
knpm -177
enki -248
ebij 32
hlrd 238
okoa -292
bkrk 353
getf -224
cpqp -197
lrco -295
VOID------
geks -20
iplk -255
ikrf 100
gein -77
ooms 108
rbqn -274
pmjk -124
cckm -179
fcdr -37
mbdq -92
splp -155
kaia 321
fpot -284
osdq -285
VOID------
jjir -297
sfjb 30
atpf -26
tmip -92
odoh 195
tqne 61
ogch -241
cqar -68
dtqb 38
tjlr -56
lnaq 119
ioim -209
bpns -273
dmhl -243
olcd -212
gdcc -264
bdgr -92
rkrt 89
gmif -169
bpdm -87
jnsa 128
raji 156
scta 3
lbar 174
ebij 32
oamp -281
dkml -138
jfqb -35
dktc -204
gsij -263
VOID------
jjir -297
sfjb 30
atpf -26
tmip -92
odoh 195
tqne 61
ogch -241
cqar -68
dtqb 38
tjlr -56
lnaq 119
ioim -209
bpns -273
dmhl -243
olcd -212
gdcc -264
bdgr -92
rkrt 89
gmif -169
bpdm -87
jnsa 128
raji 156
scta 3
lbar 174
ebij 32
oamp -281
dkml -138
jfqb -35
dktc -204
gsij -263
VOID------
jjir -297
sfjb 30
atpf -26
tmip -92
odoh 195
tqne 61
ogch -241
cqar -68
dtqb 38
tjlr -56
lnaq 119
ioim -209
bpns -273
dmhl -243
olcd -212
gdcc -264
bdgr -92
rkrt 89
gmif -169
bpdm -87
jnsa 128
raji 156
scta 3
lbar 174
ebij 32
oamp -281
dkml -138
jfqb -35
dktc -204
gsij -263
VOID------
jjir -297
sfjb 30
atpf -26
tmip -92
odoh 195
tqne 61
ogch -241
cqar -68
dtqb 38
tjlr -56
lnaq 119
ioim -209
bpns -273
dmhl -243
olcd -212
gdcc -264
bdgr -92
rkrt 89
gmif -169
bpdm -87
jnsa 128
raji 156
scta 3
lbar 174
ebij 32
oamp -281
dkml -138
jfqb -35
dktc -204
gsij -263
VOID------
csrb -284
knpm -177
enki -248
okoa -292
getf -224
otnc 147
cpqp -197
rltr 178
lrco -295
htji -32
gtqb -228
leih -71
rpoi -283
fbee -59
bgaa -35
fint 79
gkaa 699
bqeo -36
gttt -41
pdgi -121
asjf -172
anbk -168
eomk 7
gqih -133
dnbr -129
tnsa 57
efht 196
qpla -248
dnkd 174
lpph -250
dkdj 170
ikpr -121
ibtm -81
hqet 106
gmed -256
gogr -39
VOID------
csrb -284
knpm -177
enki -248
okoa -292
getf -224
otnc 147
cpqp -197
rltr 178
lrco -295
htji -32
gtqb -228
leih -71
rpoi -283
fbee -59
bgaa -35
fint 79
gkaa 699
bqeo -36
gttt -41
pdgi -121
asjf -172
anbk -168
eomk 7
gqih -133
dnbr -129
tnsa 57
efht 196
qpla -248
dnkd 174
lpph -250
dkdj 170
ikpr -121
ibtm -81
hqet 106
gmed -256
gogr -39
LIGHT------
VOID------
pfan -241
qeld -50
gpqi -134
rdec -85
geks -20
iplk -255
gein -77
oqkg -286
rtrr -254
flgq -128
dbri -234
jdsl -9
jrcp -135
qhnt -104
nnkn 171
hqbj -181
mafs -262
ofrr 56
frfg 128
dfib -53
opjj -204
qngi -59
DOMAIN------
qngi -59
opjj -204
dfib -53
mafs -262
hqbj -181
qhnt -104
jrcp -135
jdsl -9
dbri -234
flgq -128
rtrr -254
oqkg -286
anbk -168
asjf -172
pdgi -121
gttt -41
bqeo -36
bgaa -35
fbee -59
rpoi -283
leih -71
gtqb -228
htji -32
qttb -106
qpla -248
lpph -250
ikpr -121
ibtm -81
gmed -256
gogr -39
jece -47
kmsh -156
haom -41
jner -179
ntse -66
irql -187
solq -244
nfli -293
stoc -107
hfgt -99
mrbd -47
fcrg -127
npfp -21
rbpa -105
jspc -23
cepp -164
jaic -201
kskp -102
odrg -150
gsij -263
dktc -204
jfqb -35
dkml -138
oamp -281
bpdm -87
gmif -169
bdgr -92
gdcc -264
olcd -212
dmhl -243
bpns -273
ioim -209
tjlr -56
eltg -282
rejk -140
hffp -195
hjbo -148
cmel -167
gqih -133
lrco -295
cpqp -197
getf -224
okoa -292
enki -248
knpm -177
csrb -284
ieas -156
njbc -152
osdq -285
fpot -284
hdsk -300
dnbr -129
splp -155
mbdq -92
fcdr -37
cckm -179
pmjk -124
rbqn -274
gein -77
iplk -255
geks -20
rdec -85
gpqi -134
cqar -68
ogch -241
qeld -50
pfan -241
dlfn -220
bfhd -74
atpf -26
lkgc -284
ltag -24
tmip -92
jjir -297
eqfn -20
cied -32
fnko -11
VOID------
tnsa 57
eomk 7
amna -240
snom -265
VOID------
tnsa 57
eomk 7
amna -240
snom -265
VOID------
snom -265
amna -240
rfir 38
dqda 69
dipl -193
inqo -99
VOID------
snom -265
amna -240
rfir 38
dqda 69
dipl -193
inqo -99
lmob 48
ddhd 190
rmpj -77
eacb -159
ghdi -265
brob -295
VOID------
snom -265
amna -240
rfir 38
dqda 69
dipl -193
inqo -99
lmob 48
ddhd 190
rmpj -77
eacb -159
ghdi -265
brob -295
VOID------
snom -265
amna -240
rfir 38
dqda 69
dipl -193
inqo -99
lmob 48
ddhd 190
rmpj -77
eacb -159
ghdi -265
brob -295
VOID------
snom -265
amna -240
rfir 38
dqda 69
dipl -193
inqo -99
lmob 48
ddhd 190
rmpj -77
eacb -159
ghdi -265
brob -295
VOID------
amna -240
snom -265
otnc 147
rcsf -289
khjt -23
dqee -286
VOID------
amna -240
snom -265
otnc 147
rcsf -289
khjt -23
dqee -286
VOID------
ghdi -265
brob -295
gbkd 22
ikeo 54
parq -124
gkof -123
aiej -162
jsaq -163
VOID------
dqee -286
cpba -154
hpfl -79
ifal -155
bfmc -208
hqgn 163
csld -48
kikp -91
hpii -194
VOID------
dqee -286
cpba -154
hpfl -79
ifal -155
bfmc -208
hqgn 163
csld -48
kikp -91
hpii -194
VOID------
ghdi -265
brob -295
parq -124
gkof -123
VOID------
ghdi -265
brob -295
parq -124
gkof -123
VOID------
ghdi -265
brob -295
parq -124
gkof -123
VOID------
rmpj -77
inqo -99
dipl -193
amna -240
dsjs 81
snom -265
rcsf -289
khjt -23
dqee -286
VOID------
rmpj -77
inqo -99
dipl -193
amna -240
dsjs 81
snom -265
rcsf -289
khjt -23
dqee -286
VOID------
qiqc -63
rrqd -55
bfmc -208
ifal -155
toge 97
hpfl -79
cpba -154
dqee -286
khjt -23
VOID------
qiqc -63
rrqd -55
bfmc -208
ifal -155
toge 97
hpfl -79
cpba -154
dqee -286
khjt -23
VOID------
qiqc -63
rrqd -55
bfmc -208
ifal -155
toge 97
hpfl -79
cpba -154
dqee -286
khjt -23
VOID------
qiqc -63
rrqd -55
bfmc -208
ifal -155
toge 97
hpfl -79
cpba -154
dqee -286
khjt -23
VOID------
qiqc -63
rrqd -55
bfmc -208
ifal -155
toge 97
hpfl -79
cpba -154
dqee -286
khjt -23
VOID------
qiqc -63
rrqd -55
bfmc -208
ifal -155
sign 163
hpfl -79
cpba -154
dqee -286
khjt -23
nong 151
rcet 174
rcsf -289
ogac 26
snom -265
VOID------
qiqc -63
rrqd -55
bfmc -208
ifal -155
sign 163
hpfl -79
cpba -154
dqee -286
khjt -23
nong 151
rcet 174
rcsf -289
ogac 26
snom -265
VOID------
qiqc -63
rrqd -55
bfmc -208
ifal -155
cfmh 84
hpfl -79
cpba -154
dqee -286
khjt -23
DOMAIN------
kdqn -42
ieqc -230
klip -46
ocdb -225
sihc -15
tsqh -260
erot -258
kflt -146
tfei -20
qiqc -63
rrqd -55
smrk -9
kefa -254
kshi -226
sjij -202
hpii -194
kikp -91
csld -48
bfmc -208
otfs -175
spbm -68
rjib -130
ghaj -47
dgpj -133
fisd -90
sqbr -176
rtcn -51
fgam -96
prtm -117
fijs -189
nmdf -85
snpj -126
ipah -131
hecd -300
mije -296
qjnr -65
oero -134
jsaq -163
aiej -162
gkof -123
parq -124
brob -295
ghdi -265
eacb -159
rmpj -77
ifal -155
hpfl -79
cpba -154
dqee -286
khjt -23
rcsf -289
snom -265
amna -240
inqo -99
dipl -193
VOID------
occf -104
gorc 198
dsjs 81
gsct -294
VOID------
bode 323
tmdp -158
gsct -294
occf -104
VOID------
pifp -213
nmrn 23
laac -142
odif 60
mobq -172
oqec -230
rdem -275
hhda -188
VOID------
pifp -213
nmrn 23
laac -142
odif 60
mobq -172
oqec -230
rdem -275
hhda -188
DOMAIN------
bkaq -57
imct -95
hhda -188
sqmk -140
larm -127
qopp -107
pifp -213
rdem -275
oqec -230
mobq -172
laac -142
occf -104
gsct -294
tmdp -158
sdsr -270
VOID------
rqjp 14
qkdd 87
rorf 99
tgmk -220
VOID------
rqjp 14
qkdd 87
rorf 99
tgmk -220
DOMAIN------
tnnn -147
jqih -48
tkco -92
tgmk -220
VOID------
eerm 292
oltj -218
akqg -273
qpai 156
VOID------
bhnd 249
eerm 292
oltj -218
akqg -273
VOID------
noji -154
nmie -202
eedc -160
ahop 40
qepn -197
ksej -63
VOID------
noji -154
nmie -202
eedc -160
ahop 40
qepn -197
ksej -63
VOID------
qepn -197
eedc -160
nmie -202
fngd 561
noji -154
akqg -273
DOMAIN------
bekr -12
mdks -259
lkjf -106
oldm -166
ksej -63
qepn -197
eedc -160
nmie -202
noji -154
akqg -273
oltj -218
qqto -8
VOID------
roci 38
isdc 59
rmht 18
leai 10
VOID------
leai 10
rmht 18
isdc 59
roci 38
VOID------
leai 10
rmht 18
isdc 59
roci 38
VOID------
rmae -102
oqpp -85
nopn -170
ndig -6
pmlj 15
jhjr 220
iktq -208
pcjs -159
nfll -119
ehnl 132
agkj -152
gcsb 235
rolq -276
DOMAIN------
cskj -132
rolq -276
agkj -152
nfll -119
pcjs -159
iktq -208
ndig -6
nopn -170
oqpp -85
rmae -102
pqom -219
VOID------
geas -69
tdad 91
qipc 131
poro -281
VOID------
geas -69
tdad 91
qipc 131
poro -281
VOID------
poro -281
dhdl 240
geas -69
qqhg -134
lrmk -155
ejsr -39
VOID------
geas -69
qqhg -134
lrmk -155
ejsr -39
VOID------
geas -69
qqhg -134
lrmk -155
ejsr -39
VOID------
fqat -128
idpq 99
ikbc 26
sjmh -210
kaal -187
tslr -104
VOID------
plen -206
rjtf -256
dfpd -21
dsnt -193
fsts 111
ehnk -66
tslr -104
VOID------
plen -206
rjtf -256
dfpd -21
dsnt -193
fsts 111
ehnk -66
tslr -104
VOID------
plen -206
rjtf -256
dfpd -21
dsnt -193
fsts 111
ehnk -66
tslr -104
VOID------
plen -206
rjtf -256
dfpd -21
dsnt -193
fsts 111
ehnk -66
tslr -104
VOID------
qqhg -134
lrmk -155
ejsr -39
fqat -128
dtqb 38
sjmh -210
sjig -177
VOID------
isns -237
ldnq -47
fqpo 176
atpl -177
jnko 17
rtao -207
lmnt -201
nmci -133
jchg -27
DOMAIN------
nmbc -156
jchg -27
nmci -133
lmnt -201
rtao -207
atpl -177
ldnq -47
isns -237
hktt -172
drfl -285
sesg -33
reff -250
tjqe -242
cddh -61
jfff -13
egrc -43
bmhi -224
sjig -177
fhgo -88
mjbc -261
ehnk -66
tslr -104
kaal -187
sjmh -210
fqat -128
dfpd -21
dsnt -193
rjtf -256
lrmk -155
ejsr -39
plen -206
qssf -10
npli -173
poro -281
geas -69
qqhg -134
VOID------
engf -16
ephm 184
iaki -161
soil 95
VOID------
otjf -182
ihad -65
tbag -54
qseo 11
gfba -43
VOID------
otjf -182
ihad -65
tbag -54
qseo 11
gfba -43
VOID------
otjf -182
ihad -65
tbag -54
qseo 11
gfba -43
VOID------
otjf -182
ihad -65
tbag -54
qseo 11
gfba -43
DOMAIN------
eeqs -58
kkfe -35
gfba -43
tbag -54
ihad -65
otjf -182
asdp -160
pbja -213
iaki -161
ekfn -211
jfaf -82
mtjh -138
abdd -198
qrne -100
engf -16
cjms -102
jpal -6
VOID------
leai 10
rmht 18
isdc 59
roci 38
VOID------
leai 10
rmht 18
isdc 59
roci 38
VOID------
leai 10
rmht 18
isdc 59
roci 38
DOMAIN------
tstp -2
nagd -97
cnhn -30
djbr -243
hfsg -130
geis -244
mgnl -235
hqit -136
mngq -32
ptmn -299
fosg -109
slbs -79
fccp -73
VOID------
leai 10
rmht 18
isdc 59
roci 38
VOID------
agkk -182
ebkh 235
tafl -251
jnan 278
TIME: 0.148