VOID------
DOMAIN------
sntd -21
ojbm -155
bjpd -298
pmak -297
lcom -245
mcsm -262
sbjs -291
ejjc -105
tqsd -76
fjjs -79
begk -193
kjrn -203
jmht -265
VOID------
mfnf -269
omtn -230
imfc 180
eqcj -139
edmb -119
shfs 91
rsrn -30
anok -130
fqos 2
gsnl 184
etma -213
gkrk 15
hdse -191
DOMAIN------
arer -192
hdse -191
etma -213
anok -130
rsrn -30
edmb -119
eqcj -139
omtn -230
mfnf -269
jgno -278
prqg -195
DOMAIN------
brpd -87
hhbj -60
hips -77
skrm -188
jftm -4
VOID------
rjkf 53
laes 35
dqna 13
mtki -273
DOMAIN------
nfqq -159
epec -225
hqdp -74
nles -68
fidh -212
pgsk -13
mtki -273
LIGHT------
dhqf -182
itrr -209
pabn 132
aphe -226
kqbl 29
omlj 487
tnnd 381
qtpt 168
DOMAIN------
rtdg -97
krca -111
naqk -138
dhqf -182
itrr -209
aphe -226
bqge -225
ppns -21
fkpb -278
pstg -38
lfbk -117
nkcf -299
DOMAIN------
ljmk -128
mtbd -170
mshj -235
rdcc -38
apis -121
tndc -212
ljss -197
keej -182
jojm -226
TIME: 0.001