DOMAIN------
ifra -176
hsqp -79
dnlq -151
dgln -104
ling -270
ohgd -56
eedj -24
qdot -259
grgo -145
ahen -287
oien -252
onab -117
VOID------
aagh -256
lolc -221
qaji 129
khoa -201
bhea -187
kida -112
fesc -180
ijse -179
VOID------
aagh -256
lolc -221
qaji 129
khoa -201
bhea -187
kida -112
fesc -180
ijse -179
cojo -274
VOID------
iitl -101
aagh -256
lolc -221
qaji 129
khoa -201
bhea -187
kida -112
fesc -180
ijse -179
VOID------
kcpa -279
bahn -266
jqjb -167
otrp -136
llkm -5
bbss -117
gcep 159
pjen 51
hkfq -256
VOID------
sltg -197
shfd 130
fobn -65
cblm -49
fqab 165
njho -272
tdpe 237
conk -218
aafj -132
qrjm -101
VOID------
pcbf -237
pfkm -217
shej -161
pmbr 127
tnbb 104
gakj -95
qtss -59
VOID------
pcbf -237
pfkm -217
shej -161
pmbr 127
tnbb 104
gakj -95
qtss -59
sltg -197
shfd 130
fobn -65
cblm -49
fqab 165
njho -272
VOID------
pdht -239
dbra 49
pcbf -237
pfkm -217
shej -161
TIME: 0.002