VOID------
afcc 443
akte -184
bbme 195
tlmc 256
VOID------
akte -184
bbme 195
tknq -26
liof -116
VOID------
jktc -291
drcp 130
amdo -255
mike -268
lajl 509
ejjj -241
jfqb -204
oolt -195
LIGHT------
fsag 183
ajat 263
fjqh 346
rhqb 391
kaie 403
qlsf 347
drsr 426
gfko 95
flsh 445
hdnf 474
iqhd 394
nbcn 375
cocf 414
afrs 561
cgpb 238
jddr 226
econ 401
tsih 467
hpde 265
aosh 456
hidg 650
eolg -21
hpid 62
tlmc 256
ccll 603
mhic 315
afcc 443
akte -184
bbme 195
tknq -26
liof -116
noin 63
bild 408
jktc -291
drcp 130
amdo -255
mike -268
lajl 509
ejjj -241
jfqb -204
oolt -195
aqlg 48
iits 273
ehif 268
jpqd -288
gnao 322
gjhc -156
LIGHT------
kndc -231
haic 679
dgok 462
ibrf 82
tbmd 121
reim 279
mmdj 335
kjmr 384
neos 598
tcii 113
mlpg 120
orlk 659
psmh 452
icpe 239
kjrd 602
ghol 270
roma 397
fgaf 292
pbnk 296
ccfj 202
dhdl 435
paes -35
jekt 184
mdfk 646
fnef 537
ltdl -24
hqcr 499
atpf 546
kbtb 100
csfq 389
tafm 11
hcfa 462
lkip 381
pfeq 571
aclr -30
aece 355
qnmo -46
neqe 315
ajat 263
fjqh 346
rhqb 391
kaie 403
qlsf 347
drsr 426
gfko 95
flsh 445
hdnf 474
iqhd 394
nbcn 375
cocf 414
afrs 561
cgpb 238
jddr 226
econ 401
tsih 467
hpde 265
aosh 456
hidg 650
eolg -21
hpid 62
tlmc 256
ccll 603
mhic 315
afcc 443
akte -184
bbme 195
tknq -26
liof -116
noin 63
bild 408
jktc -291
drcp 130
amdo -255
mike -268
lajl 509
ejjj -241
jfqb -204
oolt -195
aqlg 48
iits 273
ehif 268
jpqd -288
gnao 322
gjhc -156
fsag 183
blrm -154
htmn -67
fnpa -205
fral -240
akpk 61
hpar -158
fmhj -227
hbgj -207
ksii -251
nigd -22
hifc -83
clkr 72
tsjd -282
nrjh -109
iqgj 272
jsrp -292
oakl -148
jfrp -57
dant 37
cfpf 128
drdr 71
rciq -298
rhfo 91
nnmr 199
kfoq 399
nipf -199
flsg -60
imhg -226
rapo -68
lrcm 52
jrhq -206
bqpo -173
ohtf 383
hqhd 420
VOID------
jktc -291
drcp 130
amdo -255
mike -268
lajl 509
ejjj -241
jfqb -204
oolt -195
aqlg 48
iits 273
ehif 268
jpqd -288
gnao 322
gjhc -156
fsag 183
blrm -154
htmn -67
fnpa -205
fral -240
akpk 61
hpar -158
fmhj -227
hbgj -207
ksii -251
nigd -22
hifc -83
clkr 72
tsjd -282
nrjh -109
iqgj 272
jsrp -292
oakl -148
jfrp -57
dant 37
cfpf 128
drdr 71
rciq -298
rhfo 91
nnmr 199
kfoq 399
nipf -199
flsg -60
imhg -226
rapo -68
lrcm 52
jrhq -206
bqpo -173
VOID------
jktc -291
drcp 130
amdo -255
mike -268
lajl 509
ejjj -241
jfqb -204
oolt -195
aqlg 48
iits 273
ehif 268
jpqd -288
gnao 322
gjhc -156
fsag 183
blrm -154
htmn -67
fnpa -205
fral -240
akpk 61
hpar -158
fmhj -227
hbgj -207
ksii -251
nigd -22
hifc -83
clkr 72
tsjd -282
nrjh -109
iqgj 272
jsrp -292
oakl -148
jfrp -57
dant 37
cfpf 128
drdr 71
rciq -298
rhfo 91
nnmr 199
kfoq 399
nipf -199
flsg -60
imhg -226
rapo -68
lrcm 52
jrhq -206
bqpo -173
VOID------
jktc -291
drcp 130
amdo -255
mike -268
lajl 509
ejjj -241
jfqb -204
oolt -195
aqlg 48
iits 273
ehif 268
jpqd -288
gnao 322
gjhc -156
fsag 183
blrm -154
htmn -67
fnpa -205
fral -240
akpk 61
hpar -158
fmhj -227
hbgj -207
ksii -251
nigd -22
hifc -83
clkr 72
tsjd -282
nrjh -109
iqgj 272
jsrp -292
oakl -148
jfrp -57
dant 37
cfpf 128
drdr 71
rciq -298
rhfo 91
nnmr 199
kfoq 399
nipf -199
flsg -60
imhg -226
rapo -68
lrcm 52
jrhq -206
bqpo -173
DOMAIN------
kndc -231
bqpo -173
jrhq -206
rapo -68
imhg -226
flsg -60
nipf -199
rciq -298
jfrp -57
oakl -148
jsrp -292
nrjh -109
paes -35
tsjd -282
hifc -83
nigd -22
ksii -251
ltdl -24
hbgj -207
fmhj -227
hpar -158
fral -240
fnpa -205
aclr -30
htmn -67
blrm -154
qnmo -46
gjhc -156
jpqd -288
oolt -195
jfqb -204
ejjj -241
mike -268
amdo -255
jktc -291
liof -116
tknq -26
eolg -21
akte -184
VOID------
dant 37
cfpf 128
drdr 71
rhfo 91
VOID------
nffh -185
kspl -280
ttha 25
feid -53
VOID------
lego -2
ocsc -112
hrnm -290
rsop -160
skhj -268
VOID------
rjdc -229
objp -200
ofqn -271
nmno 51
LIGHT------
VOID------
rjdc -229
objp -200
ofqn -271
nmno 51
VOID------
qjpd -91
pcjq -164
esls -117
aghs -150
bpjd 187
pctk 22
itpk -261
tpsd -190
VOID------
qjpd -91
pcjq -164
esls -117
aghs -150
bpjd 187
pctk 22
itpk -261
tpsd -190
ppri -164
gnpo 104
bfel -278
pjeq -147
rlaf 21
istt 171
qabf -58
mesl 42
bqrs -251
fngc -13
dija -272
msjk 105
pjba 13
spgn 53
bnpn -286
iqth -136
istj -97
mjlt 161
iiqa -285
clsa 154
rhds -240
bfnm -137
fhba 196
chsr -224
VOID------
qjpd -91
pcjq -164
esls -117
aghs -150
bpjd 187
pctk 22
itpk -261
tpsd -190
ppri -164
gnpo 104
bfel -278
pjeq -147
rlaf 21
istt 171
qabf -58
mesl 42
bqrs -251
fngc -13
dija -272
msjk 105
pjba 13
spgn 53
bnpn -286
iqth -136
istj -97
mjlt 161
iiqa -285
clsa 154
rhds -240
bfnm -137
fhba 196
chsr -224
plij 168
mofe 1
dskl -160
nqij -194
qagm -300
fhdp 233
kort 256
gfne -102
otce -244
snkq 73
krfm -224
hllp -52
VOID------
qjpd -91
pcjq -164
esls -117
aghs -150
bpjd 187
pctk 22
itpk -261
tpsd -190
ppri -164
gnpo 104
bfel -278
pjeq -147
rlaf 21
istt 171
qabf -58
mesl 42
bqrs -251
fngc -13
dija -272
msjk 105
pjba 13
spgn 53
bnpn -286
iqth -136
istj -97
mjlt 161
iiqa -285
clsa 154
rhds -240
bfnm -137
fhba 196
chsr -224
plij 168
mofe 1
dskl -160
nqij -194
qagm -300
DOMAIN------
agqi -282
trcp -293
hllp -52
krfm -224
otce -244
gfne -102
qagm -300
nqij -194
dskl -160
chsr -224
bfnm -137
rhds -240
iiqa -285
istj -97
iqth -136
bnpn -286
dija -272
fngc -13
bqrs -251
qabf -58
pjeq -147
bfel -278
ppri -164
tpsd -190
itpk -261
aghs -150
esls -117
pcjq -164
qjpd -91
tptp -11
bjrh -197
hcpr -127
oalt -97
jepo -205
ornd -41
phpj -280
obnn -164
mbma -23
sabo -92
gotq -260
lnrs -297
tlco -42
ofqn -271
objp -200
rjdc -229
fbbj -164
skhj -268
rdhi -186
rpmn -33
rsop -160
hrnm -290
oasc -2
ocsc -112
lego -2
coit -136
tqnk -78
feid -53
kspl -280
nffh -185
bsom -51
nkqc -103
ksra -4
nonh -179
hqsh -283
VOID------
mesl 42
msjk 105
pjba 13
spgn 53
VOID------
mesl 42
msjk 105
pjba 13
spgn 53
VOID------
rdcp -48
dbfa -116
dlme -148
ifio -5
etck -116
njkr -288
teag 53
dqtf 49
oaji -107
acgh -41
jqis 25
eimh -186
VOID------
rdcp -48
dbfa -116
dlme -148
ifio -5
etck -116
njkr -288
teag 53
dqtf 49
oaji -107
acgh -41
jqis 25
eimh -186
pths 141
fjkl -277
mtqr 70
bntb -78
parr -262
VOID------
rdcp -48
dbfa -116
dlme -148
ifio -5
etck -116
njkr -288
teag 53
dqtf 49
oaji -107
acgh -41
jqis 25
eimh -186
pths 141
fjkl -277
mtqr 70
bntb -78
parr -262
VOID------
pnqj -265
jclp -76
ltki 80
pmff -64
ccho 47
agqg 110
tger 105
tjjo -256
qdjq -290
snht -204
mirs 176
qipk 91
frls -77
dtdp -21
pgqh -20
ogcp -9
dson -89
ghjr -232
nqks 163
tdni -223
kait -194
nbrt -93
hils -35
rmaq -57
VOID------
pnqj -265
jclp -76
ltki 80
pmff -64
ccho 47
agqg 110
tger 105
tjjo -256
qdjq -290
snht -204
mirs 176
qipk 91
frls -77
dtdp -21
pgqh -20
ogcp -9
dson -89
ghjr -232
nqks 163
tdni -223
kait -194
nbrt -93
hils -35
rmaq -57
VOID------
pnqj -265
jclp -76
ltki 80
pmff -64
ccho 47
agqg 110
tger 105
tjjo -256
qdjq -290
snht -204
mirs 176
qipk 91
frls -77
dtdp -21
pgqh -20
ogcp -9
dson -89
ghjr -232
nqks 163
tdni -223
kait -194
nbrt -93
hils -35
rmaq -57
hmli -298
phej -154
aqns -105
dtok -96
orbj 96
fklr 14
jjea -151
ciie 131
stdj -97
ftme 56
nhbt 39
qfpc -287
DOMAIN------
gdeh -270
blri -260
ntot -96
lsqe -31
hgpd -45
rhle -95
osmq -216
esta -160
mepd -72
efra -53
jdal -48
brae -64
sqkc -220
qfpc -287
stdj -97
jjea -151
dtok -96
aqns -105
phej -154
hmli -298
rmaq -57
hils -35
nbrt -93
kait -194
tdni -223
ghjr -232
dson -89
ogcp -9
pgqh -20
dtdp -21
frls -77
snht -204
qdjq -290
tjjo -256
pmff -64
jclp -76
pnqj -265
dofd -183
parr -262
bntb -78
fjkl -277
eimh -186
acgh -41
oaji -107
njkr -288
etck -116
ifio -5
dlme -148
dbfa -116
rdcp -48
ibth -300
fqha -203
thsg -72
VOID------
oblc -158
qkta -293
iagn 274
tgpi -103
fngo -106
bkim -254
VOID------
tgpi -103
fngo -106
bkim -254
jcda 68
cjoo -116
VOID------
tgpi -103
fngo -106
bkim -254
jcda 68
cjoo -116
VOID------
tgpi -103
fngo -106
bkim -254
jcda 68
cjoo -116
gkqa 89
nqcn 32
pstm -45
rfci -47
stpc 195
fqaf -7
tjao -204
cqbn 174
dqac -158
fomp -200
qstq -165
elmt -105
jbde -85
snat 64
qklo 54
pdns 49
okkf -22
ckle -244
lmcf -236
njdb -157
rprl -118
frqr -263
hhpp -202
gajs -198
okts -160
noqe -77
nrie 60
atib -29
gnnl -161
VOID------
tgpi -103
fngo -106
bkim -254
jcda 68
cjoo -116
gkqa 89
nqcn 32
pstm -45
rfci -47
stpc 195
fqaf -7
tjao -204
cqbn 174
dqac -158
fomp -200
qstq -165
elmt -105
jbde -85
snat 64
qklo 54
pdns 49
okkf -22
ckle -244
lmcf -236
njdb -157
rprl -118
frqr -263
hhpp -202
gajs -198
okts -160
noqe -77
nrie 60
atib -29
gnnl -161
VOID------
tgpi -103
fngo -106
bkim -254
jcda 68
cjoo -116
gkqa 89
nqcn 32
pstm -45
rfci -47
stpc 195
fqaf -7
tjao -204
cqbn 174
dqac -158
fomp -200
qstq -165
elmt -105
jbde -85
snat 64
qklo 54
pdns 49
okkf -22
ckle -244
lmcf -236
njdb -157
rprl -118
frqr -263
hhpp -202
gajs -198
okts -160
noqe -77
nrie 60
atib -29
gnnl -161
bdsn -275
DOMAIN------
clfq -177
gojg -135
gpla -44
qdim -254
adnm -92
alea -216
tbpi -11
dnsk -263
iifb -101
oesf -226
qtgk -25
difk -31
bqpa -71
qqmk -169
bdsn -275
gnnl -161
atib -29
noqe -77
okts -160
gajs -198
hhpp -202
frqr -263
rprl -118
njdb -157
lmcf -236
ckle -244
okkf -22
jbde -85
elmt -105
qstq -165
fomp -200
dqac -158
tjao -204
fqaf -7
rfci -47
pstm -45
cjoo -116
bkim -254
fngo -106
tgpi -103
qkta -293
oblc -158
esnl -278
olhm -51
VOID------
selg 62
othj 61
esfm 5
dojb 7
DOMAIN------
lkhj -200
bclb -78
ajic -195
oqbc -49
lorm -255
idcl -16
VOID------
rmmt 146
ibsg 82
rgec 37
prtp -141
VOID------
qsga 134
pbom -251
dlad -235
mapb -193
VOID------
dlad -235
mapb -193
nmqd 182
ebqf 90
VOID------
dlad -235
mapb -193
nmqd 182
ebqf 90
DOMAIN------
ojte -252
bfsp -20
jgdp -143
ldom -31
jlnp -167
olqa -229
nehh -83
dtbc -112
shln -135
cjdm -154
cbqj -238
mapb -193
dlad -235
pbom -251
qlhp -64
ejir -178
prtp -141
VOID------
selg 62
othj 61
esfm 5
dojb 7
VOID------
ppkf -259
dlqo -252
drce -235
bdap -235
lmrb -231
sgqs -212
gjen 152
tdnb 106
iigk 75
odsr -117
qtei -31
nfkb -20
skrd -291
VOID------
ppkf -259
dlqo -252
drce -235
bdap -235
lmrb -231
sgqs -212
gjen 152
tdnb 106
iigk 75
odsr -117
qtei -31
nfkb -20
skrd -291
DOMAIN------
lnpa -266
lsge -261
aqbo -144
lqbo -217
ijsm -71
ghap -219
chgm -220
bqel -183
irio -92
alpb -276
nlej -76
riil -208
qbae -254
jrbo -12
lpcc -124
lbfg -53
aksa -11
akbn -79
qfgp -102
khql -69
gmor -177
retj -298
nsdb -201
tbik -65
ktmp -270
kjkd -108
leqa -175
dciq -115
imsd -47
nphj -158
erlo -28
afnp -257
nkgo -296
oenc -76
ttef -255
npog -243
mgft -50
eqma -177
rfam -109
qsph -110
iqre -252
jgfi -74
qsrl -116
lshj -34
aqjb -51
fhma -92
riep -108
mipb -215
ikck -288
plaf -291
okgn -95
qnln -152
esog -33
obmo -39
mlos -132
nhli -172
mrdq -114
qeob -64
crsh -77
taba -84
lbpi -149
hmki -25
jgei -297
oehk -33
fael -58
fpgg -71
bqgs -269
skrd -291
nfkb -20
qtei -31
odsr -117
sgqs -212
lmrb -231
bdap -235
drce -235
dlqo -252
ppkf -259
jice -284
VOID------
selg 62
othj 61
esfm 5
dojb 7
DOMAIN------
VOID------
qpmr -150
oicj -118
mmrn -88
npsc -54
gkte -260
DOMAIN------
gsnk -75
qnnt -269
cslj -27
dprq -66
gpfj -83
akma -120
tith -133
rdcq -210
mieg -279
lksi -280
hppc -74
gsbs -276
tmsk -124
gkte -260
npsc -54
mmrn -88
oicj -118
qpmr -150
pcho -153
enrh -24
VOID------
rpah -132
kpsl 435
abnq -107
gjeh -14
aofl -248
VOID------
htrb -164
igno -108
drhb -239
mftj -136
phck -127
dmbg -292
VOID------
htrb -164
igno -108
drhb -239
mftj -136
phck -127
dmbg -292
VOID------
gqoa -194
annt -246
pjkf 155
gfcq -200
dntt 167
fnoj -159
etgk -99
oosp 94
cdqd -52
bjbm -265
sorq -230
drtb -227
lkee -48
ecqi -37
dell -226
bnes -209
abfm 186
bpmi -147
jknf -130
tmeh 86
indr -137
tcrj -265
gmjg -54
endn -58
srgr -45
VOID------
gqoa -194
annt -246
pjkf 155
gfcq -200
dntt 167
fnoj -159
etgk -99
oosp 94
cdqd -52
bjbm -265
sorq -230
drtb -227
lkee -48
ecqi -37
dell -226
bnes -209
abfm 186
bpmi -147
jknf -130
tmeh 86
indr -137
tcrj -265
gmjg -54
endn -58
srgr -45
VOID------
gqoa -194
annt -246
pjkf 155
gfcq -200
dntt 167
fnoj -159
etgk -99
oosp 94
cdqd -52
bjbm -265
sorq -230
drtb -227
lkee -48
ecqi -37
dell -226
bnes -209
abfm 186
bpmi -147
jknf -130
tmeh 86
indr -137
tcrj -265
gmjg -54
endn -58
srgr -45
mple 75
iidn -218
DOMAIN------
oocr -55
befd -78
gqpc -9
bmqn -281
iidn -218
srgr -45
endn -58
gmjg -54
tcrj -265
indr -137
jknf -130
bpmi -147
bnes -209
dell -226
ecqi -37
lkee -48
drtb -227
sorq -230
bjbm -265
cdqd -52
etgk -99
fnoj -159
gfcq -200
annt -246
gqoa -194
dmbg -292
phck -127
mftj -136
drhb -239
igno -108
htrb -164
aofl -248
gjeh -14
abnq -107
rpah -132
VOID------
nsic -264
sler -110
nasj 196
ftir -46
rdkh 62
aqne 163
jgdo -249
cota -294
DOMAIN------
conk -44
lbaj -165
dohq -58
fcqe -130
lmar -4
dbfd -256
mrem -88
dkgk -122
cota -294
jgdo -249
ftir -46
sler -110
nsic -264
ftho -87
kaba -88
kcmt -187
mqpo -194
DOMAIN------
qqop -28
qmkm -216
dggj -285
bftn -44
jhdq -180
rdgg -34
mdqj -222
negc -254
tpoe -17
dbld -71
rsrj -64
qqas -64
toob -165
rorl -233
hmie -98
jipg -68
hapo -44
VOID------
sddo 12
jimk 140
adnn 15
tdsi 9
LIGHT------
gdpi -4
erqe -205
ojhd 286
sbcb 352
iecj 407
mclj 234
VOID------
erqe -205
qibq -46
gdpi -4
oean -22
VOID------
ilmh -254
igfg -246
psqj 194
hlac 131
kbbf -99
tadn -83
rael -82
eqgo -75
kijm 73
krfb -69
flpj 42
srol -40
cmnt 27
etoe 21
qhrg -2
sbca -63
btid -180
dmbk 150
ellp -25
ineo -122
sqhd -270
nfod -232
njqe 43
nibq -136
nbel 143
fkaq -86
aanq -122
khsf -175
aiqk -123
locn -52
ksbl -220
itec -300
DOMAIN------
jakj -178
tsjj -219
jlgs -39
rpio -55
aabc -93
dfid -280
dion -297
ibrt -281
fjcl -253
otfs -17
gran -53
cbdd -62
jddq -103
hqkt -118
bkoc -138
jigj -41
edsh -133
tkes -251
bdqd -87
ccgn -227
rhno -103
ldar -139
grkk -188
iteg -229
akhe -288
itec -300
ksbl -220
locn -52
aiqk -123
khsf -175
aanq -122
fkaq -86
nibq -136
nfod -232
sqhd -270
ineo -122
ellp -25
btid -180
sbca -63
qhrg -2
srol -40
krfb -69
eqgo -75
rael -82
tadn -83
kbbf -99
igfg -246
ilmh -254
bnsa -283
oean -22
gdpi -4
qibq -46
erqe -205
hlfd -224
fmfr -202
pejj -203
mrcf -187
VOID------
npco 17
marq 9
plgr 21
kgfb 20
TIME: 0.013