VOID------
fqkd -125
motm -30
mioe -150
etid -186
DOMAIN------
sore -103
mghd -48
ktlr -199
jfjr -107
bhhf -213
rqcg -235
etid -186
mioe -150
motm -30
fqkd -125
VOID------
kirm 100
sibt 252
ejnl 167
fdid 170
VOID------
kirm 100
sibt 252
ejnl 167
fdid 170
VOID------
tqgs -58
jbso -54
ltbr -188
fdcl -106
VOID------
tqgs -58
jbso -54
ltbr -188
gthb -226
tiqq -192
VOID------
tqgs -58
jbso -54
ltbr -188
gthb -226
tiqq -192
VOID------
tqgs -58
jbso -54
ltbr -188
gthb -226
tiqq -192
lfdj -115
VOID------
lfdj -115
tiqq -192
gthb -226
ltbr -188
jbso -54
tqgs -58
VOID------
lfdj -115
tiqq -192
gthb -226
ltbr -188
jbso -54
tqgs -58
VOID------
lfdj -115
tiqq -192
gthb -226
ltbr -188
jbso -54
tqgs -58
VOID------
lfdj -115
tiqq -192
gthb -226
ltbr -188
jbso -54
tqgs -58
VOID------
lfdj -115
tiqq -192
gthb -226
ltbr -188
jbso -54
tqgs -58
VOID------
dcsq -286
mgms -120
tajm -184
fdcl -106
tqgs -58
jbso -54
DOMAIN------
ebal -30
jebc -183
ntsd -70
ijkb -262
dcsq -286
mgms -120
tajm -184
hlad -299
lfdj -115
tiqq -192
gthb -226
ltbr -188
fdcl -106
jbso -54
tqgs -58
DOMAIN------
knqc -102
VOID------
lsqa -280
tsrf 92
ctes -234
lkof -43
rnib -181
qmpj -110
isli 346
tojn -271
fqrt 3
lnct -205
VOID------
lsqa -280
tsrf 92
ctes -234
lkof -43
rnib -181
qmpj -110
isli 346
tojn -271
fqrt 3
lnct -205
klpo 201
kfmb 327
khbg -223
slil -219
cjom -93
jmkn 99
pjio -152
VOID------
lsqa -280
tsrf 92
ctes -234
lkof -43
rnib -181
qmpj -110
isli 346
tojn -271
fqrt 3
lnct -205
klpo 201
kfmb 327
khbg -223
slil -219
cjom -93
jmkn 99
pjio -152
VOID------
lsqa -280
bgar 221
ctes -234
lkof -43
rnib -181
qmpj -110
DOMAIN------
accn -194
herl -298
jimb -219
cqpt -218
ibmh -172
astr -114
rcek -133
mjap -186
kbth -219
gelc -262
nckt -214
hcmt -153
otrd -122
resh -166
pjio -152
cjom -93
slil -219
khbg -223
gjba -87
lnct -205
tojn -271
qmpj -110
rnib -181
rcpi -83
lkof -43
ctes -234
lsqa -280
VOID------
qcoj 118
aorg 68
abef 63
obce 120
VOID------
gcjo -299
grim -279
gkie -271
frqd 414
mbph -14
VOID------
gcjo -299
grim -279
gkie -271
hahj 89
VOID------
gcjo -299
grim -279
gkie -271
hahj 89
mfsp -153
VOID------
mslq 195
gcjo -299
grim -279
gkie -271
VOID------
atas -47
phqh -112
gcjo -299
laqe 118
grim -279
VOID------
atas -47
phqh -112
gcjo -299
laqe 118
grim -279
VOID------
atas -47
phqh -112
gcjo -299
laqe 118
grim -279
VOID------
atas -47
phqh -112
gcjo -299
laqe 118
grim -279
DOMAIN------
gbqs -274
qqqq -179
kkka -21
sndd -279
rafj -261
drrt -206
mmlo -89
hjee -263
mfsp -153
gkie -271
grim -279
gcjo -299
mbph -14
phqh -112
kqhk -146
atas -47
rgrn -66
teqg -43
tdhs -245
fdse -190
VOID------
jjmr 184
kmad -138
prbi 103
eeae -253
VOID------
qgtd 239
lqdf -8
loka -13
eheq -219
VOID------
spkb 157
lqdf -8
loka -13
eheq -219
DOMAIN------
fgdn -252
fnbi -9
lqdf -8
loka -13
nttd -119
eheq -219
eeae -253
kmad -138
VOID------
odpr -233
ngjg 88
mlpq 332
didd -60
ibif -13
VOID------
ndef 95
lbio -272
dolh -231
jjkj 146
VOID------
oiqn -110
ojnc 209
rjti -228
knaa -240
nbil -66
VOID------
rjti -228
knaa -240
nbil -66
ogqq -193
VOID------
dolh -231
rddi 160
didd -60
ibif -13
odpr -233
dcns -65
VOID------
cpsq -293
aian -186
sqia -285
rdsc 162
dlke -282
VOID------
cpsq -293
aian -186
sqia -285
rdsc 162
dlke -282
VOID------
cpsq -293
aian -186
sqia -285
rdsc 162
dlke -282
VOID------
cpsq -293
aian -186
sqia -285
oqta 297
dlke -282
cjsq 111
gqpe -132
VOID------
cpsq -293
aian -186
sqia -285
oqta 297
dlke -282
cjsq 111
gqpe -132
VOID------
cpsq -293
aian -186
sqia -285
oqta 297
dlke -282
cjsq 111
gqpe -132
VOID------
cpsq -293
aian -186
sqia -285
oqta 297
dlke -282
cjsq 111
gqpe -132
VOID------
dlke -282
sqia -285
aian -186
oqta 297
cpsq -293
cjsq 111
qrqg -161
VOID------
ojqa -138
nfct -187
iams -93
ddtq 31
sfth -190
stfo -123
selo -224
VOID------
rjti -228
knaa -240
nbil -66
ogqq -193
VOID------
rjti -228
knaa -240
nbil -66
ogqq -193
DOMAIN------
sola -206
njrf -93
lmig -125
isfg -20
ptbi -125
tspq -80
kbrj -97
qhns -85
isda -282
rfiq -8
ergc -155
nlsn -65
qgqf -113
boqs -133
sqtm -150
cajf -229
iefn -85
gkei -21
aqke -139
hktq -16
aajs -249
nptl -60
fpdc -77
phrc -77
qmah -7
mplp -40
selo -224
stfo -123
sfth -190
ejci -56
iams -93
pgfe -233
qhoj -97
iojk -61
onlo -93
arhf -250
gqpe -132
dlke -282
sqia -285
aian -186
cpsq -293
qrqg -161
fjbh -42
apte -85
asij -296
ojqa -138
pnan -7
nfct -187
pinh -221
jcbr -89
acsn -76
dnoe -28
ogqq -193
nbil -66
knaa -240
dofs -218
kneh -59
rjti -228
oiqn -110
lbio -272
dolh -231
dcns -65
odpr -233
didd -60
ibif -13
VOID------
pfnd -145
ijqh -45
bnqo 20
sarr 191
VOID------
fjgm -245
iqep -20
qpsd -274
mptl 92
fflq -299
VOID------
fjgm -245
iqep -20
qpsd -274
mptl 92
fflq -299
LIGHT------
hcne -82
giej 128
lahg 421
jjra 397
pmss 576
adck 684
ofmg 55
aldm 651
hmkj 104
sfhg 349
pabh 340
sgkp -127
kckt 685
qsmd 674
gkpp 641
safe 654
ecel 93
iirh 628
qihn 403
lakj 557
abdo 270
qrna 574
qipt 582
bobb 507
mpdl 249
jimq 496
foek 101
pkpk 334
iprt 517
nbqi 489
olsd 263
jkea 279
sjml 578
jssl 528
pkcq 84
pkgq 348
fjpj 421
ejto 28
hgfa 210
rjsd 145
pgnq 221
pnof 242
fplj 347
btks 174
jcpd 80
rrii 79
qggt 86
pgkt 130
mqkr 517
fgrc 241
amhl 475
mflj 100
dhih 582
ibtp 283
psgt 227
dbpp 130
mlsr 648
jsrq 433
iprh 309
jmgr 254
rksg 305
srfo 536
oopr 124
ebib 3
fnoo 551
bbfj 318
fprj 688
btso 625
eeni 591
nctl 479
prep 537
poan 457
egds 435
crbe 205
lsbe 452
fifa 329
lfnl 544
ahmj 489
hfnc 256
tnhb 668
asjh 79
esrt 351
klaj 639
blah 79
rkla 82
gpmp 579
nqho 653
mijk 482
gleq 489
ocla 316
ectg 399
nkbt 172
gdri 132
psgs 118
msll 422
ahef 216
ohit 571
gtno 449
acth 368
gesc 467
baek 355
ddtq 31
ritd 117
mpek 230
eoib 611
eocq 297
rpbr 416
dtfi 422
qmmk 71
tlrm 591
onkc 671
ejqp 247
mslq 195
bmbq 591
pqns 40
gape 56
rkck 198
fjbd 224
agad 608
asdk 654
mcfl 167
fakk 455
trnf 71
gqoi 547
rhep 557
iitb 628
mjsq 458
trgl 467
pffm 518
pdka 525
bbrn 444
trkf 192
glds 509
cshn 617
sbpn 694
aqrm 698
fjgo 411
reli 561
hahj 89
mrle 25
hpch 236
jnnt 278
qhdf 103
mgcg 289
mfbg 89
phjr 151
lrep 271
froa 426
spij 481
gpde 536
slff 259
hmrm 364
imgb 81
snpg 413
ojnc 209
fmtb 401
timo 472
rddi 160
pged 275
bgga 198
epbr 257
lokk 339
ajno 263
rkfq 421
miqh 566
ldrf 72
kmft 225
hjot 260
rnko 99
bfnh 164
hhof 541
bbkp 362
gsec 425
coea 27
jpnh 55
aqki 223
pitn 175
oqta 297
cjsq 111
rdsc 162
eqkd 293
qlth 390
ipab 83
simg 336
dgsb 355
ohpb 187
ptdq 316
emnd 394
tphk 72
ggit 133
qdog 340
jaaf 637
pqnc 555
iojl 334
sklt 314
kmcj 693
qkcd 418
ahpb 393
prmo 618
ksdf 495
lota 418
lspq 643
cqrb 339
bimi 497
hesl 679
nfaf 466
ghrq 619
hdkr 540
agia 689
abrp 404
okrm 188
efcq 379
essl 345
mepl 262
icda 276
mkri 229
llie 423
cqsb 132
ejos 208
hdft 655
tccc 617
chrk 217
rqcf 571
dbno 686
sihj 178
htgl 392
sqsc 146
rkmc 487
dlkt 546
hghh 586
rmdt 624
shml 210
rrff 77
mgsc 658
ngjg 88
mlpq 332
ndef 95
jjkj 146
tkce 206
jmmi 596
spkb 157
kjfi 686
glcf 510
srij 557
njni 48
plgm 358
aamp 652
akmi 655
ffnl 205
nesi 494
mnht 515
ncsq 259
qgtd 239
lfrs 376
kcnj 405
prbi 103
jjmr 184
kosm 375
blqe 57
jjoa 159
dpcg 610
djkh 558
ttcn 682
igbq 625
nekq 603
fnok 347
ljhi 637
otnn 255
qnto 300
qhso 502
sqhg 136
lgkm 289
ptss 299
frid 478
frqd 414
ogdj 580
ectf 251
isib 270
fstm 324
lrof 394
obne 337
cfbe 385
nnth 522
trrl 172
dqnl 321
smsq 14
fgfa 142
chrf 367
psln 63
getl 439
lcfe 286
qphm 427
note 57
liog 222
jtta 382
noke 598
tfma 54
kaho 673
tqsd 280
sarr 191
bnqo 20
qtjm 240
hrac -40
nbff 522
tbcd 476
pfnd -145
ijqh -45
cbeb -208
tdid 476
kaqh 452
fjgm -245
iqep -20
qpsd -274
mptl 92
fflq -299
tdqo 606
rhoh 282
ndln 50
kqlr 528
hggf 121
geqn 306
nodb -279
VOID------
fjgm -245
iqep -20
qpsd -274
mptl 92
fflq -299
VOID------
fjgm -245
iqep -20
qpsd -274
mptl 92
fflq -299
VOID------
nodb -279
hcne -82
hita 309
nqje -209
rllq -145
lrqs -87
ddki -238
baeq -60
ithd -260
VOID------
qpsd -274
fflq -299
qeeh 395
nodb -279
hcne -82
nqje -209
rllq -145
lrqs -87
ddki -238
VOID------
qpsd -274
fflq -299
qeeh 395
nodb -279
hcne -82
nqje -209
rllq -145
lrqs -87
ddki -238
VOID------
qpsd -274
fflq -299
qeeh 395
nodb -279
hcne -82
nqje -209
rllq -145
lrqs -87
ddki -238
DOMAIN------
lqbj -108
nhoh -78
dbta -180
nqrl -100
fach -183
hnml -210
lnfd -6
ithd -260
baeq -60
ddki -238
lrqs -87
rllq -145
nqje -209
hcne -82
nodb -279
fflq -299
qpsd -274
iqep -20
fjgm -245
sgkp -127
cbeb -208
ijqh -45
pfnd -145
hrac -40
VOID------
pgkt 130
qggt 86
rrii 79
jcpd 80
VOID------
gnqh 111
dmfj -227
gabm -125
lerj -267
VOID------
gnqh 111
dmfj -227
gabm -125
lerj -267
VOID------
gnqh 111
dmfj -227
gabm -125
lerj -267
VOID------
gnqh 111
dmfj -227
gabm -125
lerj -267
VOID------
dmfj -227
gabm -125
lerj -267
ceco 409
rnjb -262
VOID------
gnqh 111
dmfj -227
gabm -125
lerj -267
VOID------
gnqh 111
dmfj -227
gabm -125
lerj -267
VOID------
dmfj -227
gabm -125
lerj -267
jpnj 460
rnjb -262
VOID------
pbot -176
fhtk -54
rjfg -114
gnqh 111
mnri -46
VOID------
hfqt -201
leah -236
qecd -259
nahf -139
VOID------
adtj -226
ddcq -188
jgmt -259
fqak -203
dfis -214
kfoa 99
jkpq -192
bmkp -216
cibe -175
VOID------
adtj -226
ddcq -188
jgmt -259
fqak -203
dfis -214
kfoa 99
jkpq -192
bmkp -216
cibe -175
VOID------
nrrd -190
onta -247
rnjb -262
lerj -267
gabm -125
VOID------
nrrd -190
onta -247
rnjb -262
lerj -267
gabm -125
VOID------
nrrd -190
onta -247
rnjb -262
lerj -267
gabm -125
VOID------
nrrd -190
onta -247
rnjb -262
lerj -267
gabm -125
VOID------
ikfb -42
iklm -259
daeb 29
rloa -264
eecc -202
rhkj -98
orkd -265
ajks -114
jhjn -55
DOMAIN------
rimq -180
bmge -57
nggn -228
tfcp -28
fbsr -168
fqhj -149
raam -244
msgf -161
flcp -138
jhjn -55
ajks -114
orkd -265
rhkj -98
eecc -202
rloa -264
iklm -259
ikfb -42
thhr -93
lceb -262
kbqq -207
fqig -73
cibe -175
bmkp -216
jkpq -192
dfis -214
fqak -203
jgmt -259
fdlb -11
ddcq -188
adtj -226
ecce -119
ctmb -60
ppif -258
nahf -139
qecd -259
leah -236
hfqt -201
rqof -123
pbot -176
fhtk -54
rjfg -114
mnri -46
ttgm -37
prog -251
mrrp -3
afog -34
nrrd -190
onta -247
rnjb -262
ptol -170
dmfj -227
gabm -125
lerj -267
DOMAIN------
tnfk -103
jqah -190
sktb -238
VOID------
slaf 308
rfpi -245
rbce -51
qljn -10
VOID------
slaf 308
rfpi -245
rbce -51
qljn -10
VOID------
bnhj 66
cair 6
lrfb 111
inke 64
VOID------
bnhj 66
cair 6
lrfb 111
inke 64
VOID------
nmne -150
ijij -203
ddra 421
mfgn -50
VOID------
lnhq -205
ctod 33
bihj -201
smqf 396
VOID------
ahbd -231
ciie -60
cddb -221
eteo -125
VOID------
ahbd -231
ciie -60
cddb -221
eteo -125
DOMAIN------
hfef -204
jtgi -242
dmod -168
otdn -39
eteo -125
cddb -221
ciie -60
ahbd -231
bihj -201
ctal -36
kmda -15
lnhq -205
ijij -203
mfgn -50
nmne -150
anpn -82
qljn -10
rbce -51
rfpi -245
iqte -208
soij -90
VOID------
bnhj 66
cair 6
lrfb 111
inke 64
VOID------
pqjb -296
tdfr 244
kefs -115
kreg 89
VOID------
pqjb -296
tdfr 244
kefs -115
kreg 89
VOID------
rjch -224
hbar -73
kefs -115
ktdi 361
pqjb -296
gess -234
aqqt 14
nltc 153
ljal 318
nsmi -278
kbha 372
gafi -273
mcdh -293
qoni -259
ttdm -204
VOID------
gess -234
nsmi -278
gafi -273
mcdh -293
qoni -259
VOID------
pqjb -296
kefs -115
hbar -73
ohde 75
rjch -224
lbeb -275
VOID------
pqjb -296
kefs -115
hbar -73
ohde 75
rjch -224
lbeb -275
VOID------
pqjb -296
kefs -115
hbar -73
ohde 75
rjch -224
lbeb -275
VOID------
kefs -115
pqjb -296
gess -234
nsmi -278
gssf 83
gafi -273
copd 234
dgdh 53
mcdh -293
qoni -259
sphb 191
ttdm -204
VOID------
kefs -115
pqjb -296
gess -234
nsmi -278
gssf 83
gafi -273
copd 234
dgdh 53
mcdh -293
qoni -259
sphb 191
ttdm -204
VOID------
kefs -115
pqjb -296
gess -234
nsmi -278
gssf 83
gafi -273
copd 234
dgdh 53
mcdh -293
qoni -259
sphb 191
ttdm -204
VOID------
kefs -115
hbar -73
rjch -224
lbeb -275
eipc -286
VOID------
kefs -115
hbar -73
rjch -224
lbeb -275
eipc -286
VOID------
qoni -259
mcdh -293
gafi -273
lmhp 96
nsmi -278
gess -234
VOID------
qoni -259
mcdh -293
gafi -273
lmhp 96
nsmi -278
gess -234
VOID------
hgfq -162
nltc 153
eipc -286
lbeb -275
rjch -224
hbar -73
VOID------
hgfq -162
nltc 153
eipc -286
lbeb -275
rjch -224
hbar -73
VOID------
hgfq -162
nltc 153
eipc -286
lbeb -275
rjch -224
hbar -73
DOMAIN------
mkrc -226
ttmj -261
bqif -161
emji -207
didf -135
dmbt -211
mapr -193
earr -81
tbiq -18
jqqs -245
gpgq -250
nnta -60
obmi -29
lkad -146
hqjd -239
rgfq -3
dcfc -186
lpos -188
ksoo -16
brtn -192
obsi -262
rqdp -229
pfnc -128
snba -221
apoj -115
iptm -157
spjk -275
qnbm -135
rglf -36
rkej -32
prnr -34
kfif -161
eklk -207
cmem -86
ekja -105
occb -137
aiae -248
nkqm -125
ghgm -239
ttdm -204
njrl -33
qoni -259
mcdh -293
gafi -273
qshi -155
nsmi -278
hgfq -162
eipc -286
igtm -273
lbeb -275
ekcr -39
rjch -224
hbar -73
kefs -115
pqjb -296
gess -234
VOID------
bnhj 66
cair 6
lrfb 111
inke 64
VOID------
inke 64
lrfb 111
cair 6
bnhj 66
VOID------
midl -190
tdpg 147
qnqn 48
nbom 79
VOID------
midl -190
tdpg 147
qnqn 48
nbom 79
dqtl 152
ajdp -239
VOID------
ajdp -239
gabn 157
ljmr -251
bfrc -68
VOID------
ljmr -251
hhik 337
ajdp -239
midl -190
VOID------
ljmr -251
hhik 337
ajdp -239
midl -190
VOID------
kdrc -218
njpc -109
sgnn 31
osns 237
eogn -36
VOID------
kdrc -218
njpc -109
sgnn 31
osns 237
eogn -36
VOID------
mjoc -90
pchk -99
midl -190
aqqt 14
VOID------
mjoc -90
pchk -99
midl -190
aqqt 14
VOID------
dorn -186
hpdo -271
trpg 182
hdob 49
VOID------
kahh -169
pnek -228
omsn -272
gqca -168
lhsc -124
lfhp -26
VOID------
stlk -295
ogns -197
lbaf -300
fgcr -122
cqaq 355
ghla -156
lrqr -144
shlp -242
VOID------
dorn -186
hpdo -271
idsq -63
kdrc -218
njpc -109
eogn -36
gckq 406
bper 60
ddnq -184
aefp -62
kahh -169
jadf 248
pnek -228
icia 203
omsn -272
gqca -168
gbrf 699
lhsc -124
lfhp -26
gsqc -206
okdc -290
ngeo 279
jekm -125
npfn -155
hrko -93
VOID------
dorn -186
hpdo -271
idsq -63
kdrc -218
njpc -109
eogn -36
gckq 406
bper 60
ddnq -184
aefp -62
kahh -169
jadf 248
pnek -228
icia 203
omsn -272
gqca -168
gbrf 699
lhsc -124
lfhp -26
gsqc -206
okdc -290
ngeo 279
jekm -125
npfn -155
hrko -93
VOID------
dorn -186
hpdo -271
idsq -63
kdrc -218
njpc -109
eogn -36
gckq 406
bper 60
ddnq -184
aefp -62
kahh -169
jadf 248
pnek -228
icia 203
omsn -272
gqca -168
gbrf 699
lhsc -124
lfhp -26
gsqc -206
okdc -290
ngeo 279
jekm -125
npfn -155
hrko -93
VOID------
pnek -228
ebep 184
omsn -272
gqca -168
aarh 210
lhsc -124
lfhp -26
gsqc -206
okdc -290
VOID------
ljmr -251
bfrc -68
dorn -186
hpdo -271
idsq -63
kdrc -218
VOID------
ljmr -251
bfrc -68
dorn -186
hpdo -271
idsq -63
kdrc -218
VOID------
ljmr -251
bfrc -68
dorn -186
hpdo -271
idsq -63
kdrc -218
VOID------
ljmr -251
bfrc -68
dorn -186
hpdo -271
idsq -63
kdrc -218
VOID------
ljmr -251
bfrc -68
dorn -186
hpdo -271
idsq -63
kdrc -218
VOID------
ljmr -251
bfrc -68
dorn -186
hpdo -271
idsq -63
kdrc -218
VOID------
ljmr -251
bfrc -68
dorn -186
hpdo -271
idsq -63
kdrc -218
DOMAIN------
ifjm -169
acal -300
tnpo -153
sjdi -258
jjic -234
qreb -176
ajdh -83
ghhf -289
fllm -294
qegh -165
jook -196
dnad -207
sqlo -80
ifgg -24
iifs -157
erea -27
hado -117
imqp -61
fnen -208
gkca -268
skgh -224
kbbi -234
ejst -292
ensf -39
oaob -216
bdhj -13
shlp -242
lrqr -144
ghla -156
fgcr -122
lbaf -300
hrko -93
ogns -197
stlk -295
gbol -294
name -82
jekm -125
okdc -290
npfn -155
gsqc -206
aqlc -78
tfam -175
lfhp -26
lhsc -124
gqca -168
omsn -272
fijp -105
pnek -228
kahh -169
aefp -62
mdlk -13
ddnq -184
eogn -36
njpc -109
kdrc -218
idsq -63
bepb -283
pqbr -254
jbfa -59
ptrf -38
rgaj -178
hpdo -271
dorn -186
bfrc -68
ljmr -251
ajdp -239
midl -190
lnik -10
mjoc -90
pchk -99
VOID------
bnhj 66
cair 6
lrfb 111
inke 64
VOID------
bnhj 66
cair 6
lrfb 111
inke 64
VOID------
pmnk -148
sjqm -277
cidm 317
flkt 49
nbld -169
gpno -173
VOID------
pmnk -148
sjqm -277
cidm 317
flkt 49
nbld -169
gpno -173
slos 253
jmdp 140
marm -198
tnsj -203
pttj -56
VOID------
pmnk -148
sjqm -277
cidm 317
flkt 49
nbld -169
gpno -173
slos 253
jmdp 140
marm -198
tnsj -203
secl -132
lftm -212
VOID------
pmnk -148
sjqm -277
cidm 317
flkt 49
nbld -169
gpno -173
slos 253
jmdp 140
marm -198
tnsj -203
secl -132
lftm -212
rprm 72
ctrh 82
sfqa -268
VOID------
sfqa -268
pica 18
bplh -141
dekh -25
brlq -198
kaop 416
shnp -283
toob -238
qijq -147
VOID------
sfqa -268
pica 18
bplh -141
dekh -25
brlq -198
kaop 416
shnp -283
toob -238
qijq -147
VOID------
marm -198
gpno -173
nbld -169
nhog 111
sjqm -277
pmnk -148
lpah -200
VOID------
marm -198
gpno -173
nbld -169
nhog 111
sjqm -277
pmnk -148
lpah -200
VOID------
marm -198
gpno -173
nbld -169
nhog 111
sjqm -277
pmnk -148
lpah -200
DOMAIN------
bjfn -17
jqad -281
eagd -185
ddqg -287
ctgj -293
mtsa -70
mona -8
jjej -91
rotm -143
ekrf -148
qijq -147
toob -238
shnp -283
eloh -238
brlq -198
dekh -25
bplh -141
sfqa -268
lftm -212
mtek -136
secl -132
pttj -56
tnsj -203
marm -198
osmm -23
gpno -173
nbld -169
sjqm -277
jfsa -12
pmnk -148
lpah -200
VOID------
inke 64
lrfb 111
cair 6
bnhj 66
VOID------
inke 64
lrfb 111
cair 6
bnhj 66
VOID------
inke 64
lrfb 111
cair 6
bnhj 66
VOID------
hhgd -244
srhk -142
nffb -261
brss -276
VOID------
hhgd -244
srhk -142
nffb -261
brss -276
VOID------
hhgd -244
srhk -142
nffb -261
brss -276
VOID------
hhgd -244
srhk -142
nffb -261
brss -276
VOID------
akbt -292
ceoa -26
mnjo -149
eheb -152
VOID------
rfpo -192
oada -152
jqkk -33
tfig -188
rnoo -109
oqjj -86
VOID------
rfpo -192
oada -152
jqkk -33
tfig -188
rnoo -109
oqjj -86
VOID------
rfpo -192
oada -152
jqkk -33
tfig -188
rnoo -109
oqjj -86
VOID------
rfpo -192
oada -152
jqkk -33
tfig -188
rnoo -109
oqjj -86
VOID------
rfpo -192
oada -152
jqkk -33
tfig -188
rnoo -109
oqjj -86
VOID------
oqjj -86
rnoo -109
tfig -188
jqkk -33
oada -152
rfpo -192
akpq 191
srpj -192
foop -259
DOMAIN------
mgmp -154
ftmh -78
bolj -294
majo -55
eqgs -150
lthd -156
rffg -111
bhqf -153
aosd -266
sdna -203
ieol -158
jndn -45
scpl -295
sfhs -250
pcrg -146
lmfh -31
rfrt -98
kolh -226
jabs -24
iedi -263
npob -180
bdhd -196
eqah -131
oldd -24
darq -80
oqjj -86
rnoo -109
fdtn -38
tfig -188
jqkk -33
oada -152
rfpo -192
srpj -192
tarr -36
akbt -292
ceoa -26
foop -259
dagq -141
hhgd -244
srhk -142
nffb -261
brss -276
mnjo -149
eheb -152
VOID------
ptnn 177
dtoc -168
inmi 29
nrrs 43
VOID------
ptnn 177
dtoc -168
inmi 29
nrrs 43
DOMAIN------
aqli -90
cera -105
sqmb -141
dtoc -168
VOID------
bnhj 66
cair 6
lrfb 111
inke 64
VOID------
inke 64
lrfb 111
cair 6
bnhj 66
VOID------
rlsp 249
qfrd -41
djlb 200
gqtk -217
VOID------
rlsp 249
qfrd -41
djlb 200
gqtk -217
VOID------
bcaj -133
bngd -185
lers -177
jqjl -11
VOID------
bcaj -133
bngd -185
lers -177
jqjl -11
VOID------
bcaj -133
bngd -185
lers -177
jqjl -11
VOID------
bcaj -133
bngd -185
lers -177
jqjl -11
VOID------
qhjs -287
jdba -276
tjlh -176
pcer -283
hnof -72
VOID------
ecbc -76
nkfd -273
oknk -89
jtks -91
lsof -68
hnof -72
VOID------
ecbc -76
nkfd -273
oknk -89
jtks -91
lsof -68
hnof -72
VOID------
ecbc -76
nkfd -273
oknk -89
jtks -91
lsof -68
hnof -72
VOID------
ecbc -76
nkfd -273
oknk -89
jtks -91
lsof -68
hnof -72
snfl 542
ntqe -288
ohaf -49
smbf 30
jpni 18
jkmf -158
rqij -199
VOID------
dtjr -39
qhjs -287
frrt 191
jdba -276
rldo 176
tjlh -176
csqm 209
pcer -283
cmma -195
kkfc -62
gblc -43
cbic -114
VOID------
mqbf -237
sqfp -248
iirj -102
lqml -10
jqol -218
VOID------
lers -177
bngd -185
bcaj -133
gqtk -217
qfrd -41
ictn -8
jjhi 229
ecbc -76
nkfd -273
kttj 224
iqmo 7
oknk -89
jtks -91
fjhs 364
lsof -68
hnof -72
ntqe -288
DOMAIN------
miqk -98
bols -13
dpdg -40
jcmp -56
tgds -248
jhba -227
dsaj -214
crra -28
qlnb -81
pfif -224
bfqm -60
qrkg -82
omsj -136
jqol -218
lqml -10
iirj -102
sqfp -248
mqbf -237
tssq -100
lolc -176
tbas -218
rqij -199
jkmf -158
cbic -114
ohaf -49
gblc -43
ntqe -288
kkfc -62
cmma -195
pcer -283
hnof -72
tjlh -176
jdba -276
qhjs -287
dtjr -39
jqjl -11
lers -177
bngd -185
bcaj -133
gqtk -217
qfrd -41
lsof -68
jtks -91
oknk -89
ictn -8
ecbc -76
nkfd -273
VOID------
inke 64
lrfb 111
cair 6
bnhj 66
DOMAIN------
VOID------
mlde -98
fcgb 119
npgt -294
cnmn 127
DOMAIN------
npgt -294
mlde -98
moim -74
VOID------
qoil -140
tegq 38
bmpa -26
jpem -9
sfka -90
paqk -84
eghf -250
VOID------
qoil -140
tegq 38
bmpa -26
jpem -9
sfka -90
paqk -84
eghf -250
plmf -108
rcpl -31
VOID------
qoil -140
tegq 38
bmpa -26
jpem -9
sfka -90
paqk -84
eghf -250
plmf -108
rcpl -31
hqpp 20
trkd -281
agnp -273
hqch -270
akjj -238
VOID------
jsiq -54
akjj -238
qoil -140
bmpa -26
jpem -9
sfka -90
paqk -84
VOID------
jsiq -54
akjj -238
qoil -140
bmpa -26
jpem -9
sfka -90
paqk -84
DOMAIN------
qtln -60
dpfr -80
rloo -212
pdil -242
tffs -42
ksdm -60
nain -278
jsiq -54
hqch -270
agnp -273
trkd -281
akjj -238
rcpl -31
plmf -108
eghf -250
paqk -84
sfka -90
jpem -9
bmpa -26
qoil -140
VOID------
odjs -111
mgqi -241
fama 383
blig 22
VOID------
odjs -111
mgqi -241
dcge -257
kctm -113
VOID------
odjs -111
mgqi -241
dcge -257
kctm -113
aplg -287
aigo -178
VOID------
odjs -111
mgqi -241
dcge -257
kctm -113
aplg -287
aigo -178
DOMAIN------
jmfe -222
aigo -178
aplg -287
coek -259
kctm -113
dcge -257
mgqi -241
odjs -111
jgkc -288
pcma -90
aokq -28
tbqh -120
tigb -61
DOMAIN------
aasj -76
btlp -290
tlbj -264
dpcb -135
djcq -145
jdsq -164
lnfr -77
bkcc -61
VOID------
odbf -197
etpo 101
roea -125
kmaj -96
VOID------
odbf -197
etpo 101
roea -125
kmaj -96
VOID------
odbf -197
etpo 101
roea -125
kmaj -96
VOID------
fjnm -169
olon 120
kpbg -168
odbf -197
VOID------
fjnm -169
olon 120
kpbg -168
odbf -197
VOID------
odbf -197
kpbg -168
fjnm -169
kbjo 11
kemm -268
DOMAIN------
nflj -68
asjc -195
orke -109
piio -218
sbai -24
stme -47
qprf -124
kemm -268
aala -95
mdmb -223
tejo -28
msei -120
fjnm -169
kpbg -168
itjb -153
nldf -198
jkqp -79
ddlc -33
ldmg -11
hihs -103
acoo -76
kmaj -96
roea -125
odbf -197
VOID------
mopk -296
fmej -212
poah -199
mfsd -128
fpck -289
VOID------
mopk -296
fmej -212
poah -199
mfsd -128
fpck -289
VOID------
mopk -296
fmej -212
poah -199
mfsd -128
fpck -289
VOID------
bojm -68
bhmc -85
mbrp -243
mhlj -160
fpck -289
mfsd -128
VOID------
bojm -68
bhmc -85
mbrp -243
mhlj -160
fpck -289
mfsd -128
aihr 212
poah -199
lqda 178
fmej -212
mopk -296
VOID------
rges -283
bkks -249
fffr -68
lnon -73
obqq -273
lcsb 638
dijt -31
emic 5
rgnk -81
aogg -130
fbki -272
enoq -21
mopk -296
VOID------
bojm -68
bhmc -85
mbrp -243
mhlj -160
fpck -289
mfsd -128
VOID------
bojm -68
bhmc -85
mbrp -243
mhlj -160
fpck -289
mfsd -128
LIGHT------
dssd -194
ntga 195
oqta 297
cjsq 111
rdsc 162
eqkd 293
qlth 390
ipab 83
simg 336
dgsb 355
ohpb 187
ptdq 316
emnd 394
tphk 72
ggit 133
qdog 340
jaaf 637
pqnc 555
iojl 334
sklt 314
kmcj 693
qkcd 418
ahpb 393
prmo 618
ksdf 495
lota 418
lspq 643
cqrb 339
bimi 497
hesl 679
nfaf 466
ghrq 619
hdkr 540
agia 689
abrp 404
okrm 188
efcq 379
essl 345
mepl 262
icda 276
mkri 229
llie 423
dqnl 321
smsq 14
fgfa 142
chrf 367
psln 63
getl 439
lcfe 286
qphm 427
note 57
liog 222
jtta 382
noke 598
tfma 54
kaho 673
jnrb 520
chcf 690
jpbp 253
gmek 300
fbtc 597
abpg 143
ilbh 228
bial 272
hjfk 226
tqsd 280
sarr 191
bnqo 20
qtjm 240
nbff 522
tbcd 476
tdid 476
kaqh 452
mptl 92
tdqo 606
rhoh 282
ndln 50
kqlr 528
hggf 121
geqn 306
hita 309
nmfb 57
grsn 550
tell 416
ciar 409
shin 184
eici 204
qbnq 240
dtfm 162
lhmb 119
aerp 602
kjoi 573
pflf 251
tqrc 287
qeeh 395
cqsp 474
nlkn 9
eode 437
rteb 642
bicc 604
giej 128
lahg 421
jjra 397
pmss 576
adck 684
bdbh 397
pcsr 131
hpat 244
pknj 239
tkec 447
onjm 227
rrpo 677
fmmg 471
beam 2
aaqm 617
apmf 326
gnqh 111
bcpo 621
rodn 197
kamf 211
abhq 212
hoeq 348
aotg 164
acsq 12
ktrl 690
jdrg 570
mlnf 482
qlgo 211
amdi 6
glof 235
nlmg 218
bddn 471
lrrq 82
cqhl 260
hagp 194
rloh 69
frni 7
riaa 258
oeiq 440
onli 132
gfpr 88
cddh 612
afmj 674
fqmo 165
accp 113
qqjp 378
pbfe 389
eopr 166
ahen 423
fprp 537
tahd 52
jndk 667
gqtr 216
oipg 571
nhol 520
lhpk 628
kfoa 99
kqoc 635
schs 508
cnra 363
fmtc 473
alri 563
ekgi 512
prgm 145
dhfj 243
osrm 339
epgs 648
aosl 492
ohmt 424
bgfi 303
mkck 103
scsc 430
rkfi 109
mbbe 501
bloi 141
tcsa 399
atdp 308
admi 366
fpgk 398
coqr 521
epdo 620
opjg 137
nmlp 428
fqqn 647
nsms 545
ehah 306
bmog 154
rldq 157
daeb 29
eoca 336
cajs 548
tlgi 565
olci 666
blqh 58
iohg 601
rgsb 577
icca 5
rmem 120
hrks 231
rnap 185
lnfm 4
cssb 483
jmom 3
jqrq 567
edpc 529
dapc 435
amae 465
jltf 613
pnsd 240
badp 689
cddf 607
gaqj 427
tmna 646
rlke 173
eidf 647
tagt 155
nphs 51
ifpm 568
tdfr 244
kreg 89
tkir 468
bkbo 607
ohde 75
hnfe 494
ekga 641
frna 557
oeda 421
robk 86
nfal 557
nslh 61
kbha 372
ljal 318
qcke 80
bdlg 515
qqsk 638
tshc 82
gssf 83
copd 234
dgdh 53
sphb 191
bqdf 599
hpfs 286
ieio 165
qlil 697
robc 572
asdt 266
kpeh 177
geod 7
gpjg 233
ciad 124
erts 542
coqt 484
oiai 502
onkm 549
kdoo 29
trmi 65
ljgk 275
neon 73
nomq 686
rfng 390
lfgh 113
nnkj 128
jirg 673
fkrs 666
bjho 623
hijk 38
ecih 94
nfic 160
mgem 431
mjdi 298
rcpi 79
dilh 182
bhrb 94
kcom 281
ioci 672
pbse 667
ihdk 620
smak 20
nttq 646
oiol 581
sqgd 553
fitl 577
nlkh 608
feec 388
jbht 4
qrke 690
bled 93
tmsc 285
ccdm 263
boca 423
pito 565
qggg 524
dagc 35
mses 71
bbrh 19
clgi 288
hgdf 680
eplm 644
clhn 561
biqt 490
sghf 56
hdjh 48
ffpj 642
dopt 237
bmfc 268
sqcf 353
drfm 412
fikb 448
bbmi 661
gsmg 507
ktkf 573
ngjl 630
fhma 443
onde 615
iclo 480
enri 694
mpom 596
ibla 625
kmlp 314
mcer 15
hfel 420
icbk 475
ahhm 636
hqms 71
mhrs 201
fits 140
atlm 188
klmm 82
jqsh 285
kfct 151
iopr 428
djhp 219
kkjo 228
ecdb 554
gflq 210
rrhe 624
pear 675
edqc 152
olon 120
bjdm 473
hpnt 597
hkmk 285
hqhk 500
scke 230
keqg 255
kmpk 386
qmpg 1
opoo 263
slcg 392
feka 480
qoas 469
bsok 127
ehrg 362
lptb 253
mmnp 599
koog 575
caam 389
edtb 341
binh 64
ghbr 657
qgml 410
crme 29
kdpj 689
qffl 662
pbho 151
dnta 319
ksfk 328
pcea 438
pina 202
slgd 237
fagi 606
enfi 240
tbbo 84
dfhm 228
igpo 9
kbjo 11
cphp 446
dpbg 395
esdt 580
fhee 329
hkjb 3
ralf 532
lpdl 206
jkat 445
blbc 696
mkek 529
bojm -68
bhmc -85
mbrp -243
mhlj -160
fpck -289
mfsd -128
lhnc 346
poah -199
hpeg 410
fmej -212
mopk -296
bsrk 538
enoq -21
isjt 511
fbki -272
ldih 168
qhpn 636
kiqd 523
aogg -130
rgnk -81
dijt -31
obqq -273
lnon -73
iabt 318
fffr -68
fklh 425
bkks -249
rges -283
gngj -177
jpkh -92
mnih -17
pjdi 527
ceho 456
gndn 661
boam 541
ipka -282
basm 522
ehnm 449
ffcb 167
sgka 297
jska -33
jjjl -234
rber 113
naqm 6
hgqb -196
qhtf 18
entf -170
hgdp -99
bkbt -73
kbkk -128
oorr -25
gchn 265
mcnn -21
gmpj 606
cohp -111
dghq 12
esak 174
gpsk 194
leod -179
kfhl 71
nahb 427
ablt 498
ptab 573
pggi 132
jcoa 517
hbqq 208
bqaj 378
ocdm 447
nflc 463
ashk 469
kmdc 526
abci 375
qbqi 481
rsnf 445
ejhb 197
trjs 508
dkqt 619
glkj 681
albq 36
asfo 302
kddp 105
kfph 130
emic 5
lcsb 638
ppdl 120
djkr 97
kkpn 337
gsao 183
egmp 576
hnii -85
osso 209
rhle 569
hkhk 520
oogm 364
spch 193
snep 663
lqda 178
aihr 212
oihq 91
apcs 110
fpbo 491
sfgh 553
lbkn -40
srki 204
ieon 473
qpqi 545
hnid 177
obrg 298
isai 337
oghg 170
ddip 275
fqif 207
rnll 361
poeo 473
etpo 101
tomc 404
doti 646
omig 245
qfeo 449
rfpg 539
olrr 375
ioog 435
tfjp 339
hdoh 347
gtjq 170
plra 503
lkfq 582
ckbh 476
nhqf 154
hsla 689
pomm 100
lfjn 65
jcnr 212
qgls 404
mfmr 480
nijn 459
nign 690
pgpr 379
oifr 529
ehfr 443
efnf 69
egsp 149
bmod 251
gqio 101
shck 42
ktbs 251
fdit 245
jrra 666
danc 349
ohgf 691
cklo 216
jigq 503
nbeb 36
fama 383
blig 22
icfi 61
minr 484
pdfa 645
lmhe 186
afdj 371
solr 365
kgte 104
ilok 391
ipkn 304
nfhg 436
fpdt 539
tjdp 575
ildf 144
fffh 466
pgll 427
derg 264
lbnn 399
gktq 507
adcg 636
gslq 331
rehp 204
bmin 262
qeal 633
focj 586
llmp 661
smld 696
hefh 623
fpsl 354
hhik 337
gdfl 501
prff 171
bjrs 363
plah 333
gabn 157
dqtl 152
nbom 79
qnqn 48
tdpg 147
aifb 254
oref 411
ghdm 504
fsil 542
grto 366
kcgt 494
idcf 272
enae 567
mtsj 209
cqaf 305
epbi 571
trpg 182
hdob 49
qaop 41
lajn 629
ocfh 105
tbjf 388
hdlg 436
sgnn 31
osns 237
iqop 435
qoqr 406
ojoj 354
plrj 293
dapp 239
olgh 589
jjtg 540
ijeh 538
cjrk 82
flmq 88
ntij 456
cidm 317
flkt 49
slos 253
jmdp 140
rprm 72
ctrh 82
lfdh 317
jaag 581
itfb 313
hjlo 348
amkp 541
nhog 111
jmgc 525
emdc 139
drbe 91
eqor 630
mata 167
ndpa 89
cikl 611
ppsb 253
pdqp 633
cpbo 522
lnql 138
gojp 373
hthp 516
mtec 310
htah 29
ecla 575
qqet 553
bdpn 597
lrqq 643
tals 693
dooo 441
nbpc 668
kjjc 395
pmpo 637
lakn 282
asim 68
qkbj 170
tcro 78
kaop 416
pica 18
nekh 529
bhcl 680
pccm 13
nmqb 266
kcqe 644
thmk 499
cloq 636
mjcs 690
gmbf 120
kgdm 680
hees 203
teoc 121
mjgn 448
ilcl 468
iqml 142
aegs 106
ncgo 521
igna 173
rcdj 322
klgt 658
kaeo 72
mkjp 669
scoh 626
lqmf 34
nppg 487
kfmo 195
loqb 263
nfqp 305
olft 424
aihn 201
ptnn 177
inmi 29
nrrs 43
kjrt 204
rrbr 26
mtgh 459
ghik 478
qoim 244
cdni 694
lqpk 217
khdr 289
dekp 112
qphk 116
obfd 278
stmm 296
phpi 473
tqgj 682
acib 513
mnqn 282
rlsp 249
djlb 200
qcfa 307
boag 391
atkd 2
hkig 351
tolr 3
pkel 252
bnpa 61
aick 507
nofm 63
snfl 542
smbf 30
jpni 18
mkmc 126
ogra 386
qsbq 106
cbdm 281
nmps 445
ntcn 339
lbrq 113
mjhc 79
djhg 607
mnmg 609
fisg 371
ldne 122
frrt 191
rldo 176
csqm 209
berd 119
iflp 56
ocir 283
afqn 24
bdqt 390
oblf 67
mkpe 483
lgfa 683
orhl 128
eolf 114
iloo 234
tfcb 300
cfqj 297
ftrq 561
ltkj 629
ralp 631
jipd 473
tomp 23
ggeb 134
bdqk 521
rgpg 546
toer 591
tick 472
jqci 289
fesf 337
hhcl 136
afdt 67
slni 206
sldt 549
eqie 291
boae 212
aoij 238
omcc 671
oiff 143
qogi 244
mpaq 392
galp 348
oima 106
phtr 442
leln 328
jban 20
dlcr 251
ejod 365
dscn 662
hafa 694
pgpt 258
ipcd 307
kbsg 311
jhdd 239
nqdk 442
okkg 621
cejj 612
eomg 495
tmar 227
grio 540
eosr 429
mjce 681
rrob 150
qekp 440
kghe 606
rtkp 225
ejhk 534
tmag 645
meri 413
arsp 565
mthc 562
ltbl 681
pmfq 509
doqh 104
eifm 216
oemo 535
gkmk 172
ribh 515
iqhn 584
qsjb 387
jejc 449
kbkc 473
ddlm 522
bjaa 74
slnc 633
nksb 678
gijb 104
jdhf 570
gpnh 343
lcqp 624
fjhs 364
iqmo 7
kttj 224
akot 548
hjic 72
bldl 367
fgsc 152
qooa 111
iqfq 412
qceo 389
bbjh 621
hgee 582
iede 251
rkeq 546
niaa 450
skhj 255
cnmn 127
fcgb 119
csmd 559
qcbi 533
fjph 162
nshi 679
gajp 628
arpd 462
jndj 403
dgpc 202
dnqp 642
rbjq 86
bfmj 342
ktlo 466
kpba 87
qbbj 59
asoe 299
eprd 27
tqie 606
smpi 32
rhkm 460
kipp 591
hone 558
hqpp 20
tegq 38
bqne 365
ckhf 269
okjn 40
pgdt 261
jjhi 229
gmgq 50
mcti 156
bcfm 367
aame 215
kcho 174
krpo 135
mirj 242
ares 4
sisc 210
dcjs 361
okme 12
skse 279
emdn 40
gjrd 79
mfsi 601
beqj 658
njth 336
eecs 10
inkd 670
igcd 349
bgfo 229
gmrl 221
mjdn 11
hrcd 335
rcme 99
kihm 664
regq 678
bdlh 490
heac 576
irld 650
jeaq 362
bhkr 110
pcro 329
ngfs 259
tlrm 275
acee 115
ikat 508
rotm 680
ilta 473
nnko 492
tgkg 553
noth 24
ceti 668
jhkk 489
iksh 210
nafo 163
eigr 369
sjqi 517
fsts 448
cmgp 276
ipdr 625
opra 656
jhkt 85
akpq 191
nfel 188
ncmk 398
tita 151
lapq 346
rojf 618
rsae 352
earj 535
cdoc 541
jjkr 409
fclo 360
nbds 342
odbh 325
tbqa 471
tngl 261
jngb 278
qfqp 350
fmec 449
gsaf 318
iqos 686
saqt 174
btgd 602
bmje 436
osdo 258
scap 533
crto 158
bmlr 694
cahr 556
gckq 406
bper 60
jadf 248
icia 203
gbrf 699
ngeo 279
crsh 620
ftbm 533
nmnn 442
jbfl 294
imib 424
ottq 456
emsl 450
fgml 200
lqpm 81
hsnh 254
mmbq 563
hkpi 627
kdlm 17
eils 451
maah 93
cnrh 118
cmle 650
kera 685
tlee 686
gibm 525
bhpm 342
lmin 380
brpk 500
fjdd 184
ldmb 691
raff 484
rrkk 203
pqat 681
mqfr 474
mhkh 655
bdtd 680
garn 364
bqcd 688
ijpb 589
tnht 373
ecmj 441
bags 628
ridf 250
gdjr 554
idrj 427
smlm 120
cfag 533
empr 551
kihs 488
brft 13
knpn 483
dnjl 480
jgek 662
rjhb 267
pccr 87
ibgp 194
llob 93
bpma 695
hbdl 205
qeeg 323
defr 177
jjig 260
grdm 228
tbhr 277
rtqk 324
erqp 28
rjsg 241
ktli 148
thnq 155
dflp 587
kbmf 355
gtac 153
knin 231
empd 12
tfbm 251
hbmm 194
hgji 62
lqai 153
fgql 199
iocr 228
bppe 583
ibcf 483
erqi 190
sjfi 422
fdpq 562
bcme 697
osqa 28
giff 327
mgin 342
fsid 619
fsrp 538
iomi 369
eoor 593
tlnb 615
llmn 189
ohst 438
bhln 630
kdjm 362
iefe 121
qbam 649
hrtf 533
lsjh 426
eptq 326
qjqo 316
cqaq 355
onne 502
aarh 210
ebep 184
hgho 599
ljrh 645
nqbt 187
idqa 525
hjqo 692
aggj 233
psdo 180
tgpc 127
nrke 387
okhj 454
bbkm 472
ojpi 531
trrm 377
sfnl 484
oosr 441
ebse 512
ieeo 632
gccr 87
asgl 146
enti 283
rhjf 457
lsie 308
rlmr 275
occl 681
rkig 424
kbco 582
gfgq 603
kpqp 543
kbeb 579
prin 630
fpia 449
ohlh 303
djba 85
aqtc 595
gnft 371
ciit 200
hlnb 120
nltc 153
aqqt 14
ktdi 361
ojqd 103
qkrs 653
blkq 583
pggg 541
bsqn 41
mbrc 607
lmhp 96
eair 49
iceg 565
rfdh 627
tjms 302
iqla 694
slqi 517
aikt 281
ddra 421
qgmq 603
ctod 33
smqf 396
jrlg 393
spco 224
bqms 58
cijc 385
hijb 233
jafl 263
hdjl 687
gdql 275
bmlo 288
ijmf 339
rhcj 257
rkfb 514
apcc 597
hekr 174
deog 566
deih 279
fcri 488
dghe 607
impq 225
adek 434
qkeo 644
oprm 154
sftl 666
gjnf 605
eaep 640
bkbm 651
gfht 612
qoem 491
slaf 308
tmeq 487
plqo 467
ntmt 307
elfn 79
gmfk 523
tilj 32
eaps 390
foqr 260
adpa 298
nrkp 645
sfgr 658
bnhj 66
cair 6
lrfb 111
inke 64
omfj 319
pclf 500
mfde 33
fnqc 423
leio 170
jpso 378
cstg 497
beda 614
oale 407
ceco 409
ctnm 541
sslh 618
qerl 693
jpnj 460
pbca 285
hiim 222
rrrp 191
gbtj 87
hnqt 107
ofmg 55
aldm 651
hmkj 104
sfhg 349
pabh 340
kckt 685
qsmd 674
gkpp 641
safe 654
ecel 93
iirh 628
qihn 403
lakj 557
abdo 270
qrna 574
qipt 582
bobb 507
mpdl 249
jimq 496
foek 101
pkpk 334
iprt 517
nbqi 489
olsd 263
jkea 279
sjml 578
jssl 528
pkcq 84
pkgq 348
fjpj 421
ejto 28
hgfa 210
rjsd 145
pgnq 221
pnof 242
fplj 347
btks 174
jcpd 80
rrii 79
qggt 86
pgkt 130
mqkr 517
fgrc 241
amhl 475
mflj 100
dhih 582
ibtp 283
psgt 227
dbpp 130
mlsr 648
jsrq 433
iprh 309
jmgr 254
rksg 305
srfo 536
oopr 124
ebib 3
fnoo 551
bbfj 318
fprj 688
btso 625
eeni 591
nctl 479
prep 537
poan 457
egds 435
crbe 205
lsbe 452
fifa 329
lfnl 544
imkr 484
kbje 258
onog 136
iamm 679
tlsg 259
qtnf 529
hqjc 317
enkk 8
head 537
fjtc 282
feos 67
sasp 65
bnkj 502
rbfe 235
jllc 223
sshn 162
klms 68
ossm 137
gkgk 144
cnte 434
efcb 176
fpjr 155
tdtj 251
nojd 271
rmge 570
rgcl 297
mfnf 603
ckak 547
jpok 336
ajta 342
ddrh 469
tfjf 518
pitn 175
VOID------
bojm -68
bhmc -85
mbrp -243
mhlj -160
fpck -289
mfsd -128
VOID------
bojm -68
bhmc -85
mbrp -243
mhlj -160
fpck -289
mfsd -128
LIGHT------
kgtc 211
nafm 437
sbrc 140
ccks 273
kqnd 362
qicn 209
pdcr 97
idje 421
ablc -98
gerh 390
pitn 175
tfjf 518
ddrh 469
ajta 342
jpok 336
ckak 547
mfnf 603
rgcl 297
rmge 570
nojd 271
tdtj 251
fpjr 155
efcb 176
cnte 434
gkgk 144
ossm 137
klms 68
sshn 162
jllc 223
rbfe 235
bnkj 502
sasp 65
feos 67
fjtc 282
head 537
enkk 8
hqjc 317
qtnf 529
tlsg 259
iamm 679
onog 136
kbje 258
imkr 484
lfnl 544
fifa 329
lsbe 452
crbe 205
egds 435
poan 457
prep 537
nctl 479
eeni 591
btso 625
fprj 688
bbfj 318
fnoo 551
ebib 3
oopr 124
srfo 536
rksg 305
jmgr 254
iprh 309
jsrq 433
mlsr 648
dbpp 130
psgt 227
ibtp 283
dhih 582
mflj 100
amhl 475
fgrc 241
mqkr 517
pgkt 130
qggt 86
rrii 79
jcpd 80
btks 174
fplj 347
pnof 242
pgnq 221
rjsd 145
hgfa 210
ejto 28
fjpj 421
pkgq 348
pkcq 84
jssl 528
sjml 578
jkea 279
olsd 263
nbqi 489
iprt 517
pkpk 334
foek 101
jimq 496
mpdl 249
bobb 507
qipt 582
qrna 574
abdo 270
lakj 557
qihn 403
iirh 628
ecel 93
safe 654
gkpp 641
qsmd 674
kckt 685
pabh 340
sfhg 349
hmkj 104
aldm 651
ofmg 55
hnqt 107
gbtj 87
rrrp 191
hiim 222
pbca 285
jpnj 460
qerl 693
sslh 618
ctnm 541
ceco 409
oale 407
beda 614
cstg 497
jpso 378
leio 170
fnqc 423
mfde 33
pclf 500
omfj 319
inke 64
lrfb 111
cair 6
bnhj 66
sfgr 658
nrkp 645
adpa 298
foqr 260
eaps 390
tilj 32
gmfk 523
elfn 79
ntmt 307
plqo 467
tmeq 487
slaf 308
qoem 491
gfht 612
bkbm 651
eaep 640
gjnf 605
sftl 666
oprm 154
qkeo 644
adek 434
impq 225
dghe 607
fcri 488
deih 279
deog 566
hekr 174
apcc 597
rkfb 514
rhcj 257
ijmf 339
bmlo 288
gdql 275
hdjl 687
jafl 263
hijb 233
cijc 385
bqms 58
spco 224
jrlg 393
smqf 396
ctod 33
qgmq 603
ddra 421
aikt 281
slqi 517
iqla 694
tjms 302
rfdh 627
iceg 565
eair 49
lmhp 96
mbrc 607
bsqn 41
pggg 541
blkq 583
qkrs 653
ojqd 103
ktdi 361
aqqt 14
nltc 153
hlnb 120
ciit 200
gnft 371
aqtc 595
djba 85
ohlh 303
fpia 449
prin 630
kbeb 579
kpqp 543
gfgq 603
kbco 582
rkig 424
occl 681
rlmr 275
lsie 308
rhjf 457
enti 283
asgl 146
gccr 87
ieeo 632
ebse 512
oosr 441
sfnl 484
trrm 377
ojpi 531
bbkm 472
okhj 454
nrke 387
tgpc 127
psdo 180
aggj 233
hjqo 692
idqa 525
nqbt 187
ljrh 645
hgho 599
ebep 184
aarh 210
onne 502
cqaq 355
qjqo 316
eptq 326
lsjh 426
hrtf 533
qbam 649
iefe 121
kdjm 362
bhln 630
ohst 438
llmn 189
tlnb 615
eoor 593
iomi 369
fsrp 538
fsid 619
mgin 342
giff 327
osqa 28
bcme 697
fdpq 562
sjfi 422
erqi 190
ibcf 483
bppe 583
iocr 228
fgql 199
lqai 153
hgji 62
hbmm 194
tfbm 251
empd 12
knin 231
gtac 153
kbmf 355
dflp 587
thnq 155
ktli 148
rjsg 241
erqp 28
rtqk 324
tbhr 277
grdm 228
jjig 260
defr 177
qeeg 323
hbdl 205
bpma 695
llob 93
ibgp 194
pccr 87
rjhb 267
jgek 662
dnjl 480
knpn 483
brft 13
kihs 488
empr 551
cfag 533
smlm 120
idrj 427
gdjr 554
ridf 250
bags 628
ecmj 441
tnht 373
ijpb 589
bqcd 688
garn 364
bdtd 680
mhkh 655
mqfr 474
pqat 681
rrkk 203
raff 484
ldmb 691
fjdd 184
brpk 500
lmin 380
bhpm 342
gibm 525
tlee 686
kera 685
cmle 650
cnrh 118
maah 93
eils 451
kdlm 17
hkpi 627
mmbq 563
hsnh 254
lqpm 81
fgml 200
emsl 450
ottq 456
imib 424
jbfl 294
nmnn 442
ftbm 533
crsh 620
ngeo 279
gbrf 699
icia 203
jadf 248
bper 60
gckq 406
cahr 556
bmlr 694
crto 158
scap 533
osdo 258
bmje 436
btgd 602
saqt 174
iqos 686
gsaf 318
fmec 449
qfqp 350
jngb 278
tngl 261
tbqa 471
odbh 325
nbds 342
fclo 360
jjkr 409
cdoc 541
earj 535
rsae 352
rojf 618
lapq 346
tita 151
ncmk 398
nfel 188
akpq 191
jhkt 85
opra 656
ipdr 625
cmgp 276
fsts 448
sjqi 517
eigr 369
nafo 163
iksh 210
jhkk 489
ceti 668
noth 24
tgkg 553
nnko 492
ilta 473
rotm 680
ikat 508
acee 115
tlrm 275
ngfs 259
pcro 329
bhkr 110
jeaq 362
irld 650
heac 576
bdlh 490
bojm -68
bhmc -85
mbrp -243
mhlj -160
fpck -289
mfsd -128
regq 678
poah -199
kihm 664
fmej -212
mopk -296
rcme 99
enoq -21
hrcd 335
fbki -272
mjdn 11
gmrl 221
bgfo 229
aogg -130
rgnk -81
dijt -31
obqq -273
lnon -73
igcd 349
fffr -68
inkd 670
bkks -249
rges -283
gngj -177
jpkh -92
mnih -17
eecs 10
njth 336
beqj 658
mfsi 601
ipka -282
gjrd 79
emdn 40
skse 279
okme 12
jska -33
jjjl -234
dcjs 361
sisc 210
hgqb -196
ares 4
entf -170
hgdp -99
bkbt -73
kbkk -128
oorr -25
mirj 242
mcnn -21
krpo 135
cohp -111
kcho 174
aame 215
bcfm 367
leod -179
mcti 156
gmgq 50
jjhi 229
pgdt 261
okjn 40
ckhf 269
bqne 365
tegq 38
hqpp 20
hone 558
kipp 591
rhkm 460
smpi 32
tqie 606
eprd 27
asoe 299
qbbj 59
kpba 87
ktlo 466
bfmj 342
rbjq 86
dnqp 642
dgpc 202
jndj 403
arpd 462
gajp 628
nshi 679
fjph 162
qcbi 533
csmd 559
hnii -85
fcgb 119
cnmn 127
skhj 255
niaa 450
rkeq 546
iede 251
hgee 582
bbjh 621
qceo 389
iqfq 412
qooa 111
fgsc 152
lbkn -40
bldl 367
hjic 72
akot 548
kttj 224
iqmo 7
fjhs 364
lcqp 624
gpnh 343
jdhf 570
gijb 104
nksb 678
slnc 633
bjaa 74
ddlm 522
kbkc 473
jejc 449
qsjb 387
iqhn 584
ribh 515
gkmk 172
oemo 535
eifm 216
doqh 104
pmfq 509
ltbl 681
mthc 562
arsp 565
meri 413
tmag 645
ejhk 534
rtkp 225
kghe 606
qekp 440
rrob 150
mjce 681
eosr 429
grio 540
tmar 227
eomg 495
cejj 612
okkg 621
nqdk 442
jhdd 239
kbsg 311
ipcd 307
pgpt 258
hafa 694
dscn 662
ejod 365
dlcr 251
jban 20
leln 328
phtr 442
oima 106
galp 348
mpaq 392
qogi 244
oiff 143
omcc 671
aoij 238
boae 212
eqie 291
sldt 549
slni 206
afdt 67
hhcl 136
fesf 337
jqci 289
tick 472
toer 591
rgpg 546
bdqk 521
ggeb 134
tomp 23
jipd 473
ralp 631
ltkj 629
ftrq 561
cfqj 297
tfcb 300
iloo 234
eolf 114
orhl 128
lgfa 683
mkpe 483
oblf 67
bdqt 390
afqn 24
ocir 283
iflp 56
berd 119
csqm 209
rldo 176
frrt 191
ldne 122
fisg 371
mnmg 609
djhg 607
mjhc 79
lbrq 113
ntcn 339
nmps 445
cbdm 281
qsbq 106
ogra 386
mkmc 126
jpni 18
smbf 30
snfl 542
nofm 63
aick 507
bnpa 61
pkel 252
tolr 3
hkig 351
atkd 2
boag 391
qcfa 307
djlb 200
rlsp 249
mnqn 282
acib 513
tqgj 682
phpi 473
stmm 296
obfd 278
qphk 116
dekp 112
khdr 289
lqpk 217
cdni 694
qoim 244
ghik 478
mtgh 459
rrbr 26
kjrt 204
nrrs 43
inmi 29
ptnn 177
aihn 201
olft 424
nfqp 305
loqb 263
kfmo 195
nppg 487
lqmf 34
scoh 626
mkjp 669
kaeo 72
klgt 658
rcdj 322
igna 173
ncgo 521
aegs 106
iqml 142
ilcl 468
mjgn 448
teoc 121
hees 203
kgdm 680
gmbf 120
mjcs 690
cloq 636
thmk 499
kcqe 644
nmqb 266
pccm 13
bhcl 680
nekh 529
pica 18
kaop 416
tcro 78
qkbj 170
asim 68
lakn 282
pmpo 637
kjjc 395
nbpc 668
dooo 441
tals 693
lrqq 643
bdpn 597
qqet 553
ecla 575
htah 29
mtec 310
hthp 516
gojp 373
lnql 138
cpbo 522
pdqp 633
ppsb 253
cikl 611
ndpa 89
mata 167
eqor 630
drbe 91
emdc 139
jmgc 525
nhog 111
amkp 541
hjlo 348
itfb 313
jaag 581
lfdh 317
ctrh 82
rprm 72
jmdp 140
slos 253
flkt 49
cidm 317
ntij 456
flmq 88
cjrk 82
ijeh 538
jjtg 540
olgh 589
dapp 239
plrj 293
ojoj 354
qoqr 406
iqop 435
osns 237
sgnn 31
hdlg 436
tbjf 388
ocfh 105
lajn 629
qaop 41
hdob 49
trpg 182
epbi 571
cqaf 305
mtsj 209
enae 567
idcf 272
kcgt 494
grto 366
fsil 542
ghdm 504
oref 411
aifb 254
tdpg 147
qnqn 48
nbom 79
dqtl 152
gabn 157
plah 333
bjrs 363
prff 171
gdfl 501
hhik 337
fpsl 354
hefh 623
smld 696
llmp 661
focj 586
qeal 633
bmin 262
rehp 204
gslq 331
adcg 636
gktq 507
lbnn 399
derg 264
pgll 427
fffh 466
ildf 144
tjdp 575
fpdt 539
nfhg 436
ipkn 304
ilok 391
kgte 104
solr 365
afdj 371
lmhe 186
pdfa 645
minr 484
icfi 61
blig 22
fama 383
nbeb 36
jigq 503
cklo 216
ohgf 691
danc 349
jrra 666
fdit 245
ktbs 251
shck 42
gqio 101
bmod 251
egsp 149
efnf 69
ehfr 443
oifr 529
pgpr 379
nign 690
nijn 459
mfmr 480
qgls 404
jcnr 212
lfjn 65
pomm 100
hsla 689
nhqf 154
ckbh 476
lkfq 582
plra 503
gtjq 170
hdoh 347
tfjp 339
ioog 435
olrr 375
rfpg 539
qfeo 449
omig 245
doti 646
tomc 404
etpo 101
poeo 473
rnll 361
fqif 207
ddip 275
oghg 170
isai 337
obrg 298
hnid 177
qpqi 545
ieon 473
srki 204
sfgh 553
fpbo 491
apcs 110
oihq 91
aihr 212
lqda 178
snep 663
spch 193
oogm 364
hkhk 520
rhle 569
osso 209
egmp 576
gsao 183
kkpn 337
djkr 97
ppdl 120
lcsb 638
emic 5
kfph 130
kddp 105
asfo 302
albq 36
glkj 681
dkqt 619
trjs 508
ejhb 197
rsnf 445
qbqi 481
abci 375
kmdc 526
ashk 469
nflc 463
ocdm 447
bqaj 378
hbqq 208
jcoa 517
pggi 132
ptab 573
ablt 498
nahb 427
kfhl 71
gpsk 194
esak 174
dghq 12
gmpj 606
gchn 265
qhtf 18
naqm 6
rber 113
sgka 297
ffcb 167
ehnm 449
basm 522
boam 541
gndn 661
ceho 456
pjdi 527
fklh 425
iabt 318
kiqd 523
qhpn 636
ldih 168
isjt 511
bsrk 538
hpeg 410
lhnc 346
mkek 529
blbc 696
jkat 445
lpdl 206
ralf 532
hkjb 3
fhee 329
esdt 580
dpbg 395
cphp 446
kbjo 11
igpo 9
dfhm 228
tbbo 84
enfi 240
fagi 606
slgd 237
pina 202
pcea 438
ksfk 328
dnta 319
pbho 151
qffl 662
kdpj 689
crme 29
qgml 410
ghbr 657
binh 64
edtb 341
caam 389
koog 575
mmnp 599
lptb 253
ehrg 362
bsok 127
qoas 469
feka 480
slcg 392
opoo 263
qmpg 1
kmpk 386
keqg 255
scke 230
hqhk 500
hkmk 285
hpnt 597
bjdm 473
olon 120
edqc 152
pear 675
rrhe 624
gflq 210
ecdb 554
kkjo 228
djhp 219
iopr 428
kfct 151
jqsh 285
klmm 82
atlm 188
fits 140
mhrs 201
hqms 71
ahhm 636
icbk 475
hfel 420
mcer 15
kmlp 314
ibla 625
mpom 596
enri 694
iclo 480
onde 615
fhma 443
ngjl 630
ktkf 573
gsmg 507
bbmi 661
fikb 448
drfm 412
sqcf 353
bmfc 268
dopt 237
ffpj 642
hdjh 48
sghf 56
biqt 490
clhn 561
eplm 644
hgdf 680
clgi 288
bbrh 19
mses 71
dagc 35
qggg 524
pito 565
boca 423
ccdm 263
tmsc 285
bled 93
qrke 690
jbht 4
feec 388
nlkh 608
fitl 577
sqgd 553
oiol 581
nttq 646
smak 20
ihdk 620
pbse 667
ioci 672
kcom 281
bhrb 94
dilh 182
rcpi 79
mjdi 298
mgem 431
nfic 160
ecih 94
hijk 38
bjho 623
fkrs 666
jirg 673
nnkj 128
lfgh 113
rfng 390
nomq 686
neon 73
ljgk 275
trmi 65
kdoo 29
onkm 549
oiai 502
coqt 484
erts 542
ciad 124
gpjg 233
geod 7
kpeh 177
asdt 266
robc 572
qlil 697
ieio 165
hpfs 286
bqdf 599
sphb 191
dgdh 53
copd 234
gssf 83
tshc 82
qqsk 638
bdlg 515
qcke 80
ljal 318
kbha 372
nslh 61
nfal 557
robk 86
oeda 421
frna 557
ekga 641
hnfe 494
ohde 75
bkbo 607
tkir 468
kreg 89
tdfr 244
ifpm 568
nphs 51
tagt 155
eidf 647
rlke 173
tmna 646
gaqj 427
cddf 607
badp 689
pnsd 240
jltf 613
amae 465
dapc 435
edpc 529
jqrq 567
jmom 3
cssb 483
lnfm 4
rnap 185
hrks 231
rmem 120
icca 5
rgsb 577
iohg 601
blqh 58
olci 666
tlgi 565
cajs 548
eoca 336
daeb 29
rldq 157
bmog 154
ehah 306
nsms 545
fqqn 647
nmlp 428
opjg 137
epdo 620
coqr 521
fpgk 398
admi 366
atdp 308
tcsa 399
bloi 141
mbbe 501
rkfi 109
scsc 430
mkck 103
bgfi 303
ohmt 424
aosl 492
epgs 648
osrm 339
dhfj 243
prgm 145
ekgi 512
alri 563
fmtc 473
cnra 363
schs 508
kqoc 635
kfoa 99
lhpk 628
nhol 520
oipg 571
gqtr 216
jndk 667
tahd 52
fprp 537
ahen 423
eopr 166
pbfe 389
qqjp 378
accp 113
fqmo 165
afmj 674
cddh 612
gfpr 88
onli 132
oeiq 440
riaa 258
frni 7
rloh 69
hagp 194
cqhl 260
lrrq 82
bddn 471
nlmg 218
glof 235
amdi 6
qlgo 211
mlnf 482
jdrg 570
ktrl 690
acsq 12
aotg 164
hoeq 348
abhq 212
kamf 211
rodn 197
bcpo 621
gnqh 111
apmf 326
aaqm 617
beam 2
fmmg 471
rrpo 677
onjm 227
tkec 447
pknj 239
hpat 244
pcsr 131
bdbh 397
adck 684
pmss 576
jjra 397
lahg 421
giej 128
bicc 604
rteb 642
eode 437
nlkn 9
cqsp 474
qeeh 395
tqrc 287
pflf 251
kjoi 573
aerp 602
lhmb 119
dtfm 162
qbnq 240
eici 204
shin 184
ciar 409
tell 416
grsn 550
nmfb 57
hita 309
geqn 306
hggf 121
kqlr 528
ndln 50
rhoh 282
tdqo 606
mptl 92
kaqh 452
tdid 476
tbcd 476
nbff 522
qtjm 240
bnqo 20
sarr 191
tqsd 280
hjfk 226
bial 272
ilbh 228
abpg 143
fbtc 597
gmek 300
jpbp 253
chcf 690
jnrb 520
kaho 673
tfma 54
noke 598
jtta 382
liog 222
note 57
qphm 427
lcfe 286
getl 439
psln 63
chrf 367
fgfa 142
smsq 14
dqnl 321
llie 423
mkri 229
icda 276
mepl 262
essl 345
efcq 379
okrm 188
abrp 404
agia 689
hdkr 540
ghrq 619
nfaf 466
hesl 679
bimi 497
cqrb 339
lspq 643
lota 418
ksdf 495
prmo 618
ahpb 393
qkcd 418
kmcj 693
sklt 314
iojl 334
pqnc 555
jaaf 637
qdog 340
ggit 133
tphk 72
emnd 394
ptdq 316
ohpb 187
dgsb 355
simg 336
ipab 83
qlth 390
eqkd 293
rdsc 162
cjsq 111
oqta 297
ntga 195
lahq 597
djrc 430
dssd -194
lhdt -25
jrtr 499
feme 449
bpcp -283
hbee -243
gkto -40
lcrr 489
aorm -206
ffnl 656
pnbd 369
rsdl 242
ratg -295
shng -189
hffo -131
cdrh -60
hiaq 200
mjss 499
ttoh 224
VOID------
bojm -68
bhmc -85
mbrp -243
mhlj -160
fpck -289
mfsd -128
VOID------
bojm -68
bhmc -85
mbrp -243
mhlj -160
fpck -289
mfsd -128
VOID------
bojm -68
bhmc -85
mbrp -243
mhlj -160
fpck -289
mfsd -128
VOID------
bojm -68
bhmc -85
mbrp -243
mhlj -160
fpck -289
mfsd -128
VOID------
nkpl -55
kore -87
bbit -257
qpnq -28
lipt -194
dnln 172
slaj 78
eqsc -283
shob -132
bjgo -274
VOID------
nkpl -55
kore -87
bbit -257
qpnq -28
lipt -194
dnln 172
slaj 78
eqsc -283
shob -132
bjgo -274
VOID------
nkpl -55
kore -87
bbit -257
qpnq -28
lipt -194
dnln 172
slaj 78
eqsc -283
shob -132
bjgo -274
VOID------
bojm -68
bhmc -85
mbrp -243
mhlj -160
fpck -289
mfsd -128
VOID------
bojm -68
bhmc -85
mbrp -243
mhlj -160
fpck -289
mfsd -128
VOID------
cdrh -60
hffo -131
shng -189
ratg -295
aorm -206
mjdn 11
gkto -40
gmrl 221
hbee -243
bpcp -283
lhdt -25
dssd -194
lbkn -40
VOID------
cdrh -60
hffo -131
shng -189
ratg -295
aorm -206
igpo 9
gkto -40
kbjo 11
hbee -243
bpcp -283
lhdt -25
dssd -194
lbkn -40
VOID------
cdrh -60
hffo -131
shng -189
ratg -295
aorm -206
igpo 9
gkto -40
kbjo 11
hbee -243
bpcp -283
lhdt -25
dssd -194
lbkn -40
DOMAIN------
edbj -231
gcks -290
prji -6
njcs -263
adoa -161
iaml -115
tlck -96
lgak -17
rmio -63
lgnf -131
lobc -174
lqfj -55
ojtl -110
dnkl -32
nicb -259
dqjl -136
rsrg -197
ndnh -279
bjgo -274
cpma -75
klrm -67
shob -132
eqsc -283
ljol -168
lipt -194
qpnq -28
bbit -257
kore -87
nkpl -55
qpoc -208
cdrh -60
hffo -131
shng -189
ratg -295
aorm -206
gkto -40
hbee -243
bpcp -283
ablc -98
lhdt -25
dssd -194
leod -179
cohp -111
oorr -25
kbkk -128
mcnn -21
bkbt -73
hgdp -99
entf -170
hgqb -196
jjjl -234
jska -33
ipka -282
hnii -85
lbkn -40
bojm -68
bhmc -85
mbrp -243
mnih -17
mhlj -160
fpck -289
mfsd -128
poah -199
fmej -212
mopk -296
jpkh -92
gngj -177
rges -283
bkks -249
enoq -21
fffr -68
lnon -73
obqq -273
dijt -31
rgnk -81
aogg -130
fbki -272
VOID------
bnhj 66
cair 6
lrfb 111
inke 64
DOMAIN------
snbn -245
sitq -41
hlnt -286
nrkf -106
VOID------
bgcc -231
ahrk 244
jcas 29
klck 85
VOID------
bnhj 66
cair 6
lrfb 111
inke 64
VOID------
bgcc -231
jamh 194
bmqm -126
oekg -46
VOID------
bgcc -231
jkfd 486
bmqm -126
efte -117
VOID------
efte -117
bmqm -126
gqip 320
bgcc -231
VOID------
efte -117
bmqm -126
gqip 320
bgcc -231
VOID------
oshl -169
kfnh -226
iikn -85
itte -59
VOID------
efte -117
bmqm -126
gqip 320
bgcc -231
VOID------
oshl -169
kfnh -226
iikn -85
fkne -288
ohgs 29
gaic 108
fcnp -224
VOID------
oshl -169
kfnh -226
iikn -85
fkne -288
ohgs 29
gaic 108
fcnp -224
VOID------
oshl -169
kfnh -226
iikn -85
fkne -288
VOID------
oshl -169
kfnh -226
iikn -85
fkne -288
VOID------
oshl -169
kfnh -226
iikn -85
fkne -288
VOID------
oqdp -279
njgh -84
kojf -138
iaql -91
rqqa 11
bfrc -264
qadm -10
VOID------
bprd -275
bgcc -231
bmqm -126
efte -117
VOID------
bprd -275
bgcc -231
bmqm -126
efte -117
VOID------
fkne -288
fcnp -224
oqdp -279
njgh -84
VOID------
gjgk -6
ftnj -87
aipg -195
otgg -145
rhct -119
ndon -51
snkr -255
klkr -15
VOID------
gjgk -6
ftnj -87
aipg -195
otgg -145
rhct -119
ndon -51
snkr -255
klkr -15
nera 81
cdjr 156
sgbf -260
ghsd -120
rbcp -71
VOID------
iikn -85
fkne -288
fcnp -224
oqdp -279
njgh -84
kojf -138
iaql -91
bfrc -264
oref 411
aifb 254
fclf -197
mqtj -250
ffpe -241
prss -67
tdpg 147
qnqn 48
ihsg -226
VOID------
ajoj -68
rlrc -225
mioo -246
tpqk -84
aalh -295
ccor -298
VOID------
ajoj -68
rlrc -225
mioo -246
tpqk -84
aalh -295
ccor -298
DOMAIN------
rbdm -21
kdja -46
clnf -197
ccor -298
aalh -295
tpqk -84
mioo -246
rlrc -225
ajoj -68
nkdf -256
qeen -214
blbh -42
rbcp -71
ghsd -120
sgbf -260
ihsg -226
prss -67
klkr -15
snkr -255
ndon -51
rhct -119
otgg -145
aipg -195
ftnj -87
ffpe -241
gjgk -6
jcgn -230
krdg -174
mqtj -250
fclf -197
qehn -27
qadm -10
bfrc -264
iaql -91
kojf -138
njgh -84
oqdp -279
fcnp -224
fkjo -77
fkne -288
iikn -85
itte -59
kfnh -226
oshl -169
nrbs -40
ieei -201
bgis -1
nfdr -155
lfje -32
efte -117
bmqm -126
oekg -46
bprd -275
bgcc -231
VOID------
lheb -156
gokc -198
kksk -15
froh -278
VOID------
lheb -156
gokc -198
kksk -15
froh -278
rpjt -69
VOID------
lheb -156
gokc -198
kksk -15
froh -278
rpjt -69
VOID------
moam -105
nqsa -253
tklh -178
obgs -85
eobn -216
rjmd -13
VOID------
moam -105
nqsa -253
tklh -178
obgs -85
eobn -216
rjmd -13
VOID------
moam -105
nqsa -253
tklh -178
obgs -85
eobn -216
rjmd -13
VOID------
obgs -85
eobn -216
rjmd -13
smdf -144
nfie -20
qpna -239
VOID------
obgs -85
eobn -216
rjmd -13
smdf -144
nfie -20
qpna -239
VOID------
obgs -85
eobn -216
rjmd -13
smdf -144
nfie -20
qpna -239
VOID------
abet -34
skpl -75
tpmj -276
kbtj 24
fpda -83
blnp -121
qqbk 56
ohsp -44
hchp 56
tgqq -87
nocf -5
eham -71
ipob -250
gthc -110
kcte 113
caif -201
VOID------
abet -34
skpl -75
tpmj -276
kbtj 24
fpda -83
blnp -121
qqbk 56
ohsp -44
hchp 56
tgqq -87
nocf -5
eham -71
ipob -250
gthc -110
kcte 113
caif -201
shjj -57
kfao -158
VOID------
abet -34
skpl -75
tpmj -276
kbtj 24
fpda -83
blnp -121
qqbk 56
ohsp -44
hchp 56
tgqq -87
nocf -5
eham -71
ipob -250
gthc -110
kcte 113
caif -201
shjj -57
kfao -158
klnr 173
ilnf -296
VOID------
ljjf -108
gfhc -99
bdfi -185
qggr 144
qpna -239
nfie -20
fqfo 199
smdf -144
hljn 191
rjmd -13
eobn -216
obgs -85
tklh -178
nqsa -253
gtri 187
moam -105
tnkd -145
tjcn -124
oihd 194
lheb -156
inet 163
omhg -19
gokc -198
VOID------
ljjf -108
gfhc -99
bdfi -185
qggr 144
qpna -239
nfie -20
fqfo 199
smdf -144
hljn 191
rjmd -13
eobn -216
obgs -85
tklh -178
nqsa -253
gtri 187
moam -105
tnkd -145
tjcn -124
oihd 194
lheb -156
inet 163
omhg -19
gokc -198
VOID------
aoqo -140
adan -268
gjde -285
iaei -135
harp -182
gokc -198
VOID------
aoqo -140
adan -268
gjde -285
iaei -135
harp -182
gokc -198
VOID------
aoqo -140
adan -268
gjde -285
iaei -135
harp -182
gokc -198
DOMAIN------
hfbd -21
dgob -101
tanp -62
fthq -59
nopk -48
ithk -165
ppli -89
flcj -62
cjpd -6
bnat -260
bijj -201
lbej -291
jqkh -255
thtb -220
nibc -17
jali -115
aoqo -140
adan -268
gjde -285
iaei -135
harp -182
ajpq -77
eenm -42
ilnf -296
kfao -158
shjj -57
caif -201
gthc -110
ipob -250
eham -71
nocf -5
tgqq -87
ohsp -44
blnp -121
fpda -83
tpmj -276
skpl -75
abet -34
omhg -19
kdmn -121
bsdj -73
eehh -53
ekoq -113
orsf -265
tgqp -106
ljjf -108
gfhc -99
bdfi -185
qpna -239
nfie -20
smdf -144
rjmd -13
eobn -216
obgs -85
tklh -178
nqsa -253
moam -105
tnkd -145
tjcn -124
rpjt -69
froh -278
kksk -15
gokc -198
lheb -156
LIGHT------
DOMAIN------
icdk -134
kija -205
iqmm -296
rqmc -299
srnh -215
fjkk -180
ktdr -15
okej -160
bkmb -60
dssl -287
bifr -289
tfmp -182
efmt -289
rbop -202
toob -122
DOMAIN------
ngja -209
hebl -195
rjcd -226
cqtl -91
VOID------
hchp 56
qqbk 56
kbtj 24
hrsm 28
VOID------
hchp 56
qqbk 56
kbtj 24
hrsm 28
VOID------
hchp 56
qqbk 56
kbtj 24
hrsm 28
VOID------
lgbs -67
lrah -187
aqgf -108
lbpj -242
poco -52
ebkd -75
VOID------
dfen -207
pglf -260
jepl -54
ckth -144
ahmm -279
VOID------
lbpj -242
aqgf -108
lrah -187
lgbs -67
ggjt -255
fopi -194
VOID------
lbpj -242
aqgf -108
lrah -187
lgbs -67
ggjt -255
fopi -194
VOID------
lbpj -242
aqgf -108
lrah -187
lgbs -67
ggjt -255
fopi -194
VOID------
lbpj -242
aqgf -108
lrah -187
lgbs -67
ggjt -255
fopi -194
VOID------
lbpj -242
aqgf -108
lrah -187
lgbs -67
ggjt -255
fopi -194
VOID------
jepl -54
ckth -144
ahmm -279
secm -201
pfla -15
sqqf -271
VOID------
frlg -173
clql -110
jsfa -175
incn -260
sqqf -271
VOID------
secm -201
ahmm -279
ckth -144
jepl -54
pglf -260
dfen -207
VOID------
secm -201
ahmm -279
ckth -144
jepl -54
pglf -260
dfen -207
VOID------
secm -201
ahmm -279
ckth -144
jepl -54
pglf -260
dfen -207
VOID------
pjis -202
bhjj -139
frlg -173
clql -110
jsfa -175
incn -260
VOID------
pjis -202
bhjj -139
frlg -173
clql -110
jsfa -175
incn -260
VOID------
pjis -202
bhjj -139
frlg -173
clql -110
jsfa -175
incn -260
VOID------
mdmq -165
rhrl -260
mkfm -188
fasn 4
rfqg -169
gcbk -19
bprh -136
qpaa -221
VOID------
mdmq -165
rhrl -260
mkfm -188
fasn 4
rfqg -169
gcbk -19
bprh -136
qpaa -221
tobb -36
dhkt -288
VOID------
lkte -55
tjrh -281
cbhd -197
ljqg 504
rsei -9
nsan -232
ptsp -178
foat -10
bili -101
tonk -198
VOID------
lkte -55
tjrh -281
cbhd -197
ljqg 504
rsei -9
nsan -232
ptsp -178
foat -10
bili -101
tonk -198
VOID------
ekee -205
edge 19
bitj 159
ncik -194
hoap -186
gcli 24
gqmp -211
ssaq -77
ngse -229
VOID------
ekee -205
edge 19
bitj 159
ncik -194
hoap -186
gcli 24
gqmp -211
ssaq -77
ngse -229
qphq 78
bkom -201
ksmf -266
ejfn -202
VOID------
ekee -205
edge 19
bitj 159
ncik -194
hoap -186
gcli 24
gqmp -211
ssaq -77
ngse -229
qphq 78
bkom -201
ksmf -266
ejfn -202
VOID------
ekee -205
sfcm -78
lacp -148
dhkt -288
tonk -198
bili -101
VOID------
ekee -205
sfcm -78
lacp -148
dhkt -288
VOID------
ekee -205
ncik -194
nafo 163
hoap -186
gqmp -211
ssaq -77
eigr 369
ngse -229
bkom -201
ksmf -266
VOID------
nsan -232
ptsp -178
oori 145
fnmt -50
jhde -111
mcbj -268
ctbm -123
sged -193
nbeq -269
VOID------
nsan -232
ptsp -178
oori 145
fnmt -50
jhde -111
mcbj -268
ctbm -123
sged -193
nbeq -269
VOID------
nsan -232
ptsp -178
oori 145
fnmt -50
jhde -111
mcbj -268
ctbm -123
sged -193
nbeq -269
qgts -234
cbqh -31
VOID------
nsan -232
ptsp -178
oori 145
fnmt -50
jhde -111
mcbj -268
ctbm -123
sged -193
nbeq -269
qgts -234
cbqh -31
VOID------
nsan -232
ptsp -178
oori 145
fnmt -50
jhde -111
mcbj -268
ctbm -123
sged -193
nbeq -269
qgts -234
cbqh -31
eckj -280
ltda -198
VOID------
nsan -232
ptsp -178
lsal 296
fnmt -50
jhde -111
mcbj -268
ctbm -123
sged -193
nbeq -269
qgts -234
cbqh -31
eckj -280
ltda -198
DOMAIN------
eojr -21
rhgl -54
cens -294
isqc -69
ltda -198
eckj -280
cbqh -31
qgts -234
nbeq -269
sged -193
ctbm -123
mcbj -268
jhde -111
fnmt -50
hbrk -197
rlga -18
hbea -134
slft -4
bfoq -97
ejfn -202
ksmf -266
bkom -201
ngse -229
ssaq -77
gqmp -211
hoap -186
ncik -194
ekee -205
sfcm -78
lacp -148
tthg -272
srfe -33
leet -227
bili -101
tonk -198
dhkt -288
tobb -36
qpaa -221
bprh -136
gcbk -19
foat -10
rfqg -169
mkfm -188
ptsp -178
nsan -232
orcd -72
bihl -24
nplh -31
bmfn -44
gplr -6
fapa -14
ptek -99
pfkn -228
bdke -229
cbne -19
gmgm -25
cpof -198
rhrl -260
mdmq -165
pjis -202
bhjj -139
frlg -173
clql -110
tjrh -281
lkte -55
cbhd -197
rsei -9
incn -260
sqqf -271
pfla -15
secm -201
ahmm -279
ckth -144
jepl -54
pglf -260
dfen -207
fopi -194
ggjt -255
lgbs -67
jsfa -175
ebkd -75
poco -52
lbpj -242
aqgf -108
lrah -187
VOID------
hrsm 28
kbtj 24
qqbk 56
hchp 56
VOID------
hrsm 28
kbtj 24
qqbk 56
hchp 56
VOID------
hrsm 28
kbtj 24
qqbk 56
hchp 56
VOID------
hrsm 28
kbtj 24
qqbk 56
hchp 56
VOID------
ohct -246
nsdn 191
osqe -26
thaj -266
latc -47
VOID------
apsk -205
gcjf -187
aspl 24
ntqo -280
VOID------
apsk -205
gcjf -187
aspl 24
ntqo -280
VOID------
apsk -205
gcjf -187
cfgq 180
ntqo -280
VOID------
apsk -205
gcjf -187
cfgq 180
ntqo -280
VOID------
dttr -41
sels -152
qgth -179
qgts -190
mqfk -278
VOID------
dttr -41
sels -152
qgth -179
qgts -190
mqfk -278
ntmm 56
qtia -127
TIME: 0.125