DOMAIN------
inkl -47
phhi -116
hktk -151
srse -236
VOID------
paog 23
sjeq 432
epae -182
lrad -45
LIGHT------
VOID------
jgca -3
cnfs -269
ilmj -291
nejd -200
dopm -159
pisd 253
glsl -247
nolk -192
gljs -38
dopl -268
kdcd -257
kiet -171
eosd -39
VOID------
jgca -3
cnfs -269
ilmj -291
nejd -200
dopm -159
pisd 253
glsl -247
nolk -192
gljs -38
dopl -268
kdcd -257
kiet -171
eosd -39
VOID------
jgca -3
cnfs -269
ilmj -291
nejd -200
dopm -159
pisd 253
glsl -247
nolk -192
gljs -38
dopl -268
kdcd -257
kiet -171
eosd -39
VOID------
jgca -3
cnfs -269
ilmj -291
nejd -200
dopm -159
pisd 253
glsl -247
nolk -192
gljs -38
dopl -268
kdcd -257
kiet -171
eosd -39
VOID------
jhfk -211
ladc -72
ttlp -94
lrad -45
epae -182
sska 89
jgca -3
cnfs -269
ilmj -291
nejd -200
dopm -159
glsl -247
nolk -192
iqao 3
gljs -38
VOID------
jhfk -211
ladc -72
ttlp -94
lrad -45
epae -182
sska 89
jgca -3
cnfs -269
ilmj -291
nejd -200
dopm -159
glsl -247
nolk -192
iqao 3
gljs -38
DOMAIN------
ppth -134
jkle -156
aomt -169
scip -112
kcsc -243
mnnh -251
koco -8
rqkd -117
bjea -94
isjk -188
mmpm -255
fnbg -59
ttlp -94
ladc -72
jhfk -211
dmih -283
eosd -39
kiet -171
kdcd -257
dopl -268
gljs -38
nolk -192
glsl -247
dopm -159
nejd -200
ilmj -291
cnfs -269
jgca -3
lrad -45
epae -182
VOID------
hqhb -268
ambs -255
hqqo -158
prtd -8
dbqc 462
nmpi -196
qmsk -185
ofcs -7
gnog 96
rsao -244
fipb -188
VOID------
hqhb -268
ambs -255
hqqo -158
prtd -8
dbqc 462
nmpi -196
qmsk -185
ofcs -7
gnog 96
rsao -244
fipb -188
VOID------
hqhb -268
ambs -255
hqqo -158
prtd -8
dbqc 462
nmpi -196
qmsk -185
ofcs -7
gnog 96
rsao -244
fipb -188
VOID------
jkqr -183
khic -277
gdbh -208
roqf -7
slpm 115
nkaf -110
fipb -188
rsao -244
VOID------
jkqr -183
khic -277
gdbh -208
roqf -7
slpm 115
nkaf -110
fipb -188
rsao -244
VOID------
koap -248
ntip -35
fbkt -98
tcem -9
qrto 299
samo -216
cmfe -87
hqhb -268
VOID------
bqtj -150
koap -248
ntip -35
fbkt -98
VOID------
bqtj -150
koap -248
ntip -35
fbkt -98
VOID------
qmal -22
gbre -65
bqtj -150
koap -248
VOID------
hqhb -268
ambs -255
hqqo -158
drqt 392
prtd -8
beon 37
nmpi -196
sjnp 70
qmsk -185
ofcs -7
VOID------
mgrn -270
ajsr -160
oaoe -163
qnot -228
VOID------
mgrn -270
ajsr -160
oaoe -163
qnot -228
VOID------
mgrn -270
ajsr -160
oaoe -163
qnot -228
VOID------
mgrn -270
ajsr -160
oaoe -163
qnot -228
VOID------
mgrn -270
ajsr -160
oaoe -163
qnot -228
VOID------
mgrn -270
ajsr -160
oaoe -163
qnot -228
VOID------
mgrn -270
ajsr -160
oaoe -163
qnot -228
VOID------
mgrn -270
ajsr -160
oaoe -163
qnot -228
VOID------
mgrn -270
ajsr -160
oaoe -163
qnot -228
VOID------
mgrn -270
ajsr -160
oaoe -163
qnot -228
VOID------
klgt -142
famp -107
sqao -241
kgnp -156
sjnp 70
rsca -142
ghlb -19
qrci -78
VOID------
kgnp -156
monn 3
sqao -241
odcn 205
famp -107
klgt -142
sejm -171
ditd -262
VOID------
kgnp -156
monn 3
sqao -241
odcn 205
famp -107
klgt -142
sejm -171
ditd -262
VOID------
ditd -262
sejm -171
klgt -142
famp -107
lrrn 332
sqao -241
kgnp -156
rsca -142
VOID------
ditd -262
sejm -171
klgt -142
famp -107
lrrn 332
sqao -241
kgnp -156
rsca -142
VOID------
ditd -262
sejm -171
klgt -142
famp -107
lrrn 332
sqao -241
kgnp -156
rsca -142
VOID------
ditd -262
sejm -171
klgt -142
famp -107
lrrn 332
sqao -241
kgnp -156
rsca -142
VOID------
ditd -262
sejm -171
klgt -142
famp -107
lrrn 332
sqao -241
kgnp -156
rsca -142
VOID------
ditd -262
sejm -171
klgt -142
famp -107
lrrn 332
sqao -241
kgnp -156
rsca -142
VOID------
ditd -262
sejm -171
klgt -142
famp -107
lrrn 332
sqao -241
kgnp -156
rsca -142
VOID------
ditd -262
sejm -171
klgt -142
famp -107
lrrn 332
sqao -241
kgnp -156
rsca -142
VOID------
ditd -262
sejm -171
klgt -142
famp -107
dbqc 462
sqao -241
kgnp -156
rsca -142
gnog 96
ghlb -19
qrci -78
VOID------
aclm -283
bpnf -73
ensp -223
dfpg -213
VOID------
aclm -283
bpnf -73
ensp -223
dfpg -213
VOID------
bdai -269
qeal -208
opml -130
tmgg -124
innp 181
msrs -264
aack -253
iola -180
dqcs -28
VOID------
bdai -269
qeal -208
opml -130
tmgg -124
innp 181
msrs -264
aack -253
iola -180
dqcs -28
VOID------
bdai -269
qeal -208
opml -130
tmgg -124
innp 181
msrs -264
aack -253
iola -180
dqcs -28
VOID------
bdai -269
qeal -208
opml -130
tmgg -124
innp 181
msrs -264
aack -253
iola -180
dqcs -28
VOID------
bdai -269
qeal -208
opml -130
tmgg -124
innp 181
msrs -264
aack -253
iola -180
dqcs -28
DOMAIN------
sdfh -250
bpte -206
bfpd -30
eesf -105
eaoi -256
fkld -250
cnnc -69
fetd -155
dqcs -28
iola -180
aack -253
msrs -264
tmgg -124
sdsr -67
opml -130
qeal -208
bdai -269
ksqo -198
mdfm -74
lnfp -252
hept -170
oaso -274
dffi -191
rogs -9
tson -18
hgbf -22
srro -80
gtcg -124
haot -252
majd -93
hsco -46
ctpb -274
rrgl -46
qron -131
qojn -182
cotm -155
jfob -55
klcl -295
qnnf -109
gfri -233
loea -31
ditd -262
sejm -171
klgt -142
lfon -117
famp -107
cacl -51
pbep -20
sqao -241
jsrr -46
kgnp -156
rsca -142
ghlb -19
qrci -78
enbo -21
egal -95
qnot -228
oaoe -163
ajsr -160
gcqi -76
mgrn -270
iroa -6
hfis -230
sjlo -66
qmal -22
dfpg -213
ensp -223
gbre -65
bqtj -150
koap -248
ntip -35
fbkt -98
bpnf -73
tcem -9
aclm -283
jkqr -183
khic -277
gdbh -208
roqf -7
nkaf -110
samo -216
fipb -188
cmfe -87
hqhb -268
rsao -244
ambs -255
hqqo -158
prtd -8
ofcs -7
nmpi -196
qmsk -185
VOID------
nicn 61
lpie 18
dpaf 48
hktp 61
VOID------
fhbg -92
bmfs -126
krar -74
jkgf -283
VOID------
fhbg -92
bmfs -126
krar -74
jkgf -283
VOID------
jdko -122
jkgf -283
krar -74
bmfs -126
DOMAIN------
itrc -211
fctq -263
ghgd -29
icdr -249
tfnq -91
jdko -122
jkgf -283
krar -74
qtno -35
bmfs -126
fhbg -92
DOMAIN------
phfk -211
mcmf -62
nsod -12
VOID------
hktp 61
dpaf 48
lpie 18
nicn 61
VOID------
hktp 61
dpaf 48
lpie 18
nicn 61
VOID------
hktp 61
dpaf 48
lpie 18
nicn 61
VOID------
binm -90
lkjs 258
hbbk -248
gegi -143
VOID------
hbbk -248
gegi -143
atmq -230
afms 158
olcb -215
VOID------
hbbk -248
gegi -143
atmq -230
afms 158
olcb -215
VOID------
hbbk -248
khbj 168
binm -90
fkfb 146
geif -98
nied -34
VOID------
hbbk -248
khbj 168
binm -90
fkfb 146
geif -98
nied -34
VOID------
hbbk -248
khbj 168
binm -90
fkfb 146
geif -98
nied -34
VOID------
cmak -4
jocs -231
ieta -87
ocpe -42
gdoa 285
anbh -300
sajo 210
gpnb -224
VOID------
cmak -4
jocs -231
ieta -87
ocpe -42
VOID------
jocs -231
ieta -87
bgag 69
ocpe -42
anbh -300
birg -268
VOID------
jocs -231
ieta -87
bgag 69
ocpe -42
anbh -300
birg -268
VOID------
jocs -231
ieta -87
bgag 69
ocpe -42
anbh -300
birg -268
VOID------
jocs -231
ieta -87
bgag 69
ocpe -42
anbh -300
birg -268
VOID------
jocs -231
ieta -87
bgag 69
ocpe -42
anbh -300
birg -268
DOMAIN------
bsha -82
efgo -166
noil -93
lrgg -290
gjed -201
kkjn -109
clne -104
dqcs -50
asop -72
negi -48
oiki -105
acgo -178
lhgi -173
dhpj -99
qjbr -120
pdmn -211
rsbl -145
gare -37
flgi -157
ddtd -124
cjqm -43
tltn -55
pgtr -210
porc -49
hhqi -292
birg -268
anbh -300
gpnb -224
ocpe -42
ieta -87
jocs -231
cmak -4
cffe -188
aiic -194
qctp -272
olcb -215
atmq -230
gegi -143
hbbk -248
binm -90
geif -98
nied -34
tqen -54
oana -267
crpp -32
nbdi -66
pqfd -242
mdbc -1
afrd -100
loon -70
dlam -146
acoc -28
gpil -36
VOID------
nicn 61
lpie 18
dpaf 48
hktp 61
VOID------
iqqf 384
sbbe -253
glla -245
tanc 211
VOID------
mnqq -216
kqco 152
brdq -269
fnmk -259
qpef -212
mbdm 63
ohjn -1
bdnp -222
VOID------
tgho -249
bcja 104
sbbe -253
glla -245
mljt 443
dgqq -93
adid 121
mnqq -216
qaaq 60
brdq -269
fnmk -259
qpef -212
VOID------
tgho -249
bcja 104
sbbe -253
glla -245
mljt 443
dgqq -93
adid 121
mnqq -216
qaaq 60
brdq -269
fnmk -259
qpef -212
VOID------
tgho -249
bcja 104
sbbe -253
glla -245
mljt 443
dgqq -93
adid 121
mnqq -216
qaaq 60
brdq -269
fnmk -259
qpef -212
VOID------
brdq -269
fnmk -259
qpef -212
adid 121
ohjn -1
bdnp -222
VOID------
brdq -269
fnmk -259
qpef -212
adid 121
ohjn -1
bdnp -222
VOID------
tgho -249
pocj 43
sbbe -253
glla -245
innp 181
dgqq -93
ibia 214
mnqq -216
jnjo 373
brdq -269
fnmk -259
qpef -212
tjah 212
ohjn -1
bdnp -222
VOID------
ohjn -1
qpef -212
fnmk -259
brdq -269
mnqq -216
kmtq 480
prpb 276
dgqq -93
glla -245
sbbe -253
tgho -249
VOID------
ohjn -1
qpef -212
fnmk -259
brdq -269
mnqq -216
kmtq 480
prpb 276
dgqq -93
glla -245
sbbe -253
tgho -249
VOID------
ohjn -1
qpef -212
fnmk -259
brdq -269
mnqq -216
kmtq 480
prpb 276
dgqq -93
glla -245
sbbe -253
tgho -249
VOID------
ohjn -1
qpef -212
fnmk -259
brdq -269
mnqq -216
rshd 15
hati 401
dgqq -93
glla -245
sbbe -253
tgho -249
VOID------
ohjn -1
qpef -212
fnmk -259
brdq -269
mnqq -216
rshd 15
hati 401
dgqq -93
glla -245
sbbe -253
tgho -249
VOID------
ohjn -1
qpef -212
fnmk -259
brdq -269
mnqq -216
rshd 15
hati 401
dgqq -93
glla -245
sbbe -253
tgho -249
VOID------
ohjn -1
qpef -212
fnmk -259
brdq -269
mnqq -216
rshd 15
hati 401
dgqq -93
glla -245
sbbe -253
tgho -249
VOID------
tknl -221
pnhd -207
foqr -160
flag -33
jaoh -279
VOID------
ohjn -1
qpef -212
fnmk -259
brdq -269
mnqq -216
VOID------
ohjn -1
qpef -212
fnmk -259
brdq -269
mnqq -216
VOID------
ohjn -1
qpef -212
fnmk -259
brdq -269
mnqq -216
VOID------
ohjn -1
qpef -212
fnmk -259
brdq -269
mnqq -216
VOID------
dqsm -54
jtep -283
jmaf -119
jlcq -172
dtol -166
rshd 15
hati 401
adjo -238
tknl -221
pnhd -207
foqr -160
VOID------
dqsm -54
jtep -283
jmaf -119
jlcq -172
dtol -166
rshd 15
hati 401
adjo -238
tknl -221
pnhd -207
foqr -160
LIGHT------
VOID------
dqsm -54
jtep -283
jmaf -119
jlcq -172
dtol -166
rshd 15
hati 401
adjo -238
tknl -221
pnhd -207
foqr -160
VOID------
dqsm -54
jtep -283
jmaf -119
jlcq -172
dtol -166
rshd 15
hati 401
adjo -238
tknl -221
pnhd -207
foqr -160
VOID------
dqsm -54
jtep -283
jmaf -119
jlcq -172
dtol -166
rshd 15
hati 401
adjo -238
tknl -221
pnhd -207
foqr -160
VOID------
dqsm -54
jtep -283
jmaf -119
jlcq -172
dtol -166
rshd 15
hati 401
adjo -238
tknl -221
pnhd -207
foqr -160
DOMAIN------
brpc -166
idfi -80
oomh -110
jomj -295
pjrg -74
jjfm -246
mrjc -141
abqc -120
eqrg -151
roli -212
ennn -138
rppk -120
ttts -57
cekr -298
jcag -215
pese -140
rlii -105
cdep -109
ikhm -130
dqsm -54
jtep -283
jmaf -119
jlcq -172
dtol -166
adjo -238
tknl -221
pnhd -207
foqr -160
flag -33
tgfn -236
lchp -131
hpjh -142
sbkt -254
ohsq -215
epnf -128
ocqe -170
gdso -55
foip -68
dlla -51
aooj -92
aatg -182
nbje -69
eham -106
mdoq -130
rmbd -101
emaq -127
fbrn -259
sfki -117
firg -11
qtfs -174
jaoh -279
fbes -126
bdnp -222
smsi -200
oebi -132
tbkp -228
hfnm -272
orpa -22
ohjn -1
fnmk -259
qpef -212
brdq -269
mnqq -216
dgqq -93
glla -245
sbbe -253
tgho -249
VOID------
cgek 158
qmtn 22
iorj 83
ofmi 51
VOID------
dqmn -58
bsrf -274
bgdq -177
snte -47
VOID------
snte -47
bgdq -177
bsrf -274
dqmn -58
VOID------
snte -47
bgdq -177
bsrf -274
dqmn -58
VOID------
qjtn -135
kqpi -45
kfll -201
ccbr -169
pdio -208
bjte -197
dsfk -214
obga -17
DOMAIN------
gkth -287
jcfq -134
iqkg -13
nhja -243
obga -17
dsfk -214
bjte -197
pdio -208
mfde -150
ccbr -169
kfll -201
kqpi -45
qjtn -135
erok -280
maqn -13
pjhq -128
begc -77
pafn -31
schf -125
bsrf -274
dqmn -58
bgdq -177
snte -47
njhf -269
VOID------
cgek 158
qmtn 22
iorj 83
ofmi 51
VOID------
cgek 158
qmtn 22
iorj 83
ofmi 51
VOID------
dotb -288
kstn -231
rsdm -137
trqp 562
tqoo 79
flnl -220
DOMAIN------
berd -277
tceo -208
cdbb -162
istb -247
rsdm -137
kstn -231
flnl -220
dotb -288
mqqn -83
VOID------
bdss 148
hama 163
kfhq -227
ckem -73
VOID------
pmho 402
etht -85
tnlb -193
hnaj -258
VOID------
jonf -74
lkpm -288
fndj -237
mtsc -44
VOID------
jonf -74
lkpm -288
fndj -237
tfgg -170
VOID------
kfhq -227
ckem -73
smjt -119
hnaj -258
DOMAIN------
nocr -41
mlnp -220
ttir -87
tqqo -221
tfgg -170
fndj -237
lkpm -288
mtsc -44
jonf -74
odbq -183
srlm -71
etht -85
ppam -2
tnlb -193
hnaj -258
smjt -119
ckem -73
kfhq -227
VOID------
lmqo 59
bdle 7
flpm 61
hbbp 196
DOMAIN------
eioh -44
otqj -131
gssb -101
VOID------
lmqo 59
bdle 7
flpm 61
hbbp 196
VOID------
lmqo 59
bdle 7
flpm 61
hbbp 196
VOID------
lmqo 59
bdle 7
flpm 61
hbbp 196
VOID------
lmqo 59
bdle 7
flpm 61
hbbp 196
VOID------
nprn -94
okgj -145
dgbr -127
nspj -70
mgog -86
VOID------
nprn -94
okgj -145
dgbr -127
nspj -70
mgog -86
VOID------
nprn -94
okgj -145
dgbr -127
nspj -70
mgog -86
VOID------
nprn -94
okgj -145
dgbr -127
nspj -70
mgog -86
DOMAIN------
iree -285
okpc -142
ebid -163
jser -62
lial -173
aflo -200
lggt -79
rejr -55
nprn -94
igej -2
okgj -145
mgog -86
dgbr -127
nspj -70
VOID------
hbbp 196
flpm 61
bdle 7
lmqo 59
VOID------
kele 24
tdcm 68
oesh -277
ljce -164
VOID------
kele 24
tdcm 68
oesh -277
ljce -164
VOID------
lsdf -160
bnpg -68
tdcm 68
oesh -277
ljce -164
inti -50
tmnl -284
DOMAIN------
lsdf -160
tmnl -284
bnpg -68
inti -50
ljce -164
oesh -277
VOID------
ikps 24
kele 24
tdcm 68
knnk -269
VOID------
ikps 24
kele 24
tdcm 68
knnk -269
VOID------
efdd -185
tdep -134
ppkt 215
mrhp -260
tntp -73
ntdb 108
rstp -145
VOID------
efdd -185
tdep -134
ppkt 215
mrhp -260
tntp -73
ntdb 108
rstp -145
VOID------
efdd -185
tdep -134
ppkt 215
mrhp -260
tntp -73
ntdb 108
rstp -145
VOID------
gfak -255
nkhm -194
mrio -152
pcic -123
VOID------
gfak -255
nkhm -194
mrio -152
pcic -123
sgto 329
oebi -176
rsnq -153
ojec -7
fecm 276
ocli -113
mjeb 56
rbnp -291
VOID------
gfak -255
nkhm -194
mrio -152
pcic -123
sgto 329
oebi -176
rsnq -153
ojec -7
fecm 276
ocli -113
mjeb 56
rbnp -291
VOID------
gfak -255
nkhm -194
mrio -152
pcic -123
sgto 329
oebi -176
rsnq -153
ojec -7
fecm 276
ocli -113
mjeb 56
rbnp -291
VOID------
tntp -73
mrhp -260
tdep -134
efdd -185
VOID------
tntp -73
mrhp -260
tdep -134
efdd -185
VOID------
rkac -130
knnk -269
bnbn -138
ccbl 48
rhlg -59
lhan -217
kbqt -155
VOID------
ihpd -170
nlcd -246
ifid -47
qkgt 34
apbb -125
rrte -264
rttq -115
VOID------
ihpd -170
nlcd -246
ifid -47
hnkq 345
apbb -125
rrte -264
rttq -115
ccbl 48
tmpt -260
qbpn -19
gonn -116
VOID------
ihpd -170
nlcd -246
ifid -47
hnkq 345
apbb -125
rrte -264
rttq -115
ccbl 48
tmpt -260
qbpn -19
gonn -116
VOID------
efdd -185
rkac -130
knnk -269
bnbn -138
rhlg -59
lhan -217
lpfn 518
kbqt -155
gqrl -263
moph -130
VOID------
efdd -185
rkac -130
knnk -269
bnbn -138
rhlg -59
lhan -217
lpfn 518
kbqt -155
gqrl -263
moph -130
VOID------
efdd -185
rkac -130
knnk -269
bnbn -138
rhlg -59
lhan -217
lpfn 518
kbqt -155
gqrl -263
moph -130
VOID------
efdd -185
rkac -130
knnk -269
bnbn -138
rhlg -59
lhan -217
lpfn 518
kbqt -155
gqrl -263
moph -130
VOID------
efdd -185
rkac -130
knnk -269
bnbn -138
rhlg -59
lhan -217
lpfn 518
kbqt -155
gqrl -263
moph -130
DOMAIN------
gntq -85
dmgp -192
qtoq -52
nfot -265
sqgl -229
qjip -84
camk -107
gqha -212
gngi -270
rfjk -273
iorl -85
ipss -61
tsfm -110
jmhj -134
ojhc -200
jijn -64
siqh -128
icjt -274
fiaj -161
ehgr -147
dlek -107
fdfp -21
scsc -34
ipdq -71
jfpl -221
lojp -11
lpdq -243
fioi -223
skbf -76
bspm -289
gjhe -267
nfmn -178
qpcb -289
moph -130
gonn -116
gqrl -263
kbqt -155
lhan -217
tmpt -260
qbpn -19
rttq -115
rrte -264
apbb -125
ifid -47
nlcd -246
ihpd -170
neql -51
rbnp -291
ocli -113
ojec -7
rsnq -153
oebi -176
pcic -123
mrio -152
nkhm -194
gfak -255
iskb -80
thtr -26
hnfs -300
qjei -66
rhlg -59
lnim -228
qsjk -6
qifg -44
rstp -145
tntp -73
mrhp -260
tdep -134
efdd -185
bnbn -138
rkac -130
knnk -269
VOID------
fors -287
irpb 181
irfa -295
tbse -183
atfq -27
opma -22
VOID------
irfa -295
tbse -183
qaai -164
hoeo -258
qfmh -271
gqrt -247
akbt -190
sfnn -255
VOID------
irfa -295
tbse -183
qaai -164
hoeo -258
qfmh -271
gqrt -247
akbt -190
sfnn -255
VOID------
irfa -295
tbse -183
qaai -164
hoeo -258
qfmh -271
gqrt -247
akbt -190
sfnn -255
VOID------
irfa -295
tbse -183
qaai -164
hoeo -258
qfmh -271
gqrt -247
akbt -190
sfnn -255
legf 356
bbnb -104
njtj -73
ljfk 207
lism -193
chpk -114
cnkr -172
VOID------
irfa -295
tbse -183
qaai -164
hoeo -258
qfmh -271
gqrt -247
akbt -190
sfnn -255
legf 356
bbnb -104
njtj -73
ljfk 207
lism -193
chpk -114
cnkr -172
VOID------
irfa -295
tbse -183
qaai -164
hoeo -258
qfmh -271
gqrt -247
akbt -190
sfnn -255
legf 356
bbnb -104
njtj -73
ljfk 207
lism -193
chpk -114
cnkr -172
VOID------
irfa -295
tbse -183
qaai -164
hoeo -258
qfmh -271
gqrt -247
akbt -190
sfnn -255
legf 356
bbnb -104
njtj -73
ljfk 207
lism -193
chpk -114
cnkr -172
VOID------
irfa -295
tbse -183
qaai -164
hoeo -258
qfmh -271
gqrt -247
akbt -190
sfnn -255
legf 356
bbnb -104
njtj -73
ljfk 207
lism -193
chpk -114
cnkr -172
DOMAIN------
lamn -168
bmld -149
dolc -134
gike -62
sbjm -246
tlfj -171
ptfj -112
tprt -62
ersn -152
ebtp -68
tfmc -73
hrca -289
cnkr -172
chpk -114
lism -193
apap -116
njtj -73
bbnb -104
sfnn -255
ciqs -92
akbt -190
gqrt -247
qfmh -271
hoeo -258
qaai -164
ngsi -70
tbse -183
irfa -295
atfq -27
opma -22
fors -287
qehm -94
VOID------
mnqd -207
haqo -246
njdj 346
oocc -177
iogg -93
blls -255
otid 221
oikf -285
VOID------
mnqd -207
haqo -246
njdj 346
oocc -177
iogg -93
blls -255
otid 221
oikf -285
VOID------
mnqd -207
haqo -246
njdj 346
oocc -177
iogg -93
blls -255
otid 221
oikf -285
VOID------
mnqd -207
haqo -246
fqth 306
oocc -177
iogg -93
blls -255
VOID------
mnqd -207
haqo -246
fqth 306
oocc -177
iogg -93
blls -255
VOID------
mnqd -207
haqo -246
fqth 306
oocc -177
iogg -93
blls -255
VOID------
mnqd -207
haqo -246
fqth 306
oocc -177
iogg -93
blls -255
VOID------
mnqd -207
haqo -246
fqth 306
oocc -177
iogg -93
blls -255
VOID------
mnqd -207
haqo -246
fqth 306
oocc -177
iogg -93
blls -255
VOID------
hpfl -103
faee -203
bafl 229
ieij -136
qfcg -161
oikf -285
aeoo 85
blls -255
VOID------
ieij -136
qfcg -161
oikf -285
jdth 52
blls -255
VOID------
ieij -136
qfcg -161
oikf -285
jdth 52
blls -255
VOID------
frkh -37
cltn -233
ebks -149
ecfj -75
cfci -216
VOID------
frkh -37
cltn -233
ebks -149
ecfj -75
cfci -216
VOID------
frkh -37
cltn -233
ebks -149
ecfj -75
cfci -216
VOID------
hpfl -103
faee -203
qiff 133
ieij -136
qfcg -161
oikf -285
VOID------
qceq -272
kcgd 81
ceir -257
baeh -208
icgh -123
VOID------
qceq -272
kcgd 81
ceir -257
baeh -208
icgh -123
DOMAIN------
oiaf -237
cnsd -50
ojpb -287
sgih -237
teda -100
rsht -72
btoh -119
taje -95
mdiq -95
eacj -279
rete -125
psgn -67
tehm -138
rbtr -172
idet -21
gtdd -31
gach -132
fckr -12
brlk -103
cfci -216
eqnb -41
ecfj -75
ebks -149
cltn -233
frkh -37
tnfg -39
icgh -123
leka -61
baeh -208
ceir -257
qceq -272
iifb -158
ihhs -207
gfog -44
faqf -54
iesr -172
cjod -218
tohg -267
pfbt -28
cgei -280
hpfl -103
faee -203
ieij -136
qfcg -161
pofo -147
oikf -285
blls -255
iogg -93
oocc -177
qnnn -106
fcqe -96
hdgr -47
ebgh -224
mnqd -207
haqo -246
VOID------
bafl 229
aeoo 85
rdcj -240
slhc 84
DOMAIN------
gmgd -20
rdcj -240
VOID------
lfnk -224
ajjo -175
njta 205
grgj -54
VOID------
grgj -54
ajjo -175
lfnk -224
earb 186
LIGHT------
LIGHT------
VOID------
gljj -264
mert -255
arcd -36
kqkc 272
egst -36
VOID------
gljj -264
mert -255
arcd -36
kqkc 272
egst -36
VOID------
gljj -264
mert -255
arcd -36
kqkc 272
egst -36
VOID------
gljj -264
mert -255
arcd -36
kqkc 272
egst -36
VOID------
jncp -156
kgtn 349
hhbi -275
lctl -217
efop -124
VOID------
hhbi -275
okrg -145
fjnb 22
roji 265
lctl -217
efop -124
VOID------
jncp -156
oebg 247
hhbi -275
okrg -145
VOID------
jncp -156
oebg 247
hhbi -275
okrg -145
DOMAIN------
okrg -145
hhbi -275
lctl -217
efop -124
jncp -156
egst -36
arcd -36
mert -255
gljj -264
dtii -54
akbe -90
erij -164
grgj -54
ajjo -175
lfnk -224
VOID------
mfmo -285
koic -179
mcml 655
dccg -225
mgmg -123
fsbc -10
VOID------
mirs -228
fsbc -10
jift 80
mgmg -123
dccg -225
koic -179
VOID------
koic -179
dccg -225
mgmg -123
lklk 550
fsbc -10
mirs -228
VOID------
koic -179
dccg -225
mgmg -123
lklk 550
fsbc -10
mirs -228
DOMAIN------
nodo -8
kpiq -141
sihr -196
icsp -14
sedp -113
krhh -114
qfbj -209
qcqf -159
dith -190
tafm -86
glmn -56
mrof -6
rndl -86
cgsa -53
fqaa -133
immg -177
rfaa -31
mirs -228
fsbc -10
mgmg -123
dccg -225
koic -179
mfmo -285
nfaq -50
mlfe -69
VOID------
nlrj -105
cjck 88
atbt -184
mogd -31
DOMAIN------
ieso -30
icnt -283
dhro -247
bcot -219
mogd -31
atbt -184
nlrj -105
clmr -95
cfpr -24
DOMAIN------
VOID------
earb 186
lknj 67
rpea -202
osoe -173
VOID------
rpea -202
osoe -173
ibpj 502
etge -284
gkno -243
jplr -167
VOID------
etge -284
gkno -243
jplr -167
ksdg 29
bhem 86
cjom -159
jdrh -269
DOMAIN------
ksnp -226
lgdn -133
tkcb -66
dari -154
clbl -278
mmbj -120
jdrh -269
cjom -159
jplr -167
gkno -243
etge -284
osoe -173
rpea -202
VOID------
idbd 216
jfgf -221
trjc -75
nqps -55
VOID------
jfgf -221
trjc -75
nqps -55
mmdt 45
qgfo -192
VOID------
jfgf -221
trjc -75
nqps -55
mmdt 45
qgfo -192
VOID------
afjt -196
kkar -33
bjca 562
fggr -271
qgfo -192
VOID------
afjt -196
kkar -33
qrtc 98
fggr -271
qgfo -192
VOID------
krjf -252
qibi -228
hrfo -91
khjn -17
omai -130
VOID------
krjf -252
qibi -228
hrfo -91
khjn -17
omai -130
VOID------
krjf -252
qibi -228
hrfo -91
khjn -17
omai -130
VOID------
gapo -243
ador -12
cfsi -279
ptik -168
snmj 196
itet 110
dtth -136
cnjb -214
ilga -59
mdsm 148
ssja -171
gmss 173
klql -168
krjs -79
VOID------
fntd -158
dkeb -259
gapo -243
ador -12
jata 79
gtco 338
cfsi -279
ptik -168
dtth -136
DOMAIN------
tjgi -26
krjs -79
klql -168
ssja -171
ilga -59
cnjb -214
dtth -136
ptik -168
cfsi -279
ador -12
gapo -243
hrfo -91
khjn -17
omai -130
joef -66
ilta -223
dkeb -259
qibi -228
fskm -36
krjf -252
fntd -158
tdad -146
malm -100
fecd -203
coam -298
isro -214
hsqk -60
mqga -41
mdcc -254
afjt -196
kkar -33
fggr -271
qgfo -192
pkih -141
nqps -55
trjc -75
jfgf -221
dkaa -36
ojoe -148
qbgk -146
VOID------
koep 88
ltkl 28
nrfo 11
qppk 28
VOID------
htkd -137
sjof -228
rjkp -46
leng 121
VOID------
qbsf -278
aqbn -57
gmss 173
jdtr 16
lipd 144
lpir -88
gcpl -287
VOID------
qbsf -278
aqbn -57
gmss 173
jdtr 16
lipd 144
lpir -88
gcpl -287
VOID------
sjof -228
rjkp -46
qaaq 60
fkea -154
DOMAIN------
jphn -198
edeb -162
sqtn -292
gcpl -287
lpir -88
fkea -154
sjof -228
rjkp -46
aqbn -57
qbsf -278
ccfk -300
htkd -137
VOID------
ksoa -119
kfon -41
lajo -71
csdh 192
jlld -159
amhi -158
jhjb -97
bsoa -245
jtjt 159
dbkb -229
VOID------
djta -260
alii -109
dbkb -229
cseg 310
bsoa -245
jhjb -97
amhi -158
jlld -159
DOMAIN------
imsp -31
ajnk -100
dlmd -282
jkpa -295
alii -109
dbkb -229
bsoa -245
jhjb -97
amhi -158
jlld -159
lajo -71
kfon -41
ksoa -119
djta -260
VOID------
qppk 28
nrfo 11
ltkl 28
koep 88
VOID------
koep 88
ltkl 28
nrfo 11
qppk 28
VOID------
koep 88
ltkl 28
nrfo 11
qppk 28
VOID------
qppk 28
nrfo 11
ltkl 28
koep 88
VOID------
fqrh -23
mhpe -213
nhjf -211
qqea -250
cetq 95
htmq 139
mtge -118
sefe -286
VOID------
cger -284
knob -166
ksao -106
lscc -202
VOID------
cger -284
knob -166
ksao -106
lscc -202
VOID------
egrb -214
ekmp 122
hoit -5
qkpt -197
gsbi -153
jlbp -235
phbb -3
ghcf -284
iflo -130
shje -160
afis -124
sdgd -259
ckeg -252
VOID------
hoit -5
qkpt -197
gsbi -153
jlbp -235
phbb -3
ghcf -284
iflo -130
shje -160
afis -124
sdgd -259
ckeg -252
ogjb -94
VOID------
hoit -5
qkpt -197
gsbi -153
jlbp -235
phbb -3
ghcf -284
iflo -130
shje -160
afis -124
sdgd -259
ckeg -252
ogjb -94
bkfr -29
VOID------
hoit -5
qkpt -197
gsbi -153
jlbp -235
phbb -3
ghcf -284
iflo -130
shje -160
afis -124
sdgd -259
ckeg -252
ogjb -94
bkfr -29
rcts -9
adtl -213
cnsc -160
VOID------
gsbi -153
ekmp 122
qkpt -197
hoit -5
egrb -214
mhpe -213
nhjf -211
qqea -250
mtge -118
sefe -286
kspo -254
bomi -38
lscc -202
ksao -106
knob -166
cger -284
fqrh -23
gbkc -87
pcso -178
agnf 48
phkl -106
VOID------
gsbi -153
ekmp 122
qkpt -197
hoit -5
egrb -214
mhpe -213
nhjf -211
qqea -250
mtge -118
sefe -286
kspo -254
bomi -38
lscc -202
ksao -106
knob -166
cger -284
fqrh -23
gbkc -87
pcso -178
agnf 48
phkl -106
DOMAIN------
qsbp -219
cenm -179
loag -171
eheb -153
raqa -229
rjnl -288
rtgf -247
cnsc -160
adtl -213
rcts -9
bkfr -29
ogjb -94
gbkc -87
pcso -178
phkl -106
ckeg -252
sdgd -259
afis -124
shje -160
iflo -130
ghcf -284
phbb -3
jlbp -235
gsbi -153
qkpt -197
hoit -5
egrb -214
ksao -106
lscc -202
bomi -38
kspo -254
sefe -286
mtge -118
qqea -250
nhjf -211
mhpe -213
fqrh -23
cger -284
knob -166
VOID------
koep 88
ltkl 28
nrfo 11
qppk 28
VOID------
qppk 28
nrfo 11
ltkl 28
koep 88
VOID------
qppk 28
nrfo 11
ltkl 28
koep 88
LIGHT------
akhp 41
iqst 699
gtmk 173
mrmq 124
saej 18
ckia 130
jtjt 159
csdh 192
qjgk 507
omhi 233
dmhi 605
hffn 354
kkdp 284
lmqt 502
tctp 633
iapk 291
gaho 558
jqeb 258
mbss 593
gfsj 648
rqbl 560
emsm 629
bqpb 98
shgg 57
ejtn 218
fjnb 22
roji 265
oebg 247
cseg 310
aenq 483
qdil 502
nctc 528
igal 327
tkci 469
dhef 258
kjld 318
etjc 3
gnqa 262
arid 253
ggmm 236
jift 80
thtr 559
reqk 494
jjpg 230
aami 457
ains 48
lckm 3
shjs 144
plfi 421
ksrf 650
tntp 253
gkkp 108
icgq 393
iiot 251
mimc 315
imkf 554
lklk 550
mcml 655
tjep 687
hgcb 182
snse 546
nkph 396
iieo 690
tgio 470
rsid 638
traj 34
cqos 584
enkf 141
kftf 525
amtr 479
kppl 182
daao 632
tpom 536
oqmt 162
ednb 19
ciad 524
jced 114
ggkl 456
mlcj 20
ntkq 117
habi 127
nrjh 190
ibmd 235
tqdd 344
snto 559
qppp 134
edaa 337
ngfn 151
koss 82
jfjc 328
rdns 678
gdmm 155
lhif 560
oiqd 563
cfij 17
pdgs 214
rhdq 379
earb 186
jlam 120
jtso 275
idbd 216
mmdt 45
cndj 111
hsfl 214
bnhc 510
rkkl 109
rhhs 469
fjem 271
onhj 241
askn 24
brol 220
mctm 249
jqlm 457
nobc 497
slil 567
aopk 203
srmp 228
bhdt 660
nrkg 596
jgtr 485
tboj 462
eoca 542
jlan 590
gpjk 421
pbol 132
krjg 329
sdoq 131
ibjp 384
bfnf 618
kjhe 478
injg 534
eibo 582
thpn 537
qerf 134
mhmt 544
mddi 348
mggk 309
tjhf 516
lknj 67
ibpj 502
ksdg 29
bhem 86
ptte 104
rtod 286
hjor 81
tpjo 466
jenq 489
jlej 660
aeke 61
cism 677
jjso 510
bihd 641
jata 79
gtco 338
tfqs 390
rkte 413
bilj 217
ragk 499
jjdc 504
ipdr 131
kscp 641
cjck 88
bsdg 411
ffrq 217
tgtc 301
ktem 314
hpqf 606
nqgn 319
bhla 681
titf 662
fcai 684
pitf 482
dqqr 221
anbt 418
apdp 483
ccjk 523
flek 578
dioi 132
hded 594
rigr 236
mtmp 465
taqp 425
ggnm 644
fcsc 453
aeoo 85
slhc 84
dfdh 516
nksa 204
oalf 333
badq 628
icip 294
oedj 668
lech 386
hfin 296
jbgo 267
acke 141
kesn 687
onak 600
qgjq 548
brif 486
toen 634
itpm 416
sgjl 389
pjnn 657
mddd 253
gmtk 219
jhpe 332
rbmg 179
maob 119
kcgd 81
nbmo 11
nsed 594
mfoj 465
mijf 324
djjo 314
pofd 294
bpbs 362
qijc 396
lelf 520
femt 137
cata 630
ihlt 693
nhjd 323
cksa 656
dbhk 544
kfje 308
pbls 423
jmgs 676
rqig 251
tped 349
kfkd 180
fnst 81
dlrk 27
pqac 199
tfhh 284
tacp 271
jrsk 314
kjjq 369
mkil 509
sodr 638
sqdn 387
hesh 596
ahtr 146
sgkp 424
oltd 376
smeo 692
celb 26
ijlk 301
miai 291
knqo 32
rtma 566
ktct 553
lnmb 29
jmqr 371
bsel 218
rmtf 508
qlts 130
lqbs 330
frco 230
frnr 30
aokt 481
qkbm 207
kdna 682
bmll 476
kore 487
prmt 586
nklj 304
ccfd 653
fsrq 574
tdgt 461
oodg 575
doir 526
beqi 533
rsqm 535
cdgq 565
hcnd 611
fhis 149
npsk 648
mfpl 631
akeg 26
ciqk 296
cctj 494
qrtc 98
crrd 350
oegq 606
acgf 354
nfec 631
jnen 288
gmmt 178
qhhi 49
kshg 357
qiff 133
kjer 214
jdth 52
ijcd 347
ckpp 362
tthn 420
hbct 650
sfsk 343
ktqd 407
kdip 271
ftll 371
dokl 566
ocdl 670
chei 417
rakq 144
hqkd 178
tfoe 65
shjg 198
tpne 237
aoaa 607
seid 392
fqth 306
hmib 311
ghdf 187
besq 159
ojoa 8
nnpe 64
mbof 264
hssb 368
trjp 392
seis 660
prts 248
iphm 229
lcnf 260
ttft 299
lptj 406
jgik 350
tmqe 210
qoag 627
belp 453
rebs 524
eodp 559
hbas 484
qlpq 410
gcgj 660
drph 519
fkpe 555
lqsp 532
kpba 80
ifpp 573
cqgs 90
miie 661
dmhg 579
qfqi 646
tstc 326
rfmf 325
jhbf 72
naqh 399
sphg 315
gpmb 41
tbsi 323
sgmf 226
debe 184
lbpp 159
ahob 523
akkl 78
pipn 58
jckf 226
ljfk 207
legf 356
rqqm 603
rkgl 458
qias 568
lpfn 518
jcgm 389
dcld 489
mfri 37
dofd 347
lejk 497
sdqc 237
hidd 239
peqe 529
kddm 500
npce 248
dcok 175
lfic 392
blhq 124
slim 35
jptg 423
hcqo 127
edkd 241
bpta 321
ogjj 487
pdfb 373
ccbl 48
hnkq 345
ipkb 261
mcfr 324
fekh 165
gjst 273
sgen 266
sdpr 577
eanc 246
gjib 696
lkbb 207
rdkf 223
jscb 582
goqd 134
rdha 575
scdr 125
fnpa 7
rhjk 212
hdhm 502
qacl 375
bfhp 507
mien 458
aoeo 567
intd 548
holo 226
lmnc 679
jegr 682
epal 579
lgnp 28
mrlj 635
oqnk 442
eikq 530
fmal 556
cnbt 24
qqge 316
psmp 273
ejjs 237
cahl 217
emge 199
tdcm 68
kele 24
ikps 24
lfcj 302
oqio 401
dlda 686
tblc 307
saht 569
bhne 572
gfqk 351
mprm 314
kmeo 554
kptp 451
clme 333
mfqt 342
crkt 222
lcia 670
ctqc 578
otof 648
sflf 266
dgnd 609
qcdq 582
gibk 146
kgjk 222
kknq 509
lsfg 630
njae 288
gtkb 588
kglh 600
mrns 567
skkm 289
ooda 680
qrcn 622
ngbe 696
ohht 572
pmho 402
ogie 290
sppg 248
bdgi 159
snmj 196
itet 110
mdsm 148
okfo 695
goen 526
jsra 645
ndsg 237
hdgl 507
ncpk 579
fsgl 619
gmss 173
jdtr 16
lipd 144
krdj 16
pjns 239
podh 324
thhm 12
cjle 672
oobb 562
etsn 457
nkdl 674
qeft 432
tfop 699
agnf 48
ekmp 122
lcmk 676
trqp 562
lrfk 3
ogio 191
ojgp 277
tocn 419
sngb 83
pkdl 85
ajst 214
liff 35
nfen 95
sosn 435
qhse 604
ihld 405
ghbf 62
sbbc 619
tqoo 79
cfmd 505
kcff 577
iqsr 256
ignh 540
sqch 381
nmbt 379
ibie 657
lhff 483
thee 693
dfan 230
lejo 427
ofan 226
ldns 486
hkmd 265
jtpo 491
hqft 370
edsf 600
nhle 420
ralg 463
hoti 615
sids 319
srae 677
ihog 5
cetq 95
htmq 139
tjgd 674
herp 588
pjss 561
aipe 476
qteg 390
mfsq 697
kqam 559
nfld 671
rogj 609
ldgk 641
orss 287
stsb 190
oijn 202
glrt 699
bqml 326
dpmr 344
nojq 245
ibnk 130
beoe 211
nlbd 124
pere 302
nile 165
qhcc 294
jthd 100
iijq 253
itqh 331
btlc 70
jpbc 35
erkb 572
neqd 632
jgsf 264
mapn 687
lgns 585
thrp 496
iosr 380
tied 350
nheo 398
lski 427
gptj 651
gcjh 652
fkrc 169
pilh 266
bpph 48
mjsc 108
mctf 149
kokk 474
lgek 362
qhts 622
ctbc 605
hgot 554
qlqb 311
lcqs 503
tecp 584
hnii 375
hfrh 416
jsji 200
leng 121
rsbd 178
jsac 586
rlhg 193
ihsi 319
pboj 134
odfq 37
qemk 279
lacg 669
fkfl 572
rdjf 327
hfne 37
haib 319
esll 593
tikl 214
lero 261
csbp 134
ehap 64
eaat 390
qbam 250
csam 347
pkps 696
estj 511
jppl 524
sjen 128
boen 492
kadj 344
algo 68
reaa 604
bkkh 218
kdsf 454
rikg 299
pgli 388
eioa 204
tema 31
ojsr 565
bime 202
psgs 217
qbga 270
dibc 69
itam 119
rssf 273
ttjf 142
nfsh 176
irhr 302
agbr 335
qphc 378
dcfl 633
dheb 694
nbcg 391
rnen 277
hfhs 627
qegl 275
rqhs 183
beir 631
lopb 67
hofi 489
elsf 647
ftas 431
olik 497
ebjg 633
nrgl 121
qelb 538
llje 533
rktq 469
fqff 276
smpm 262
hdfj 123
medt 83
dnnb 374
ltgq 554
qfes 111
tqph 242
mkti 48
ljcf 504
alna 513
lhkq 398
rqjs 292
btdi 589
domi 650
dnqo 633
tkpn 610
ttqe 610
bbgp 577
kdiq 432
srsj 328
room 292
pqaf 363
rjnh 692
nhql 321
femn 128
sgjf 652
pkth 574
bqtg 499
oege 408
drio 302
tecl 695
iiqe 690
fbon 233
pkki 625
dmct 681
gmlq 532
moon 78
phra 60
qckr 645
khbj 168
fkfb 146
qmlk 602
npdf 268
gnao 283
qgqt 79
bhkn 525
ilnj 296
knel 289
krgr 692
jbom 534
qtjh 227
ibes 513
tijg 653
nhbc 221
ogpc 180
fdeq 310
nktt 233
amjb 158
malq 9
jlqq 294
cgik 131
ibnj 73
moog 388
djqg 50
gdoa 285
sajo 210
iahe 30
ssio 270
dgmf 206
spri 154
hpji 54
kfoq 422
jlci 90
tcmq 122
lqnh 520
mdgo 351
qlnf 604
eqsh 278
eeet 147
fpkc 229
iamk 416
qorp 583
leff 462
qlml 455
fqei 350
tpcf 49
cbaa 296
hmca 488
kmot 591
kqco 152
mbdm 63
bdih 282
kkmk 640
qmae 25
ltaj 353
dbil 10
cecr 457
paqr 397
rtbp 606
bfdq 236
tjqs 390
soti 272
sbef 421
pkii 594
tidn 621
ctei 135
lanq 234
qaaq 60
adid 121
mljt 443
bcja 104
flop 582
tanc 211
iqqf 384
sbfn 639
ftfp 694
ifcd 584
ngek 666
adfl 670
tqqf 324
incb 605
dfqb 522
hfle 605
bfgb 682
irbc 548
kokc 528
qftd 270
kpqb 608
fknt 548
ahmk 44
rpjl 436
mbro 520
jdrd 58
nlli 537
kfri 362
mnpb 466
hhtb 142
qrmo 511
ndbe 399
cmib 317
koho 264
oqrg 595
ntfp 533
gejj 383
aeop 649
fmjd 676
nmft 454
inqe 642
nalj 585
nidk 519
dacf 2
qbee 469
tkqf 531
gpgm 506
ikjh 551
peps 655
pgod 574
irdp 446
fjrk 271
jqgo 487
faob 470
nlfi 160
sjrh 312
iagt 8
rsik 166
smtf 226
oeqe 26
lqfg 318
plro 396
csfq 510
olof 138
cbpl 447
ngna 157
hkdg 183
tebt 428
sslr 79
gnft 71
bpca 153
haak 174
lqdn 292
bgag 69
idrn 221
egkn 390
rnrt 238
irpi 670
tpqh 447
lgra 60
inlt 464
hepf 161
made 295
kbnr 355
edei 554
eqgg 301
ajpi 456
rdba 225
dsnn 353
hqlq 215
tkeo 441
mbgf 440
raqd 118
lchn 381
afms 158
lkjs 258
jrlr 512
sgfc 270
lglk 293
lhnl 40
dcmb 48
ocfn 568
eshb 50
ggpf 96
lmfn 10
colt 232
egij 392
ninr 406
nqtn 262
lars 305
bgcg 470
inmh 678
ddfi 80
gkbt 103
rdob 184
aghf 310
tpqe 398
gptn 298
ijod 265
bibl 444
hmmj 454
dcpp 590
sbbi 78
eplg 104
nglh 358
ljhg 177
cmhp 446
tfko 321
lsdq 402
qegk 430
ockl 145
kmco 333
bdtg 241
oiki 470
cqhc 668
fmcs 165
ooaj 216
iskn 167
gnnm 461
hhms 260
ecrg 698
esbg 266
ionq 370
opdr 12
mdkb 631
kdke 573
qbra 447
fdap 439
pehc 488
ekjq 341
sbdi 392
crer 686
hjbl 379
qdor 381
oitp 677
qpoi 428
kace 524
jgtp 642
memn 579
jpor 656
bjca 562
hjam 505
tdqd 228
aocm 77
gcld 73
nscb 96
lcpj 369
jhaj 542
nqhq 582
haqc 101
nrnd 602
jifj 601
ojbo 662
skdh 463
ibkp 182
qiqr 411
jkdc 568
hbit 617
isoc 382
qsts 493
gqer 458
fcab 303
ptqe 244
jnpc 191
oeom 38
hqic 239
fgjq 646
asek 349
bqlm 121
ibsb 645
pepj 501
qkqa 512
limd 516
acot 519
tcni 410
cpas 221
ikfc 204
hkhi 471
lmqo 59
bdle 7
flpm 61
hbbp 196
rpqf 441
hqtq 459
rtmp 453
qkjt 326
mppp 622
pggn 474
prpb 276
kmtq 480
ldkg 383
hpmk 124
ethp 507
knhh 296
jiis 604
objb 551
ehng 156
spsg 63
mrld 263
tafk 593
hjeb 661
jebg 619
grqs 360
rlis 248
gcpr 447
mpfr 21
ltpf 664
ikmk 258
emit 517
bdss 148
hama 163
rggd 545
ktqg 267
tqac 219
haph 449
hltp 547
dopo 9
kitp 92
arsn 281
rbqd 125
qnqt 136
irjh 253
eigr 392
diar 549
gtkf 586
gkkd 426
ngil 402
jnqn 485
rkff 384
ncql 523
dhgc 276
cktq 56
qeng 537
rsni 39
atfl 549
iqnd 255
mspq 154
pjqr 93
sofe 33
hkki 201
tptn 34
naen 333
sgjo 373
bepi 538
goom 379
gieh 429
qnga 479
ohmf 163
iecf 459
lohi 101
ejsm 7
kfet 96
oimh 156
rqno 675
gjfi 553
male 512
qccm 632
brgq 510
hfmj 556
tran 649
ciig 493
dcdj 578
rbcj 633
nrng 468
tjrf 431
kiod 97
ffkd 300
hhqd 691
otrm 333
jdnd 549
tjol 417
opmj 118
jsot 607
jojs 268
jmld 208
stmr 149
sinf 285
asjp 609
ltld 239
cnkl 235
ebmt 510
loqa 630
dftj 515
idda 643
dehp 476
ppkt 215
ntdb 108
jcjg 124
dptq 438
rsed 534
qmdr 146
tkho 38
iqqk 223
hmkn 212
mlnm 143
sgto 329
fecm 276
mjeb 56
gnsj 300
rdap 434
emgr 297
gsgi 128
grdr 132
kneq 247
ogic 141
imda 511
hmfk 448
qkgt 34
pkoo 534
mrhd 430
arip 143
jnoq 169
hqhm 187
ljoq 619
trmk 525
aigp 651
rtfo 647
bbjo 588
ocfd 205
kkmf 260
kqkb 607
pctk 695
qlqj 585
mkgr 376
sjng 55
iibj 610
mgnn 35
aeqo 512
tfha 63
irpb 181
fqrq 591
ekdq 224
phrm 660
bkbf 506
njjt 489
pehq 225
qfsk 65
imeb 416
dkil 691
pcnn 64
sgqf 415
jent 169
gche 434
jhfr 498
msik 197
kkos 384
jsag 120
hprt 684
amri 662
dorr 435
ddop 643
khjm 623
iash 357
sjoi 620
crqi 308
aqfe 251
dmin 89
tohq 387
ntsl 432
opre 453
ckdn 37
jitf 577
qqss 475
fenr 448
glhh 250
napa 344
nnss 265
klff 109
ddpa 284
njdj 346
otid 221
cncd 150
dnoq 221
hjjf 207
qmnn 424
lqhj 635
kmhk 245
gcie 193
iirb 372
igcc 556
mrls 446
bafl 229
fmak 42
lkst 232
qjsc 367
icai 425
njta 205
olrg 374
madl 690
lhab 628
jpld 380
neja 264
kqkc 272
nkhe 408
kgtn 349
bkno 398
faje 287
iosj 640
rgdb 272
tkbm 3
jjsh 87
toth 8
iqfh 194
tfsg 283
kmhd 319
ihdm 644
mkfs 342
pani 484
oemo 516
dikt 321
tthj 380
jhrd 654
afim 405
tpjh 583
qppk 28
nrfo 11
ltkl 28
koep 88
tlcf 61
khdr 132
opbh 161
ripi 86
kmbh 122
cqar 212
llok 71
lnom 111
fhpt 349
ghma -128
nddo -236
krom 455
nicf 636
bpme 469
lcad 554
thsa 523
itfg -215
bsrc 170
eaek 31
VOID------
itfg -215
bsrc 170
eaek 31
akhp 41
lcek -91
lqmd -215
VOID------
lcek -91
lqmd -215
tlcf 61
koep 88
VOID------
lcek -91
lqmd -215
tlcf 61
koep 88
VOID------
lcek -91
lqmd -215
tlcf 61
koep 88
VOID------
lcek -91
lqmd -215
tlcf 61
koep 88
VOID------
ponj -69
tqpn -138
gikb -67
kkqo -296
VOID------
ponj -69
tqpn -138
gikb -67
kkqo -296
VOID------
clbd -167
mjkh -25
obnk 17
iaqd -116
dssp -205
rpso -47
poid -245
gkaq -192
VOID------
icpk -172
ihpi -202
orss 287
lqmd -215
lcek -91
itfg -215
nddo -236
ghma -128
VOID------
lqmd -215
lcek -91
itfg -215
nddo -236
ghma -128
VOID------
lqmd -215
lcek -91
itfg -215
nddo -236
ghma -128
DOMAIN------
ddej -135
npia -82
kcjk -109
ooie -131
jjij -232
dsgc -25
qpfi -63
gkaq -192
poid -245
rpso -47
dssp -205
iaqd -116
mjkh -25
clbd -167
icpk -172
ihpi -202
cpgq -95
lbjd -68
kkqo -296
gikb -67
tqpn -138
ponj -69
diea -191
kanp -77
lqmd -215
lcek -91
itfg -215
nddo -236
ghma -128
VOID------
eaek 31
akhp 41
ditg 23
jbdt -235
VOID------
ditg 23
gank -124
rlrr -166
akhp 41
VOID------
ditg 23
gank -124
rlrr -166
akhp 41
VOID------
qpfa -221
bgah 63
tgpk -267
fqjb -220
plki 116
ereb -91
blnj 123
llcb -251
LIGHT------
VOID------
btnb -94
ifqc -272
nndq -142
inbe -200
mail -1
dngo -206
llcb -251
VOID------
btnb -94
ifqc -272
nndq -142
inbe -200
mail -1
dngo -206
llcb -251
VOID------
llcb -251
nojq 245
dngo -206
mail -1
inbe -200
nndq -142
ifqc -272
btnb -94
qpsn -76
VOID------
llcb -251
nojq 245
dngo -206
mail -1
inbe -200
nndq -142
ifqc -272
btnb -94
qpsn -76
VOID------
llcb -251
nojq 245
dngo -206
mail -1
inbe -200
nndq -142
ifqc -272
btnb -94
qpsn -76
DOMAIN------
cbci -93
abnq -128
ktdl -201
blqi -246
aphq -170
ljja -190
ekoe -81
papt -171
hjla -72
mbgj -260
qpsn -76
btnb -94
ifqc -272
nndq -142
inbe -200
mail -1
dngo -206
llcb -251
ereb -91
fqjb -220
tgpk -267
qpfa -221
kidd -285
rlrr -166
gank -124
jbdt -235
VOID------
ostg -232
cfet -29
pqpk -75
tojb -83
VOID------
ostg -232
cfet -29
pqpk -75
tojb -83
kppn 59
dhcc -10
knet -152
VOID------
ostg -232
cfet -29
pqpk -75
tojb -83
kppn 59
dhcc -10
knet -152
VOID------
ostg -232
cfet -29
pqpk -75
tojb -83
kppn 59
dhcc -10
knet -152
VOID------
ostg -232
cfet -29
pqpk -75
tojb -83
kppn 59
dhcc -10
knet -152
VOID------
atsp -256
rsdk -164
mqcc -116
kkpp -140
DOMAIN------
cltb -117
fnhp -285
kkpp -140
mqcc -116
rsdk -164
atsp -256
fmsq -188
kqct -49
ktfj -169
knet -152
dhcc -10
tojb -83
pqpk -75
cfet -29
ostg -232
holf -257
rtdr -2
VOID------
phki 121
qdpm 37
qatr 13
ktnd -191
VOID------
qatr 13
ktnd -191
afbd -136
ihgd -273
VOID------
afbd -136
ktnd -191
aknr -170
nrgs 390
VOID------
ajdg 126
sceg 123
rnqd -222
mgkm -160
VOID------
gegm 164
mkdf 27
kccf -223
hmpd -297
VOID------
klih -207
ssjt 37
btrj -229
iebl -171
VOID------
pmec -146
qfqn -278
dnao -229
gmtk 219
DOMAIN------
mtmi -163
ikik -23
pjnm -238
nntf -98
gqqt -69
nojr -114
mnga -180
smsg -256
fjpb -126
iebl -171
btrj -229
klih -207
hmpd -297
kccf -223
hqla -238
pmec -146
qfqn -278
dnao -229
hkrq -273
mgkm -160
rnqd -222
aknr -170
ihgd -273
afbd -136
ktnd -191
DOMAIN------
jopr -173
VOID------
fqok 71
iiss 232
rtmh 71
cilk -226
VOID------
fqok 71
iiss 232
rtmh 71
cilk -226
VOID------
fqok 71
iiss 232
rtmh 71
cilk -226
VOID------
fqok 71
iiss 232
rtmh 71
cilk -226
VOID------
dbog 1
qqhn 69
oqgl -193
hpde -233
VOID------
dbog 1
qqhn 69
oqgl -193
hpde -233
VOID------
dbog 1
qqhn 69
oqgl -193
hpde -233
VOID------
rmsg -76
silc -111
bgal -188
lkaa 62
oeih -35
sscl -21
DOMAIN------
eibb -115
ogae -163
sscl -21
oeih -35
bgal -188
silc -111
rmsg -76
reoh -152
ookd -238
chjt -167
ldea -179
bheg -214
cpjh -153
hpde -233
oqgl -193
jtis -133
cilk -226
VOID------
qljp -226
qoha -106
mlrs -247
dmjj -130
ijdo -114
edoc -184
crnk 35
qksl -61
VOID------
qljp -226
qoha -106
mlrs -247
dmjj -130
ijdo -114
edoc -184
crnk 35
qksl -61
DOMAIN------
dfse -276
tecj -139
mnqe -113
resj -128
jhcs -268
fkmo -91
njgp -26
qksl -61
edoc -184
ijdo -114
dmjj -130
mlrs -247
qoha -106
qljp -226
pbqn -291
qqcb -188
dqqp -223
eiih -35
VOID------
qppk 28
nrfo 11
ltkl 28
koep 88
VOID------
qppk 28
nrfo 11
ltkl 28
koep 88
VOID------
anpi -129
lfnf -179
otlb -198
ireq 647
VOID------
anpi -129
lfnf -179
otlb -198
qmin 576
VOID------
hatp -65
fmbl -168
qisa -191
abdc -155
ieja -126
VOID------
hatp -65
fmbl -168
qisa -191
abdc -155
ieja -126
VOID------
sdat -124
pktd -41
nndi -159
anpi -129
lfnf -179
VOID------
sdat -124
pktd -41
nndi -159
anpi -129
lfnf -179
VOID------
dcnn -164
tioi -182
gftb -21
ahip -61
gtsj -139
dmml -154
VOID------
dcnn -164
tioi -182
gftb -21
ahip -61
gtsj -139
dmml -154
corj 50
mfts -164
boms -255
pbkg -17
iqjj 25
rkhl 32
sodd 41
blal -263
VOID------
dcnn -164
tioi -182
gftb -21
ahip -61
gtsj -139
dmml -154
corj 50
mfts -164
boms -255
pbkg -17
iqjj 25
rkhl 32
sodd 41
blal -263
mrhp -210
ctmi 168
oqbb -277
bpbk -140
kpnn -237
mhfm 35
mkoj 167
ghaf -137
gmmd -123
maia -116
ptjc -266
kgmb -42
becg -189
VOID------
qrmc -269
trkf -138
qisa -191
fmbl -168
hatp -65
mtkp -81
akeg 26
brrj -139
hgfh -267
otlb -198
VOID------
qrmc -269
trkf -138
qisa -191
fmbl -168
hatp -65
mtkp -81
akeg 26
brrj -139
hgfh -267
otlb -198
VOID------
qrmc -269
trkf -138
qisa -191
fmbl -168
hatp -65
mtkp -81
akeg 26
brrj -139
hgfh -267
otlb -198
VOID------
qrmc -269
trkf -138
qisa -191
fmbl -168
hatp -65
mtkp -81
akeg 26
brrj -139
hgfh -267
otlb -198
VOID------
dcnn -164
tioi -182
gftb -21
ahip -61
gtsj -139
dmml -154
sbbi 78
mfts -164
boms -255
pbkg -17
VOID------
dcnn -164
tioi -182
gftb -21
ahip -61
gtsj -139
dmml -154
sbbi 78
mfts -164
boms -255
pbkg -17
VOID------
bqjl -290
bpfb -286
ratl -90
ngfl 17
rrre -88
qmdq 182
brbh -19
sdat -124
pktd -41
nndi -159
hhfb -112
tgnd 54
ekjm -163
VOID------
bqjl -290
bpfb -286
ratl -90
ngfl 17
rrre -88
qmdq 182
brbh -19
sdat -124
pktd -41
nndi -159
hhfb -112
tgnd 54
ekjm -163
VOID------
ghaf -137
gmmd -123
maia -116
ptjc -266
kgmb -42
becg -189
VOID------
lpje -50
qmji -201
ghkq -188
niah -190
idin -173
bfic -98
VOID------
lpje -50
qmji -201
ghkq -188
niah -190
idin -173
bfic -98
VOID------
qisa -191
trkf -138
qrmc -269
abdc -155
ieja -126
VOID------
qisa -191
trkf -138
qrmc -269
abdc -155
ieja -126
VOID------
afki -293
eano 88
cbnr -181
parb -173
fmrd -107
hego -126
etkh -69
doah -235
VOID------
trkf -138
qisa -191
fmbl -168
hatp -65
mtkp -81
brrj -139
bkkh 218
hgfh -267
otlb -198
qpfh -161
VOID------
trkf -138
qisa -191
fmbl -168
hatp -65
mtkp -81
brrj -139
bkkh 218
hgfh -267
otlb -198
qpfh -161
VOID------
trkf -138
qisa -191
fmbl -168
hatp -65
mtkp -81
brrj -139
bkkh 218
hgfh -267
otlb -198
qpfh -161
VOID------
gmmd -123
maia -116
ptjc -266
kgmb -42
becg -189
pnet -276
gfin -8
qpfh -161
LIGHT------
VOID------
rqja -106
hope 22
ktlm -93
ilmr -213
eknl -209
opdc -28
ttfn -217
dmfn -99
afir -55
bhai -144
VOID------
rqja -106
hope 22
ktlm -93
ilmr -213
eknl -209
opdc -28
ttfn -217
dmfn -99
afir -55
bhai -144
VOID------
rqja -106
hope 22
ktlm -93
ilmr -213
eknl -209
opdc -28
ttfn -217
dmfn -99
afir -55
bhai -144
VOID------
ieja -126
abdc -155
qrmc -269
hlio 13
trkf -138
rhel 281
qisa -191
fmbl -168
hatp -65
mtkp -81
brrj -139
emsj 91
hgfh -267
jefk 25
fqok 71
otlb -198
DOMAIN------
llcq -126
mbnn -89
ofef -185
dmrq -147
dqdd -176
rqja -106
ktlm -93
ilmr -213
eknl -209
opdc -28
ttfn -217
dmfn -99
afir -55
bhai -144
cscc -291
amld -23
bifd -228
shhs -48
fefh -14
rsbj -36
oedt -123
doah -235
etkh -69
hego -126
fmrd -107
parb -173
cbnr -181
afki -293
jgtf -21
bikj -78
nbth -279
oalp -271
prqh -224
ieki -103
dndn -208
icrt -108
ekjm -163
hhfb -112
sdmo -245
qlsj -229
bfic -98
idin -173
niah -190
ghkq -188
qmji -201
lpje -50
qkoo -298
htgd -129
qmbe -107
hgfh -267
brrj -139
mtkp -81
qpfh -161
gfin -8
pnet -276
becg -189
kgmb -42
ptjc -266
maia -116
gmmd -123
ghaf -137
kpnn -237
bpbk -140
oqbb -277
mrhp -210
blal -263
pbkg -17
boms -255
mfts -164
dmml -154
gtsj -139
ahip -61
gftb -21
tioi -182
dcnn -164
qrmc -269
trkf -138
snne -142
npnb -195
ratl -90
bpfb -286
bqjl -290
hebs -97
ieja -126
abdc -155
qisa -191
fmbl -168
hatp -65
otlb -198
lfnf -179
anpi -129
nndi -159
pktd -41
sdat -124
brbh -19
rrre -88
VOID------
cmkc 15
jaah 81
bjnr -111
gpof -69
VOID------
sqoe -135
ckad -130
qgrt -47
cbik -150
gijj 48
hnji -182
ifme -202
VOID------
sqoe -135
ckad -130
qgrt -47
cbik -150
gijj 48
hnji -182
ifme -202
VOID------
sqoe -135
ckad -130
qgrt -47
cbik -150
gijj 48
hnji -182
ifme -202
VOID------
sqoe -135
ckad -130
qgrt -47
cbik -150
gijj 48
hnji -182
ifme -202
LIGHT------
VOID------
rngj -281
ntmb 129
fnjt 92
tqfi -261
proq 149
mast -94
ocpq -93
lfei -159
ffqg -232
fled -65
tesq -69
rghn -56
hogh -28
VOID------
rngj -281
ntmb 129
fnjt 92
tqfi -261
proq 149
mast -94
ocpq -93
lfei -159
ffqg -232
fled -65
tesq -69
rghn -56
hogh -28
VOID------
ocpq -93
mast -94
tqfi -261
rngj -281
tcik -52
crhs -195
cmhs -216
ifme -202
VOID------
rngj -281
khns 56
ikbp 94
tqfi -261
ntmb 129
mast -94
ocpq -93
lfei -159
ffqg -232
fled -65
tesq -69
rghn -56
hogh -28
VOID------
rngj -281
khns 56
ikbp 94
tqfi -261
ntmb 129
mast -94
ocpq -93
lfei -159
ffqg -232
fled -65
tesq -69
rghn -56
hogh -28
VOID------
fled -65
ffqg -232
lfei -159
ocpq -93
mast -94
tqfi -261
rngj -281
tcik -52
VOID------
fled -65
ffqg -232
lfei -159
ocpq -93
mast -94
tqfi -261
rngj -281
tcik -52
VOID------
ocpq -93
lfei -159
ffqg -232
fled -65
tesq -69
rghn -56
mrrj -184
nrep -184
VOID------
ocpq -93
lfei -159
ffqg -232
fled -65
tesq -69
rghn -56
mrrj -184
nrep -184
VOID------
nrep -184
mrrj -184
rghn -56
tesq -69
fled -65
ffqg -232
lfei -159
ocpq -93
VOID------
qegj -188
jgim -210
taqb -92
tjto 195
prjk -195
bjsm -176
tdln -93
VOID------
qegj -188
jgim -210
taqb -92
tjto 195
prjk -195
bjsm -176
tdln -93
VOID------
ffhg -234
goth -291
ocpq -93
mast -94
tqfi -261
giae -281
aqgl -260
DOMAIN------
jbol -258
kjrn -27
giae -281
aqgl -260
mcmo -97
goth -291
ffhg -234
nimp -1
htnd -165
crko -217
mbag -175
cdit -62
bldr -121
jkpk -300
btdr -154
gbsq -282
abeb -162
ahcj -88
dqge -247
jleq -158
cpgp -274
jgim -210
taqb -92
okta -43
mbna -69
hdks -25
tjre -22
tdln -93
bjsm -176
admh -22
qegj -188
mrrj -184
nrep -184
gscq -121
kmpi -147
nnsh -51
prjk -195
hogh -28
rghn -56
tesq -69
fled -65
ffqg -232
lfei -159
ocpq -93
mast -94
tqfi -261
rngj -281
hrfj -270
togt -146
tcik -52
crhs -195
cmhs -216
ifme -202
hnji -182
cbik -150
qgrt -47
ckad -130
sqoe -135
pnos -300
bjnr -111
gpof -69
VOID------
qrob 3
hkhf 5
rcff 2
dsfi 74
VOID------
qrob 3
hkhf 5
rcff 2
dsfi 74
LIGHT------
VOID------
qrob 3
hkhf 5
rcff 2
dsfi 74
VOID------
efop 7
crhc -57
hefb 208
kncd -215
VOID------
qppk 28
nrfo 11
ltkl 28
nfhk -240
VOID------
rjhk 217
ednf -151
digm -93
npsr -280
VOID------
faks -43
nfhk -240
jtcd -150
krom 455
VOID------
jjsb 167
faks -43
nfhk -240
jtcd -150
LIGHT------
hhre 231
iosj 640
rgdb 272
tkbm 3
jjsh 87
toth 8
iqfh 194
tfsg 283
kerr -38
kmhd 319
ihdm 644
mkfs 342
kncd -215
pani 484
oemo 516
dikt 321
tthj 380
jhrd 654
afim 405
tpjh 583
qppk 28
nrfo 11
ltkl 28
crhc -57
psiq 431
ghig 343
koep 88
tlcf 61
khdr 132
opbh 161
ripi 86
kmbh 122
cqar 212
llok 71
lnom 111
fhpt 349
thqi 473
lsjd 594
kcid 660
qloj 609
tkng 686
afea 386
iriq 631
krom 455
nicf 636
bpme 469
lcad 554
thsa 523
bsrc 170
eaek 31
akhp 41
ditg 23
amda 666
cdng 676
ngfl 17
qmdq 182
tgnd 54
pcbt 56
ndft 148
enlc 160
ifqk 106
njop 119
khns 56
ikbp 94
ntmb 129
fnjt 92
proq 149
sscq 163
tchp 186
gqmn 152
gshj 184
jldf 46
jsjb 132
mebo 182
glls 100
hkje 165
jgms 149
qdrj 317
ctrc 395
mtid 363
nmco 237
lcmq 167
dhkm 44
mopd 87
hfqs 185
jjsb 167
faks -43
nfhk -240
jtcd -150
btpr 674
girr 379
blcg 332
oiqr 669
gosq 370
godo 370
efop 7
hefb 208
obbp 148
kpih 83
semo 167
rjhk 217
gihh 468
piqk 669
knqk 243
morh 659
bopg 241
oefl 91
kgoc 120
rgbi 699
rsla 445
dnaq 434
okpg 464
hptp 565
sfkm 77
bhko 58
rfqh 43
hgdh 221
ftcc 139
iqst 699
fqia 73
olbg 136
iape 109
eano 88
sjar 84
pcep 73
htsi 43
ofcj 71
slhl 501
qlcj 582
rcfr 563
lrhe 693
jebr 360
asij 513
dlgh 487
tenk 198
skhh 90
nmtr 97
bjmn 196
dlnm 118
flsc 163
ehdt 183
qcsh 166
bikn 129
cfnm 68
kbpm 93
qsab 133
djrf 118
hbof 536
jppa 275
gmsg 539
cpsk 294
ciqf 622
dill 569
oiml 281
hdkg 672
nmoq 376
tgmo 274
qrnp 265
lege 29
rlie 87
kaja 398
ceid 43
oird 151
sceg 123
ajdg 126
onlp 221
klda 58
lggf 173
emqf 221
kppn 59
pncs 264
anqr 550
qdtm 279
gcgb 606
kfit 416
nmgi 520
aiaq 341
cgkp 646
oekn 389
dkam 502
sacg 516
repb 630
sdbm 589
tfpc 582
acka 690
qkjd 238
iclq 574
jllb 354
gnko 556
lieh 297
qqpl 334
kecj 407
ftko 462
flel 376
gtmk 173
mrmq 124
saej 18
ckia 130
jtjt 159
csdh 192
qjgk 507
omhi 233
dmhi 605
hffn 354
kkdp 284
lmqt 502
tctp 633
iapk 291
gaho 558
jqeb 258
mbss 593
gfsj 648
rqbl 560
emsm 629
bqpb 98
shgg 57
ejtn 218
fjnb 22
roji 265
oebg 247
cseg 310
aenq 483
qdil 502
nctc 528
igal 327
tkci 469
dhef 258
kjld 318
etjc 3
gnqa 262
arid 253
ggmm 236
jift 80
thtr 559
reqk 494
jjpg 230
aami 457
ains 48
lckm 3
shjs 144
plfi 421
ksrf 650
tntp 253
gkkp 108
icgq 393
iiot 251
mimc 315
imkf 554
lklk 550
mcml 655
tjep 687
hgcb 182
snse 546
nkph 396
iieo 690
tgio 470
rsid 638
traj 34
cqos 584
enkf 141
kftf 525
amtr 479
kppl 182
daao 632
tpom 536
oqmt 162
ednb 19
ciad 524
jced 114
ggkl 456
mlcj 20
ntkq 117
habi 127
nrjh 190
ibmd 235
tqdd 344
snto 559
qppp 134
edaa 337
ngfn 151
koss 82
jfjc 328
rdns 678
gdmm 155
lhif 560
oiqd 563
cfij 17
pdgs 214
rhdq 379
earb 186
jlam 120
jtso 275
idbd 216
mmdt 45
cndj 111
hsfl 214
bnhc 510
rkkl 109
rhhs 469
fjem 271
onhj 241
askn 24
brol 220
mctm 249
jqlm 457
nobc 497
slil 567
aopk 203
srmp 228
bhdt 660
nrkg 596
jgtr 485
tboj 462
eoca 542
jlan 590
gpjk 421
pbol 132
krjg 329
sdoq 131
ibjp 384
bfnf 618
kjhe 478
injg 534
eibo 582
thpn 537
qerf 134
mhmt 544
mddi 348
mggk 309
tjhf 516
lknj 67
ibpj 502
ksdg 29
bhem 86
ptte 104
rtod 286
hjor 81
tpjo 466
jenq 489
jlej 660
aeke 61
cism 677
jjso 510
bihd 641
jata 79
gtco 338
tfqs 390
rkte 413
bilj 217
ragk 499
jjdc 504
ipdr 131
kscp 641
cjck 88
bsdg 411
ffrq 217
tgtc 301
ktem 314
hpqf 606
nqgn 319
bhla 681
titf 662
fcai 684
pitf 482
dqqr 221
anbt 418
apdp 483
ccjk 523
flek 578
dioi 132
hded 594
rigr 236
mtmp 465
taqp 425
ftrm 274
qapl 558
kdrd 645
gahq 499
lmgb 686
nnds 337
ggnm 644
fcsc 453
aeoo 85
slhc 84
dfdh 516
nksa 204
oalf 333
badq 628
icip 294
oedj 668
lech 386
hfin 296
jbgo 267
acke 141
kesn 687
onak 600
qgjq 548
brif 486
toen 634
itpm 416
sgjl 389
pjnn 657
mddd 253
gmtk 219
jhpe 332
rbmg 179
maob 119
kcgd 81
nbmo 11
nsed 594
mfoj 465
mijf 324
djjo 314
pofd 294
bpbs 362
qijc 396
lelf 520
femt 137
cata 630
ihlt 693
nhjd 323
cksa 656
dbhk 544
kfje 308
pbls 423
jmgs 676
rqig 251
tped 349
kfkd 180
fnst 81
dlrk 27
pqac 199
tfhh 284
tacp 271
jrsk 314
kjjq 369
mkil 509
sodr 638
sqdn 387
hesh 596
ahtr 146
sgkp 424
oltd 376
smeo 692
celb 26
ijlk 301
miai 291
knqo 32
rtma 566
ktct 553
lnmb 29
jmqr 371
bsel 218
rmtf 508
qlts 130
lqbs 330
frco 230
frnr 30
aokt 481
qkbm 207
kdna 682
bmll 476
kore 487
prmt 586
nklj 304
ccfd 653
fsrq 574
tdgt 461
oodg 575
doir 526
beqi 533
rsqm 535
cdgq 565
hcnd 611
fhis 149
npsk 648
mfpl 631
akeg 26
ciqk 296
cctj 494
qrtc 98
crrd 350
oegq 606
acgf 354
nfec 631
jnen 288
gmmt 178
qhhi 49
kshg 357
qiff 133
kjer 214
jdth 52
ijcd 347
ckpp 362
tthn 420
hbct 650
sfsk 343
ktqd 407
kdip 271
ftll 371
dokl 566
ocdl 670
chei 417
rakq 144
hqkd 178
tfoe 65
shjg 198
tpne 237
aoaa 607
seid 392
fqth 306
hmib 311
ghdf 187
besq 159
ojoa 8
nnpe 64
mbof 264
hssb 368
trjp 392
seis 660
prts 248
iphm 229
lcnf 260
ttft 299
lptj 406
jgik 350
tmqe 210
qoag 627
belp 453
rebs 524
eodp 559
hbas 484
qlpq 410
gcgj 660
drph 519
fkpe 555
lqsp 532
kpba 80
ifpp 573
cqgs 90
miie 661
dmhg 579
qfqi 646
tstc 326
rfmf 325
jhbf 72
naqh 399
sphg 315
gpmb 41
tbsi 323
sgmf 226
debe 184
lbpp 159
ahob 523
akkl 78
pipn 58
jckf 226
ljfk 207
legf 356
rqqm 603
rkgl 458
qias 568
lpfn 518
jcgm 389
dcld 489
mfri 37
dofd 347
lejk 497
sdqc 237
hidd 239
peqe 529
kddm 500
npce 248
dcok 175
lfic 392
blhq 124
slim 35
jptg 423
iscp 422
hcqo 127
edkd 241
hnlo 357
smra 518
bmbt 541
insf 598
bpta 321
ogjj 487
pdfb 373
ccbl 48
hnkq 345
ipkb 261
mcfr 324
fekh 165
gjst 273
sgen 266
sdpr 577
eanc 246
gjib 696
rloj 211
lqld 423
ksci 389
nspl 369
poao 674
dotp 355
ttgh 430
dffs 506
aoil 284
hblq 251
qrid 609
sbck 517
rfkd 317
cbsl 372
hiqb 491
hmcp 377
ehka 217
stgf 458
gsht 577
ftaq 539
trgl 228
aija 408
elcn 609
cjfj 390
qesj 649
jnhf 673
bqdr 531
oppr 423
lgdi 329
qbds 342
rack 356
mene 679
nenj 320
hjrs 308
jlhj 456
pamn 502
eklr 626
lcgi 327
ghgi 677
menf 282
tsip 452
stdh 363
qlmn 547
tfec 420
kqna 486
lkbb 207
rdkf 223
jscb 582
goqd 134
rdha 575
scdr 125
fnpa 7
rhjk 212
hdhm 502
qacl 375
bfhp 507
mien 458
aoeo 567
intd 548
holo 226
lmnc 679
jegr 682
epal 579
lgnp 28
mrlj 635
oqnk 442
eikq 530
fmal 556
cnbt 24
qqge 316
psmp 273
ejjs 237
cahl 217
emge 199
tdcm 68
kele 24
ikps 24
lfcj 302
oqio 401
dlda 686
tblc 307
saht 569
bhne 572
gfqk 351
mprm 314
kmeo 554
kptp 451
clme 333
mfqt 342
crkt 222
lcia 670
ctqc 578
otof 648
sflf 266
dgnd 609
qcdq 582
gibk 146
kgjk 222
kknq 509
lsfg 630
njae 288
gtkb 588
kglh 600
mrns 567
skkm 289
ooda 680
qrcn 622
ngbe 696
ohht 572
pmho 402
ogie 290
sppg 248
bdgi 159
snmj 196
itet 110
mdsm 148
okfo 695
goen 526
jsra 645
ndsg 237
hdgl 507
ncpk 579
fsgl 619
gmss 173
jdtr 16
lipd 144
krdj 16
pjns 239
podh 324
thhm 12
cjle 672
oobb 562
etsn 457
nkdl 674
qeft 432
pjba 152
dmpb 8
hrll 217
mmko 412
ogpn 566
aemf 483
frch 247
kefj 422
phki 121
qdpm 37
qatr 13
dagk 288
rtng 365
lcqo 626
nnip 554
jheh 304
ddod 503
egsl 665
thmk 619
qcqg 396
fejo 467
pdbh 498
ookh 561
lcgd 388
oqjm 675
bqdl 521
fqhf 232
btpl 541
tsms 236
hcdl 435
rapm 234
fsrt 670
slks 299
qsos 383
ttnb 503
nrgs 390
thkn 617
frfc 498
hajl 431
aocg 562
srgb 691
foji 274
kfam 568
fqri 253
cfke 517
lget 239
lpkk 210
ckea 685
qcrk 235
somm 518
sqam 455
rfps 542
grod 215
iaop 232
ltbn 528
osdj 587
oloo 353
gegm 164
mkdf 27
fmhp 242
iqnp 588
obrm 484
lfbs 370
ssjt 37
ahfi 90
corj 50
iqjj 25
rkhl 32
sodd 41
ctmi 168
mhfm 35
mkoj 167
ttog 196
ahac 120
qcie 163
gfgc 189
ckdp 95
grts 88
chma 177
rnts 186
kmse 79
qrob 3
hkhf 5
rcff 2
dsfi 74
hadj 87
inrq 105
seqe 141
mmqs 194
itne 39
jijq 116
mqdf 161
rrgk 139
pttr 125
tfop 699
rcen 5
cttr 29
cqcc 194
haas 34
ccnd 61
jqeh 157
elmr 161
itis 58
aedt 35
fadc 239
mtbh 301
rmns 530
gems 396
esjd 289
aldc 427
ggqd 317
qlmo 637
jrqa 478
rfhd 547
qfpa 610
thkh 546
jrma 411
iglq 448
qsij 187
bote 187
bmjo 95
pbca 232
ltij 51
eiet 582
iien 534
oaqt 391
motf 266
irht 543
rpcd 271
lghp 534
sigi 498
hhgb 437
rtmh 71
iiss 232
fqok 71
jefk 25
emsj 91
rhel 281
hlio 13
agnf 48
ekmp 122
lcmk 676
arer 617
rbhq 530
kkqp 380
caig 237
trqp 562
lrfk 3
ogio 191
ojgp 277
tocn 419
sngb 83
pkdl 85
ajst 214
liff 35
nfen 95
sosn 435
qhse 604
ihld 405
ghbf 62
sbbc 619
tqoo 79
cfmd 505
kcff 577
iqsr 256
ignh 540
ikrt 565
rlaj 424
ccbk 629
hgam 683
piep 543
mrsj 534
sqch 381
nmbt 379
ibie 657
lhff 483
thee 693
eiqn 435
kejg 531
dfan 230
lejo 427
ofan 226
ldns 486
hkmd 265
jtpo 491
hqft 370
edsf 600
nhle 420
ralg 463
hoti 615
sids 319
ctge 684
nkhl 598
mpmh 454
qoor 347
gtna 589
aqqm 682
flfo 497
kqll 382
srae 677
ihog 5
cetq 95
htmq 139
tjgd 674
herp 588
pjss 561
aipe 476
qteg 390
mfsq 697
kqam 559
nfld 671
rogj 609
ldgk 641
orss 287
stsb 190
oijn 202
eket 58
bcsd 92
alfr 111
hnbt 11
cmkc 15
jaah 81
cmoc 356
nqea 699
scsc 12
ckbh 26
oled 443
dhdn 490
nrhn 616
ijda 469
dbog 1
qqhn 69
phjb 521
cpep 501
dggr 684
aimr 372
onnj 684
bkdj 193
gfme 93
thcd 88
efsg 157
fbnd 54
pjkn 113
fldn 203
polk 615
gsqn 75
ttte 487
rfbr 618
ecpf 449
ragj 615
nkhf 3
hptr 86
node 178
kjjr 137
jctl 146
fnkn 576
nbmh 694
tctf 288
qtss 357
njoh 552
qmin 576
ireq 647
mcbg 283
tjeg 490
icha 88
drcc 38
ncnt 431
epif 321
qkas 235
mlkr 320
rmad 242
dksn 491
mtcd 373
rpqp 348
forq 394
gkse 291
ptss 637
piof 615
fpjq 238
gerq 387
gocq 221
mfpp 233
bipm 634
omsd 489
ptqa 516
ednf -151
febf 456
qsss 540
rjei 638
hqrh 200
clgi 667
gijj 48
tpjp 164
enab 112
ccpe 91
gjen 183
impk 196
andb 108
qfkr 194
glrt 699
kibs -3
gpnh 181
qhqc 119
cqjn 125
ftoq 413
eclh 105
mico 151
pdrb 104
tldr 160
detq 159
gfms 112
tnjh 148
fiim 151
stnf 93
ksch 67
qlhr 136
lafj 110
eshf 153
tnld 138
cedg 93
bcgf 131
mmes 39
opmt 177
gfeo 2
tjto 195
msnp 143
otfk 154
jlqb 126
epjo 196
hlia 122
nnie 134
qmqb 200
qqsp 75
sqrt 22
rkma 43
boto 140
gapt 175
rcks 100
amtq 194
abab 145
hltc 140
tkrk 87
slob 88
romo 114
qljf 105
crnk 35
dqtp 488
fajm 245
dcrr 633
oooc 307
dqbm 428
pkoi 234
hlhb 566
fokm 598
qfjr 446
kmsn 519
bfhh 516
digm -93
lfce 255
ngkq 655
ikir 52
ojoh 289
nfgt 428
bflg 341
cigs 270
abrd 449
idsr 338
momt 279
njjp 424
oirg 672
oblc 151
gcan 443
qabi 101
bnba 116
lkaa 62
qmko 210
kgqe 196
nlga 143
odes 89
cips 93
mcmd 203
dtcm 47
jdos 167
bdgc 49
gfnc 128
blnj 123
plki 116
bgah 63
rona 155
ieab 504
npcg 547
atot 598
etdb 406
rmpm 670
gpsg 404
rirn 310
pnli 387
jojg 231
aegk 381
tdfl 137
adcn 150
bnoj 108
obnk 17
peti 134
hope 22
pkad 347
lgbn 333
pmfn 455
eaqo 349
lrqj 169
mjpc 215
dqlc 84
nbjg 50
dlbi 221
jlrp 35
ejpb 19
bqml 326
dpmr 344
nojq 245
ibnk 130
beoe 211
nlbd 124
pere 302
nile 165
qhcc 294
jthd 100
iijq 253
cdnf 482
rdks 317
asng 452
topc 437
fpfq 415
qlhl 257
qgtp 443
ejfp 550
itqh 331
btlc 70
jpbc 35
erkb 572
neqd 632
jgsf 264
mapn 687
lgns 585
thrp 496
iosr 380
tied 350
nheo 398
lski 427
gptj 651
gcjh 652
cpri 240
ecjq 330
rigl 556
kmmr 536
lrco 320
cikt 604
baej 574
tjgb 485
mpsk 515
hkfj 288
gcah 469
fkrc 169
pilh 266
bpph 48
clpt 550
rbnr 203
htca 665
ttqd 514
espn 634
sjes 270
gdha 201
rcir 517
ncam 677
mois 397
fggp 250
fmcp 305
hpgj 329
hlsm 455
pprb 408
athm 220
hisd 457
cfbe 403
tfad 368
gabj 464
tmqt 238
gido 606
htcl 415
qtgs 658
meli 696
kddh 655
cmjd 418
kpnb 470
kqgn 215
mqhi 506
csmo 250
pphl 666
hild 476
mjsc 108
mctf 149
kokk 474
lgek 362
rkeq 372
scpf 528
imrk 275
hcrd 314
nfcb 324
lhgs 594
phdj 392
qhts 622
ctbc 605
lotj 478
jkbf 674
ddaa 665
pdgr 402
hhjb 291
lhof 517
cfdo 640
hgot 554
qlqb 311
lcqs 503
tecp 584
hnii 375
hfrh 416
jsji 200
leng 121
rsbd 178
jsac 586
krbl 265
icmq 324
fmae 493
ntoi 267
jhkh 500
hpjj 538
jjsk 474
hbji 218
ibmk 351
gmkq 416
flrc 258
cigb 554
fekd 322
dgos 512
ihot 477
fejk 542
qhhl 598
titm 237
ddrk 575
hbad 457
akqi 513
lpiq 655
oisc 214
aqna 259
hjtg 360
htdk 376
oahc 594
llbk 360
lljo 511
rlhg 193
ihsi 319
pboj 134
odfq 37
qemk 279
lacg 669
fkfl 572
rdjf 327
hfne 37
haib 319
esll 593
tikl 214
lero 261
csbp 134
ehap 64
eaat 390
qbam 250
csam 347
pkps 696
estj 511
jppl 524
sjen 128
boen 492
kadj 344
algo 68
reaa 604
bkkh 218
kdsf 454
rikg 299
pgli 388
eioa 204
tema 31
ojsr 565
bime 202
psgs 217
qbga 270
dibc 69
itam 119
rssf 273
ttjf 142
nfsh 176
irhr 302
agbr 335
qphc 378
dcfl 633
dheb 694
nbcg 391
rnen 277
nfjs 677
hfhs 627
qegl 275
rqhs 183
beir 631
lopb 67
hofi 489
elsf 647
ftas 431
olik 497
ebjg 633
nrgl 121
qelb 538
llje 533
rktq 469
fqff 276
smpm 262
hdfj 123
medt 83
dnnb 374
ltgq 554
qfes 111
tqph 242
mkti 48
ljcf 504
alna 513
lhkq 398
rqjs 292
btdi 589
domi 650
dnqo 633
tkpn 610
ttqe 610
bbgp 577
kdiq 432
srsj 328
room 292
pqaf 363
rjnh 692
nhql 321
femn 128
napm 381
dstm 549
gpro 615
gneo 587
qqaq 347
eoje 457
eota 591
ekpp 667
glea 322
ifdf 461
hsbf 232
sjda 206
sgjf 652
pkth 574
bqtg 499
oege 408
drio 302
tecl 695
iiqe 690
fbon 233
pkki 625
dmct 681
gmlq 532
kpin 579
ebpc 321
moon 78
phra 60
qckr 645
iabp 409
khbj 168
fkfb 146
qmlk 602
npdf 268
gnao 283
qgqt 79
bhkn 525
ilnj 296
knel 289
krgr 692
jbom 534
qtjh 227
ibes 513
tijg 653
nhbc 221
ogpc 180
fdeq 310
nktt 233
amjb 158
malq 9
ednr 282
tpss 474
eklc 393
qmar 297
ncka 272
kbra 460
jlqq 294
cgik 131
ibnj 73
moog 388
djqg 50
gdoa 285
sajo 210
iahe 30
ssio 270
dgmf 206
spri 154
hpji 54
kfoq 422
jlci 90
tcmq 122
lqnh 520
mdgo 351
qlnf 604
eqsh 278
eeet 147
fpkc 229
iamk 416
qorp 583
leff 462
qlml 455
fqei 350
tpcf 49
cbaa 296
hmca 488
kmot 591
kqco 152
mbdm 63
bdih 282
kkmk 640
qmae 25
ltaj 353
dbil 10
cecr 457
paqr 397
rtbp 606
bfdq 236
tjqs 390
soti 272
sbef 421
pkii 594
tidn 621
ctei 135
lanq 234
qaaq 60
adid 121
mljt 443
bcja 104
flop 582
tanc 211
iqqf 384
sbfn 639
ftfp 694
ifcd 584
ngek 666
adfl 670
crmi 638
mhjl 647
pnta 215
rmig 211
shmf 553
moqn 459
ngbg 522
fman 264
rprm 376
ihae 596
moap 572
obdp 628
ndio 487
tlmi 358
mkpe 435
ctol 664
nimi 387
tobp 624
nsan 500
tqqf 324
incb 605
dfqb 522
hfle 605
bfgb 682
irbc 548
kokc 528
qftd 270
kpqb 608
fknt 548
ahmk 44
rpjl 436
mbro 520
sbpc 338
eojt 204
ejse 509
bnsd 361
nfjp 324
khga 440
mdto 663
nqff 330
imig 381
qcff 437
jdrd 58
nlli 537
kfri 362
mnpb 466
hhtb 142
qrmo 511
ndbe 399
stph 507
aama 412
anhq 402
safp 241
dlmc 406
hqjt 546
ogkh 379
sopl 315
kekl 357
cmib 317
koho 264
oqrg 595
ntfp 533
gejj 383
aeop 649
fmjd 676
nmft 454
inqe 642
nalj 585
nidk 519
dacf 2
piip 468
lptb 385
qbee 469
tkqf 531
gpgm 506
ikjh 551
peps 655
pgod 574
irdp 446
fjrk 271
jqgo 487
faob 470
nlfi 160
sjrh 312
iagt 8
rsik 166
smtf 226
oeqe 26
lqfg 318
plro 396
csfq 510
olof 138
cbpl 447
ngna 157
hkdg 183
tebt 428
sslr 79
gnft 71
bpca 153
haak 174
lqdn 292
bgag 69
idrn 221
egkn 390
rnrt 238
irpi 670
tpqh 447
lgra 60
inlt 464
hepf 161
made 295
kbnr 355
edei 554
eqgg 301
ajpi 456
rdba 225
dsnn 353
hqlq 215
tkeo 441
mbgf 440
raqd 118
lchn 381
afms 158
lkjs 258
jrlr 512
sgfc 270
lglk 293
lhnl 40
dcmb 48
ocfn 568
eshb 50
ggpf 96
lmfn 10
colt 232
egij 392
ninr 406
nqtn 262
lars 305
bgcg 470
inmh 678
ddfi 80
gkbt 103
rdob 184
aghf 310
tpqe 398
gptn 298
ijod 265
bibl 444
hmmj 454
dcpp 590
sbbi 78
eplg 104
nglh 358
ljhg 177
cmhp 446
tfko 321
lsdq 402
qegk 430
ockl 145
kmco 333
bdtg 241
oiki 470
cqhc 668
fmcs 165
ooaj 216
iskn 167
gnnm 461
hhms 260
ecrg 698
esbg 266
ionq 370
opdr 12
mdkb 631
kdke 573
qbra 447
fdap 439
pehc 488
ekjq 341
sbdi 392
crer 686
hjbl 379
qdor 381
oitp 677
qpoi 428
kace 524
jgtp 642
memn 579
jpor 656
bjca 562
hjam 505
tdqd 228
aocm 77
gcld 73
nscb 96
lcpj 369
jhaj 542
nqhq 582
haqc 101
nrnd 602
jifj 601
ojbo 662
skdh 463
ibkp 182
qiqr 411
jkdc 568
hbit 617
isoc 382
qsts 493
gqer 458
fcab 303
ptqe 244
jnpc 191
oeom 38
hqic 239
fgjq 646
asek 349
bqlm 121
ibsb 645
pepj 501
qkqa 512
limd 516
acot 519
tcni 410
cpas 221
ikfc 204
hkhi 471
lmqo 59
bdle 7
flpm 61
hbbp 196
rpqf 441
hqtq 459
rtmp 453
qkjt 326
mppp 622
pggn 474
prpb 276
kmtq 480
ldkg 383
hpmk 124
ethp 507
knhh 296
jiis 604
objb 551
ehng 156
spsg 63
mrld 263
tafk 593
hjeb 661
jebg 619
grqs 360
rlis 248
gcpr 447
mpfr 21
ltpf 664
ikmk 258
emit 517
bdss 148
hama 163
rggd 545
ktqg 267
tqac 219
haph 449
hltp 547
dopo 9
kitp 92
arsn 281
rbqd 125
qnqt 136
irjh 253
eigr 392
diar 549
gtkf 586
gkkd 426
ngil 402
jnqn 485
rkff 384
ncql 523
dhgc 276
cktq 56
qeng 537
rsni 39
atfl 549
iqnd 255
mspq 154
pjqr 93
sofe 33
hkki 201
tptn 34
naen 333
sgjo 373
bepi 538
goom 379
gieh 429
qnga 479
ohmf 163
iecf 459
lohi 101
ejsm 7
kfet 96
oimh 156
rqno 675
gjfi 553
male 512
qccm 632
brgq 510
hfmj 556
tran 649
ciig 493
dcdj 578
rbcj 633
nrng 468
tjrf 431
kiod 97
ffkd 300
hhqd 691
otrm 333
jdnd 549
tjol 417
opmj 118
jsot 607
jojs 268
jmld 208
stmr 149
sinf 285
asjp 609
ltld 239
cnkl 235
ebmt 510
loqa 630
dftj 515
idda 643
dehp 476
ppkt 215
ntdb 108
jcjg 124
dptq 438
rsed 534
qmdr 146
tkho 38
iqqk 223
hmkn 212
mlnm 143
sgto 329
fecm 276
mjeb 56
gnsj 300
rdap 434
emgr 297
gsgi 128
grdr 132
kneq 247
ogic 141
imda 511
hmfk 448
qkgt 34
pkoo 534
mrhd 430
arip 143
jnoq 169
hqhm 187
ljoq 619
trmk 525
aigp 651
rtfo 647
bbjo 588
ocfd 205
kkmf 260
kqkb 607
pctk 695
qlqj 585
mkgr 376
sjng 55
iibj 610
mgnn 35
aeqo 512
tfha 63
irpb 181
fqrq 591
ekdq 224
phrm 660
bkbf 506
njjt 489
pehq 225
qfsk 65
imeb 416
dkil 691
pcnn 64
sgqf 415
jent 169
gche 434
jhfr 498
msik 197
kkos 384
jsag 120
hprt 684
amri 662
dorr 435
ddop 643
khjm 623
iash 357
sjoi 620
crqi 308
aqfe 251
dmin 89
tohq 387
ntsl 432
opre 453
ckdn 37
jitf 577
qqss 475
fenr 448
glhh 250
napa 344
nnss 265
klff 109
ddpa 284
njdj 346
otid 221
cncd 150
dnoq 221
hjjf 207
qmnn 424
lqhj 635
kmhk 245
gcie 193
iirb 372
igcc 556
mrls 446
bafl 229
fmak 42
lkst 232
qjsc 367
icai 425
njta 205
olrg 374
baqn -126
madl 690
lhab 628
jpld 380
neja 264
kqkc 272
nkhe 408
kgtn 349
bkno 398
faje 287
npsr -280
VOID------
jjsh 87
tkbm 3
rgdb 272
npsr -280
VOID------
iopc 12
dikc 165
gmhm -97
rpsk -206
VOID------
gmhm -97
rpsk -206
kjsn -161
sndh -8
VOID------
gmhm -97
rpsk -206
kjsn -161
sndh -8
VOID------
cocj -220
kerr -38
kncd -215
crhc -57
DOMAIN------
lplf -277
maop -116
coat -288
hteb -198
frgr -33
dscf -199
tcsc -35
orel -167
cocj -220
okjf -51
tnml -97
sndh -8
kjsn -161
rpsk -206
gmhm -97
kibs -3
faks -43
baqn -126
npsr -280
digm -93
ednf -151
kerr -38
kncd -215
crhc -57
nfhk -240
jtcd -150
TIME: 0.141