DOMAIN------
babc -298
mthg -197
mrsf -138
kokq -229
lpqo -299
dffa -255
bglj -113
sepg -211
demh -252
tddl -146
VOID------
opqb -288
cbeg -244
allo 647
igcs 300
VOID------
cbeg -244
gnep -300
hjcr -255
knmp -240
dshn -237
soht -226
tlsk -176
VOID------
hjcr -255
knmp -240
dshn -237
soht -226
tlsk -176
VOID------
hjcr -255
knmp -240
dshn -237
soht -226
tlsk -176
VOID------
cchd -40
krdq 14
bfmo -156
degi 8
kdeo 46
lmlm -177
VOID------
plao -260
chjl -89
ielo -65
lher -52
tfqm -38
dapl -30
kkcb -7
DOMAIN------
qihl -281
ddnt -289
hbmn -183
donh -113
gdcl -20
srqt -214
psfn -277
calf -157
ihte -76
osgg -109
palh -163
kkcb -7
dapl -30
tfqm -38
lher -52
ielo -65
chjl -89
plao -260
melp -296
jdap -34
prmm -63
orom -203
jrro -247
gjom -140
tthj -181
DOMAIN------
cnao -11
rlhf -69
gcsi -279
mlrl -299
skpk -168
jfof -73
aedb -55
cdgg -111
flag -29
lmdi -151
oonj -82
ktkn -226
edpl -7
ljnr -286
iibq -38
mgji -163
VOID------
rgnh 121
eslg 105
mlro 63
dnqh 46
VOID------
rgnh 121
eslg 105
mlro 63
dnqh 46
VOID------
rrgl -103
tbjd -44
nmcd 51
iibm 137
DOMAIN------
hgrs -101
bkfg -212
mtpq -239
eoft -94
hnnf -154
cipc -263
tbjd -44
rrgl -103
prro -166
VOID------
fakf 25
qaqk 84
hhog 162
tgpg 14
VOID------
fakf 25
qaqk 84
hhog 162
tgpg 14
VOID------
cbqr -248
lskh -245
ncaq 188
fslb 165
gmjg -155
mbgn -116
jntl -29
krcg -184
VOID------
cbqr -248
lskh -245
ncaq 188
fslb 165
gmjg -155
mbgn -116
jntl -29
krcg -184
mfbl 18
qrlj -36
DOMAIN------
qqst -17
mmbd -212
fhcd -42
qsbc -24
cskl -239
afga -3
okme -21
glap -40
btih -41
trtt -180
qrlj -36
krcg -184
jntl -29
mbgn -116
gmjg -155
lskh -245
cbqr -248
scfs -268
rnbf -282
ltar -284
VOID------
ncaq 188
fslb 165
mfbl 18
rjml 358
VOID------
nikp 166
cibs 147
hpfp 54
cedk 12
LIGHT------
fhmo 152
rnio 622
nrnn -240
qnfh 432
titi 280
tcdm 232
lise -196
ofbc -92
ojos -26
aggd 145
domi 153
cejp 290
ttcc 302
cedm 325
mfmm 328
hsnr 395
lppj 416
betb 607
ipeb 609
detc -179
fmtp 117
qdkm -11
qsja -4
tbhf -10
saqi 144
fksq -120
gmtn 182
fest -268
marn 486
hsdb 303
qsss -55
jecj -251
dhqg -70
rtei -40
VOID------
hrfc -212
jomk -181
nnrr -140
jkrf 65
lone 57
ptri -31
bbet 66
shio -250
VOID------
tmlq -190
gbcc -294
jkoc 436
nlmp -274
ettp -142
kior -108
bmci -70
tbnh -31
gcrn -29
VOID------
siqk -18
bfsd -13
loca -229
mocn -112
nahg -29
eciq 53
idfl -110
gcpe -222
VOID------
brki -130
mcbh -172
pagm 185
bqbk 132
VOID------
knff -180
qeot -90
smpg -286
tftj 401
efmb 41
mekq -240
DOMAIN------
ehfb -17
lacq -81
mekq -240
ejpa -195
hnkt -32
smpg -286
bplg -217
qeot -90
knff -180
mcbh -172
brki -130
VOID------
beah -164
cigm -107
dhdr -204
bnad 172
mnen -243
edjn -297
DOMAIN------
emcp -195
cifo -116
bmqg -117
tohm -186
ftib -255
lhdl -126
ssom -92
fifj -43
chjq -45
idph -227
rjlk -247
ptij -129
kitk -283
epap -145
blas -29
hasd -66
bsds -62
dbft -49
edjn -297
mnen -243
dhdr -204
cigm -107
beah -164
VOID------
tkga 127
bbsg 50
bgso 71
tpqn 35
TIME: 0.004